[2022-09-05 02:31:37,456] {taskinstance.py:851} INFO - Dependencies all met for <TaskInstance: example_bash_operator.run_after_loop 2022-09-04T00:00:00+00:00 [queued]>
[2022-09-05 02:31:37,498] {taskinstance.py:851} INFO - Dependencies all met for <TaskInstance: example_bash_operator.run_after_loop 2022-09-04T00:00:00+00:00 [queued]>
[2022-09-05 02:31:37,499] {taskinstance.py:1042} INFO - 
--------------------------------------------------------------------------------
[2022-09-05 02:31:37,500] {taskinstance.py:1043} INFO - Starting attempt 1 of 1
[2022-09-05 02:31:37,500] {taskinstance.py:1044} INFO - 
--------------------------------------------------------------------------------
[2022-09-05 02:31:37,533] {taskinstance.py:1063} INFO - Executing <Task(BashOperator): run_after_loop> on 2022-09-04T00:00:00+00:00
[2022-09-05 02:31:37,539] {standard_task_runner.py:52} INFO - Started process 1640 to run task
[2022-09-05 02:31:37,545] {standard_task_runner.py:76} INFO - Running: ['airflow', 'tasks', 'run', 'example_bash_operator', 'run_after_loop', '2022-09-04T00:00:00+00:00', '--job-id', '13', '--pool', 'default_pool', '--raw', '--subdir', '/home/airflow/.local/lib/python3.6/site-packages/airflow/example_dags/example_bash_operator.py', '--cfg-path', '/tmp/tmpq3xzlp1e', '--error-file', '/tmp/tmp05jtng0j']
[2022-09-05 02:31:37,547] {standard_task_runner.py:77} INFO - Job 13: Subtask run_after_loop
[2022-09-05 02:31:37,664] {logging_mixin.py:104} INFO - Running <TaskInstance: example_bash_operator.run_after_loop 2022-09-04T00:00:00+00:00 [running]> on host 3472ead462fb
[2022-09-05 02:31:37,755] {taskinstance.py:1257} INFO - Exporting the following env vars:
AIRFLOW_CTX_DAG_OWNER=airflow
AIRFLOW_CTX_DAG_ID=example_bash_operator
AIRFLOW_CTX_TASK_ID=run_after_loop
AIRFLOW_CTX_EXECUTION_DATE=2022-09-04T00:00:00+00:00
AIRFLOW_CTX_DAG_RUN_ID=scheduled__2022-09-04T00:00:00+00:00
[2022-09-05 02:31:37,756] {bash.py:135} INFO - Tmp dir root location: 
 /tmp
[2022-09-05 02:31:37,760] {bash.py:158} INFO - Running command: echo 1
[2022-09-05 02:31:37,770] {bash.py:169} INFO - Output:
[2022-09-05 02:31:37,777] {bash.py:173} INFO - 1
[2022-09-05 02:31:37,778] {bash.py:177} INFO - Command exited with return code 0
[2022-09-05 02:31:37,882] {taskinstance.py:1166} INFO - Marking task as SUCCESS. dag_id=example_bash_operator, task_id=run_after_loop, execution_date=20220904T000000, start_date=20220905T023137, end_date=20220905T023137
[2022-09-05 02:31:37,973] {taskinstance.py:1220} INFO - 1 downstream tasks scheduled from follow-on schedule check
[2022-09-05 02:31:37,997] {local_task_job.py:146} INFO - Task exited with return code 0
