[2022-09-06 13:05:23,647] {taskinstance.py:851} INFO - Dependencies all met for <TaskInstance: efishiery_nomor_satu.insert_dim_date 2022-09-05T00:00:00+00:00 [queued]>
[2022-09-06 13:05:24,547] {taskinstance.py:851} INFO - Dependencies all met for <TaskInstance: efishiery_nomor_satu.insert_dim_date 2022-09-05T00:00:00+00:00 [queued]>
[2022-09-06 13:05:24,557] {taskinstance.py:1042} INFO - 
--------------------------------------------------------------------------------
[2022-09-06 13:05:24,560] {taskinstance.py:1043} INFO - Starting attempt 1 of 2
[2022-09-06 13:05:24,561] {taskinstance.py:1044} INFO - 
--------------------------------------------------------------------------------
[2022-09-06 13:05:25,869] {taskinstance.py:1063} INFO - Executing <Task(PythonOperator): insert_dim_date> on 2022-09-05T00:00:00+00:00
[2022-09-06 13:05:25,878] {standard_task_runner.py:52} INFO - Started process 20956 to run task
[2022-09-06 13:05:25,886] {standard_task_runner.py:76} INFO - Running: ['airflow', 'tasks', 'run', 'efishiery_nomor_satu', 'insert_dim_date', '2022-09-05T00:00:00+00:00', '--job-id', '217', '--pool', 'default_pool', '--raw', '--subdir', 'DAGS_FOLDER/soal_nomor_satu.py', '--cfg-path', '/tmp/tmpbpmruo0x', '--error-file', '/tmp/tmpigsvnj9g']
[2022-09-06 13:05:25,891] {standard_task_runner.py:77} INFO - Job 217: Subtask insert_dim_date
[2022-09-06 13:05:26,565] {logging_mixin.py:104} INFO - Running <TaskInstance: efishiery_nomor_satu.insert_dim_date 2022-09-05T00:00:00+00:00 [running]> on host 2b8e628fc16c
[2022-09-06 13:05:27,346] {taskinstance.py:1257} INFO - Exporting the following env vars:
AIRFLOW_CTX_DAG_OWNER=farah
AIRFLOW_CTX_DAG_ID=efishiery_nomor_satu
AIRFLOW_CTX_TASK_ID=insert_dim_date
AIRFLOW_CTX_EXECUTION_DATE=2022-09-05T00:00:00+00:00
AIRFLOW_CTX_DAG_RUN_ID=scheduled__2022-09-05T00:00:00+00:00
[2022-09-06 13:05:27,366] {base.py:74} INFO - Using connection to: id: efishery. Host: 172.17.0.1, Port: 5432, Schema: efishery, Login: airflow, Password: XXXXXXXX, extra: None
[2022-09-06 13:05:27,409] {base.py:74} INFO - Using connection to: id: efishery_dwh. Host: 172.17.0.1, Port: 5432, Schema: efishery_dwh, Login: airflow, Password: XXXXXXXX, extra: None
[2022-09-06 13:05:27,432] {base.py:74} INFO - Using connection to: id: efishery_dwh. Host: 172.17.0.1, Port: 5432, Schema: efishery_dwh, Login: airflow, Password: XXXXXXXX, extra: None
[2022-09-06 13:05:27,439] {logging_mixin.py:104} INFO - sukses
[2022-09-06 13:05:27,440] {python.py:118} INFO - Done. Returned value was: None
[2022-09-06 13:05:27,888] {taskinstance.py:1166} INFO - Marking task as SUCCESS. dag_id=efishiery_nomor_satu, task_id=insert_dim_date, execution_date=20220905T000000, start_date=20220906T130523, end_date=20220906T130527
[2022-09-06 13:05:29,445] {taskinstance.py:1220} INFO - 1 downstream tasks scheduled from follow-on schedule check
[2022-09-06 13:05:29,483] {local_task_job.py:146} INFO - Task exited with return code 0
