[2022-09-05 13:08:28,435] {taskinstance.py:851} INFO - Dependencies all met for <TaskInstance: efishiery_nomor_satu.insert_dim_customer 2022-09-01T00:00:00+00:00 [queued]>
[2022-09-05 13:08:28,506] {taskinstance.py:851} INFO - Dependencies all met for <TaskInstance: efishiery_nomor_satu.insert_dim_customer 2022-09-01T00:00:00+00:00 [queued]>
[2022-09-05 13:08:28,507] {taskinstance.py:1042} INFO - 
--------------------------------------------------------------------------------
[2022-09-05 13:08:28,508] {taskinstance.py:1043} INFO - Starting attempt 1 of 2
[2022-09-05 13:08:28,508] {taskinstance.py:1044} INFO - 
--------------------------------------------------------------------------------
[2022-09-05 13:08:28,551] {taskinstance.py:1063} INFO - Executing <Task(PythonOperator): insert_dim_customer> on 2022-09-01T00:00:00+00:00
[2022-09-05 13:08:28,563] {standard_task_runner.py:52} INFO - Started process 13515 to run task
[2022-09-05 13:08:28,576] {standard_task_runner.py:76} INFO - Running: ['airflow', 'tasks', 'run', 'efishiery_nomor_satu', 'insert_dim_customer', '2022-09-01T00:00:00+00:00', '--job-id', '204', '--pool', 'default_pool', '--raw', '--subdir', 'DAGS_FOLDER/soal_nomor_satu.py', '--cfg-path', '/tmp/tmps5oz60_1', '--error-file', '/tmp/tmpt_3dk73o']
[2022-09-05 13:08:28,583] {standard_task_runner.py:77} INFO - Job 204: Subtask insert_dim_customer
[2022-09-05 13:08:28,691] {logging_mixin.py:104} INFO - Running <TaskInstance: efishiery_nomor_satu.insert_dim_customer 2022-09-01T00:00:00+00:00 [running]> on host 2b8e628fc16c
[2022-09-05 13:08:28,810] {taskinstance.py:1257} INFO - Exporting the following env vars:
AIRFLOW_CTX_DAG_OWNER=farah
AIRFLOW_CTX_DAG_ID=efishiery_nomor_satu
AIRFLOW_CTX_TASK_ID=insert_dim_customer
AIRFLOW_CTX_EXECUTION_DATE=2022-09-01T00:00:00+00:00
AIRFLOW_CTX_DAG_RUN_ID=scheduled__2022-09-01T00:00:00+00:00
[2022-09-05 13:08:28,834] {base.py:74} INFO - Using connection to: id: efishery. Host: 172.17.0.1, Port: 5432, Schema: efishery, Login: airflow, Password: XXXXXXXX, extra: None
[2022-09-05 13:08:28,877] {base.py:74} INFO - Using connection to: id: efishery_dwh. Host: 172.17.0.1, Port: 5432, Schema: efishery_dwh, Login: airflow, Password: XXXXXXXX, extra: None
[2022-09-05 13:08:28,912] {base.py:74} INFO - Using connection to: id: efishery_dwh. Host: 172.17.0.1, Port: 5432, Schema: efishery_dwh, Login: airflow, Password: XXXXXXXX, extra: None
[2022-09-05 13:08:28,928] {logging_mixin.py:104} INFO - sukses
[2022-09-05 13:08:28,931] {python.py:118} INFO - Done. Returned value was: None
[2022-09-05 13:08:28,985] {taskinstance.py:1166} INFO - Marking task as SUCCESS. dag_id=efishiery_nomor_satu, task_id=insert_dim_customer, execution_date=20220901T000000, start_date=20220905T130828, end_date=20220905T130828
[2022-09-05 13:08:29,109] {taskinstance.py:1220} INFO - 1 downstream tasks scheduled from follow-on schedule check
[2022-09-05 13:08:29,144] {local_task_job.py:146} INFO - Task exited with return code 0
