[2022-09-05 02:51:45,969] {taskinstance.py:851} INFO - Dependencies all met for <TaskInstance: our_first_dag_v5.first_task 2021-08-03T00:00:00+00:00 [queued]>
[2022-09-05 02:51:46,101] {taskinstance.py:851} INFO - Dependencies all met for <TaskInstance: our_first_dag_v5.first_task 2021-08-03T00:00:00+00:00 [queued]>
[2022-09-05 02:51:46,102] {taskinstance.py:1042} INFO - 
--------------------------------------------------------------------------------
[2022-09-05 02:51:46,137] {taskinstance.py:1043} INFO - Starting attempt 1 of 6
[2022-09-05 02:51:46,176] {taskinstance.py:1044} INFO - 
--------------------------------------------------------------------------------
[2022-09-05 02:51:46,368] {taskinstance.py:1063} INFO - Executing <Task(BashOperator): first_task> on 2021-08-03T00:00:00+00:00
[2022-09-05 02:51:46,395] {standard_task_runner.py:52} INFO - Started process 228 to run task
[2022-09-05 02:51:46,422] {standard_task_runner.py:76} INFO - Running: ['airflow', 'tasks', 'run', 'our_first_dag_v5', 'first_task', '2021-08-03T00:00:00+00:00', '--job-id', '6', '--pool', 'default_pool', '--raw', '--subdir', 'DAGS_FOLDER/our_first_dag.py', '--cfg-path', '/tmp/tmpo69ufeal', '--error-file', '/tmp/tmpf9hybry2']
[2022-09-05 02:51:46,438] {standard_task_runner.py:77} INFO - Job 6: Subtask first_task
[2022-09-05 02:51:46,820] {logging_mixin.py:104} INFO - Running <TaskInstance: our_first_dag_v5.first_task 2021-08-03T00:00:00+00:00 [running]> on host 673eedfc4953
[2022-09-05 02:51:47,154] {taskinstance.py:1257} INFO - Exporting the following env vars:
AIRFLOW_CTX_DAG_OWNER=coder2j
AIRFLOW_CTX_DAG_ID=our_first_dag_v5
AIRFLOW_CTX_TASK_ID=first_task
AIRFLOW_CTX_EXECUTION_DATE=2021-08-03T00:00:00+00:00
AIRFLOW_CTX_DAG_RUN_ID=scheduled__2021-08-03T00:00:00+00:00
[2022-09-05 02:51:47,155] {bash.py:135} INFO - Tmp dir root location: 
 /tmp
[2022-09-05 02:51:47,158] {bash.py:158} INFO - Running command: echo hello world, this is the first task!
[2022-09-05 02:51:47,213] {bash.py:169} INFO - Output:
[2022-09-05 02:51:47,219] {bash.py:173} INFO - hello world, this is the first task!
[2022-09-05 02:51:47,220] {bash.py:177} INFO - Command exited with return code 0
[2022-09-05 02:51:47,377] {taskinstance.py:1166} INFO - Marking task as SUCCESS. dag_id=our_first_dag_v5, task_id=first_task, execution_date=20210803T000000, start_date=20220905T025145, end_date=20220905T025147
[2022-09-05 02:51:47,656] {taskinstance.py:1220} INFO - 0 downstream tasks scheduled from follow-on schedule check
[2022-09-05 02:51:47,701] {local_task_job.py:146} INFO - Task exited with return code 0
