[2022-09-05 02:52:30,743] {taskinstance.py:851} INFO - Dependencies all met for <TaskInstance: our_first_dag_v5.first_task 2021-11-09T00:00:00+00:00 [queued]>
[2022-09-05 02:52:30,804] {taskinstance.py:851} INFO - Dependencies all met for <TaskInstance: our_first_dag_v5.first_task 2021-11-09T00:00:00+00:00 [queued]>
[2022-09-05 02:52:30,804] {taskinstance.py:1042} INFO - 
--------------------------------------------------------------------------------
[2022-09-05 02:52:30,805] {taskinstance.py:1043} INFO - Starting attempt 1 of 6
[2022-09-05 02:52:30,805] {taskinstance.py:1044} INFO - 
--------------------------------------------------------------------------------
[2022-09-05 02:52:30,989] {taskinstance.py:1063} INFO - Executing <Task(BashOperator): first_task> on 2021-11-09T00:00:00+00:00
[2022-09-05 02:52:30,998] {standard_task_runner.py:52} INFO - Started process 528 to run task
[2022-09-05 02:52:31,009] {standard_task_runner.py:76} INFO - Running: ['airflow', 'tasks', 'run', 'our_first_dag_v5', 'first_task', '2021-11-09T00:00:00+00:00', '--job-id', '104', '--pool', 'default_pool', '--raw', '--subdir', 'DAGS_FOLDER/our_first_dag.py', '--cfg-path', '/tmp/tmp6or9484g', '--error-file', '/tmp/tmpdvp5hkzw']
[2022-09-05 02:52:31,018] {standard_task_runner.py:77} INFO - Job 104: Subtask first_task
[2022-09-05 02:52:31,164] {logging_mixin.py:104} INFO - Running <TaskInstance: our_first_dag_v5.first_task 2021-11-09T00:00:00+00:00 [running]> on host 673eedfc4953
[2022-09-05 02:52:31,387] {taskinstance.py:1257} INFO - Exporting the following env vars:
AIRFLOW_CTX_DAG_OWNER=coder2j
AIRFLOW_CTX_DAG_ID=our_first_dag_v5
AIRFLOW_CTX_TASK_ID=first_task
AIRFLOW_CTX_EXECUTION_DATE=2021-11-09T00:00:00+00:00
AIRFLOW_CTX_DAG_RUN_ID=scheduled__2021-11-09T00:00:00+00:00
[2022-09-05 02:52:31,392] {bash.py:135} INFO - Tmp dir root location: 
 /tmp
[2022-09-05 02:52:31,394] {bash.py:158} INFO - Running command: echo hello world, this is the first task!
[2022-09-05 02:52:31,411] {bash.py:169} INFO - Output:
[2022-09-05 02:52:31,414] {bash.py:173} INFO - hello world, this is the first task!
[2022-09-05 02:52:31,415] {bash.py:177} INFO - Command exited with return code 0
[2022-09-05 02:52:31,580] {taskinstance.py:1166} INFO - Marking task as SUCCESS. dag_id=our_first_dag_v5, task_id=first_task, execution_date=20211109T000000, start_date=20220905T025230, end_date=20220905T025231
[2022-09-05 02:52:31,711] {taskinstance.py:1220} INFO - 0 downstream tasks scheduled from follow-on schedule check
[2022-09-05 02:52:31,744] {local_task_job.py:146} INFO - Task exited with return code 0
