[2022-09-05 03:15:53,806] {taskinstance.py:851} INFO - Dependencies all met for <TaskInstance: our_first_dag_v6.thrid_task 2022-09-04T00:00:00+00:00 [queued]>
[2022-09-05 03:15:53,877] {taskinstance.py:851} INFO - Dependencies all met for <TaskInstance: our_first_dag_v6.thrid_task 2022-09-04T00:00:00+00:00 [queued]>
[2022-09-05 03:15:53,878] {taskinstance.py:1042} INFO - 
--------------------------------------------------------------------------------
[2022-09-05 03:15:53,879] {taskinstance.py:1043} INFO - Starting attempt 1 of 3
[2022-09-05 03:15:53,880] {taskinstance.py:1044} INFO - 
--------------------------------------------------------------------------------
[2022-09-05 03:15:53,933] {taskinstance.py:1063} INFO - Executing <Task(BashOperator): thrid_task> on 2022-09-04T00:00:00+00:00
[2022-09-05 03:15:53,937] {standard_task_runner.py:52} INFO - Started process 607 to run task
[2022-09-05 03:15:53,944] {standard_task_runner.py:76} INFO - Running: ['airflow', 'tasks', 'run', 'our_first_dag_v6', 'thrid_task', '2022-09-04T00:00:00+00:00', '--job-id', '118', '--pool', 'default_pool', '--raw', '--subdir', 'DAGS_FOLDER/our_first_dag.py', '--cfg-path', '/tmp/tmpgwnf6g1x', '--error-file', '/tmp/tmp2r9vc6qq']
[2022-09-05 03:15:53,947] {standard_task_runner.py:77} INFO - Job 118: Subtask thrid_task
[2022-09-05 03:15:54,042] {logging_mixin.py:104} INFO - Running <TaskInstance: our_first_dag_v6.thrid_task 2022-09-04T00:00:00+00:00 [running]> on host 2b8e628fc16c
[2022-09-05 03:15:54,130] {taskinstance.py:1257} INFO - Exporting the following env vars:
AIRFLOW_CTX_DAG_OWNER=coder2j
AIRFLOW_CTX_DAG_ID=our_first_dag_v6
AIRFLOW_CTX_TASK_ID=thrid_task
AIRFLOW_CTX_EXECUTION_DATE=2022-09-04T00:00:00+00:00
AIRFLOW_CTX_DAG_RUN_ID=scheduled__2022-09-04T00:00:00+00:00
[2022-09-05 03:15:54,132] {bash.py:135} INFO - Tmp dir root location: 
 /tmp
[2022-09-05 03:15:54,133] {bash.py:158} INFO - Running command: echo hey, I am task3 and will be running after task1 at the same time as task2!
[2022-09-05 03:15:54,142] {bash.py:169} INFO - Output:
[2022-09-05 03:15:54,144] {bash.py:173} INFO - hey, I am task3 and will be running after task1 at the same time as task2!
[2022-09-05 03:15:54,145] {bash.py:177} INFO - Command exited with return code 0
[2022-09-05 03:15:54,274] {taskinstance.py:1166} INFO - Marking task as SUCCESS. dag_id=our_first_dag_v6, task_id=thrid_task, execution_date=20220904T000000, start_date=20220905T031553, end_date=20220905T031554
[2022-09-05 03:15:54,390] {taskinstance.py:1220} INFO - 0 downstream tasks scheduled from follow-on schedule check
[2022-09-05 03:15:54,435] {local_task_job.py:146} INFO - Task exited with return code 0
