[2022-09-05 02:52:29,471] {taskinstance.py:851} INFO - Dependencies all met for <TaskInstance: our_first_dag_v5.first_task 2021-11-06T00:00:00+00:00 [queued]>
[2022-09-05 02:52:29,552] {taskinstance.py:851} INFO - Dependencies all met for <TaskInstance: our_first_dag_v5.first_task 2021-11-06T00:00:00+00:00 [queued]>
[2022-09-05 02:52:29,552] {taskinstance.py:1042} INFO - 
--------------------------------------------------------------------------------
[2022-09-05 02:52:29,554] {taskinstance.py:1043} INFO - Starting attempt 1 of 6
[2022-09-05 02:52:29,555] {taskinstance.py:1044} INFO - 
--------------------------------------------------------------------------------
[2022-09-05 02:52:29,650] {taskinstance.py:1063} INFO - Executing <Task(BashOperator): first_task> on 2021-11-06T00:00:00+00:00
[2022-09-05 02:52:29,655] {standard_task_runner.py:52} INFO - Started process 519 to run task
[2022-09-05 02:52:29,661] {standard_task_runner.py:76} INFO - Running: ['airflow', 'tasks', 'run', 'our_first_dag_v5', 'first_task', '2021-11-06T00:00:00+00:00', '--job-id', '101', '--pool', 'default_pool', '--raw', '--subdir', 'DAGS_FOLDER/our_first_dag.py', '--cfg-path', '/tmp/tmpypkozh8u', '--error-file', '/tmp/tmp1t6zr9yg']
[2022-09-05 02:52:29,665] {standard_task_runner.py:77} INFO - Job 101: Subtask first_task
[2022-09-05 02:52:29,812] {logging_mixin.py:104} INFO - Running <TaskInstance: our_first_dag_v5.first_task 2021-11-06T00:00:00+00:00 [running]> on host 673eedfc4953
[2022-09-05 02:52:30,157] {taskinstance.py:1257} INFO - Exporting the following env vars:
AIRFLOW_CTX_DAG_OWNER=coder2j
AIRFLOW_CTX_DAG_ID=our_first_dag_v5
AIRFLOW_CTX_TASK_ID=first_task
AIRFLOW_CTX_EXECUTION_DATE=2021-11-06T00:00:00+00:00
AIRFLOW_CTX_DAG_RUN_ID=scheduled__2021-11-06T00:00:00+00:00
[2022-09-05 02:52:30,158] {bash.py:135} INFO - Tmp dir root location: 
 /tmp
[2022-09-05 02:52:30,160] {bash.py:158} INFO - Running command: echo hello world, this is the first task!
[2022-09-05 02:52:30,170] {bash.py:169} INFO - Output:
[2022-09-05 02:52:30,172] {bash.py:173} INFO - hello world, this is the first task!
[2022-09-05 02:52:30,172] {bash.py:177} INFO - Command exited with return code 0
[2022-09-05 02:52:30,382] {taskinstance.py:1166} INFO - Marking task as SUCCESS. dag_id=our_first_dag_v5, task_id=first_task, execution_date=20211106T000000, start_date=20220905T025229, end_date=20220905T025230
[2022-09-05 02:52:30,626] {taskinstance.py:1220} INFO - 0 downstream tasks scheduled from follow-on schedule check
[2022-09-05 02:52:30,652] {local_task_job.py:146} INFO - Task exited with return code 0
