[2022-09-05 02:52:25,208] {taskinstance.py:851} INFO - Dependencies all met for <TaskInstance: our_first_dag_v5.first_task 2021-10-30T00:00:00+00:00 [queued]>
[2022-09-05 02:52:25,321] {taskinstance.py:851} INFO - Dependencies all met for <TaskInstance: our_first_dag_v5.first_task 2021-10-30T00:00:00+00:00 [queued]>
[2022-09-05 02:52:25,322] {taskinstance.py:1042} INFO - 
--------------------------------------------------------------------------------
[2022-09-05 02:52:25,322] {taskinstance.py:1043} INFO - Starting attempt 1 of 6
[2022-09-05 02:52:25,323] {taskinstance.py:1044} INFO - 
--------------------------------------------------------------------------------
[2022-09-05 02:52:25,405] {taskinstance.py:1063} INFO - Executing <Task(BashOperator): first_task> on 2021-10-30T00:00:00+00:00
[2022-09-05 02:52:25,410] {standard_task_runner.py:52} INFO - Started process 497 to run task
[2022-09-05 02:52:25,417] {standard_task_runner.py:76} INFO - Running: ['airflow', 'tasks', 'run', 'our_first_dag_v5', 'first_task', '2021-10-30T00:00:00+00:00', '--job-id', '94', '--pool', 'default_pool', '--raw', '--subdir', 'DAGS_FOLDER/our_first_dag.py', '--cfg-path', '/tmp/tmppy14hoiq', '--error-file', '/tmp/tmpaqu0ud6j']
[2022-09-05 02:52:25,425] {standard_task_runner.py:77} INFO - Job 94: Subtask first_task
[2022-09-05 02:52:25,619] {logging_mixin.py:104} INFO - Running <TaskInstance: our_first_dag_v5.first_task 2021-10-30T00:00:00+00:00 [running]> on host 673eedfc4953
[2022-09-05 02:52:25,965] {taskinstance.py:1257} INFO - Exporting the following env vars:
AIRFLOW_CTX_DAG_OWNER=coder2j
AIRFLOW_CTX_DAG_ID=our_first_dag_v5
AIRFLOW_CTX_TASK_ID=first_task
AIRFLOW_CTX_EXECUTION_DATE=2021-10-30T00:00:00+00:00
AIRFLOW_CTX_DAG_RUN_ID=scheduled__2021-10-30T00:00:00+00:00
[2022-09-05 02:52:25,966] {bash.py:135} INFO - Tmp dir root location: 
 /tmp
[2022-09-05 02:52:25,968] {bash.py:158} INFO - Running command: echo hello world, this is the first task!
[2022-09-05 02:52:25,986] {bash.py:169} INFO - Output:
[2022-09-05 02:52:25,990] {bash.py:173} INFO - hello world, this is the first task!
[2022-09-05 02:52:25,994] {bash.py:177} INFO - Command exited with return code 0
[2022-09-05 02:52:26,521] {taskinstance.py:1166} INFO - Marking task as SUCCESS. dag_id=our_first_dag_v5, task_id=first_task, execution_date=20211030T000000, start_date=20220905T025225, end_date=20220905T025226
[2022-09-05 02:52:27,025] {taskinstance.py:1220} INFO - 0 downstream tasks scheduled from follow-on schedule check
[2022-09-05 02:52:27,113] {local_task_job.py:146} INFO - Task exited with return code 0
