[2022-09-05 02:52:28,071] {taskinstance.py:851} INFO - Dependencies all met for <TaskInstance: our_first_dag_v5.first_task 2021-11-03T00:00:00+00:00 [queued]>
[2022-09-05 02:52:28,178] {taskinstance.py:851} INFO - Dependencies all met for <TaskInstance: our_first_dag_v5.first_task 2021-11-03T00:00:00+00:00 [queued]>
[2022-09-05 02:52:28,179] {taskinstance.py:1042} INFO - 
--------------------------------------------------------------------------------
[2022-09-05 02:52:28,179] {taskinstance.py:1043} INFO - Starting attempt 1 of 6
[2022-09-05 02:52:28,180] {taskinstance.py:1044} INFO - 
--------------------------------------------------------------------------------
[2022-09-05 02:52:28,250] {taskinstance.py:1063} INFO - Executing <Task(BashOperator): first_task> on 2021-11-03T00:00:00+00:00
[2022-09-05 02:52:28,279] {standard_task_runner.py:52} INFO - Started process 510 to run task
[2022-09-05 02:52:28,290] {standard_task_runner.py:76} INFO - Running: ['airflow', 'tasks', 'run', 'our_first_dag_v5', 'first_task', '2021-11-03T00:00:00+00:00', '--job-id', '98', '--pool', 'default_pool', '--raw', '--subdir', 'DAGS_FOLDER/our_first_dag.py', '--cfg-path', '/tmp/tmpn4ttk74e', '--error-file', '/tmp/tmp17scik2a']
[2022-09-05 02:52:28,298] {standard_task_runner.py:77} INFO - Job 98: Subtask first_task
[2022-09-05 02:52:28,509] {logging_mixin.py:104} INFO - Running <TaskInstance: our_first_dag_v5.first_task 2021-11-03T00:00:00+00:00 [running]> on host 673eedfc4953
[2022-09-05 02:52:28,828] {taskinstance.py:1257} INFO - Exporting the following env vars:
AIRFLOW_CTX_DAG_OWNER=coder2j
AIRFLOW_CTX_DAG_ID=our_first_dag_v5
AIRFLOW_CTX_TASK_ID=first_task
AIRFLOW_CTX_EXECUTION_DATE=2021-11-03T00:00:00+00:00
AIRFLOW_CTX_DAG_RUN_ID=scheduled__2021-11-03T00:00:00+00:00
[2022-09-05 02:52:28,831] {bash.py:135} INFO - Tmp dir root location: 
 /tmp
[2022-09-05 02:52:28,833] {bash.py:158} INFO - Running command: echo hello world, this is the first task!
[2022-09-05 02:52:28,844] {bash.py:169} INFO - Output:
[2022-09-05 02:52:28,848] {bash.py:173} INFO - hello world, this is the first task!
[2022-09-05 02:52:28,850] {bash.py:177} INFO - Command exited with return code 0
[2022-09-05 02:52:29,209] {taskinstance.py:1166} INFO - Marking task as SUCCESS. dag_id=our_first_dag_v5, task_id=first_task, execution_date=20211103T000000, start_date=20220905T025228, end_date=20220905T025229
[2022-09-05 02:52:29,319] {taskinstance.py:1220} INFO - 0 downstream tasks scheduled from follow-on schedule check
[2022-09-05 02:52:29,360] {local_task_job.py:146} INFO - Task exited with return code 0
