[2022-09-05 02:52:23,405] {taskinstance.py:851} INFO - Dependencies all met for <TaskInstance: our_first_dag_v5.first_task 2021-10-26T00:00:00+00:00 [queued]>
[2022-09-05 02:52:23,534] {taskinstance.py:851} INFO - Dependencies all met for <TaskInstance: our_first_dag_v5.first_task 2021-10-26T00:00:00+00:00 [queued]>
[2022-09-05 02:52:23,535] {taskinstance.py:1042} INFO - 
--------------------------------------------------------------------------------
[2022-09-05 02:52:23,536] {taskinstance.py:1043} INFO - Starting attempt 1 of 6
[2022-09-05 02:52:23,537] {taskinstance.py:1044} INFO - 
--------------------------------------------------------------------------------
[2022-09-05 02:52:23,594] {taskinstance.py:1063} INFO - Executing <Task(BashOperator): first_task> on 2021-10-26T00:00:00+00:00
[2022-09-05 02:52:23,606] {standard_task_runner.py:52} INFO - Started process 487 to run task
[2022-09-05 02:52:23,620] {standard_task_runner.py:76} INFO - Running: ['airflow', 'tasks', 'run', 'our_first_dag_v5', 'first_task', '2021-10-26T00:00:00+00:00', '--job-id', '90', '--pool', 'default_pool', '--raw', '--subdir', 'DAGS_FOLDER/our_first_dag.py', '--cfg-path', '/tmp/tmp7o26cp7e', '--error-file', '/tmp/tmpn2t4jgat']
[2022-09-05 02:52:23,626] {standard_task_runner.py:77} INFO - Job 90: Subtask first_task
[2022-09-05 02:52:23,814] {logging_mixin.py:104} INFO - Running <TaskInstance: our_first_dag_v5.first_task 2021-10-26T00:00:00+00:00 [running]> on host 673eedfc4953
[2022-09-05 02:52:24,070] {taskinstance.py:1257} INFO - Exporting the following env vars:
AIRFLOW_CTX_DAG_OWNER=coder2j
AIRFLOW_CTX_DAG_ID=our_first_dag_v5
AIRFLOW_CTX_TASK_ID=first_task
AIRFLOW_CTX_EXECUTION_DATE=2021-10-26T00:00:00+00:00
AIRFLOW_CTX_DAG_RUN_ID=scheduled__2021-10-26T00:00:00+00:00
[2022-09-05 02:52:24,071] {bash.py:135} INFO - Tmp dir root location: 
 /tmp
[2022-09-05 02:52:24,072] {bash.py:158} INFO - Running command: echo hello world, this is the first task!
[2022-09-05 02:52:24,095] {bash.py:169} INFO - Output:
[2022-09-05 02:52:24,097] {bash.py:173} INFO - hello world, this is the first task!
[2022-09-05 02:52:24,098] {bash.py:177} INFO - Command exited with return code 0
[2022-09-05 02:52:24,279] {taskinstance.py:1166} INFO - Marking task as SUCCESS. dag_id=our_first_dag_v5, task_id=first_task, execution_date=20211026T000000, start_date=20220905T025223, end_date=20220905T025224
[2022-09-05 02:52:24,586] {taskinstance.py:1220} INFO - 0 downstream tasks scheduled from follow-on schedule check
[2022-09-05 02:52:24,607] {local_task_job.py:146} INFO - Task exited with return code 0
