[2022-09-05 03:07:33,227] {taskinstance.py:851} INFO - Dependencies all met for <TaskInstance: our_first_dag_v2.first_task 2022-08-11T00:00:00+00:00 [queued]>
[2022-09-05 03:07:33,423] {taskinstance.py:851} INFO - Dependencies all met for <TaskInstance: our_first_dag_v2.first_task 2022-08-11T00:00:00+00:00 [queued]>
[2022-09-05 03:07:33,424] {taskinstance.py:1042} INFO - 
--------------------------------------------------------------------------------
[2022-09-05 03:07:33,425] {taskinstance.py:1043} INFO - Starting attempt 1 of 6
[2022-09-05 03:07:33,426] {taskinstance.py:1044} INFO - 
--------------------------------------------------------------------------------
[2022-09-05 03:07:33,520] {taskinstance.py:1063} INFO - Executing <Task(BashOperator): first_task> on 2022-08-11T00:00:00+00:00
[2022-09-05 03:07:33,525] {standard_task_runner.py:52} INFO - Started process 265 to run task
[2022-09-05 03:07:33,561] {standard_task_runner.py:76} INFO - Running: ['airflow', 'tasks', 'run', 'our_first_dag_v2', 'first_task', '2022-08-11T00:00:00+00:00', '--job-id', '32', '--pool', 'default_pool', '--raw', '--subdir', 'DAGS_FOLDER/our_first_dag.py', '--cfg-path', '/tmp/tmp0n1axhc_', '--error-file', '/tmp/tmp1d7n1i8r']
[2022-09-05 03:07:33,583] {standard_task_runner.py:77} INFO - Job 32: Subtask first_task
[2022-09-05 03:07:34,028] {logging_mixin.py:104} INFO - Running <TaskInstance: our_first_dag_v2.first_task 2022-08-11T00:00:00+00:00 [running]> on host 2b8e628fc16c
[2022-09-05 03:07:34,364] {taskinstance.py:1257} INFO - Exporting the following env vars:
AIRFLOW_CTX_DAG_OWNER=coder2j
AIRFLOW_CTX_DAG_ID=our_first_dag_v2
AIRFLOW_CTX_TASK_ID=first_task
AIRFLOW_CTX_EXECUTION_DATE=2022-08-11T00:00:00+00:00
AIRFLOW_CTX_DAG_RUN_ID=scheduled__2022-08-11T00:00:00+00:00
[2022-09-05 03:07:34,369] {bash.py:135} INFO - Tmp dir root location: 
 /tmp
[2022-09-05 03:07:34,371] {bash.py:158} INFO - Running command: echo hello world, this is the first task!
[2022-09-05 03:07:34,392] {bash.py:169} INFO - Output:
[2022-09-05 03:07:34,406] {bash.py:173} INFO - hello world, this is the first task!
[2022-09-05 03:07:34,408] {bash.py:177} INFO - Command exited with return code 0
[2022-09-05 03:07:34,606] {taskinstance.py:1166} INFO - Marking task as SUCCESS. dag_id=our_first_dag_v2, task_id=first_task, execution_date=20220811T000000, start_date=20220905T030733, end_date=20220905T030734
[2022-09-05 03:07:34,975] {taskinstance.py:1220} INFO - 2 downstream tasks scheduled from follow-on schedule check
[2022-09-05 03:07:35,012] {local_task_job.py:146} INFO - Task exited with return code 0
