[2022-09-05 02:53:08,303] {taskinstance.py:851} INFO - Dependencies all met for <TaskInstance: our_first_dag_v5.first_task 2022-02-02T00:00:00+00:00 [queued]>
[2022-09-05 02:53:08,414] {taskinstance.py:851} INFO - Dependencies all met for <TaskInstance: our_first_dag_v5.first_task 2022-02-02T00:00:00+00:00 [queued]>
[2022-09-05 02:53:08,415] {taskinstance.py:1042} INFO - 
--------------------------------------------------------------------------------
[2022-09-05 02:53:08,415] {taskinstance.py:1043} INFO - Starting attempt 1 of 6
[2022-09-05 02:53:08,416] {taskinstance.py:1044} INFO - 
--------------------------------------------------------------------------------
[2022-09-05 02:53:08,483] {taskinstance.py:1063} INFO - Executing <Task(BashOperator): first_task> on 2022-02-02T00:00:00+00:00
[2022-09-05 02:53:08,491] {standard_task_runner.py:52} INFO - Started process 789 to run task
[2022-09-05 02:53:08,502] {standard_task_runner.py:76} INFO - Running: ['airflow', 'tasks', 'run', 'our_first_dag_v5', 'first_task', '2022-02-02T00:00:00+00:00', '--job-id', '189', '--pool', 'default_pool', '--raw', '--subdir', 'DAGS_FOLDER/our_first_dag.py', '--cfg-path', '/tmp/tmp7whnw2pa', '--error-file', '/tmp/tmpr5sl8auh']
[2022-09-05 02:53:08,508] {standard_task_runner.py:77} INFO - Job 189: Subtask first_task
[2022-09-05 02:53:08,747] {logging_mixin.py:104} INFO - Running <TaskInstance: our_first_dag_v5.first_task 2022-02-02T00:00:00+00:00 [running]> on host 673eedfc4953
[2022-09-05 02:53:09,035] {taskinstance.py:1257} INFO - Exporting the following env vars:
AIRFLOW_CTX_DAG_OWNER=coder2j
AIRFLOW_CTX_DAG_ID=our_first_dag_v5
AIRFLOW_CTX_TASK_ID=first_task
AIRFLOW_CTX_EXECUTION_DATE=2022-02-02T00:00:00+00:00
AIRFLOW_CTX_DAG_RUN_ID=scheduled__2022-02-02T00:00:00+00:00
[2022-09-05 02:53:09,037] {bash.py:135} INFO - Tmp dir root location: 
 /tmp
[2022-09-05 02:53:09,038] {bash.py:158} INFO - Running command: echo hello world, this is the first task!
[2022-09-05 02:53:09,066] {bash.py:169} INFO - Output:
[2022-09-05 02:53:09,070] {bash.py:173} INFO - hello world, this is the first task!
[2022-09-05 02:53:09,071] {bash.py:177} INFO - Command exited with return code 0
[2022-09-05 02:53:09,330] {taskinstance.py:1166} INFO - Marking task as SUCCESS. dag_id=our_first_dag_v5, task_id=first_task, execution_date=20220202T000000, start_date=20220905T025308, end_date=20220905T025309
[2022-09-05 02:53:09,668] {taskinstance.py:1220} INFO - 0 downstream tasks scheduled from follow-on schedule check
[2022-09-05 02:53:09,753] {local_task_job.py:146} INFO - Task exited with return code 0
