[2022-09-05 03:47:38,926] {taskinstance.py:851} INFO - Dependencies all met for <TaskInstance: farah_python_v3.hello 2022-09-04T00:00:00+00:00 [queued]>
[2022-09-05 03:47:38,994] {taskinstance.py:851} INFO - Dependencies all met for <TaskInstance: farah_python_v3.hello 2022-09-04T00:00:00+00:00 [queued]>
[2022-09-05 03:47:38,995] {taskinstance.py:1042} INFO - 
--------------------------------------------------------------------------------
[2022-09-05 03:47:38,995] {taskinstance.py:1043} INFO - Starting attempt 1 of 2
[2022-09-05 03:47:38,996] {taskinstance.py:1044} INFO - 
--------------------------------------------------------------------------------
[2022-09-05 03:47:39,039] {taskinstance.py:1063} INFO - Executing <Task(PythonOperator): hello> on 2022-09-04T00:00:00+00:00
[2022-09-05 03:47:39,044] {standard_task_runner.py:52} INFO - Started process 937 to run task
[2022-09-05 03:47:39,050] {standard_task_runner.py:76} INFO - Running: ['airflow', 'tasks', 'run', 'farah_python_v3', 'hello', '2022-09-04T00:00:00+00:00', '--job-id', '123', '--pool', 'default_pool', '--raw', '--subdir', 'DAGS_FOLDER/our_first_dag.py', '--cfg-path', '/tmp/tmpt7pjl2b5', '--error-file', '/tmp/tmpgdcl2lwo']
[2022-09-05 03:47:39,053] {standard_task_runner.py:77} INFO - Job 123: Subtask hello
[2022-09-05 03:47:39,134] {logging_mixin.py:104} INFO - Running <TaskInstance: farah_python_v3.hello 2022-09-04T00:00:00+00:00 [running]> on host 2b8e628fc16c
[2022-09-05 03:47:39,236] {taskinstance.py:1257} INFO - Exporting the following env vars:
AIRFLOW_CTX_DAG_OWNER=farah
AIRFLOW_CTX_DAG_ID=farah_python_v3
AIRFLOW_CTX_TASK_ID=hello
AIRFLOW_CTX_EXECUTION_DATE=2022-09-04T00:00:00+00:00
AIRFLOW_CTX_DAG_RUN_ID=scheduled__2022-09-04T00:00:00+00:00
[2022-09-05 03:47:39,237] {logging_mixin.py:104} INFO - Hello! Ini farah Cantik
[2022-09-05 03:47:39,238] {python.py:118} INFO - Done. Returned value was: None
[2022-09-05 03:47:39,274] {taskinstance.py:1166} INFO - Marking task as SUCCESS. dag_id=farah_python_v3, task_id=hello, execution_date=20220904T000000, start_date=20220905T034738, end_date=20220905T034739
[2022-09-05 03:47:39,357] {taskinstance.py:1220} INFO - 0 downstream tasks scheduled from follow-on schedule check
[2022-09-05 03:47:39,381] {local_task_job.py:146} INFO - Task exited with return code 0
