[2022-09-05 06:54:26,078] {scheduler_job.py:182} INFO - Started process (PID=2349) to work on /opt/airflow/dags/usecase/soal_nomor_satu.py
[2022-09-05 06:54:26,080] {scheduler_job.py:629} INFO - Processing file /opt/airflow/dags/usecase/soal_nomor_satu.py for tasks to queue
[2022-09-05 06:54:26,081] {logging_mixin.py:104} INFO - [2022-09-05 06:54:26,081] {dagbag.py:448} INFO - Filling up the DagBag from /opt/airflow/dags/usecase/soal_nomor_satu.py
[2022-09-05 06:54:26,120] {scheduler_job.py:641} WARNING - No viable dags retrieved from /opt/airflow/dags/usecase/soal_nomor_satu.py
[2022-09-05 06:54:26,139] {scheduler_job.py:190} INFO - Processing /opt/airflow/dags/usecase/soal_nomor_satu.py took 0.065 seconds
[2022-09-05 06:54:56,545] {scheduler_job.py:182} INFO - Started process (PID=2369) to work on /opt/airflow/dags/usecase/soal_nomor_satu.py
[2022-09-05 06:54:56,547] {scheduler_job.py:629} INFO - Processing file /opt/airflow/dags/usecase/soal_nomor_satu.py for tasks to queue
[2022-09-05 06:54:56,549] {logging_mixin.py:104} INFO - [2022-09-05 06:54:56,549] {dagbag.py:448} INFO - Filling up the DagBag from /opt/airflow/dags/usecase/soal_nomor_satu.py
[2022-09-05 06:54:56,587] {scheduler_job.py:641} WARNING - No viable dags retrieved from /opt/airflow/dags/usecase/soal_nomor_satu.py
[2022-09-05 06:54:56,605] {scheduler_job.py:190} INFO - Processing /opt/airflow/dags/usecase/soal_nomor_satu.py took 0.064 seconds
[2022-09-05 06:55:26,893] {scheduler_job.py:182} INFO - Started process (PID=2391) to work on /opt/airflow/dags/usecase/soal_nomor_satu.py
[2022-09-05 06:55:26,895] {scheduler_job.py:629} INFO - Processing file /opt/airflow/dags/usecase/soal_nomor_satu.py for tasks to queue
[2022-09-05 06:55:26,896] {logging_mixin.py:104} INFO - [2022-09-05 06:55:26,896] {dagbag.py:448} INFO - Filling up the DagBag from /opt/airflow/dags/usecase/soal_nomor_satu.py
[2022-09-05 06:55:26,934] {scheduler_job.py:641} WARNING - No viable dags retrieved from /opt/airflow/dags/usecase/soal_nomor_satu.py
[2022-09-05 06:55:26,953] {scheduler_job.py:190} INFO - Processing /opt/airflow/dags/usecase/soal_nomor_satu.py took 0.066 seconds
[2022-09-05 06:55:57,306] {scheduler_job.py:182} INFO - Started process (PID=2411) to work on /opt/airflow/dags/usecase/soal_nomor_satu.py
[2022-09-05 06:55:57,309] {scheduler_job.py:629} INFO - Processing file /opt/airflow/dags/usecase/soal_nomor_satu.py for tasks to queue
[2022-09-05 06:55:57,310] {logging_mixin.py:104} INFO - [2022-09-05 06:55:57,310] {dagbag.py:448} INFO - Filling up the DagBag from /opt/airflow/dags/usecase/soal_nomor_satu.py
[2022-09-05 06:55:57,355] {scheduler_job.py:641} WARNING - No viable dags retrieved from /opt/airflow/dags/usecase/soal_nomor_satu.py
[2022-09-05 06:55:57,378] {scheduler_job.py:190} INFO - Processing /opt/airflow/dags/usecase/soal_nomor_satu.py took 0.078 seconds
[2022-09-05 06:56:27,672] {scheduler_job.py:182} INFO - Started process (PID=2431) to work on /opt/airflow/dags/usecase/soal_nomor_satu.py
[2022-09-05 06:56:27,675] {scheduler_job.py:629} INFO - Processing file /opt/airflow/dags/usecase/soal_nomor_satu.py for tasks to queue
[2022-09-05 06:56:27,676] {logging_mixin.py:104} INFO - [2022-09-05 06:56:27,676] {dagbag.py:448} INFO - Filling up the DagBag from /opt/airflow/dags/usecase/soal_nomor_satu.py
[2022-09-05 06:56:27,711] {scheduler_job.py:641} WARNING - No viable dags retrieved from /opt/airflow/dags/usecase/soal_nomor_satu.py
[2022-09-05 06:56:27,729] {scheduler_job.py:190} INFO - Processing /opt/airflow/dags/usecase/soal_nomor_satu.py took 0.063 seconds
[2022-09-05 06:56:58,062] {scheduler_job.py:182} INFO - Started process (PID=2451) to work on /opt/airflow/dags/usecase/soal_nomor_satu.py
[2022-09-05 06:56:58,078] {scheduler_job.py:629} INFO - Processing file /opt/airflow/dags/usecase/soal_nomor_satu.py for tasks to queue
[2022-09-05 06:56:58,080] {logging_mixin.py:104} INFO - [2022-09-05 06:56:58,080] {dagbag.py:448} INFO - Filling up the DagBag from /opt/airflow/dags/usecase/soal_nomor_satu.py
[2022-09-05 06:56:58,146] {scheduler_job.py:641} WARNING - No viable dags retrieved from /opt/airflow/dags/usecase/soal_nomor_satu.py
[2022-09-05 06:56:58,192] {scheduler_job.py:190} INFO - Processing /opt/airflow/dags/usecase/soal_nomor_satu.py took 0.139 seconds
[2022-09-05 06:57:28,476] {scheduler_job.py:182} INFO - Started process (PID=2471) to work on /opt/airflow/dags/usecase/soal_nomor_satu.py
[2022-09-05 06:57:28,477] {scheduler_job.py:629} INFO - Processing file /opt/airflow/dags/usecase/soal_nomor_satu.py for tasks to queue
[2022-09-05 06:57:28,479] {logging_mixin.py:104} INFO - [2022-09-05 06:57:28,479] {dagbag.py:448} INFO - Filling up the DagBag from /opt/airflow/dags/usecase/soal_nomor_satu.py
[2022-09-05 06:57:28,521] {scheduler_job.py:641} WARNING - No viable dags retrieved from /opt/airflow/dags/usecase/soal_nomor_satu.py
[2022-09-05 06:57:28,543] {scheduler_job.py:190} INFO - Processing /opt/airflow/dags/usecase/soal_nomor_satu.py took 0.071 seconds
[2022-09-05 06:57:59,240] {scheduler_job.py:182} INFO - Started process (PID=2491) to work on /opt/airflow/dags/usecase/soal_nomor_satu.py
[2022-09-05 06:57:59,241] {scheduler_job.py:629} INFO - Processing file /opt/airflow/dags/usecase/soal_nomor_satu.py for tasks to queue
[2022-09-05 06:57:59,243] {logging_mixin.py:104} INFO - [2022-09-05 06:57:59,243] {dagbag.py:448} INFO - Filling up the DagBag from /opt/airflow/dags/usecase/soal_nomor_satu.py
[2022-09-05 06:57:59,297] {scheduler_job.py:641} WARNING - No viable dags retrieved from /opt/airflow/dags/usecase/soal_nomor_satu.py
[2022-09-05 06:57:59,316] {scheduler_job.py:190} INFO - Processing /opt/airflow/dags/usecase/soal_nomor_satu.py took 0.082 seconds
[2022-09-05 06:58:29,659] {scheduler_job.py:182} INFO - Started process (PID=2511) to work on /opt/airflow/dags/usecase/soal_nomor_satu.py
[2022-09-05 06:58:29,661] {scheduler_job.py:629} INFO - Processing file /opt/airflow/dags/usecase/soal_nomor_satu.py for tasks to queue
[2022-09-05 06:58:29,662] {logging_mixin.py:104} INFO - [2022-09-05 06:58:29,662] {dagbag.py:448} INFO - Filling up the DagBag from /opt/airflow/dags/usecase/soal_nomor_satu.py
[2022-09-05 06:58:29,697] {scheduler_job.py:641} WARNING - No viable dags retrieved from /opt/airflow/dags/usecase/soal_nomor_satu.py
[2022-09-05 06:58:29,717] {scheduler_job.py:190} INFO - Processing /opt/airflow/dags/usecase/soal_nomor_satu.py took 0.064 seconds
[2022-09-05 06:59:00,037] {scheduler_job.py:182} INFO - Started process (PID=2531) to work on /opt/airflow/dags/usecase/soal_nomor_satu.py
[2022-09-05 06:59:00,039] {scheduler_job.py:629} INFO - Processing file /opt/airflow/dags/usecase/soal_nomor_satu.py for tasks to queue
[2022-09-05 06:59:00,041] {logging_mixin.py:104} INFO - [2022-09-05 06:59:00,040] {dagbag.py:448} INFO - Filling up the DagBag from /opt/airflow/dags/usecase/soal_nomor_satu.py
[2022-09-05 06:59:00,218] {scheduler_job.py:641} WARNING - No viable dags retrieved from /opt/airflow/dags/usecase/soal_nomor_satu.py
[2022-09-05 06:59:00,237] {scheduler_job.py:190} INFO - Processing /opt/airflow/dags/usecase/soal_nomor_satu.py took 0.205 seconds
[2022-09-05 06:59:30,542] {scheduler_job.py:182} INFO - Started process (PID=2551) to work on /opt/airflow/dags/usecase/soal_nomor_satu.py
[2022-09-05 06:59:30,545] {scheduler_job.py:629} INFO - Processing file /opt/airflow/dags/usecase/soal_nomor_satu.py for tasks to queue
[2022-09-05 06:59:30,546] {logging_mixin.py:104} INFO - [2022-09-05 06:59:30,546] {dagbag.py:448} INFO - Filling up the DagBag from /opt/airflow/dags/usecase/soal_nomor_satu.py
[2022-09-05 06:59:30,578] {scheduler_job.py:641} WARNING - No viable dags retrieved from /opt/airflow/dags/usecase/soal_nomor_satu.py
[2022-09-05 06:59:30,594] {scheduler_job.py:190} INFO - Processing /opt/airflow/dags/usecase/soal_nomor_satu.py took 0.057 seconds
[2022-09-05 07:00:00,957] {scheduler_job.py:182} INFO - Started process (PID=2571) to work on /opt/airflow/dags/usecase/soal_nomor_satu.py
[2022-09-05 07:00:00,960] {scheduler_job.py:629} INFO - Processing file /opt/airflow/dags/usecase/soal_nomor_satu.py for tasks to queue
[2022-09-05 07:00:00,961] {logging_mixin.py:104} INFO - [2022-09-05 07:00:00,961] {dagbag.py:448} INFO - Filling up the DagBag from /opt/airflow/dags/usecase/soal_nomor_satu.py
[2022-09-05 07:00:01,003] {scheduler_job.py:641} WARNING - No viable dags retrieved from /opt/airflow/dags/usecase/soal_nomor_satu.py
[2022-09-05 07:00:01,024] {scheduler_job.py:190} INFO - Processing /opt/airflow/dags/usecase/soal_nomor_satu.py took 0.072 seconds
[2022-09-05 07:00:31,297] {scheduler_job.py:182} INFO - Started process (PID=2591) to work on /opt/airflow/dags/usecase/soal_nomor_satu.py
[2022-09-05 07:00:31,298] {scheduler_job.py:629} INFO - Processing file /opt/airflow/dags/usecase/soal_nomor_satu.py for tasks to queue
[2022-09-05 07:00:31,300] {logging_mixin.py:104} INFO - [2022-09-05 07:00:31,299] {dagbag.py:448} INFO - Filling up the DagBag from /opt/airflow/dags/usecase/soal_nomor_satu.py
[2022-09-05 07:00:31,318] {logging_mixin.py:104} INFO - [2022-09-05 07:00:31,318] {dagbag.py:284} INFO - File /opt/airflow/dags/usecase/soal_nomor_satu.py assumed to contain no DAGs. Skipping.
[2022-09-05 07:00:31,322] {scheduler_job.py:641} WARNING - No viable dags retrieved from /opt/airflow/dags/usecase/soal_nomor_satu.py
[2022-09-05 07:00:31,344] {scheduler_job.py:190} INFO - Processing /opt/airflow/dags/usecase/soal_nomor_satu.py took 0.055 seconds
[2022-09-05 07:01:01,634] {scheduler_job.py:182} INFO - Started process (PID=2613) to work on /opt/airflow/dags/usecase/soal_nomor_satu.py
[2022-09-05 07:01:01,636] {scheduler_job.py:629} INFO - Processing file /opt/airflow/dags/usecase/soal_nomor_satu.py for tasks to queue
[2022-09-05 07:01:01,641] {logging_mixin.py:104} INFO - [2022-09-05 07:01:01,641] {dagbag.py:448} INFO - Filling up the DagBag from /opt/airflow/dags/usecase/soal_nomor_satu.py
[2022-09-05 07:01:01,680] {logging_mixin.py:104} INFO - [2022-09-05 07:01:01,680] {dagbag.py:284} INFO - File /opt/airflow/dags/usecase/soal_nomor_satu.py assumed to contain no DAGs. Skipping.
[2022-09-05 07:01:01,687] {scheduler_job.py:641} WARNING - No viable dags retrieved from /opt/airflow/dags/usecase/soal_nomor_satu.py
[2022-09-05 07:01:01,718] {scheduler_job.py:190} INFO - Processing /opt/airflow/dags/usecase/soal_nomor_satu.py took 0.090 seconds
[2022-09-05 07:01:32,032] {scheduler_job.py:182} INFO - Started process (PID=2633) to work on /opt/airflow/dags/usecase/soal_nomor_satu.py
[2022-09-05 07:01:32,034] {scheduler_job.py:629} INFO - Processing file /opt/airflow/dags/usecase/soal_nomor_satu.py for tasks to queue
[2022-09-05 07:01:32,035] {logging_mixin.py:104} INFO - [2022-09-05 07:01:32,035] {dagbag.py:448} INFO - Filling up the DagBag from /opt/airflow/dags/usecase/soal_nomor_satu.py
[2022-09-05 07:01:32,055] {logging_mixin.py:104} INFO - [2022-09-05 07:01:32,055] {dagbag.py:284} INFO - File /opt/airflow/dags/usecase/soal_nomor_satu.py assumed to contain no DAGs. Skipping.
[2022-09-05 07:01:32,060] {scheduler_job.py:641} WARNING - No viable dags retrieved from /opt/airflow/dags/usecase/soal_nomor_satu.py
[2022-09-05 07:01:32,080] {scheduler_job.py:190} INFO - Processing /opt/airflow/dags/usecase/soal_nomor_satu.py took 0.052 seconds
[2022-09-05 07:02:02,336] {scheduler_job.py:182} INFO - Started process (PID=2653) to work on /opt/airflow/dags/usecase/soal_nomor_satu.py
[2022-09-05 07:02:02,337] {scheduler_job.py:629} INFO - Processing file /opt/airflow/dags/usecase/soal_nomor_satu.py for tasks to queue
[2022-09-05 07:02:02,339] {logging_mixin.py:104} INFO - [2022-09-05 07:02:02,338] {dagbag.py:448} INFO - Filling up the DagBag from /opt/airflow/dags/usecase/soal_nomor_satu.py
[2022-09-05 07:02:02,359] {logging_mixin.py:104} INFO - [2022-09-05 07:02:02,359] {dagbag.py:284} INFO - File /opt/airflow/dags/usecase/soal_nomor_satu.py assumed to contain no DAGs. Skipping.
[2022-09-05 07:02:02,364] {scheduler_job.py:641} WARNING - No viable dags retrieved from /opt/airflow/dags/usecase/soal_nomor_satu.py
[2022-09-05 07:02:02,385] {scheduler_job.py:190} INFO - Processing /opt/airflow/dags/usecase/soal_nomor_satu.py took 0.053 seconds
[2022-09-05 07:02:32,745] {scheduler_job.py:182} INFO - Started process (PID=2673) to work on /opt/airflow/dags/usecase/soal_nomor_satu.py
[2022-09-05 07:02:32,748] {scheduler_job.py:629} INFO - Processing file /opt/airflow/dags/usecase/soal_nomor_satu.py for tasks to queue
[2022-09-05 07:02:32,749] {logging_mixin.py:104} INFO - [2022-09-05 07:02:32,749] {dagbag.py:448} INFO - Filling up the DagBag from /opt/airflow/dags/usecase/soal_nomor_satu.py
[2022-09-05 07:02:32,769] {logging_mixin.py:104} INFO - [2022-09-05 07:02:32,769] {dagbag.py:284} INFO - File /opt/airflow/dags/usecase/soal_nomor_satu.py assumed to contain no DAGs. Skipping.
[2022-09-05 07:02:32,774] {scheduler_job.py:641} WARNING - No viable dags retrieved from /opt/airflow/dags/usecase/soal_nomor_satu.py
[2022-09-05 07:02:32,792] {scheduler_job.py:190} INFO - Processing /opt/airflow/dags/usecase/soal_nomor_satu.py took 0.052 seconds
[2022-09-05 07:03:03,164] {scheduler_job.py:182} INFO - Started process (PID=2694) to work on /opt/airflow/dags/usecase/soal_nomor_satu.py
[2022-09-05 07:03:03,169] {scheduler_job.py:629} INFO - Processing file /opt/airflow/dags/usecase/soal_nomor_satu.py for tasks to queue
[2022-09-05 07:03:03,172] {logging_mixin.py:104} INFO - [2022-09-05 07:03:03,172] {dagbag.py:448} INFO - Filling up the DagBag from /opt/airflow/dags/usecase/soal_nomor_satu.py
[2022-09-05 07:03:03,206] {logging_mixin.py:104} INFO - [2022-09-05 07:03:03,206] {dagbag.py:284} INFO - File /opt/airflow/dags/usecase/soal_nomor_satu.py assumed to contain no DAGs. Skipping.
[2022-09-05 07:03:03,213] {scheduler_job.py:641} WARNING - No viable dags retrieved from /opt/airflow/dags/usecase/soal_nomor_satu.py
[2022-09-05 07:03:03,235] {scheduler_job.py:190} INFO - Processing /opt/airflow/dags/usecase/soal_nomor_satu.py took 0.078 seconds
[2022-09-05 07:03:33,472] {scheduler_job.py:182} INFO - Started process (PID=2715) to work on /opt/airflow/dags/usecase/soal_nomor_satu.py
[2022-09-05 07:03:33,474] {scheduler_job.py:629} INFO - Processing file /opt/airflow/dags/usecase/soal_nomor_satu.py for tasks to queue
[2022-09-05 07:03:33,476] {logging_mixin.py:104} INFO - [2022-09-05 07:03:33,475] {dagbag.py:448} INFO - Filling up the DagBag from /opt/airflow/dags/usecase/soal_nomor_satu.py
[2022-09-05 07:03:33,501] {logging_mixin.py:104} INFO - [2022-09-05 07:03:33,501] {dagbag.py:284} INFO - File /opt/airflow/dags/usecase/soal_nomor_satu.py assumed to contain no DAGs. Skipping.
[2022-09-05 07:03:33,507] {scheduler_job.py:641} WARNING - No viable dags retrieved from /opt/airflow/dags/usecase/soal_nomor_satu.py
[2022-09-05 07:03:33,526] {scheduler_job.py:190} INFO - Processing /opt/airflow/dags/usecase/soal_nomor_satu.py took 0.058 seconds
[2022-09-05 07:04:03,807] {scheduler_job.py:182} INFO - Started process (PID=2735) to work on /opt/airflow/dags/usecase/soal_nomor_satu.py
[2022-09-05 07:04:03,809] {scheduler_job.py:629} INFO - Processing file /opt/airflow/dags/usecase/soal_nomor_satu.py for tasks to queue
[2022-09-05 07:04:03,810] {logging_mixin.py:104} INFO - [2022-09-05 07:04:03,810] {dagbag.py:448} INFO - Filling up the DagBag from /opt/airflow/dags/usecase/soal_nomor_satu.py
[2022-09-05 07:04:03,829] {logging_mixin.py:104} INFO - [2022-09-05 07:04:03,828] {dagbag.py:284} INFO - File /opt/airflow/dags/usecase/soal_nomor_satu.py assumed to contain no DAGs. Skipping.
[2022-09-05 07:04:03,834] {scheduler_job.py:641} WARNING - No viable dags retrieved from /opt/airflow/dags/usecase/soal_nomor_satu.py
[2022-09-05 07:04:03,854] {scheduler_job.py:190} INFO - Processing /opt/airflow/dags/usecase/soal_nomor_satu.py took 0.053 seconds
