[2022-09-05 03:50:44,315] {taskinstance.py:851} INFO - Dependencies all met for <TaskInstance: farah_python_v4.hitung 2022-09-04T00:00:00+00:00 [queued]>
[2022-09-05 03:50:44,375] {taskinstance.py:851} INFO - Dependencies all met for <TaskInstance: farah_python_v4.hitung 2022-09-04T00:00:00+00:00 [queued]>
[2022-09-05 03:50:44,376] {taskinstance.py:1042} INFO - 
--------------------------------------------------------------------------------
[2022-09-05 03:50:44,377] {taskinstance.py:1043} INFO - Starting attempt 1 of 2
[2022-09-05 03:50:44,377] {taskinstance.py:1044} INFO - 
--------------------------------------------------------------------------------
[2022-09-05 03:50:44,448] {taskinstance.py:1063} INFO - Executing <Task(PythonOperator): hitung> on 2022-09-04T00:00:00+00:00
[2022-09-05 03:50:44,453] {standard_task_runner.py:52} INFO - Started process 969 to run task
[2022-09-05 03:50:44,462] {standard_task_runner.py:76} INFO - Running: ['airflow', 'tasks', 'run', 'farah_python_v4', 'hitung', '2022-09-04T00:00:00+00:00', '--job-id', '124', '--pool', 'default_pool', '--raw', '--subdir', 'DAGS_FOLDER/our_first_dag.py', '--cfg-path', '/tmp/tmptnn4faj5', '--error-file', '/tmp/tmpcrbuqljv']
[2022-09-05 03:50:44,466] {standard_task_runner.py:77} INFO - Job 124: Subtask hitung
[2022-09-05 03:50:44,594] {logging_mixin.py:104} INFO - Running <TaskInstance: farah_python_v4.hitung 2022-09-04T00:00:00+00:00 [running]> on host 2b8e628fc16c
[2022-09-05 03:50:44,733] {taskinstance.py:1257} INFO - Exporting the following env vars:
AIRFLOW_CTX_DAG_OWNER=farah
AIRFLOW_CTX_DAG_ID=farah_python_v4
AIRFLOW_CTX_TASK_ID=hitung
AIRFLOW_CTX_EXECUTION_DATE=2022-09-04T00:00:00+00:00
AIRFLOW_CTX_DAG_RUN_ID=scheduled__2022-09-04T00:00:00+00:00
[2022-09-05 03:50:44,748] {python.py:118} INFO - Done. Returned value was: 0    1.0
1    3.0
2    5.0
3    NaN
4    6.0
5    8.0
dtype: float64
[2022-09-05 03:50:44,767] {xcom.py:238} ERROR - Could not serialize the XCom value into JSON. If you are using pickles instead of JSON for XCom, then you need to enable pickle support for XCom in your airflow config.
[2022-09-05 03:50:44,768] {taskinstance.py:1455} ERROR - Object of type 'Series' is not JSON serializable
Traceback (most recent call last):
  File "/home/airflow/.local/lib/python3.6/site-packages/airflow/models/taskinstance.py", line 1112, in _run_raw_task
    self._prepare_and_execute_task_with_callbacks(context, task)
  File "/home/airflow/.local/lib/python3.6/site-packages/airflow/models/taskinstance.py", line 1285, in _prepare_and_execute_task_with_callbacks
    result = self._execute_task(context, task_copy)
  File "/home/airflow/.local/lib/python3.6/site-packages/airflow/models/taskinstance.py", line 1318, in _execute_task
    self.xcom_push(key=XCOM_RETURN_KEY, value=result)
  File "/home/airflow/.local/lib/python3.6/site-packages/airflow/utils/session.py", line 65, in wrapper
    return func(*args, session=session, **kwargs)
  File "/home/airflow/.local/lib/python3.6/site-packages/airflow/models/taskinstance.py", line 1899, in xcom_push
    session=session,
  File "/home/airflow/.local/lib/python3.6/site-packages/airflow/utils/session.py", line 62, in wrapper
    return func(*args, **kwargs)
  File "/home/airflow/.local/lib/python3.6/site-packages/airflow/models/xcom.py", line 88, in set
    value = XCom.serialize_value(value)
  File "/home/airflow/.local/lib/python3.6/site-packages/airflow/models/xcom.py", line 235, in serialize_value
    return json.dumps(value).encode('UTF-8')
  File "/usr/local/lib/python3.6/json/__init__.py", line 231, in dumps
    return _default_encoder.encode(obj)
  File "/usr/local/lib/python3.6/json/encoder.py", line 199, in encode
    chunks = self.iterencode(o, _one_shot=True)
  File "/usr/local/lib/python3.6/json/encoder.py", line 257, in iterencode
    return _iterencode(o, 0)
  File "/usr/local/lib/python3.6/json/encoder.py", line 180, in default
    o.__class__.__name__)
TypeError: Object of type 'Series' is not JSON serializable
[2022-09-05 03:50:44,862] {taskinstance.py:1503} INFO - Marking task as UP_FOR_RETRY. dag_id=farah_python_v4, task_id=hitung, execution_date=20220904T000000, start_date=20220905T035044, end_date=20220905T035044
[2022-09-05 03:50:44,995] {local_task_job.py:146} INFO - Task exited with return code 1
