[2022-09-05 13:08:35,268] {taskinstance.py:851} INFO - Dependencies all met for <TaskInstance: efishiery_nomor_satu.insert_fact_order_accumulating 2022-09-02T00:00:00+00:00 [queued]>
[2022-09-05 13:08:35,394] {taskinstance.py:851} INFO - Dependencies all met for <TaskInstance: efishiery_nomor_satu.insert_fact_order_accumulating 2022-09-02T00:00:00+00:00 [queued]>
[2022-09-05 13:08:35,397] {taskinstance.py:1042} INFO - 
--------------------------------------------------------------------------------
[2022-09-05 13:08:35,397] {taskinstance.py:1043} INFO - Starting attempt 1 of 2
[2022-09-05 13:08:35,398] {taskinstance.py:1044} INFO - 
--------------------------------------------------------------------------------
[2022-09-05 13:08:35,499] {taskinstance.py:1063} INFO - Executing <Task(PythonOperator): insert_fact_order_accumulating> on 2022-09-02T00:00:00+00:00
[2022-09-05 13:08:35,508] {standard_task_runner.py:52} INFO - Started process 13532 to run task
[2022-09-05 13:08:35,520] {standard_task_runner.py:76} INFO - Running: ['airflow', 'tasks', 'run', 'efishiery_nomor_satu', 'insert_fact_order_accumulating', '2022-09-02T00:00:00+00:00', '--job-id', '213', '--pool', 'default_pool', '--raw', '--subdir', 'DAGS_FOLDER/soal_nomor_satu.py', '--cfg-path', '/tmp/tmpn5vl1tcf', '--error-file', '/tmp/tmpshmpt2zv']
[2022-09-05 13:08:35,526] {standard_task_runner.py:77} INFO - Job 213: Subtask insert_fact_order_accumulating
[2022-09-05 13:08:35,725] {logging_mixin.py:104} INFO - Running <TaskInstance: efishiery_nomor_satu.insert_fact_order_accumulating 2022-09-02T00:00:00+00:00 [running]> on host 2b8e628fc16c
[2022-09-05 13:08:35,927] {taskinstance.py:1257} INFO - Exporting the following env vars:
AIRFLOW_CTX_DAG_OWNER=farah
AIRFLOW_CTX_DAG_ID=efishiery_nomor_satu
AIRFLOW_CTX_TASK_ID=insert_fact_order_accumulating
AIRFLOW_CTX_EXECUTION_DATE=2022-09-02T00:00:00+00:00
AIRFLOW_CTX_DAG_RUN_ID=scheduled__2022-09-02T00:00:00+00:00
[2022-09-05 13:08:35,969] {base.py:74} INFO - Using connection to: id: efishery. Host: 172.17.0.1, Port: 5432, Schema: efishery, Login: airflow, Password: XXXXXXXX, extra: None
[2022-09-05 13:08:36,029] {base.py:74} INFO - Using connection to: id: efishery_dwh. Host: 172.17.0.1, Port: 5432, Schema: efishery_dwh, Login: airflow, Password: XXXXXXXX, extra: None
[2022-09-05 13:08:36,070] {base.py:74} INFO - Using connection to: id: efishery_dwh. Host: 172.17.0.1, Port: 5432, Schema: efishery_dwh, Login: airflow, Password: XXXXXXXX, extra: None
[2022-09-05 13:08:36,081] {logging_mixin.py:104} INFO - sukses
[2022-09-05 13:08:36,083] {python.py:118} INFO - Done. Returned value was: None
[2022-09-05 13:08:36,144] {taskinstance.py:1166} INFO - Marking task as SUCCESS. dag_id=efishiery_nomor_satu, task_id=insert_fact_order_accumulating, execution_date=20220902T000000, start_date=20220905T130835, end_date=20220905T130836
[2022-09-05 13:08:36,305] {taskinstance.py:1220} INFO - 0 downstream tasks scheduled from follow-on schedule check
[2022-09-05 13:08:36,360] {local_task_job.py:146} INFO - Task exited with return code 0
