[2022-09-05 03:52:17,357] {taskinstance.py:851} INFO - Dependencies all met for <TaskInstance: farah_python_v5.hitung 2022-09-04T00:00:00+00:00 [queued]>
[2022-09-05 03:52:17,413] {taskinstance.py:851} INFO - Dependencies all met for <TaskInstance: farah_python_v5.hitung 2022-09-04T00:00:00+00:00 [queued]>
[2022-09-05 03:52:17,413] {taskinstance.py:1042} INFO - 
--------------------------------------------------------------------------------
[2022-09-05 03:52:17,414] {taskinstance.py:1043} INFO - Starting attempt 1 of 2
[2022-09-05 03:52:17,415] {taskinstance.py:1044} INFO - 
--------------------------------------------------------------------------------
[2022-09-05 03:52:17,450] {taskinstance.py:1063} INFO - Executing <Task(PythonOperator): hitung> on 2022-09-04T00:00:00+00:00
[2022-09-05 03:52:17,455] {standard_task_runner.py:52} INFO - Started process 986 to run task
[2022-09-05 03:52:17,459] {standard_task_runner.py:76} INFO - Running: ['airflow', 'tasks', 'run', 'farah_python_v5', 'hitung', '2022-09-04T00:00:00+00:00', '--job-id', '125', '--pool', 'default_pool', '--raw', '--subdir', 'DAGS_FOLDER/our_first_dag.py', '--cfg-path', '/tmp/tmp64tj8e0s', '--error-file', '/tmp/tmphor92obc']
[2022-09-05 03:52:17,463] {standard_task_runner.py:77} INFO - Job 125: Subtask hitung
[2022-09-05 03:52:17,555] {logging_mixin.py:104} INFO - Running <TaskInstance: farah_python_v5.hitung 2022-09-04T00:00:00+00:00 [running]> on host 2b8e628fc16c
[2022-09-05 03:52:17,666] {taskinstance.py:1257} INFO - Exporting the following env vars:
AIRFLOW_CTX_DAG_OWNER=farah
AIRFLOW_CTX_DAG_ID=farah_python_v5
AIRFLOW_CTX_TASK_ID=hitung
AIRFLOW_CTX_EXECUTION_DATE=2022-09-04T00:00:00+00:00
AIRFLOW_CTX_DAG_RUN_ID=scheduled__2022-09-04T00:00:00+00:00
[2022-09-05 03:52:17,672] {logging_mixin.py:104} INFO - 0    1.0
1    3.0
2    5.0
3    NaN
4    6.0
5    8.0
dtype: float64
[2022-09-05 03:52:17,672] {python.py:118} INFO - Done. Returned value was: None
[2022-09-05 03:52:17,704] {taskinstance.py:1166} INFO - Marking task as SUCCESS. dag_id=farah_python_v5, task_id=hitung, execution_date=20220904T000000, start_date=20220905T035217, end_date=20220905T035217
[2022-09-05 03:52:17,782] {taskinstance.py:1220} INFO - 0 downstream tasks scheduled from follow-on schedule check
[2022-09-05 03:52:17,832] {local_task_job.py:146} INFO - Task exited with return code 0
