[2022-09-05 02:53:27,605] {taskinstance.py:851} INFO - Dependencies all met for <TaskInstance: our_first_dag_v5.first_task 2022-03-05T00:00:00+00:00 [queued]>
[2022-09-05 02:53:27,716] {taskinstance.py:851} INFO - Dependencies all met for <TaskInstance: our_first_dag_v5.first_task 2022-03-05T00:00:00+00:00 [queued]>
[2022-09-05 02:53:27,717] {taskinstance.py:1042} INFO - 
--------------------------------------------------------------------------------
[2022-09-05 02:53:27,717] {taskinstance.py:1043} INFO - Starting attempt 1 of 6
[2022-09-05 02:53:27,718] {taskinstance.py:1044} INFO - 
--------------------------------------------------------------------------------
[2022-09-05 02:53:27,775] {taskinstance.py:1063} INFO - Executing <Task(BashOperator): first_task> on 2022-03-05T00:00:00+00:00
[2022-09-05 02:53:27,780] {standard_task_runner.py:52} INFO - Started process 885 to run task
[2022-09-05 02:53:27,799] {standard_task_runner.py:76} INFO - Running: ['airflow', 'tasks', 'run', 'our_first_dag_v5', 'first_task', '2022-03-05T00:00:00+00:00', '--job-id', '220', '--pool', 'default_pool', '--raw', '--subdir', 'DAGS_FOLDER/our_first_dag.py', '--cfg-path', '/tmp/tmpo56efm_h', '--error-file', '/tmp/tmpukr94m23']
[2022-09-05 02:53:27,810] {standard_task_runner.py:77} INFO - Job 220: Subtask first_task
[2022-09-05 02:53:28,117] {logging_mixin.py:104} INFO - Running <TaskInstance: our_first_dag_v5.first_task 2022-03-05T00:00:00+00:00 [running]> on host 673eedfc4953
[2022-09-05 02:53:28,418] {taskinstance.py:1257} INFO - Exporting the following env vars:
AIRFLOW_CTX_DAG_OWNER=coder2j
AIRFLOW_CTX_DAG_ID=our_first_dag_v5
AIRFLOW_CTX_TASK_ID=first_task
AIRFLOW_CTX_EXECUTION_DATE=2022-03-05T00:00:00+00:00
AIRFLOW_CTX_DAG_RUN_ID=scheduled__2022-03-05T00:00:00+00:00
[2022-09-05 02:53:28,420] {bash.py:135} INFO - Tmp dir root location: 
 /tmp
[2022-09-05 02:53:28,421] {bash.py:158} INFO - Running command: echo hello world, this is the first task!
[2022-09-05 02:53:28,459] {bash.py:169} INFO - Output:
[2022-09-05 02:53:28,462] {bash.py:173} INFO - hello world, this is the first task!
[2022-09-05 02:53:28,463] {bash.py:177} INFO - Command exited with return code 0
[2022-09-05 02:53:28,637] {taskinstance.py:1166} INFO - Marking task as SUCCESS. dag_id=our_first_dag_v5, task_id=first_task, execution_date=20220305T000000, start_date=20220905T025327, end_date=20220905T025328
[2022-09-05 02:53:28,855] {taskinstance.py:1220} INFO - 0 downstream tasks scheduled from follow-on schedule check
[2022-09-05 02:53:28,894] {local_task_job.py:146} INFO - Task exited with return code 0
