[2022-09-05 02:51:53,340] {taskinstance.py:851} INFO - Dependencies all met for <TaskInstance: our_first_dag_v5.first_task 2021-08-17T00:00:00+00:00 [queued]>
[2022-09-05 02:51:53,427] {taskinstance.py:851} INFO - Dependencies all met for <TaskInstance: our_first_dag_v5.first_task 2021-08-17T00:00:00+00:00 [queued]>
[2022-09-05 02:51:53,428] {taskinstance.py:1042} INFO - 
--------------------------------------------------------------------------------
[2022-09-05 02:51:53,429] {taskinstance.py:1043} INFO - Starting attempt 1 of 6
[2022-09-05 02:51:53,429] {taskinstance.py:1044} INFO - 
--------------------------------------------------------------------------------
[2022-09-05 02:51:53,497] {taskinstance.py:1063} INFO - Executing <Task(BashOperator): first_task> on 2021-08-17T00:00:00+00:00
[2022-09-05 02:51:53,503] {standard_task_runner.py:52} INFO - Started process 271 to run task
[2022-09-05 02:51:53,512] {standard_task_runner.py:76} INFO - Running: ['airflow', 'tasks', 'run', 'our_first_dag_v5', 'first_task', '2021-08-17T00:00:00+00:00', '--job-id', '20', '--pool', 'default_pool', '--raw', '--subdir', 'DAGS_FOLDER/our_first_dag.py', '--cfg-path', '/tmp/tmppivrbpyx', '--error-file', '/tmp/tmpgxvv3xd1']
[2022-09-05 02:51:53,516] {standard_task_runner.py:77} INFO - Job 20: Subtask first_task
[2022-09-05 02:51:53,719] {logging_mixin.py:104} INFO - Running <TaskInstance: our_first_dag_v5.first_task 2021-08-17T00:00:00+00:00 [running]> on host 673eedfc4953
[2022-09-05 02:51:53,916] {taskinstance.py:1257} INFO - Exporting the following env vars:
AIRFLOW_CTX_DAG_OWNER=coder2j
AIRFLOW_CTX_DAG_ID=our_first_dag_v5
AIRFLOW_CTX_TASK_ID=first_task
AIRFLOW_CTX_EXECUTION_DATE=2021-08-17T00:00:00+00:00
AIRFLOW_CTX_DAG_RUN_ID=scheduled__2021-08-17T00:00:00+00:00
[2022-09-05 02:51:53,917] {bash.py:135} INFO - Tmp dir root location: 
 /tmp
[2022-09-05 02:51:53,918] {bash.py:158} INFO - Running command: echo hello world, this is the first task!
[2022-09-05 02:51:53,961] {bash.py:169} INFO - Output:
[2022-09-05 02:51:53,962] {bash.py:173} INFO - hello world, this is the first task!
[2022-09-05 02:51:53,962] {bash.py:177} INFO - Command exited with return code 0
[2022-09-05 02:51:54,168] {taskinstance.py:1166} INFO - Marking task as SUCCESS. dag_id=our_first_dag_v5, task_id=first_task, execution_date=20210817T000000, start_date=20220905T025153, end_date=20220905T025154
[2022-09-05 02:51:54,468] {taskinstance.py:1220} INFO - 0 downstream tasks scheduled from follow-on schedule check
[2022-09-05 02:51:54,501] {local_task_job.py:146} INFO - Task exited with return code 0
