[2022-09-05 03:07:31,765] {taskinstance.py:851} INFO - Dependencies all met for <TaskInstance: our_first_dag_v2.first_task 2022-08-10T00:00:00+00:00 [queued]>
[2022-09-05 03:07:31,940] {taskinstance.py:851} INFO - Dependencies all met for <TaskInstance: our_first_dag_v2.first_task 2022-08-10T00:00:00+00:00 [queued]>
[2022-09-05 03:07:31,945] {taskinstance.py:1042} INFO - 
--------------------------------------------------------------------------------
[2022-09-05 03:07:31,946] {taskinstance.py:1043} INFO - Starting attempt 1 of 6
[2022-09-05 03:07:31,947] {taskinstance.py:1044} INFO - 
--------------------------------------------------------------------------------
[2022-09-05 03:07:32,064] {taskinstance.py:1063} INFO - Executing <Task(BashOperator): first_task> on 2022-08-10T00:00:00+00:00
[2022-09-05 03:07:32,076] {standard_task_runner.py:52} INFO - Started process 255 to run task
[2022-09-05 03:07:32,087] {standard_task_runner.py:76} INFO - Running: ['airflow', 'tasks', 'run', 'our_first_dag_v2', 'first_task', '2022-08-10T00:00:00+00:00', '--job-id', '27', '--pool', 'default_pool', '--raw', '--subdir', 'DAGS_FOLDER/our_first_dag.py', '--cfg-path', '/tmp/tmpbamrh028', '--error-file', '/tmp/tmpuwo0io8g']
[2022-09-05 03:07:32,095] {standard_task_runner.py:77} INFO - Job 27: Subtask first_task
[2022-09-05 03:07:32,455] {logging_mixin.py:104} INFO - Running <TaskInstance: our_first_dag_v2.first_task 2022-08-10T00:00:00+00:00 [running]> on host 2b8e628fc16c
[2022-09-05 03:07:33,048] {taskinstance.py:1257} INFO - Exporting the following env vars:
AIRFLOW_CTX_DAG_OWNER=coder2j
AIRFLOW_CTX_DAG_ID=our_first_dag_v2
AIRFLOW_CTX_TASK_ID=first_task
AIRFLOW_CTX_EXECUTION_DATE=2022-08-10T00:00:00+00:00
AIRFLOW_CTX_DAG_RUN_ID=scheduled__2022-08-10T00:00:00+00:00
[2022-09-05 03:07:33,054] {bash.py:135} INFO - Tmp dir root location: 
 /tmp
[2022-09-05 03:07:33,056] {bash.py:158} INFO - Running command: echo hello world, this is the first task!
[2022-09-05 03:07:33,090] {bash.py:169} INFO - Output:
[2022-09-05 03:07:33,095] {bash.py:173} INFO - hello world, this is the first task!
[2022-09-05 03:07:33,098] {bash.py:177} INFO - Command exited with return code 0
[2022-09-05 03:07:33,420] {taskinstance.py:1166} INFO - Marking task as SUCCESS. dag_id=our_first_dag_v2, task_id=first_task, execution_date=20220810T000000, start_date=20220905T030731, end_date=20220905T030733
[2022-09-05 03:07:33,855] {taskinstance.py:1220} INFO - 2 downstream tasks scheduled from follow-on schedule check
[2022-09-05 03:07:33,875] {local_task_job.py:146} INFO - Task exited with return code 0
