[2022-09-05 02:53:02,802] {taskinstance.py:851} INFO - Dependencies all met for <TaskInstance: our_first_dag_v5.first_task 2022-01-19T00:00:00+00:00 [queued]>
[2022-09-05 02:53:02,859] {taskinstance.py:851} INFO - Dependencies all met for <TaskInstance: our_first_dag_v5.first_task 2022-01-19T00:00:00+00:00 [queued]>
[2022-09-05 02:53:02,860] {taskinstance.py:1042} INFO - 
--------------------------------------------------------------------------------
[2022-09-05 02:53:02,861] {taskinstance.py:1043} INFO - Starting attempt 1 of 6
[2022-09-05 02:53:02,861] {taskinstance.py:1044} INFO - 
--------------------------------------------------------------------------------
[2022-09-05 02:53:02,925] {taskinstance.py:1063} INFO - Executing <Task(BashOperator): first_task> on 2022-01-19T00:00:00+00:00
[2022-09-05 02:53:02,957] {standard_task_runner.py:52} INFO - Started process 746 to run task
[2022-09-05 02:53:02,981] {standard_task_runner.py:76} INFO - Running: ['airflow', 'tasks', 'run', 'our_first_dag_v5', 'first_task', '2022-01-19T00:00:00+00:00', '--job-id', '175', '--pool', 'default_pool', '--raw', '--subdir', 'DAGS_FOLDER/our_first_dag.py', '--cfg-path', '/tmp/tmp9l3pjtqw', '--error-file', '/tmp/tmp69mmv_dr']
[2022-09-05 02:53:02,994] {standard_task_runner.py:77} INFO - Job 175: Subtask first_task
[2022-09-05 02:53:03,232] {logging_mixin.py:104} INFO - Running <TaskInstance: our_first_dag_v5.first_task 2022-01-19T00:00:00+00:00 [running]> on host 673eedfc4953
[2022-09-05 02:53:03,435] {taskinstance.py:1257} INFO - Exporting the following env vars:
AIRFLOW_CTX_DAG_OWNER=coder2j
AIRFLOW_CTX_DAG_ID=our_first_dag_v5
AIRFLOW_CTX_TASK_ID=first_task
AIRFLOW_CTX_EXECUTION_DATE=2022-01-19T00:00:00+00:00
AIRFLOW_CTX_DAG_RUN_ID=scheduled__2022-01-19T00:00:00+00:00
[2022-09-05 02:53:03,436] {bash.py:135} INFO - Tmp dir root location: 
 /tmp
[2022-09-05 02:53:03,438] {bash.py:158} INFO - Running command: echo hello world, this is the first task!
[2022-09-05 02:53:03,449] {bash.py:169} INFO - Output:
[2022-09-05 02:53:03,451] {bash.py:173} INFO - hello world, this is the first task!
[2022-09-05 02:53:03,452] {bash.py:177} INFO - Command exited with return code 0
[2022-09-05 02:53:03,582] {taskinstance.py:1166} INFO - Marking task as SUCCESS. dag_id=our_first_dag_v5, task_id=first_task, execution_date=20220119T000000, start_date=20220905T025302, end_date=20220905T025303
[2022-09-05 02:53:03,709] {taskinstance.py:1220} INFO - 0 downstream tasks scheduled from follow-on schedule check
[2022-09-05 02:53:03,746] {local_task_job.py:146} INFO - Task exited with return code 0
