[2022-09-05 02:51:48,332] {taskinstance.py:851} INFO - Dependencies all met for <TaskInstance: our_first_dag_v5.first_task 2021-08-05T00:00:00+00:00 [queued]>
[2022-09-05 02:51:48,422] {taskinstance.py:851} INFO - Dependencies all met for <TaskInstance: our_first_dag_v5.first_task 2021-08-05T00:00:00+00:00 [queued]>
[2022-09-05 02:51:48,424] {taskinstance.py:1042} INFO - 
--------------------------------------------------------------------------------
[2022-09-05 02:51:48,424] {taskinstance.py:1043} INFO - Starting attempt 1 of 6
[2022-09-05 02:51:48,425] {taskinstance.py:1044} INFO - 
--------------------------------------------------------------------------------
[2022-09-05 02:51:48,479] {taskinstance.py:1063} INFO - Executing <Task(BashOperator): first_task> on 2021-08-05T00:00:00+00:00
[2022-09-05 02:51:48,506] {standard_task_runner.py:52} INFO - Started process 236 to run task
[2022-09-05 02:51:48,523] {standard_task_runner.py:76} INFO - Running: ['airflow', 'tasks', 'run', 'our_first_dag_v5', 'first_task', '2021-08-05T00:00:00+00:00', '--job-id', '8', '--pool', 'default_pool', '--raw', '--subdir', 'DAGS_FOLDER/our_first_dag.py', '--cfg-path', '/tmp/tmpq85z_x9l', '--error-file', '/tmp/tmp9pizwshn']
[2022-09-05 02:51:48,538] {standard_task_runner.py:77} INFO - Job 8: Subtask first_task
[2022-09-05 02:51:48,707] {logging_mixin.py:104} INFO - Running <TaskInstance: our_first_dag_v5.first_task 2021-08-05T00:00:00+00:00 [running]> on host 673eedfc4953
[2022-09-05 02:51:48,934] {taskinstance.py:1257} INFO - Exporting the following env vars:
AIRFLOW_CTX_DAG_OWNER=coder2j
AIRFLOW_CTX_DAG_ID=our_first_dag_v5
AIRFLOW_CTX_TASK_ID=first_task
AIRFLOW_CTX_EXECUTION_DATE=2021-08-05T00:00:00+00:00
AIRFLOW_CTX_DAG_RUN_ID=scheduled__2021-08-05T00:00:00+00:00
[2022-09-05 02:51:48,937] {bash.py:135} INFO - Tmp dir root location: 
 /tmp
[2022-09-05 02:51:48,938] {bash.py:158} INFO - Running command: echo hello world, this is the first task!
[2022-09-05 02:51:48,952] {bash.py:169} INFO - Output:
[2022-09-05 02:51:48,955] {bash.py:173} INFO - hello world, this is the first task!
[2022-09-05 02:51:48,960] {bash.py:177} INFO - Command exited with return code 0
[2022-09-05 02:51:49,177] {taskinstance.py:1166} INFO - Marking task as SUCCESS. dag_id=our_first_dag_v5, task_id=first_task, execution_date=20210805T000000, start_date=20220905T025148, end_date=20220905T025149
[2022-09-05 02:51:49,376] {taskinstance.py:1220} INFO - 0 downstream tasks scheduled from follow-on schedule check
[2022-09-05 02:51:49,412] {local_task_job.py:146} INFO - Task exited with return code 0
