[2022-09-05 03:07:49,553] {taskinstance.py:851} INFO - Dependencies all met for <TaskInstance: our_first_dag_v2.thrid_task 2022-08-23T00:00:00+00:00 [queued]>
[2022-09-05 03:07:49,726] {taskinstance.py:851} INFO - Dependencies all met for <TaskInstance: our_first_dag_v2.thrid_task 2022-08-23T00:00:00+00:00 [queued]>
[2022-09-05 03:07:49,727] {taskinstance.py:1042} INFO - 
--------------------------------------------------------------------------------
[2022-09-05 03:07:49,728] {taskinstance.py:1043} INFO - Starting attempt 1 of 6
[2022-09-05 03:07:49,729] {taskinstance.py:1044} INFO - 
--------------------------------------------------------------------------------
[2022-09-05 03:07:49,840] {taskinstance.py:1063} INFO - Executing <Task(BashOperator): thrid_task> on 2022-08-23T00:00:00+00:00
[2022-09-05 03:07:49,853] {standard_task_runner.py:52} INFO - Started process 414 to run task
[2022-09-05 03:07:49,881] {standard_task_runner.py:76} INFO - Running: ['airflow', 'tasks', 'run', 'our_first_dag_v2', 'thrid_task', '2022-08-23T00:00:00+00:00', '--job-id', '80', '--pool', 'default_pool', '--raw', '--subdir', 'DAGS_FOLDER/our_first_dag.py', '--cfg-path', '/tmp/tmpai2i_xi4', '--error-file', '/tmp/tmpann0tg89']
[2022-09-05 03:07:49,900] {standard_task_runner.py:77} INFO - Job 80: Subtask thrid_task
[2022-09-05 03:07:50,161] {logging_mixin.py:104} INFO - Running <TaskInstance: our_first_dag_v2.thrid_task 2022-08-23T00:00:00+00:00 [running]> on host 2b8e628fc16c
[2022-09-05 03:07:50,533] {taskinstance.py:1257} INFO - Exporting the following env vars:
AIRFLOW_CTX_DAG_OWNER=coder2j
AIRFLOW_CTX_DAG_ID=our_first_dag_v2
AIRFLOW_CTX_TASK_ID=thrid_task
AIRFLOW_CTX_EXECUTION_DATE=2022-08-23T00:00:00+00:00
AIRFLOW_CTX_DAG_RUN_ID=scheduled__2022-08-23T00:00:00+00:00
[2022-09-05 03:07:50,542] {bash.py:135} INFO - Tmp dir root location: 
 /tmp
[2022-09-05 03:07:50,543] {bash.py:158} INFO - Running command: echo hey, I am task3 and will be running after task1 at the same time as task2!
[2022-09-05 03:07:50,609] {bash.py:169} INFO - Output:
[2022-09-05 03:07:50,620] {bash.py:173} INFO - hey, I am task3 and will be running after task1 at the same time as task2!
[2022-09-05 03:07:50,624] {bash.py:177} INFO - Command exited with return code 0
[2022-09-05 03:07:50,790] {taskinstance.py:1166} INFO - Marking task as SUCCESS. dag_id=our_first_dag_v2, task_id=thrid_task, execution_date=20220823T000000, start_date=20220905T030749, end_date=20220905T030750
[2022-09-05 03:07:51,712] {taskinstance.py:1220} INFO - 0 downstream tasks scheduled from follow-on schedule check
[2022-09-05 03:07:51,760] {local_task_job.py:146} INFO - Task exited with return code 0
