[2022-09-05 02:53:01,287] {taskinstance.py:851} INFO - Dependencies all met for <TaskInstance: our_first_dag_v5.first_task 2022-01-15T00:00:00+00:00 [queued]>
[2022-09-05 02:53:01,397] {taskinstance.py:851} INFO - Dependencies all met for <TaskInstance: our_first_dag_v5.first_task 2022-01-15T00:00:00+00:00 [queued]>
[2022-09-05 02:53:01,398] {taskinstance.py:1042} INFO - 
--------------------------------------------------------------------------------
[2022-09-05 02:53:01,401] {taskinstance.py:1043} INFO - Starting attempt 1 of 6
[2022-09-05 02:53:01,408] {taskinstance.py:1044} INFO - 
--------------------------------------------------------------------------------
[2022-09-05 02:53:01,460] {taskinstance.py:1063} INFO - Executing <Task(BashOperator): first_task> on 2022-01-15T00:00:00+00:00
[2022-09-05 02:53:01,466] {standard_task_runner.py:52} INFO - Started process 735 to run task
[2022-09-05 02:53:01,480] {standard_task_runner.py:76} INFO - Running: ['airflow', 'tasks', 'run', 'our_first_dag_v5', 'first_task', '2022-01-15T00:00:00+00:00', '--job-id', '171', '--pool', 'default_pool', '--raw', '--subdir', 'DAGS_FOLDER/our_first_dag.py', '--cfg-path', '/tmp/tmpdzhug1qf', '--error-file', '/tmp/tmp6ncdg8n3']
[2022-09-05 02:53:01,483] {standard_task_runner.py:77} INFO - Job 171: Subtask first_task
[2022-09-05 02:53:01,655] {logging_mixin.py:104} INFO - Running <TaskInstance: our_first_dag_v5.first_task 2022-01-15T00:00:00+00:00 [running]> on host 673eedfc4953
[2022-09-05 02:53:01,919] {taskinstance.py:1257} INFO - Exporting the following env vars:
AIRFLOW_CTX_DAG_OWNER=coder2j
AIRFLOW_CTX_DAG_ID=our_first_dag_v5
AIRFLOW_CTX_TASK_ID=first_task
AIRFLOW_CTX_EXECUTION_DATE=2022-01-15T00:00:00+00:00
AIRFLOW_CTX_DAG_RUN_ID=scheduled__2022-01-15T00:00:00+00:00
[2022-09-05 02:53:01,920] {bash.py:135} INFO - Tmp dir root location: 
 /tmp
[2022-09-05 02:53:01,924] {bash.py:158} INFO - Running command: echo hello world, this is the first task!
[2022-09-05 02:53:01,980] {bash.py:169} INFO - Output:
[2022-09-05 02:53:01,997] {bash.py:173} INFO - hello world, this is the first task!
[2022-09-05 02:53:01,998] {bash.py:177} INFO - Command exited with return code 0
[2022-09-05 02:53:02,222] {taskinstance.py:1166} INFO - Marking task as SUCCESS. dag_id=our_first_dag_v5, task_id=first_task, execution_date=20220115T000000, start_date=20220905T025301, end_date=20220905T025302
[2022-09-05 02:53:02,483] {taskinstance.py:1220} INFO - 0 downstream tasks scheduled from follow-on schedule check
[2022-09-05 02:53:02,519] {local_task_job.py:146} INFO - Task exited with return code 0
