[2022-09-05 13:04:22,406] {taskinstance.py:851} INFO - Dependencies all met for <TaskInstance: efishiery_nomor_satu.insert_fact_order_accumulating 2022-09-04T07:00:00+00:00 [queued]>
[2022-09-05 13:04:22,485] {taskinstance.py:851} INFO - Dependencies all met for <TaskInstance: efishiery_nomor_satu.insert_fact_order_accumulating 2022-09-04T07:00:00+00:00 [queued]>
[2022-09-05 13:04:22,486] {taskinstance.py:1042} INFO - 
--------------------------------------------------------------------------------
[2022-09-05 13:04:22,486] {taskinstance.py:1043} INFO - Starting attempt 1 of 2
[2022-09-05 13:04:22,487] {taskinstance.py:1044} INFO - 
--------------------------------------------------------------------------------
[2022-09-05 13:04:22,518] {taskinstance.py:1063} INFO - Executing <Task(PythonOperator): insert_fact_order_accumulating> on 2022-09-04T07:00:00+00:00
[2022-09-05 13:04:22,524] {standard_task_runner.py:52} INFO - Started process 13377 to run task
[2022-09-05 13:04:22,528] {standard_task_runner.py:76} INFO - Running: ['airflow', 'tasks', 'run', 'efishiery_nomor_satu', 'insert_fact_order_accumulating', '2022-09-04T07:00:00+00:00', '--job-id', '196', '--pool', 'default_pool', '--raw', '--subdir', 'DAGS_FOLDER/soal_nomor_satu.py', '--cfg-path', '/tmp/tmpqe03r2ap', '--error-file', '/tmp/tmpvbj0hlqe']
[2022-09-05 13:04:22,532] {standard_task_runner.py:77} INFO - Job 196: Subtask insert_fact_order_accumulating
[2022-09-05 13:04:22,667] {logging_mixin.py:104} INFO - Running <TaskInstance: efishiery_nomor_satu.insert_fact_order_accumulating 2022-09-04T07:00:00+00:00 [running]> on host 2b8e628fc16c
[2022-09-05 13:04:22,937] {taskinstance.py:1257} INFO - Exporting the following env vars:
AIRFLOW_CTX_DAG_OWNER=farah
AIRFLOW_CTX_DAG_ID=efishiery_nomor_satu
AIRFLOW_CTX_TASK_ID=insert_fact_order_accumulating
AIRFLOW_CTX_EXECUTION_DATE=2022-09-04T07:00:00+00:00
AIRFLOW_CTX_DAG_RUN_ID=scheduled__2022-09-04T07:00:00+00:00
[2022-09-05 13:04:22,955] {base.py:74} INFO - Using connection to: id: efishery. Host: 172.17.0.1, Port: 5432, Schema: efishery, Login: airflow, Password: XXXXXXXX, extra: None
[2022-09-05 13:04:23,003] {base.py:74} INFO - Using connection to: id: efishery_dwh. Host: 172.17.0.1, Port: 5432, Schema: efishery_dwh, Login: airflow, Password: XXXXXXXX, extra: None
[2022-09-05 13:04:23,062] {base.py:74} INFO - Using connection to: id: efishery_dwh. Host: 172.17.0.1, Port: 5432, Schema: efishery_dwh, Login: airflow, Password: XXXXXXXX, extra: None
[2022-09-05 13:04:23,072] {logging_mixin.py:104} INFO - sukses
[2022-09-05 13:04:23,073] {python.py:118} INFO - Done. Returned value was: None
[2022-09-05 13:04:23,227] {taskinstance.py:1166} INFO - Marking task as SUCCESS. dag_id=efishiery_nomor_satu, task_id=insert_fact_order_accumulating, execution_date=20220904T070000, start_date=20220905T130422, end_date=20220905T130423
[2022-09-05 13:04:23,433] {taskinstance.py:1220} INFO - 0 downstream tasks scheduled from follow-on schedule check
[2022-09-05 13:04:23,491] {local_task_job.py:146} INFO - Task exited with return code 0
