[2022-09-05 11:45:24,093] {taskinstance.py:851} INFO - Dependencies all met for <TaskInstance: efishiery_nomor_satu.insert_dim_date 2022-09-04T00:00:00+00:00 [queued]>
[2022-09-05 11:45:24,179] {taskinstance.py:851} INFO - Dependencies all met for <TaskInstance: efishiery_nomor_satu.insert_dim_date 2022-09-04T00:00:00+00:00 [queued]>
[2022-09-05 11:45:24,180] {taskinstance.py:1042} INFO - 
--------------------------------------------------------------------------------
[2022-09-05 11:45:24,182] {taskinstance.py:1043} INFO - Starting attempt 1 of 2
[2022-09-05 11:45:24,184] {taskinstance.py:1044} INFO - 
--------------------------------------------------------------------------------
[2022-09-05 11:45:24,300] {taskinstance.py:1063} INFO - Executing <Task(PythonOperator): insert_dim_date> on 2022-09-04T00:00:00+00:00
[2022-09-05 11:45:24,312] {standard_task_runner.py:52} INFO - Started process 11029 to run task
[2022-09-05 11:45:24,318] {standard_task_runner.py:76} INFO - Running: ['airflow', 'tasks', 'run', 'efishiery_nomor_satu', 'insert_dim_date', '2022-09-04T00:00:00+00:00', '--job-id', '170', '--pool', 'default_pool', '--raw', '--subdir', 'DAGS_FOLDER/soal_nomor_satu.py', '--cfg-path', '/tmp/tmp2qggytnn', '--error-file', '/tmp/tmpk533mc_f']
[2022-09-05 11:45:24,325] {standard_task_runner.py:77} INFO - Job 170: Subtask insert_dim_date
[2022-09-05 11:45:24,518] {logging_mixin.py:104} INFO - Running <TaskInstance: efishiery_nomor_satu.insert_dim_date 2022-09-04T00:00:00+00:00 [running]> on host 2b8e628fc16c
[2022-09-05 11:45:24,641] {taskinstance.py:1257} INFO - Exporting the following env vars:
AIRFLOW_CTX_DAG_OWNER=farah
AIRFLOW_CTX_DAG_ID=efishiery_nomor_satu
AIRFLOW_CTX_TASK_ID=insert_dim_date
AIRFLOW_CTX_EXECUTION_DATE=2022-09-04T00:00:00+00:00
AIRFLOW_CTX_DAG_RUN_ID=scheduled__2022-09-04T00:00:00+00:00
[2022-09-05 11:45:24,660] {base.py:74} INFO - Using connection to: id: efishery. Host: 172.17.0.1, Port: 5432, Schema: efishery, Login: airflow, Password: XXXXXXXX, extra: None
[2022-09-05 11:45:24,687] {base.py:74} INFO - Using connection to: id: efishery_dwh. Host: 172.17.0.1, Port: 5432, Schema: efishery_dwh, Login: airflow, Password: XXXXXXXX, extra: None
[2022-09-05 11:45:24,712] {base.py:74} INFO - Using connection to: id: efishery_dwh. Host: 172.17.0.1, Port: 5432, Schema: efishery_dwh, Login: airflow, Password: XXXXXXXX, extra: None
[2022-09-05 11:45:24,722] {taskinstance.py:1455} ERROR - column "quater_of_year" specified more than once
LINE 1: ...NSERT INTO dim_date (id,date,month,quater_of_year,quater_of_...
                                                             ^
Traceback (most recent call last):
  File "/home/airflow/.local/lib/python3.6/site-packages/airflow/models/taskinstance.py", line 1112, in _run_raw_task
    self._prepare_and_execute_task_with_callbacks(context, task)
  File "/home/airflow/.local/lib/python3.6/site-packages/airflow/models/taskinstance.py", line 1285, in _prepare_and_execute_task_with_callbacks
    result = self._execute_task(context, task_copy)
  File "/home/airflow/.local/lib/python3.6/site-packages/airflow/models/taskinstance.py", line 1315, in _execute_task
    result = task_copy.execute(context=context)
  File "/home/airflow/.local/lib/python3.6/site-packages/airflow/operators/python.py", line 117, in execute
    return_value = self.execute_callable()
  File "/home/airflow/.local/lib/python3.6/site-packages/airflow/operators/python.py", line 128, in execute_callable
    return self.python_callable(*self.op_args, **self.op_kwargs)
  File "/opt/airflow/dags/usecase/dim_date.py", line 9, in main_date
    insert_dwh_table(df)
  File "/opt/airflow/dags/usecase/dim_date.py", line 82, in insert_dwh_table
    cursor.execute(sql, tuple(row))
psycopg2.errors.DuplicateColumn: column "quater_of_year" specified more than once
LINE 1: ...NSERT INTO dim_date (id,date,month,quater_of_year,quater_of_...
                                                             ^

[2022-09-05 11:45:24,729] {taskinstance.py:1503} INFO - Marking task as UP_FOR_RETRY. dag_id=efishiery_nomor_satu, task_id=insert_dim_date, execution_date=20220904T000000, start_date=20220905T114524, end_date=20220905T114524
[2022-09-05 11:45:24,890] {local_task_job.py:146} INFO - Task exited with return code 1
[2022-09-05 12:47:26,300] {taskinstance.py:851} INFO - Dependencies all met for <TaskInstance: efishiery_nomor_satu.insert_dim_date 2022-09-04T00:00:00+00:00 [queued]>
[2022-09-05 12:47:26,447] {taskinstance.py:851} INFO - Dependencies all met for <TaskInstance: efishiery_nomor_satu.insert_dim_date 2022-09-04T00:00:00+00:00 [queued]>
[2022-09-05 12:47:26,448] {taskinstance.py:1042} INFO - 
--------------------------------------------------------------------------------
[2022-09-05 12:47:26,449] {taskinstance.py:1043} INFO - Starting attempt 1 of 2
[2022-09-05 12:47:26,449] {taskinstance.py:1044} INFO - 
--------------------------------------------------------------------------------
[2022-09-05 12:47:26,501] {taskinstance.py:1063} INFO - Executing <Task(PythonOperator): insert_dim_date> on 2022-09-04T00:00:00+00:00
[2022-09-05 12:47:26,507] {standard_task_runner.py:52} INFO - Started process 12851 to run task
[2022-09-05 12:47:26,512] {standard_task_runner.py:76} INFO - Running: ['airflow', 'tasks', 'run', 'efishiery_nomor_satu', 'insert_dim_date', '2022-09-04T00:00:00+00:00', '--job-id', '181', '--pool', 'default_pool', '--raw', '--subdir', 'DAGS_FOLDER/soal_nomor_satu.py', '--cfg-path', '/tmp/tmpsmy6jpvy', '--error-file', '/tmp/tmpwpfg2cin']
[2022-09-05 12:47:26,516] {standard_task_runner.py:77} INFO - Job 181: Subtask insert_dim_date
[2022-09-05 12:47:26,609] {logging_mixin.py:104} INFO - Running <TaskInstance: efishiery_nomor_satu.insert_dim_date 2022-09-04T00:00:00+00:00 [running]> on host 2b8e628fc16c
[2022-09-05 12:47:26,700] {taskinstance.py:1257} INFO - Exporting the following env vars:
AIRFLOW_CTX_DAG_OWNER=farah
AIRFLOW_CTX_DAG_ID=efishiery_nomor_satu
AIRFLOW_CTX_TASK_ID=insert_dim_date
AIRFLOW_CTX_EXECUTION_DATE=2022-09-04T00:00:00+00:00
AIRFLOW_CTX_DAG_RUN_ID=scheduled__2022-09-04T00:00:00+00:00
[2022-09-05 12:47:26,714] {base.py:74} INFO - Using connection to: id: efishery. Host: 172.17.0.1, Port: 5432, Schema: efishery, Login: airflow, Password: XXXXXXXX, extra: None
[2022-09-05 12:47:26,740] {base.py:74} INFO - Using connection to: id: efishery_dwh. Host: 172.17.0.1, Port: 5432, Schema: efishery_dwh, Login: airflow, Password: XXXXXXXX, extra: None
[2022-09-05 12:47:26,763] {base.py:74} INFO - Using connection to: id: efishery_dwh. Host: 172.17.0.1, Port: 5432, Schema: efishery_dwh, Login: airflow, Password: XXXXXXXX, extra: None
[2022-09-05 12:47:26,770] {logging_mixin.py:104} INFO - sukses
[2022-09-05 12:47:26,770] {python.py:118} INFO - Done. Returned value was: None
[2022-09-05 12:47:26,808] {taskinstance.py:1166} INFO - Marking task as SUCCESS. dag_id=efishiery_nomor_satu, task_id=insert_dim_date, execution_date=20220904T000000, start_date=20220905T124726, end_date=20220905T124726
[2022-09-05 12:47:26,891] {taskinstance.py:1220} INFO - 1 downstream tasks scheduled from follow-on schedule check
[2022-09-05 12:47:26,928] {local_task_job.py:146} INFO - Task exited with return code 0
[2022-09-05 12:49:15,357] {taskinstance.py:851} INFO - Dependencies all met for <TaskInstance: efishiery_nomor_satu.insert_dim_date 2022-09-04T00:00:00+00:00 [queued]>
[2022-09-05 12:49:15,413] {taskinstance.py:851} INFO - Dependencies all met for <TaskInstance: efishiery_nomor_satu.insert_dim_date 2022-09-04T00:00:00+00:00 [queued]>
[2022-09-05 12:49:15,414] {taskinstance.py:1042} INFO - 
--------------------------------------------------------------------------------
[2022-09-05 12:49:15,415] {taskinstance.py:1043} INFO - Starting attempt 1 of 2
[2022-09-05 12:49:15,415] {taskinstance.py:1044} INFO - 
--------------------------------------------------------------------------------
[2022-09-05 12:49:15,452] {taskinstance.py:1063} INFO - Executing <Task(PythonOperator): insert_dim_date> on 2022-09-04T00:00:00+00:00
[2022-09-05 12:49:15,457] {standard_task_runner.py:52} INFO - Started process 12915 to run task
[2022-09-05 12:49:15,462] {standard_task_runner.py:76} INFO - Running: ['airflow', 'tasks', 'run', 'efishiery_nomor_satu', 'insert_dim_date', '2022-09-04T00:00:00+00:00', '--job-id', '183', '--pool', 'default_pool', '--raw', '--subdir', 'DAGS_FOLDER/soal_nomor_satu.py', '--cfg-path', '/tmp/tmpab8j4nf0', '--error-file', '/tmp/tmpwzn77mly']
[2022-09-05 12:49:15,466] {standard_task_runner.py:77} INFO - Job 183: Subtask insert_dim_date
[2022-09-05 12:49:15,551] {logging_mixin.py:104} INFO - Running <TaskInstance: efishiery_nomor_satu.insert_dim_date 2022-09-04T00:00:00+00:00 [running]> on host 2b8e628fc16c
[2022-09-05 12:49:15,638] {taskinstance.py:1257} INFO - Exporting the following env vars:
AIRFLOW_CTX_DAG_OWNER=farah
AIRFLOW_CTX_DAG_ID=efishiery_nomor_satu
AIRFLOW_CTX_TASK_ID=insert_dim_date
AIRFLOW_CTX_EXECUTION_DATE=2022-09-04T00:00:00+00:00
AIRFLOW_CTX_DAG_RUN_ID=scheduled__2022-09-04T00:00:00+00:00
[2022-09-05 12:49:15,651] {base.py:74} INFO - Using connection to: id: efishery. Host: 172.17.0.1, Port: 5432, Schema: efishery, Login: airflow, Password: XXXXXXXX, extra: None
[2022-09-05 12:49:15,675] {base.py:74} INFO - Using connection to: id: efishery_dwh. Host: 172.17.0.1, Port: 5432, Schema: efishery_dwh, Login: airflow, Password: XXXXXXXX, extra: None
[2022-09-05 12:49:15,698] {base.py:74} INFO - Using connection to: id: efishery_dwh. Host: 172.17.0.1, Port: 5432, Schema: efishery_dwh, Login: airflow, Password: XXXXXXXX, extra: None
[2022-09-05 12:49:15,704] {logging_mixin.py:104} INFO - sukses
[2022-09-05 12:49:15,705] {python.py:118} INFO - Done. Returned value was: None
[2022-09-05 12:49:15,743] {taskinstance.py:1166} INFO - Marking task as SUCCESS. dag_id=efishiery_nomor_satu, task_id=insert_dim_date, execution_date=20220904T000000, start_date=20220905T124915, end_date=20220905T124915
[2022-09-05 12:49:15,826] {taskinstance.py:1220} INFO - 1 downstream tasks scheduled from follow-on schedule check
[2022-09-05 12:49:15,835] {local_task_job.py:146} INFO - Task exited with return code 0
[2022-09-05 12:52:10,698] {taskinstance.py:851} INFO - Dependencies all met for <TaskInstance: efishiery_nomor_satu.insert_dim_date 2022-09-04T00:00:00+00:00 [queued]>
[2022-09-05 12:52:10,750] {taskinstance.py:851} INFO - Dependencies all met for <TaskInstance: efishiery_nomor_satu.insert_dim_date 2022-09-04T00:00:00+00:00 [queued]>
[2022-09-05 12:52:10,751] {taskinstance.py:1042} INFO - 
--------------------------------------------------------------------------------
[2022-09-05 12:52:10,751] {taskinstance.py:1043} INFO - Starting attempt 1 of 2
[2022-09-05 12:52:10,752] {taskinstance.py:1044} INFO - 
--------------------------------------------------------------------------------
[2022-09-05 12:52:10,791] {taskinstance.py:1063} INFO - Executing <Task(PythonOperator): insert_dim_date> on 2022-09-04T00:00:00+00:00
[2022-09-05 12:52:10,796] {standard_task_runner.py:52} INFO - Started process 13003 to run task
[2022-09-05 12:52:10,802] {standard_task_runner.py:76} INFO - Running: ['airflow', 'tasks', 'run', 'efishiery_nomor_satu', 'insert_dim_date', '2022-09-04T00:00:00+00:00', '--job-id', '187', '--pool', 'default_pool', '--raw', '--subdir', 'DAGS_FOLDER/soal_nomor_satu.py', '--cfg-path', '/tmp/tmpzil40wb_', '--error-file', '/tmp/tmpanxz4w97']
[2022-09-05 12:52:10,806] {standard_task_runner.py:77} INFO - Job 187: Subtask insert_dim_date
[2022-09-05 12:52:10,899] {logging_mixin.py:104} INFO - Running <TaskInstance: efishiery_nomor_satu.insert_dim_date 2022-09-04T00:00:00+00:00 [running]> on host 2b8e628fc16c
[2022-09-05 12:52:10,993] {taskinstance.py:1257} INFO - Exporting the following env vars:
AIRFLOW_CTX_DAG_OWNER=farah
AIRFLOW_CTX_DAG_ID=efishiery_nomor_satu
AIRFLOW_CTX_TASK_ID=insert_dim_date
AIRFLOW_CTX_EXECUTION_DATE=2022-09-04T00:00:00+00:00
AIRFLOW_CTX_DAG_RUN_ID=scheduled__2022-09-04T00:00:00+00:00
[2022-09-05 12:52:11,007] {base.py:74} INFO - Using connection to: id: efishery. Host: 172.17.0.1, Port: 5432, Schema: efishery, Login: airflow, Password: XXXXXXXX, extra: None
[2022-09-05 12:52:11,035] {base.py:74} INFO - Using connection to: id: efishery_dwh. Host: 172.17.0.1, Port: 5432, Schema: efishery_dwh, Login: airflow, Password: XXXXXXXX, extra: None
[2022-09-05 12:52:11,059] {base.py:74} INFO - Using connection to: id: efishery_dwh. Host: 172.17.0.1, Port: 5432, Schema: efishery_dwh, Login: airflow, Password: XXXXXXXX, extra: None
[2022-09-05 12:52:11,066] {logging_mixin.py:104} INFO - sukses
[2022-09-05 12:52:11,067] {python.py:118} INFO - Done. Returned value was: None
[2022-09-05 12:52:11,106] {taskinstance.py:1166} INFO - Marking task as SUCCESS. dag_id=efishiery_nomor_satu, task_id=insert_dim_date, execution_date=20220904T000000, start_date=20220905T125210, end_date=20220905T125211
[2022-09-05 12:52:11,197] {taskinstance.py:1220} INFO - 1 downstream tasks scheduled from follow-on schedule check
[2022-09-05 12:52:11,213] {local_task_job.py:146} INFO - Task exited with return code 0
[2022-09-05 12:53:42,403] {taskinstance.py:851} INFO - Dependencies all met for <TaskInstance: efishiery_nomor_satu.insert_dim_date 2022-09-04T00:00:00+00:00 [queued]>
[2022-09-05 12:53:42,455] {taskinstance.py:851} INFO - Dependencies all met for <TaskInstance: efishiery_nomor_satu.insert_dim_date 2022-09-04T00:00:00+00:00 [queued]>
[2022-09-05 12:53:42,455] {taskinstance.py:1042} INFO - 
--------------------------------------------------------------------------------
[2022-09-05 12:53:42,456] {taskinstance.py:1043} INFO - Starting attempt 1 of 2
[2022-09-05 12:53:42,457] {taskinstance.py:1044} INFO - 
--------------------------------------------------------------------------------
[2022-09-05 12:53:42,490] {taskinstance.py:1063} INFO - Executing <Task(PythonOperator): insert_dim_date> on 2022-09-04T00:00:00+00:00
[2022-09-05 12:53:42,495] {standard_task_runner.py:52} INFO - Started process 13054 to run task
[2022-09-05 12:53:42,501] {standard_task_runner.py:76} INFO - Running: ['airflow', 'tasks', 'run', 'efishiery_nomor_satu', 'insert_dim_date', '2022-09-04T00:00:00+00:00', '--job-id', '190', '--pool', 'default_pool', '--raw', '--subdir', 'DAGS_FOLDER/soal_nomor_satu.py', '--cfg-path', '/tmp/tmpvjj_jajt', '--error-file', '/tmp/tmpudqzfw14']
[2022-09-05 12:53:42,506] {standard_task_runner.py:77} INFO - Job 190: Subtask insert_dim_date
[2022-09-05 12:53:42,586] {logging_mixin.py:104} INFO - Running <TaskInstance: efishiery_nomor_satu.insert_dim_date 2022-09-04T00:00:00+00:00 [running]> on host 2b8e628fc16c
[2022-09-05 12:53:42,676] {taskinstance.py:1257} INFO - Exporting the following env vars:
AIRFLOW_CTX_DAG_OWNER=farah
AIRFLOW_CTX_DAG_ID=efishiery_nomor_satu
AIRFLOW_CTX_TASK_ID=insert_dim_date
AIRFLOW_CTX_EXECUTION_DATE=2022-09-04T00:00:00+00:00
AIRFLOW_CTX_DAG_RUN_ID=scheduled__2022-09-04T00:00:00+00:00
[2022-09-05 12:53:42,690] {base.py:74} INFO - Using connection to: id: efishery. Host: 172.17.0.1, Port: 5432, Schema: efishery, Login: airflow, Password: XXXXXXXX, extra: None
[2022-09-05 12:53:42,717] {base.py:74} INFO - Using connection to: id: efishery_dwh. Host: 172.17.0.1, Port: 5432, Schema: efishery_dwh, Login: airflow, Password: XXXXXXXX, extra: None
[2022-09-05 12:53:42,741] {base.py:74} INFO - Using connection to: id: efishery_dwh. Host: 172.17.0.1, Port: 5432, Schema: efishery_dwh, Login: airflow, Password: XXXXXXXX, extra: None
[2022-09-05 12:53:42,747] {logging_mixin.py:104} INFO - sukses
[2022-09-05 12:53:42,748] {python.py:118} INFO - Done. Returned value was: None
[2022-09-05 12:53:42,857] {taskinstance.py:1166} INFO - Marking task as SUCCESS. dag_id=efishiery_nomor_satu, task_id=insert_dim_date, execution_date=20220904T000000, start_date=20220905T125342, end_date=20220905T125342
[2022-09-05 12:53:42,988] {taskinstance.py:1220} INFO - 1 downstream tasks scheduled from follow-on schedule check
[2022-09-05 12:53:43,034] {local_task_job.py:146} INFO - Task exited with return code 0
[2022-09-05 13:06:53,490] {taskinstance.py:851} INFO - Dependencies all met for <TaskInstance: efishiery_nomor_satu.insert_dim_date 2022-09-04T00:00:00+00:00 [queued]>
[2022-09-05 13:06:53,546] {taskinstance.py:851} INFO - Dependencies all met for <TaskInstance: efishiery_nomor_satu.insert_dim_date 2022-09-04T00:00:00+00:00 [queued]>
[2022-09-05 13:06:53,547] {taskinstance.py:1042} INFO - 
--------------------------------------------------------------------------------
[2022-09-05 13:06:53,548] {taskinstance.py:1043} INFO - Starting attempt 1 of 2
[2022-09-05 13:06:53,548] {taskinstance.py:1044} INFO - 
--------------------------------------------------------------------------------
[2022-09-05 13:06:53,724] {taskinstance.py:1063} INFO - Executing <Task(PythonOperator): insert_dim_date> on 2022-09-04T00:00:00+00:00
[2022-09-05 13:06:53,729] {standard_task_runner.py:52} INFO - Started process 13460 to run task
[2022-09-05 13:06:53,736] {standard_task_runner.py:76} INFO - Running: ['airflow', 'tasks', 'run', 'efishiery_nomor_satu', 'insert_dim_date', '2022-09-04T00:00:00+00:00', '--job-id', '200', '--pool', 'default_pool', '--raw', '--subdir', 'DAGS_FOLDER/soal_nomor_satu.py', '--cfg-path', '/tmp/tmpdqvz6l8f', '--error-file', '/tmp/tmprl_pd0gi']
[2022-09-05 13:06:53,741] {standard_task_runner.py:77} INFO - Job 200: Subtask insert_dim_date
[2022-09-05 13:06:54,021] {logging_mixin.py:104} INFO - Running <TaskInstance: efishiery_nomor_satu.insert_dim_date 2022-09-04T00:00:00+00:00 [running]> on host 2b8e628fc16c
[2022-09-05 13:06:54,125] {taskinstance.py:1257} INFO - Exporting the following env vars:
AIRFLOW_CTX_DAG_OWNER=farah
AIRFLOW_CTX_DAG_ID=efishiery_nomor_satu
AIRFLOW_CTX_TASK_ID=insert_dim_date
AIRFLOW_CTX_EXECUTION_DATE=2022-09-04T00:00:00+00:00
AIRFLOW_CTX_DAG_RUN_ID=scheduled__2022-09-04T00:00:00+00:00
[2022-09-05 13:06:54,137] {base.py:74} INFO - Using connection to: id: efishery. Host: 172.17.0.1, Port: 5432, Schema: efishery, Login: airflow, Password: XXXXXXXX, extra: None
[2022-09-05 13:06:54,158] {base.py:74} INFO - Using connection to: id: efishery_dwh. Host: 172.17.0.1, Port: 5432, Schema: efishery_dwh, Login: airflow, Password: XXXXXXXX, extra: None
[2022-09-05 13:06:54,181] {base.py:74} INFO - Using connection to: id: efishery_dwh. Host: 172.17.0.1, Port: 5432, Schema: efishery_dwh, Login: airflow, Password: XXXXXXXX, extra: None
[2022-09-05 13:06:54,189] {logging_mixin.py:104} INFO - sukses
[2022-09-05 13:06:54,190] {python.py:118} INFO - Done. Returned value was: None
[2022-09-05 13:06:54,252] {taskinstance.py:1166} INFO - Marking task as SUCCESS. dag_id=efishiery_nomor_satu, task_id=insert_dim_date, execution_date=20220904T000000, start_date=20220905T130653, end_date=20220905T130654
[2022-09-05 13:06:54,393] {taskinstance.py:1220} INFO - 1 downstream tasks scheduled from follow-on schedule check
[2022-09-05 13:06:54,433] {local_task_job.py:146} INFO - Task exited with return code 0
[2022-09-05 13:08:32,645] {taskinstance.py:851} INFO - Dependencies all met for <TaskInstance: efishiery_nomor_satu.insert_dim_date 2022-09-04T00:00:00+00:00 [queued]>
[2022-09-05 13:08:32,803] {taskinstance.py:851} INFO - Dependencies all met for <TaskInstance: efishiery_nomor_satu.insert_dim_date 2022-09-04T00:00:00+00:00 [queued]>
[2022-09-05 13:08:32,817] {taskinstance.py:1042} INFO - 
--------------------------------------------------------------------------------
[2022-09-05 13:08:32,819] {taskinstance.py:1043} INFO - Starting attempt 1 of 2
[2022-09-05 13:08:32,819] {taskinstance.py:1044} INFO - 
--------------------------------------------------------------------------------
[2022-09-05 13:08:32,917] {taskinstance.py:1063} INFO - Executing <Task(PythonOperator): insert_dim_date> on 2022-09-04T00:00:00+00:00
[2022-09-05 13:08:32,942] {standard_task_runner.py:52} INFO - Started process 13526 to run task
[2022-09-05 13:08:32,950] {standard_task_runner.py:76} INFO - Running: ['airflow', 'tasks', 'run', 'efishiery_nomor_satu', 'insert_dim_date', '2022-09-04T00:00:00+00:00', '--job-id', '211', '--pool', 'default_pool', '--raw', '--subdir', 'DAGS_FOLDER/soal_nomor_satu.py', '--cfg-path', '/tmp/tmp6aoxdac3', '--error-file', '/tmp/tmpsf1kbn9h']
[2022-09-05 13:08:32,974] {standard_task_runner.py:77} INFO - Job 211: Subtask insert_dim_date
[2022-09-05 13:08:33,206] {logging_mixin.py:104} INFO - Running <TaskInstance: efishiery_nomor_satu.insert_dim_date 2022-09-04T00:00:00+00:00 [running]> on host 2b8e628fc16c
[2022-09-05 13:08:33,486] {taskinstance.py:1257} INFO - Exporting the following env vars:
AIRFLOW_CTX_DAG_OWNER=farah
AIRFLOW_CTX_DAG_ID=efishiery_nomor_satu
AIRFLOW_CTX_TASK_ID=insert_dim_date
AIRFLOW_CTX_EXECUTION_DATE=2022-09-04T00:00:00+00:00
AIRFLOW_CTX_DAG_RUN_ID=scheduled__2022-09-04T00:00:00+00:00
[2022-09-05 13:08:33,540] {base.py:74} INFO - Using connection to: id: efishery. Host: 172.17.0.1, Port: 5432, Schema: efishery, Login: airflow, Password: XXXXXXXX, extra: None
[2022-09-05 13:08:33,626] {base.py:74} INFO - Using connection to: id: efishery_dwh. Host: 172.17.0.1, Port: 5432, Schema: efishery_dwh, Login: airflow, Password: XXXXXXXX, extra: None
[2022-09-05 13:08:33,718] {base.py:74} INFO - Using connection to: id: efishery_dwh. Host: 172.17.0.1, Port: 5432, Schema: efishery_dwh, Login: airflow, Password: XXXXXXXX, extra: None
[2022-09-05 13:08:33,738] {logging_mixin.py:104} INFO - sukses
[2022-09-05 13:08:33,743] {python.py:118} INFO - Done. Returned value was: None
[2022-09-05 13:08:33,830] {taskinstance.py:1166} INFO - Marking task as SUCCESS. dag_id=efishiery_nomor_satu, task_id=insert_dim_date, execution_date=20220904T000000, start_date=20220905T130832, end_date=20220905T130833
[2022-09-05 13:08:34,043] {taskinstance.py:1220} INFO - 1 downstream tasks scheduled from follow-on schedule check
[2022-09-05 13:08:34,088] {local_task_job.py:146} INFO - Task exited with return code 0
