[2022-09-05 02:11:02,646] {scheduler_job.py:182} INFO - Started process (PID=198) to work on /home/airflow/.local/lib/python3.6/site-packages/airflow/example_dags/example_skip_dag.py
[2022-09-05 02:11:02,648] {scheduler_job.py:629} INFO - Processing file /home/airflow/.local/lib/python3.6/site-packages/airflow/example_dags/example_skip_dag.py for tasks to queue
[2022-09-05 02:11:02,651] {logging_mixin.py:104} INFO - [2022-09-05 02:11:02,650] {dagbag.py:448} INFO - Filling up the DagBag from /home/airflow/.local/lib/python3.6/site-packages/airflow/example_dags/example_skip_dag.py
[2022-09-05 02:11:02,723] {scheduler_job.py:639} INFO - DAG(s) dict_keys(['example_skip_dag']) retrieved from /home/airflow/.local/lib/python3.6/site-packages/airflow/example_dags/example_skip_dag.py
[2022-09-05 02:11:02,773] {logging_mixin.py:104} INFO - [2022-09-05 02:11:02,773] {dag.py:1818} INFO - Sync 1 DAGs
[2022-09-05 02:11:02,792] {logging_mixin.py:104} INFO - [2022-09-05 02:11:02,792] {dag.py:1837} INFO - Creating ORM DAG for example_skip_dag
[2022-09-05 02:11:02,810] {logging_mixin.py:104} INFO - [2022-09-05 02:11:02,810] {dag.py:2273} INFO - Setting next_dagrun for example_skip_dag to 2022-09-03 00:00:00+00:00
[2022-09-05 02:11:03,023] {scheduler_job.py:190} INFO - Processing /home/airflow/.local/lib/python3.6/site-packages/airflow/example_dags/example_skip_dag.py took 0.382 seconds
[2022-09-05 02:11:34,177] {scheduler_job.py:182} INFO - Started process (PID=338) to work on /home/airflow/.local/lib/python3.6/site-packages/airflow/example_dags/example_skip_dag.py
[2022-09-05 02:11:34,181] {scheduler_job.py:629} INFO - Processing file /home/airflow/.local/lib/python3.6/site-packages/airflow/example_dags/example_skip_dag.py for tasks to queue
[2022-09-05 02:11:34,184] {logging_mixin.py:104} INFO - [2022-09-05 02:11:34,184] {dagbag.py:448} INFO - Filling up the DagBag from /home/airflow/.local/lib/python3.6/site-packages/airflow/example_dags/example_skip_dag.py
[2022-09-05 02:11:34,213] {scheduler_job.py:639} INFO - DAG(s) dict_keys(['example_skip_dag']) retrieved from /home/airflow/.local/lib/python3.6/site-packages/airflow/example_dags/example_skip_dag.py
[2022-09-05 02:11:34,282] {logging_mixin.py:104} INFO - [2022-09-05 02:11:34,281] {dag.py:1818} INFO - Sync 1 DAGs
[2022-09-05 02:11:34,315] {logging_mixin.py:104} INFO - [2022-09-05 02:11:34,315] {dag.py:2273} INFO - Setting next_dagrun for example_skip_dag to 2022-09-03 00:00:00+00:00
[2022-09-05 02:11:34,385] {scheduler_job.py:190} INFO - Processing /home/airflow/.local/lib/python3.6/site-packages/airflow/example_dags/example_skip_dag.py took 0.212 seconds
[2022-09-05 02:12:05,382] {scheduler_job.py:182} INFO - Started process (PID=478) to work on /home/airflow/.local/lib/python3.6/site-packages/airflow/example_dags/example_skip_dag.py
[2022-09-05 02:12:05,384] {scheduler_job.py:629} INFO - Processing file /home/airflow/.local/lib/python3.6/site-packages/airflow/example_dags/example_skip_dag.py for tasks to queue
[2022-09-05 02:12:05,385] {logging_mixin.py:104} INFO - [2022-09-05 02:12:05,385] {dagbag.py:448} INFO - Filling up the DagBag from /home/airflow/.local/lib/python3.6/site-packages/airflow/example_dags/example_skip_dag.py
[2022-09-05 02:12:05,401] {scheduler_job.py:639} INFO - DAG(s) dict_keys(['example_skip_dag']) retrieved from /home/airflow/.local/lib/python3.6/site-packages/airflow/example_dags/example_skip_dag.py
[2022-09-05 02:12:05,435] {logging_mixin.py:104} INFO - [2022-09-05 02:12:05,435] {dag.py:1818} INFO - Sync 1 DAGs
[2022-09-05 02:12:05,458] {logging_mixin.py:104} INFO - [2022-09-05 02:12:05,457] {dag.py:2273} INFO - Setting next_dagrun for example_skip_dag to 2022-09-03 00:00:00+00:00
[2022-09-05 02:12:05,524] {scheduler_job.py:190} INFO - Processing /home/airflow/.local/lib/python3.6/site-packages/airflow/example_dags/example_skip_dag.py took 0.147 seconds
[2022-09-05 02:12:36,344] {scheduler_job.py:182} INFO - Started process (PID=613) to work on /home/airflow/.local/lib/python3.6/site-packages/airflow/example_dags/example_skip_dag.py
[2022-09-05 02:12:36,346] {scheduler_job.py:629} INFO - Processing file /home/airflow/.local/lib/python3.6/site-packages/airflow/example_dags/example_skip_dag.py for tasks to queue
[2022-09-05 02:12:36,347] {logging_mixin.py:104} INFO - [2022-09-05 02:12:36,347] {dagbag.py:448} INFO - Filling up the DagBag from /home/airflow/.local/lib/python3.6/site-packages/airflow/example_dags/example_skip_dag.py
[2022-09-05 02:12:36,361] {scheduler_job.py:639} INFO - DAG(s) dict_keys(['example_skip_dag']) retrieved from /home/airflow/.local/lib/python3.6/site-packages/airflow/example_dags/example_skip_dag.py
[2022-09-05 02:12:36,397] {logging_mixin.py:104} INFO - [2022-09-05 02:12:36,397] {dag.py:1818} INFO - Sync 1 DAGs
[2022-09-05 02:12:36,421] {logging_mixin.py:104} INFO - [2022-09-05 02:12:36,421] {dag.py:2273} INFO - Setting next_dagrun for example_skip_dag to 2022-09-03 00:00:00+00:00
[2022-09-05 02:12:36,535] {scheduler_job.py:190} INFO - Processing /home/airflow/.local/lib/python3.6/site-packages/airflow/example_dags/example_skip_dag.py took 0.195 seconds
[2022-09-05 02:13:06,680] {scheduler_job.py:182} INFO - Started process (PID=748) to work on /home/airflow/.local/lib/python3.6/site-packages/airflow/example_dags/example_skip_dag.py
[2022-09-05 02:13:06,682] {scheduler_job.py:629} INFO - Processing file /home/airflow/.local/lib/python3.6/site-packages/airflow/example_dags/example_skip_dag.py for tasks to queue
[2022-09-05 02:13:06,683] {logging_mixin.py:104} INFO - [2022-09-05 02:13:06,683] {dagbag.py:448} INFO - Filling up the DagBag from /home/airflow/.local/lib/python3.6/site-packages/airflow/example_dags/example_skip_dag.py
[2022-09-05 02:13:06,695] {scheduler_job.py:639} INFO - DAG(s) dict_keys(['example_skip_dag']) retrieved from /home/airflow/.local/lib/python3.6/site-packages/airflow/example_dags/example_skip_dag.py
[2022-09-05 02:13:06,724] {logging_mixin.py:104} INFO - [2022-09-05 02:13:06,724] {dag.py:1818} INFO - Sync 1 DAGs
[2022-09-05 02:13:06,743] {logging_mixin.py:104} INFO - [2022-09-05 02:13:06,742] {dag.py:2273} INFO - Setting next_dagrun for example_skip_dag to 2022-09-03 00:00:00+00:00
[2022-09-05 02:13:06,774] {scheduler_job.py:190} INFO - Processing /home/airflow/.local/lib/python3.6/site-packages/airflow/example_dags/example_skip_dag.py took 0.098 seconds
[2022-09-05 02:13:37,117] {scheduler_job.py:182} INFO - Started process (PID=878) to work on /home/airflow/.local/lib/python3.6/site-packages/airflow/example_dags/example_skip_dag.py
[2022-09-05 02:13:37,118] {scheduler_job.py:629} INFO - Processing file /home/airflow/.local/lib/python3.6/site-packages/airflow/example_dags/example_skip_dag.py for tasks to queue
[2022-09-05 02:13:37,120] {logging_mixin.py:104} INFO - [2022-09-05 02:13:37,120] {dagbag.py:448} INFO - Filling up the DagBag from /home/airflow/.local/lib/python3.6/site-packages/airflow/example_dags/example_skip_dag.py
[2022-09-05 02:13:37,133] {scheduler_job.py:639} INFO - DAG(s) dict_keys(['example_skip_dag']) retrieved from /home/airflow/.local/lib/python3.6/site-packages/airflow/example_dags/example_skip_dag.py
[2022-09-05 02:13:37,165] {logging_mixin.py:104} INFO - [2022-09-05 02:13:37,165] {dag.py:1818} INFO - Sync 1 DAGs
[2022-09-05 02:13:37,186] {logging_mixin.py:104} INFO - [2022-09-05 02:13:37,185] {dag.py:2273} INFO - Setting next_dagrun for example_skip_dag to 2022-09-03 00:00:00+00:00
[2022-09-05 02:13:37,215] {scheduler_job.py:190} INFO - Processing /home/airflow/.local/lib/python3.6/site-packages/airflow/example_dags/example_skip_dag.py took 0.101 seconds
[2022-09-05 02:14:07,643] {scheduler_job.py:182} INFO - Started process (PID=1008) to work on /home/airflow/.local/lib/python3.6/site-packages/airflow/example_dags/example_skip_dag.py
[2022-09-05 02:14:07,646] {scheduler_job.py:629} INFO - Processing file /home/airflow/.local/lib/python3.6/site-packages/airflow/example_dags/example_skip_dag.py for tasks to queue
[2022-09-05 02:14:07,647] {logging_mixin.py:104} INFO - [2022-09-05 02:14:07,647] {dagbag.py:448} INFO - Filling up the DagBag from /home/airflow/.local/lib/python3.6/site-packages/airflow/example_dags/example_skip_dag.py
[2022-09-05 02:14:07,662] {scheduler_job.py:639} INFO - DAG(s) dict_keys(['example_skip_dag']) retrieved from /home/airflow/.local/lib/python3.6/site-packages/airflow/example_dags/example_skip_dag.py
[2022-09-05 02:14:07,690] {logging_mixin.py:104} INFO - [2022-09-05 02:14:07,690] {dag.py:1818} INFO - Sync 1 DAGs
[2022-09-05 02:14:07,711] {logging_mixin.py:104} INFO - [2022-09-05 02:14:07,710] {dag.py:2273} INFO - Setting next_dagrun for example_skip_dag to 2022-09-03 00:00:00+00:00
[2022-09-05 02:14:07,791] {scheduler_job.py:190} INFO - Processing /home/airflow/.local/lib/python3.6/site-packages/airflow/example_dags/example_skip_dag.py took 0.152 seconds
[2022-09-05 02:14:39,179] {scheduler_job.py:182} INFO - Started process (PID=1158) to work on /home/airflow/.local/lib/python3.6/site-packages/airflow/example_dags/example_skip_dag.py
[2022-09-05 02:14:39,181] {scheduler_job.py:629} INFO - Processing file /home/airflow/.local/lib/python3.6/site-packages/airflow/example_dags/example_skip_dag.py for tasks to queue
[2022-09-05 02:14:39,182] {logging_mixin.py:104} INFO - [2022-09-05 02:14:39,182] {dagbag.py:448} INFO - Filling up the DagBag from /home/airflow/.local/lib/python3.6/site-packages/airflow/example_dags/example_skip_dag.py
[2022-09-05 02:14:39,198] {scheduler_job.py:639} INFO - DAG(s) dict_keys(['example_skip_dag']) retrieved from /home/airflow/.local/lib/python3.6/site-packages/airflow/example_dags/example_skip_dag.py
[2022-09-05 02:14:39,222] {logging_mixin.py:104} INFO - [2022-09-05 02:14:39,222] {dag.py:1818} INFO - Sync 1 DAGs
[2022-09-05 02:14:39,248] {logging_mixin.py:104} INFO - [2022-09-05 02:14:39,247] {dag.py:2273} INFO - Setting next_dagrun for example_skip_dag to 2022-09-03 00:00:00+00:00
[2022-09-05 02:14:39,281] {scheduler_job.py:190} INFO - Processing /home/airflow/.local/lib/python3.6/site-packages/airflow/example_dags/example_skip_dag.py took 0.105 seconds
[2022-09-05 02:15:09,480] {scheduler_job.py:182} INFO - Started process (PID=1288) to work on /home/airflow/.local/lib/python3.6/site-packages/airflow/example_dags/example_skip_dag.py
[2022-09-05 02:15:09,481] {scheduler_job.py:629} INFO - Processing file /home/airflow/.local/lib/python3.6/site-packages/airflow/example_dags/example_skip_dag.py for tasks to queue
[2022-09-05 02:15:09,482] {logging_mixin.py:104} INFO - [2022-09-05 02:15:09,482] {dagbag.py:448} INFO - Filling up the DagBag from /home/airflow/.local/lib/python3.6/site-packages/airflow/example_dags/example_skip_dag.py
[2022-09-05 02:15:09,499] {scheduler_job.py:639} INFO - DAG(s) dict_keys(['example_skip_dag']) retrieved from /home/airflow/.local/lib/python3.6/site-packages/airflow/example_dags/example_skip_dag.py
[2022-09-05 02:15:09,532] {logging_mixin.py:104} INFO - [2022-09-05 02:15:09,532] {dag.py:1818} INFO - Sync 1 DAGs
[2022-09-05 02:15:09,553] {logging_mixin.py:104} INFO - [2022-09-05 02:15:09,553] {dag.py:2273} INFO - Setting next_dagrun for example_skip_dag to 2022-09-03 00:00:00+00:00
[2022-09-05 02:15:09,591] {scheduler_job.py:190} INFO - Processing /home/airflow/.local/lib/python3.6/site-packages/airflow/example_dags/example_skip_dag.py took 0.115 seconds
[2022-09-05 02:15:39,768] {scheduler_job.py:182} INFO - Started process (PID=1418) to work on /home/airflow/.local/lib/python3.6/site-packages/airflow/example_dags/example_skip_dag.py
[2022-09-05 02:15:39,770] {scheduler_job.py:629} INFO - Processing file /home/airflow/.local/lib/python3.6/site-packages/airflow/example_dags/example_skip_dag.py for tasks to queue
[2022-09-05 02:15:39,772] {logging_mixin.py:104} INFO - [2022-09-05 02:15:39,772] {dagbag.py:448} INFO - Filling up the DagBag from /home/airflow/.local/lib/python3.6/site-packages/airflow/example_dags/example_skip_dag.py
[2022-09-05 02:15:39,790] {scheduler_job.py:639} INFO - DAG(s) dict_keys(['example_skip_dag']) retrieved from /home/airflow/.local/lib/python3.6/site-packages/airflow/example_dags/example_skip_dag.py
[2022-09-05 02:15:39,822] {logging_mixin.py:104} INFO - [2022-09-05 02:15:39,822] {dag.py:1818} INFO - Sync 1 DAGs
[2022-09-05 02:15:39,843] {logging_mixin.py:104} INFO - [2022-09-05 02:15:39,843] {dag.py:2273} INFO - Setting next_dagrun for example_skip_dag to 2022-09-03 00:00:00+00:00
[2022-09-05 02:15:39,883] {scheduler_job.py:190} INFO - Processing /home/airflow/.local/lib/python3.6/site-packages/airflow/example_dags/example_skip_dag.py took 0.119 seconds
[2022-09-05 02:16:10,187] {scheduler_job.py:182} INFO - Started process (PID=1543) to work on /home/airflow/.local/lib/python3.6/site-packages/airflow/example_dags/example_skip_dag.py
[2022-09-05 02:16:10,192] {scheduler_job.py:629} INFO - Processing file /home/airflow/.local/lib/python3.6/site-packages/airflow/example_dags/example_skip_dag.py for tasks to queue
[2022-09-05 02:16:10,194] {logging_mixin.py:104} INFO - [2022-09-05 02:16:10,194] {dagbag.py:448} INFO - Filling up the DagBag from /home/airflow/.local/lib/python3.6/site-packages/airflow/example_dags/example_skip_dag.py
[2022-09-05 02:16:10,208] {scheduler_job.py:639} INFO - DAG(s) dict_keys(['example_skip_dag']) retrieved from /home/airflow/.local/lib/python3.6/site-packages/airflow/example_dags/example_skip_dag.py
[2022-09-05 02:16:10,238] {logging_mixin.py:104} INFO - [2022-09-05 02:16:10,237] {dag.py:1818} INFO - Sync 1 DAGs
[2022-09-05 02:16:10,260] {logging_mixin.py:104} INFO - [2022-09-05 02:16:10,259] {dag.py:2273} INFO - Setting next_dagrun for example_skip_dag to 2022-09-03 00:00:00+00:00
[2022-09-05 02:16:10,305] {scheduler_job.py:190} INFO - Processing /home/airflow/.local/lib/python3.6/site-packages/airflow/example_dags/example_skip_dag.py took 0.123 seconds
[2022-09-05 02:16:42,010] {scheduler_job.py:182} INFO - Started process (PID=1700) to work on /home/airflow/.local/lib/python3.6/site-packages/airflow/example_dags/example_skip_dag.py
[2022-09-05 02:16:42,011] {scheduler_job.py:629} INFO - Processing file /home/airflow/.local/lib/python3.6/site-packages/airflow/example_dags/example_skip_dag.py for tasks to queue
[2022-09-05 02:16:42,016] {logging_mixin.py:104} INFO - [2022-09-05 02:16:42,016] {dagbag.py:448} INFO - Filling up the DagBag from /home/airflow/.local/lib/python3.6/site-packages/airflow/example_dags/example_skip_dag.py
[2022-09-05 02:16:42,033] {scheduler_job.py:639} INFO - DAG(s) dict_keys(['example_skip_dag']) retrieved from /home/airflow/.local/lib/python3.6/site-packages/airflow/example_dags/example_skip_dag.py
[2022-09-05 02:16:42,069] {logging_mixin.py:104} INFO - [2022-09-05 02:16:42,069] {dag.py:1818} INFO - Sync 1 DAGs
[2022-09-05 02:16:42,097] {logging_mixin.py:104} INFO - [2022-09-05 02:16:42,097] {dag.py:2273} INFO - Setting next_dagrun for example_skip_dag to 2022-09-03 00:00:00+00:00
[2022-09-05 02:16:42,182] {scheduler_job.py:190} INFO - Processing /home/airflow/.local/lib/python3.6/site-packages/airflow/example_dags/example_skip_dag.py took 0.178 seconds
[2022-09-05 02:17:12,328] {scheduler_job.py:182} INFO - Started process (PID=1833) to work on /home/airflow/.local/lib/python3.6/site-packages/airflow/example_dags/example_skip_dag.py
[2022-09-05 02:17:12,330] {scheduler_job.py:629} INFO - Processing file /home/airflow/.local/lib/python3.6/site-packages/airflow/example_dags/example_skip_dag.py for tasks to queue
[2022-09-05 02:17:12,331] {logging_mixin.py:104} INFO - [2022-09-05 02:17:12,331] {dagbag.py:448} INFO - Filling up the DagBag from /home/airflow/.local/lib/python3.6/site-packages/airflow/example_dags/example_skip_dag.py
[2022-09-05 02:17:12,346] {scheduler_job.py:639} INFO - DAG(s) dict_keys(['example_skip_dag']) retrieved from /home/airflow/.local/lib/python3.6/site-packages/airflow/example_dags/example_skip_dag.py
[2022-09-05 02:17:12,377] {logging_mixin.py:104} INFO - [2022-09-05 02:17:12,376] {dag.py:1818} INFO - Sync 1 DAGs
[2022-09-05 02:17:12,397] {logging_mixin.py:104} INFO - [2022-09-05 02:17:12,396] {dag.py:2273} INFO - Setting next_dagrun for example_skip_dag to 2022-09-03 00:00:00+00:00
[2022-09-05 02:17:12,492] {scheduler_job.py:190} INFO - Processing /home/airflow/.local/lib/python3.6/site-packages/airflow/example_dags/example_skip_dag.py took 0.168 seconds
[2022-09-05 02:17:44,119] {scheduler_job.py:182} INFO - Started process (PID=1973) to work on /home/airflow/.local/lib/python3.6/site-packages/airflow/example_dags/example_skip_dag.py
[2022-09-05 02:17:44,121] {scheduler_job.py:629} INFO - Processing file /home/airflow/.local/lib/python3.6/site-packages/airflow/example_dags/example_skip_dag.py for tasks to queue
[2022-09-05 02:17:44,122] {logging_mixin.py:104} INFO - [2022-09-05 02:17:44,122] {dagbag.py:448} INFO - Filling up the DagBag from /home/airflow/.local/lib/python3.6/site-packages/airflow/example_dags/example_skip_dag.py
[2022-09-05 02:17:44,139] {scheduler_job.py:639} INFO - DAG(s) dict_keys(['example_skip_dag']) retrieved from /home/airflow/.local/lib/python3.6/site-packages/airflow/example_dags/example_skip_dag.py
[2022-09-05 02:17:44,174] {logging_mixin.py:104} INFO - [2022-09-05 02:17:44,174] {dag.py:1818} INFO - Sync 1 DAGs
[2022-09-05 02:17:44,211] {logging_mixin.py:104} INFO - [2022-09-05 02:17:44,210] {dag.py:2273} INFO - Setting next_dagrun for example_skip_dag to 2022-09-03 00:00:00+00:00
[2022-09-05 02:17:44,255] {scheduler_job.py:190} INFO - Processing /home/airflow/.local/lib/python3.6/site-packages/airflow/example_dags/example_skip_dag.py took 0.142 seconds
[2022-09-05 02:18:14,774] {scheduler_job.py:182} INFO - Started process (PID=2103) to work on /home/airflow/.local/lib/python3.6/site-packages/airflow/example_dags/example_skip_dag.py
[2022-09-05 02:18:14,775] {scheduler_job.py:629} INFO - Processing file /home/airflow/.local/lib/python3.6/site-packages/airflow/example_dags/example_skip_dag.py for tasks to queue
[2022-09-05 02:18:14,776] {logging_mixin.py:104} INFO - [2022-09-05 02:18:14,776] {dagbag.py:448} INFO - Filling up the DagBag from /home/airflow/.local/lib/python3.6/site-packages/airflow/example_dags/example_skip_dag.py
[2022-09-05 02:18:14,789] {scheduler_job.py:639} INFO - DAG(s) dict_keys(['example_skip_dag']) retrieved from /home/airflow/.local/lib/python3.6/site-packages/airflow/example_dags/example_skip_dag.py
[2022-09-05 02:18:14,822] {logging_mixin.py:104} INFO - [2022-09-05 02:18:14,821] {dag.py:1818} INFO - Sync 1 DAGs
[2022-09-05 02:18:14,843] {logging_mixin.py:104} INFO - [2022-09-05 02:18:14,842] {dag.py:2273} INFO - Setting next_dagrun for example_skip_dag to 2022-09-03 00:00:00+00:00
[2022-09-05 02:18:14,889] {scheduler_job.py:190} INFO - Processing /home/airflow/.local/lib/python3.6/site-packages/airflow/example_dags/example_skip_dag.py took 0.118 seconds
[2022-09-05 02:18:45,044] {scheduler_job.py:182} INFO - Started process (PID=2233) to work on /home/airflow/.local/lib/python3.6/site-packages/airflow/example_dags/example_skip_dag.py
[2022-09-05 02:18:45,047] {scheduler_job.py:629} INFO - Processing file /home/airflow/.local/lib/python3.6/site-packages/airflow/example_dags/example_skip_dag.py for tasks to queue
[2022-09-05 02:18:45,048] {logging_mixin.py:104} INFO - [2022-09-05 02:18:45,048] {dagbag.py:448} INFO - Filling up the DagBag from /home/airflow/.local/lib/python3.6/site-packages/airflow/example_dags/example_skip_dag.py
[2022-09-05 02:18:45,061] {scheduler_job.py:639} INFO - DAG(s) dict_keys(['example_skip_dag']) retrieved from /home/airflow/.local/lib/python3.6/site-packages/airflow/example_dags/example_skip_dag.py
[2022-09-05 02:18:45,087] {logging_mixin.py:104} INFO - [2022-09-05 02:18:45,087] {dag.py:1818} INFO - Sync 1 DAGs
[2022-09-05 02:18:45,104] {logging_mixin.py:104} INFO - [2022-09-05 02:18:45,104] {dag.py:2273} INFO - Setting next_dagrun for example_skip_dag to 2022-09-03 00:00:00+00:00
[2022-09-05 02:18:45,277] {scheduler_job.py:190} INFO - Processing /home/airflow/.local/lib/python3.6/site-packages/airflow/example_dags/example_skip_dag.py took 0.237 seconds
[2022-09-05 02:19:15,355] {scheduler_job.py:182} INFO - Started process (PID=2363) to work on /home/airflow/.local/lib/python3.6/site-packages/airflow/example_dags/example_skip_dag.py
[2022-09-05 02:19:15,358] {scheduler_job.py:629} INFO - Processing file /home/airflow/.local/lib/python3.6/site-packages/airflow/example_dags/example_skip_dag.py for tasks to queue
[2022-09-05 02:19:15,359] {logging_mixin.py:104} INFO - [2022-09-05 02:19:15,359] {dagbag.py:448} INFO - Filling up the DagBag from /home/airflow/.local/lib/python3.6/site-packages/airflow/example_dags/example_skip_dag.py
[2022-09-05 02:19:15,376] {scheduler_job.py:639} INFO - DAG(s) dict_keys(['example_skip_dag']) retrieved from /home/airflow/.local/lib/python3.6/site-packages/airflow/example_dags/example_skip_dag.py
[2022-09-05 02:19:15,406] {logging_mixin.py:104} INFO - [2022-09-05 02:19:15,406] {dag.py:1818} INFO - Sync 1 DAGs
[2022-09-05 02:19:15,426] {logging_mixin.py:104} INFO - [2022-09-05 02:19:15,426] {dag.py:2273} INFO - Setting next_dagrun for example_skip_dag to 2022-09-03 00:00:00+00:00
[2022-09-05 02:19:15,466] {scheduler_job.py:190} INFO - Processing /home/airflow/.local/lib/python3.6/site-packages/airflow/example_dags/example_skip_dag.py took 0.116 seconds
[2022-09-05 02:19:45,714] {scheduler_job.py:182} INFO - Started process (PID=2488) to work on /home/airflow/.local/lib/python3.6/site-packages/airflow/example_dags/example_skip_dag.py
[2022-09-05 02:19:45,716] {scheduler_job.py:629} INFO - Processing file /home/airflow/.local/lib/python3.6/site-packages/airflow/example_dags/example_skip_dag.py for tasks to queue
[2022-09-05 02:19:45,717] {logging_mixin.py:104} INFO - [2022-09-05 02:19:45,717] {dagbag.py:448} INFO - Filling up the DagBag from /home/airflow/.local/lib/python3.6/site-packages/airflow/example_dags/example_skip_dag.py
[2022-09-05 02:19:45,730] {scheduler_job.py:639} INFO - DAG(s) dict_keys(['example_skip_dag']) retrieved from /home/airflow/.local/lib/python3.6/site-packages/airflow/example_dags/example_skip_dag.py
[2022-09-05 02:19:45,763] {logging_mixin.py:104} INFO - [2022-09-05 02:19:45,763] {dag.py:1818} INFO - Sync 1 DAGs
[2022-09-05 02:19:45,781] {logging_mixin.py:104} INFO - [2022-09-05 02:19:45,780] {dag.py:2273} INFO - Setting next_dagrun for example_skip_dag to 2022-09-03 00:00:00+00:00
[2022-09-05 02:19:45,814] {scheduler_job.py:190} INFO - Processing /home/airflow/.local/lib/python3.6/site-packages/airflow/example_dags/example_skip_dag.py took 0.104 seconds
[2022-09-05 02:20:15,974] {scheduler_job.py:182} INFO - Started process (PID=2618) to work on /home/airflow/.local/lib/python3.6/site-packages/airflow/example_dags/example_skip_dag.py
[2022-09-05 02:20:15,976] {scheduler_job.py:629} INFO - Processing file /home/airflow/.local/lib/python3.6/site-packages/airflow/example_dags/example_skip_dag.py for tasks to queue
[2022-09-05 02:20:15,977] {logging_mixin.py:104} INFO - [2022-09-05 02:20:15,977] {dagbag.py:448} INFO - Filling up the DagBag from /home/airflow/.local/lib/python3.6/site-packages/airflow/example_dags/example_skip_dag.py
[2022-09-05 02:20:15,997] {scheduler_job.py:639} INFO - DAG(s) dict_keys(['example_skip_dag']) retrieved from /home/airflow/.local/lib/python3.6/site-packages/airflow/example_dags/example_skip_dag.py
[2022-09-05 02:20:16,022] {logging_mixin.py:104} INFO - [2022-09-05 02:20:16,022] {dag.py:1818} INFO - Sync 1 DAGs
[2022-09-05 02:20:16,049] {logging_mixin.py:104} INFO - [2022-09-05 02:20:16,049] {dag.py:2273} INFO - Setting next_dagrun for example_skip_dag to 2022-09-03 00:00:00+00:00
[2022-09-05 02:20:16,086] {scheduler_job.py:190} INFO - Processing /home/airflow/.local/lib/python3.6/site-packages/airflow/example_dags/example_skip_dag.py took 0.119 seconds
[2022-09-05 02:20:46,574] {scheduler_job.py:182} INFO - Started process (PID=2748) to work on /home/airflow/.local/lib/python3.6/site-packages/airflow/example_dags/example_skip_dag.py
[2022-09-05 02:20:46,576] {scheduler_job.py:629} INFO - Processing file /home/airflow/.local/lib/python3.6/site-packages/airflow/example_dags/example_skip_dag.py for tasks to queue
[2022-09-05 02:20:46,578] {logging_mixin.py:104} INFO - [2022-09-05 02:20:46,578] {dagbag.py:448} INFO - Filling up the DagBag from /home/airflow/.local/lib/python3.6/site-packages/airflow/example_dags/example_skip_dag.py
[2022-09-05 02:20:46,597] {scheduler_job.py:639} INFO - DAG(s) dict_keys(['example_skip_dag']) retrieved from /home/airflow/.local/lib/python3.6/site-packages/airflow/example_dags/example_skip_dag.py
[2022-09-05 02:20:46,627] {logging_mixin.py:104} INFO - [2022-09-05 02:20:46,627] {dag.py:1818} INFO - Sync 1 DAGs
[2022-09-05 02:20:46,647] {logging_mixin.py:104} INFO - [2022-09-05 02:20:46,647] {dag.py:2273} INFO - Setting next_dagrun for example_skip_dag to 2022-09-03 00:00:00+00:00
[2022-09-05 02:20:46,700] {scheduler_job.py:190} INFO - Processing /home/airflow/.local/lib/python3.6/site-packages/airflow/example_dags/example_skip_dag.py took 0.132 seconds
[2022-09-05 02:21:16,900] {scheduler_job.py:182} INFO - Started process (PID=2873) to work on /home/airflow/.local/lib/python3.6/site-packages/airflow/example_dags/example_skip_dag.py
[2022-09-05 02:21:16,903] {scheduler_job.py:629} INFO - Processing file /home/airflow/.local/lib/python3.6/site-packages/airflow/example_dags/example_skip_dag.py for tasks to queue
[2022-09-05 02:21:16,904] {logging_mixin.py:104} INFO - [2022-09-05 02:21:16,904] {dagbag.py:448} INFO - Filling up the DagBag from /home/airflow/.local/lib/python3.6/site-packages/airflow/example_dags/example_skip_dag.py
[2022-09-05 02:21:16,921] {scheduler_job.py:639} INFO - DAG(s) dict_keys(['example_skip_dag']) retrieved from /home/airflow/.local/lib/python3.6/site-packages/airflow/example_dags/example_skip_dag.py
[2022-09-05 02:21:16,953] {logging_mixin.py:104} INFO - [2022-09-05 02:21:16,953] {dag.py:1818} INFO - Sync 1 DAGs
[2022-09-05 02:21:16,973] {logging_mixin.py:104} INFO - [2022-09-05 02:21:16,972] {dag.py:2273} INFO - Setting next_dagrun for example_skip_dag to 2022-09-03 00:00:00+00:00
[2022-09-05 02:21:17,119] {scheduler_job.py:190} INFO - Processing /home/airflow/.local/lib/python3.6/site-packages/airflow/example_dags/example_skip_dag.py took 0.222 seconds
[2022-09-05 02:21:47,543] {scheduler_job.py:182} INFO - Started process (PID=3003) to work on /home/airflow/.local/lib/python3.6/site-packages/airflow/example_dags/example_skip_dag.py
[2022-09-05 02:21:47,545] {scheduler_job.py:629} INFO - Processing file /home/airflow/.local/lib/python3.6/site-packages/airflow/example_dags/example_skip_dag.py for tasks to queue
[2022-09-05 02:21:47,546] {logging_mixin.py:104} INFO - [2022-09-05 02:21:47,546] {dagbag.py:448} INFO - Filling up the DagBag from /home/airflow/.local/lib/python3.6/site-packages/airflow/example_dags/example_skip_dag.py
[2022-09-05 02:21:47,562] {scheduler_job.py:639} INFO - DAG(s) dict_keys(['example_skip_dag']) retrieved from /home/airflow/.local/lib/python3.6/site-packages/airflow/example_dags/example_skip_dag.py
[2022-09-05 02:21:47,589] {logging_mixin.py:104} INFO - [2022-09-05 02:21:47,589] {dag.py:1818} INFO - Sync 1 DAGs
[2022-09-05 02:21:47,611] {logging_mixin.py:104} INFO - [2022-09-05 02:21:47,611] {dag.py:2273} INFO - Setting next_dagrun for example_skip_dag to 2022-09-03 00:00:00+00:00
[2022-09-05 02:21:47,651] {scheduler_job.py:190} INFO - Processing /home/airflow/.local/lib/python3.6/site-packages/airflow/example_dags/example_skip_dag.py took 0.112 seconds
[2022-09-05 02:21:54,274] {scheduler_job.py:182} INFO - Started process (PID=161) to work on /home/airflow/.local/lib/python3.6/site-packages/airflow/example_dags/example_skip_dag.py
[2022-09-05 02:21:54,276] {scheduler_job.py:629} INFO - Processing file /home/airflow/.local/lib/python3.6/site-packages/airflow/example_dags/example_skip_dag.py for tasks to queue
[2022-09-05 02:21:54,277] {logging_mixin.py:104} INFO - [2022-09-05 02:21:54,277] {dagbag.py:448} INFO - Filling up the DagBag from /home/airflow/.local/lib/python3.6/site-packages/airflow/example_dags/example_skip_dag.py
[2022-09-05 02:21:54,291] {scheduler_job.py:639} INFO - DAG(s) dict_keys(['example_skip_dag']) retrieved from /home/airflow/.local/lib/python3.6/site-packages/airflow/example_dags/example_skip_dag.py
[2022-09-05 02:21:54,318] {logging_mixin.py:104} INFO - [2022-09-05 02:21:54,318] {dag.py:1818} INFO - Sync 1 DAGs
[2022-09-05 02:21:54,337] {logging_mixin.py:104} INFO - [2022-09-05 02:21:54,337] {dag.py:2273} INFO - Setting next_dagrun for example_skip_dag to 2022-09-03 00:00:00+00:00
[2022-09-05 02:21:54,372] {scheduler_job.py:190} INFO - Processing /home/airflow/.local/lib/python3.6/site-packages/airflow/example_dags/example_skip_dag.py took 0.102 seconds
[2022-09-05 02:22:24,917] {scheduler_job.py:182} INFO - Started process (PID=289) to work on /home/airflow/.local/lib/python3.6/site-packages/airflow/example_dags/example_skip_dag.py
[2022-09-05 02:22:24,919] {scheduler_job.py:629} INFO - Processing file /home/airflow/.local/lib/python3.6/site-packages/airflow/example_dags/example_skip_dag.py for tasks to queue
[2022-09-05 02:22:24,921] {logging_mixin.py:104} INFO - [2022-09-05 02:22:24,920] {dagbag.py:448} INFO - Filling up the DagBag from /home/airflow/.local/lib/python3.6/site-packages/airflow/example_dags/example_skip_dag.py
[2022-09-05 02:22:24,933] {scheduler_job.py:639} INFO - DAG(s) dict_keys(['example_skip_dag']) retrieved from /home/airflow/.local/lib/python3.6/site-packages/airflow/example_dags/example_skip_dag.py
[2022-09-05 02:22:24,964] {logging_mixin.py:104} INFO - [2022-09-05 02:22:24,964] {dag.py:1818} INFO - Sync 1 DAGs
[2022-09-05 02:22:24,989] {logging_mixin.py:104} INFO - [2022-09-05 02:22:24,989] {dag.py:2273} INFO - Setting next_dagrun for example_skip_dag to 2022-09-03 00:00:00+00:00
[2022-09-05 02:22:25,026] {scheduler_job.py:190} INFO - Processing /home/airflow/.local/lib/python3.6/site-packages/airflow/example_dags/example_skip_dag.py took 0.112 seconds
[2022-09-05 02:22:55,154] {scheduler_job.py:182} INFO - Started process (PID=419) to work on /home/airflow/.local/lib/python3.6/site-packages/airflow/example_dags/example_skip_dag.py
[2022-09-05 02:22:55,157] {scheduler_job.py:629} INFO - Processing file /home/airflow/.local/lib/python3.6/site-packages/airflow/example_dags/example_skip_dag.py for tasks to queue
[2022-09-05 02:22:55,158] {logging_mixin.py:104} INFO - [2022-09-05 02:22:55,158] {dagbag.py:448} INFO - Filling up the DagBag from /home/airflow/.local/lib/python3.6/site-packages/airflow/example_dags/example_skip_dag.py
[2022-09-05 02:22:55,178] {scheduler_job.py:639} INFO - DAG(s) dict_keys(['example_skip_dag']) retrieved from /home/airflow/.local/lib/python3.6/site-packages/airflow/example_dags/example_skip_dag.py
[2022-09-05 02:22:55,211] {logging_mixin.py:104} INFO - [2022-09-05 02:22:55,211] {dag.py:1818} INFO - Sync 1 DAGs
[2022-09-05 02:22:55,239] {logging_mixin.py:104} INFO - [2022-09-05 02:22:55,238] {dag.py:2273} INFO - Setting next_dagrun for example_skip_dag to 2022-09-03 00:00:00+00:00
[2022-09-05 02:22:55,296] {scheduler_job.py:190} INFO - Processing /home/airflow/.local/lib/python3.6/site-packages/airflow/example_dags/example_skip_dag.py took 0.147 seconds
[2022-09-05 02:23:25,451] {scheduler_job.py:182} INFO - Started process (PID=549) to work on /home/airflow/.local/lib/python3.6/site-packages/airflow/example_dags/example_skip_dag.py
[2022-09-05 02:23:25,454] {scheduler_job.py:629} INFO - Processing file /home/airflow/.local/lib/python3.6/site-packages/airflow/example_dags/example_skip_dag.py for tasks to queue
[2022-09-05 02:23:25,456] {logging_mixin.py:104} INFO - [2022-09-05 02:23:25,456] {dagbag.py:448} INFO - Filling up the DagBag from /home/airflow/.local/lib/python3.6/site-packages/airflow/example_dags/example_skip_dag.py
[2022-09-05 02:23:25,470] {scheduler_job.py:639} INFO - DAG(s) dict_keys(['example_skip_dag']) retrieved from /home/airflow/.local/lib/python3.6/site-packages/airflow/example_dags/example_skip_dag.py
[2022-09-05 02:23:25,497] {logging_mixin.py:104} INFO - [2022-09-05 02:23:25,497] {dag.py:1818} INFO - Sync 1 DAGs
[2022-09-05 02:23:25,521] {logging_mixin.py:104} INFO - [2022-09-05 02:23:25,520] {dag.py:2273} INFO - Setting next_dagrun for example_skip_dag to 2022-09-03 00:00:00+00:00
[2022-09-05 02:23:25,590] {scheduler_job.py:190} INFO - Processing /home/airflow/.local/lib/python3.6/site-packages/airflow/example_dags/example_skip_dag.py took 0.145 seconds
[2022-09-05 02:23:55,898] {scheduler_job.py:182} INFO - Started process (PID=679) to work on /home/airflow/.local/lib/python3.6/site-packages/airflow/example_dags/example_skip_dag.py
[2022-09-05 02:23:55,901] {scheduler_job.py:629} INFO - Processing file /home/airflow/.local/lib/python3.6/site-packages/airflow/example_dags/example_skip_dag.py for tasks to queue
[2022-09-05 02:23:55,902] {logging_mixin.py:104} INFO - [2022-09-05 02:23:55,902] {dagbag.py:448} INFO - Filling up the DagBag from /home/airflow/.local/lib/python3.6/site-packages/airflow/example_dags/example_skip_dag.py
[2022-09-05 02:23:55,921] {scheduler_job.py:639} INFO - DAG(s) dict_keys(['example_skip_dag']) retrieved from /home/airflow/.local/lib/python3.6/site-packages/airflow/example_dags/example_skip_dag.py
[2022-09-05 02:23:55,967] {logging_mixin.py:104} INFO - [2022-09-05 02:23:55,967] {dag.py:1818} INFO - Sync 1 DAGs
[2022-09-05 02:23:56,005] {logging_mixin.py:104} INFO - [2022-09-05 02:23:56,005] {dag.py:2273} INFO - Setting next_dagrun for example_skip_dag to 2022-09-03 00:00:00+00:00
[2022-09-05 02:23:56,111] {scheduler_job.py:190} INFO - Processing /home/airflow/.local/lib/python3.6/site-packages/airflow/example_dags/example_skip_dag.py took 0.220 seconds
[2022-09-05 02:24:26,675] {scheduler_job.py:182} INFO - Started process (PID=811) to work on /home/airflow/.local/lib/python3.6/site-packages/airflow/example_dags/example_skip_dag.py
[2022-09-05 02:24:26,677] {scheduler_job.py:629} INFO - Processing file /home/airflow/.local/lib/python3.6/site-packages/airflow/example_dags/example_skip_dag.py for tasks to queue
[2022-09-05 02:24:26,678] {logging_mixin.py:104} INFO - [2022-09-05 02:24:26,678] {dagbag.py:448} INFO - Filling up the DagBag from /home/airflow/.local/lib/python3.6/site-packages/airflow/example_dags/example_skip_dag.py
[2022-09-05 02:24:26,693] {scheduler_job.py:639} INFO - DAG(s) dict_keys(['example_skip_dag']) retrieved from /home/airflow/.local/lib/python3.6/site-packages/airflow/example_dags/example_skip_dag.py
[2022-09-05 02:24:26,725] {logging_mixin.py:104} INFO - [2022-09-05 02:24:26,725] {dag.py:1818} INFO - Sync 1 DAGs
[2022-09-05 02:24:26,742] {logging_mixin.py:104} INFO - [2022-09-05 02:24:26,742] {dag.py:2273} INFO - Setting next_dagrun for example_skip_dag to 2022-09-03 00:00:00+00:00
[2022-09-05 02:24:26,835] {scheduler_job.py:190} INFO - Processing /home/airflow/.local/lib/python3.6/site-packages/airflow/example_dags/example_skip_dag.py took 0.165 seconds
[2022-09-05 02:24:53,524] {scheduler_job.py:182} INFO - Started process (PID=246) to work on /home/airflow/.local/lib/python3.6/site-packages/airflow/example_dags/example_skip_dag.py
[2022-09-05 02:24:53,529] {scheduler_job.py:629} INFO - Processing file /home/airflow/.local/lib/python3.6/site-packages/airflow/example_dags/example_skip_dag.py for tasks to queue
[2022-09-05 02:24:53,539] {logging_mixin.py:104} INFO - [2022-09-05 02:24:53,538] {dagbag.py:448} INFO - Filling up the DagBag from /home/airflow/.local/lib/python3.6/site-packages/airflow/example_dags/example_skip_dag.py
[2022-09-05 02:24:53,584] {scheduler_job.py:639} INFO - DAG(s) dict_keys(['example_skip_dag']) retrieved from /home/airflow/.local/lib/python3.6/site-packages/airflow/example_dags/example_skip_dag.py
[2022-09-05 02:24:53,616] {logging_mixin.py:104} INFO - [2022-09-05 02:24:53,616] {dag.py:1818} INFO - Sync 1 DAGs
[2022-09-05 02:24:53,639] {logging_mixin.py:104} INFO - [2022-09-05 02:24:53,639] {dag.py:2273} INFO - Setting next_dagrun for example_skip_dag to 2022-09-03 00:00:00+00:00
[2022-09-05 02:24:53,683] {scheduler_job.py:190} INFO - Processing /home/airflow/.local/lib/python3.6/site-packages/airflow/example_dags/example_skip_dag.py took 0.165 seconds
[2022-09-05 02:25:26,593] {scheduler_job.py:182} INFO - Started process (PID=371) to work on /home/airflow/.local/lib/python3.6/site-packages/airflow/example_dags/example_skip_dag.py
[2022-09-05 02:25:26,596] {scheduler_job.py:629} INFO - Processing file /home/airflow/.local/lib/python3.6/site-packages/airflow/example_dags/example_skip_dag.py for tasks to queue
[2022-09-05 02:25:26,608] {logging_mixin.py:104} INFO - [2022-09-05 02:25:26,607] {dagbag.py:448} INFO - Filling up the DagBag from /home/airflow/.local/lib/python3.6/site-packages/airflow/example_dags/example_skip_dag.py
[2022-09-05 02:25:26,671] {scheduler_job.py:639} INFO - DAG(s) dict_keys(['example_skip_dag']) retrieved from /home/airflow/.local/lib/python3.6/site-packages/airflow/example_dags/example_skip_dag.py
[2022-09-05 02:25:26,733] {logging_mixin.py:104} INFO - [2022-09-05 02:25:26,733] {dag.py:1818} INFO - Sync 1 DAGs
[2022-09-05 02:25:26,759] {logging_mixin.py:104} INFO - [2022-09-05 02:25:26,759] {dag.py:2273} INFO - Setting next_dagrun for example_skip_dag to 2022-09-03 00:00:00+00:00
[2022-09-05 02:25:26,796] {scheduler_job.py:190} INFO - Processing /home/airflow/.local/lib/python3.6/site-packages/airflow/example_dags/example_skip_dag.py took 0.222 seconds
[2022-09-05 02:26:02,108] {scheduler_job.py:182} INFO - Started process (PID=217) to work on /home/airflow/.local/lib/python3.6/site-packages/airflow/example_dags/example_skip_dag.py
[2022-09-05 02:26:02,109] {scheduler_job.py:629} INFO - Processing file /home/airflow/.local/lib/python3.6/site-packages/airflow/example_dags/example_skip_dag.py for tasks to queue
[2022-09-05 02:26:02,110] {logging_mixin.py:104} INFO - [2022-09-05 02:26:02,110] {dagbag.py:448} INFO - Filling up the DagBag from /home/airflow/.local/lib/python3.6/site-packages/airflow/example_dags/example_skip_dag.py
[2022-09-05 02:26:02,123] {scheduler_job.py:639} INFO - DAG(s) dict_keys(['example_skip_dag']) retrieved from /home/airflow/.local/lib/python3.6/site-packages/airflow/example_dags/example_skip_dag.py
[2022-09-05 02:26:02,148] {logging_mixin.py:104} INFO - [2022-09-05 02:26:02,148] {dag.py:1818} INFO - Sync 1 DAGs
[2022-09-05 02:26:02,167] {logging_mixin.py:104} INFO - [2022-09-05 02:26:02,167] {dag.py:2273} INFO - Setting next_dagrun for example_skip_dag to 2022-09-03 00:00:00+00:00
[2022-09-05 02:26:02,265] {scheduler_job.py:190} INFO - Processing /home/airflow/.local/lib/python3.6/site-packages/airflow/example_dags/example_skip_dag.py took 0.161 seconds
[2022-09-05 02:26:33,262] {scheduler_job.py:182} INFO - Started process (PID=352) to work on /home/airflow/.local/lib/python3.6/site-packages/airflow/example_dags/example_skip_dag.py
[2022-09-05 02:26:33,263] {scheduler_job.py:629} INFO - Processing file /home/airflow/.local/lib/python3.6/site-packages/airflow/example_dags/example_skip_dag.py for tasks to queue
[2022-09-05 02:26:33,265] {logging_mixin.py:104} INFO - [2022-09-05 02:26:33,264] {dagbag.py:448} INFO - Filling up the DagBag from /home/airflow/.local/lib/python3.6/site-packages/airflow/example_dags/example_skip_dag.py
[2022-09-05 02:26:33,278] {scheduler_job.py:639} INFO - DAG(s) dict_keys(['example_skip_dag']) retrieved from /home/airflow/.local/lib/python3.6/site-packages/airflow/example_dags/example_skip_dag.py
[2022-09-05 02:26:33,306] {logging_mixin.py:104} INFO - [2022-09-05 02:26:33,305] {dag.py:1818} INFO - Sync 1 DAGs
[2022-09-05 02:26:33,332] {logging_mixin.py:104} INFO - [2022-09-05 02:26:33,332] {dag.py:2273} INFO - Setting next_dagrun for example_skip_dag to 2022-09-03 00:00:00+00:00
[2022-09-05 02:26:33,384] {scheduler_job.py:190} INFO - Processing /home/airflow/.local/lib/python3.6/site-packages/airflow/example_dags/example_skip_dag.py took 0.126 seconds
[2022-09-05 02:27:03,599] {scheduler_job.py:182} INFO - Started process (PID=482) to work on /home/airflow/.local/lib/python3.6/site-packages/airflow/example_dags/example_skip_dag.py
[2022-09-05 02:27:03,600] {scheduler_job.py:629} INFO - Processing file /home/airflow/.local/lib/python3.6/site-packages/airflow/example_dags/example_skip_dag.py for tasks to queue
[2022-09-05 02:27:03,602] {logging_mixin.py:104} INFO - [2022-09-05 02:27:03,601] {dagbag.py:448} INFO - Filling up the DagBag from /home/airflow/.local/lib/python3.6/site-packages/airflow/example_dags/example_skip_dag.py
[2022-09-05 02:27:03,615] {scheduler_job.py:639} INFO - DAG(s) dict_keys(['example_skip_dag']) retrieved from /home/airflow/.local/lib/python3.6/site-packages/airflow/example_dags/example_skip_dag.py
[2022-09-05 02:27:03,642] {logging_mixin.py:104} INFO - [2022-09-05 02:27:03,642] {dag.py:1818} INFO - Sync 1 DAGs
[2022-09-05 02:27:03,666] {logging_mixin.py:104} INFO - [2022-09-05 02:27:03,665] {dag.py:2273} INFO - Setting next_dagrun for example_skip_dag to 2022-09-03 00:00:00+00:00
[2022-09-05 02:27:03,702] {scheduler_job.py:190} INFO - Processing /home/airflow/.local/lib/python3.6/site-packages/airflow/example_dags/example_skip_dag.py took 0.106 seconds
[2022-09-05 02:27:34,805] {scheduler_job.py:182} INFO - Started process (PID=612) to work on /home/airflow/.local/lib/python3.6/site-packages/airflow/example_dags/example_skip_dag.py
[2022-09-05 02:27:34,810] {scheduler_job.py:629} INFO - Processing file /home/airflow/.local/lib/python3.6/site-packages/airflow/example_dags/example_skip_dag.py for tasks to queue
[2022-09-05 02:27:34,813] {logging_mixin.py:104} INFO - [2022-09-05 02:27:34,812] {dagbag.py:448} INFO - Filling up the DagBag from /home/airflow/.local/lib/python3.6/site-packages/airflow/example_dags/example_skip_dag.py
[2022-09-05 02:27:34,848] {scheduler_job.py:639} INFO - DAG(s) dict_keys(['example_skip_dag']) retrieved from /home/airflow/.local/lib/python3.6/site-packages/airflow/example_dags/example_skip_dag.py
[2022-09-05 02:27:34,905] {logging_mixin.py:104} INFO - [2022-09-05 02:27:34,905] {dag.py:1818} INFO - Sync 1 DAGs
[2022-09-05 02:27:34,953] {logging_mixin.py:104} INFO - [2022-09-05 02:27:34,953] {dag.py:2273} INFO - Setting next_dagrun for example_skip_dag to 2022-09-03 00:00:00+00:00
[2022-09-05 02:27:34,994] {scheduler_job.py:190} INFO - Processing /home/airflow/.local/lib/python3.6/site-packages/airflow/example_dags/example_skip_dag.py took 0.194 seconds
[2022-09-05 02:28:05,357] {scheduler_job.py:182} INFO - Started process (PID=742) to work on /home/airflow/.local/lib/python3.6/site-packages/airflow/example_dags/example_skip_dag.py
[2022-09-05 02:28:05,359] {scheduler_job.py:629} INFO - Processing file /home/airflow/.local/lib/python3.6/site-packages/airflow/example_dags/example_skip_dag.py for tasks to queue
[2022-09-05 02:28:05,360] {logging_mixin.py:104} INFO - [2022-09-05 02:28:05,360] {dagbag.py:448} INFO - Filling up the DagBag from /home/airflow/.local/lib/python3.6/site-packages/airflow/example_dags/example_skip_dag.py
[2022-09-05 02:28:05,377] {scheduler_job.py:639} INFO - DAG(s) dict_keys(['example_skip_dag']) retrieved from /home/airflow/.local/lib/python3.6/site-packages/airflow/example_dags/example_skip_dag.py
[2022-09-05 02:28:05,409] {logging_mixin.py:104} INFO - [2022-09-05 02:28:05,408] {dag.py:1818} INFO - Sync 1 DAGs
[2022-09-05 02:28:05,431] {logging_mixin.py:104} INFO - [2022-09-05 02:28:05,430] {dag.py:2273} INFO - Setting next_dagrun for example_skip_dag to 2022-09-03 00:00:00+00:00
[2022-09-05 02:28:05,559] {scheduler_job.py:190} INFO - Processing /home/airflow/.local/lib/python3.6/site-packages/airflow/example_dags/example_skip_dag.py took 0.206 seconds
[2022-09-05 02:28:35,991] {scheduler_job.py:182} INFO - Started process (PID=877) to work on /home/airflow/.local/lib/python3.6/site-packages/airflow/example_dags/example_skip_dag.py
[2022-09-05 02:28:35,995] {scheduler_job.py:629} INFO - Processing file /home/airflow/.local/lib/python3.6/site-packages/airflow/example_dags/example_skip_dag.py for tasks to queue
[2022-09-05 02:28:35,996] {logging_mixin.py:104} INFO - [2022-09-05 02:28:35,996] {dagbag.py:448} INFO - Filling up the DagBag from /home/airflow/.local/lib/python3.6/site-packages/airflow/example_dags/example_skip_dag.py
[2022-09-05 02:28:36,015] {scheduler_job.py:639} INFO - DAG(s) dict_keys(['example_skip_dag']) retrieved from /home/airflow/.local/lib/python3.6/site-packages/airflow/example_dags/example_skip_dag.py
[2022-09-05 02:28:36,049] {logging_mixin.py:104} INFO - [2022-09-05 02:28:36,049] {dag.py:1818} INFO - Sync 1 DAGs
[2022-09-05 02:28:36,072] {logging_mixin.py:104} INFO - [2022-09-05 02:28:36,072] {dag.py:2273} INFO - Setting next_dagrun for example_skip_dag to 2022-09-03 00:00:00+00:00
[2022-09-05 02:28:36,124] {scheduler_job.py:190} INFO - Processing /home/airflow/.local/lib/python3.6/site-packages/airflow/example_dags/example_skip_dag.py took 0.138 seconds
[2022-09-05 02:29:07,077] {scheduler_job.py:182} INFO - Started process (PID=1012) to work on /home/airflow/.local/lib/python3.6/site-packages/airflow/example_dags/example_skip_dag.py
[2022-09-05 02:29:07,085] {scheduler_job.py:629} INFO - Processing file /home/airflow/.local/lib/python3.6/site-packages/airflow/example_dags/example_skip_dag.py for tasks to queue
[2022-09-05 02:29:07,091] {logging_mixin.py:104} INFO - [2022-09-05 02:29:07,091] {dagbag.py:448} INFO - Filling up the DagBag from /home/airflow/.local/lib/python3.6/site-packages/airflow/example_dags/example_skip_dag.py
[2022-09-05 02:29:07,127] {scheduler_job.py:639} INFO - DAG(s) dict_keys(['example_skip_dag']) retrieved from /home/airflow/.local/lib/python3.6/site-packages/airflow/example_dags/example_skip_dag.py
[2022-09-05 02:29:07,199] {logging_mixin.py:104} INFO - [2022-09-05 02:29:07,199] {dag.py:1818} INFO - Sync 1 DAGs
[2022-09-05 02:29:07,315] {logging_mixin.py:104} INFO - [2022-09-05 02:29:07,315] {dag.py:2273} INFO - Setting next_dagrun for example_skip_dag to 2022-09-03 00:00:00+00:00
[2022-09-05 02:29:07,382] {scheduler_job.py:190} INFO - Processing /home/airflow/.local/lib/python3.6/site-packages/airflow/example_dags/example_skip_dag.py took 0.323 seconds
[2022-09-05 02:29:38,171] {scheduler_job.py:182} INFO - Started process (PID=1157) to work on /home/airflow/.local/lib/python3.6/site-packages/airflow/example_dags/example_skip_dag.py
[2022-09-05 02:29:38,173] {scheduler_job.py:629} INFO - Processing file /home/airflow/.local/lib/python3.6/site-packages/airflow/example_dags/example_skip_dag.py for tasks to queue
[2022-09-05 02:29:38,175] {logging_mixin.py:104} INFO - [2022-09-05 02:29:38,174] {dagbag.py:448} INFO - Filling up the DagBag from /home/airflow/.local/lib/python3.6/site-packages/airflow/example_dags/example_skip_dag.py
[2022-09-05 02:29:38,193] {scheduler_job.py:639} INFO - DAG(s) dict_keys(['example_skip_dag']) retrieved from /home/airflow/.local/lib/python3.6/site-packages/airflow/example_dags/example_skip_dag.py
[2022-09-05 02:29:38,224] {logging_mixin.py:104} INFO - [2022-09-05 02:29:38,224] {dag.py:1818} INFO - Sync 1 DAGs
[2022-09-05 02:29:38,245] {logging_mixin.py:104} INFO - [2022-09-05 02:29:38,244] {dag.py:2273} INFO - Setting next_dagrun for example_skip_dag to 2022-09-03 00:00:00+00:00
[2022-09-05 02:29:38,314] {scheduler_job.py:190} INFO - Processing /home/airflow/.local/lib/python3.6/site-packages/airflow/example_dags/example_skip_dag.py took 0.147 seconds
[2022-09-05 02:30:08,505] {scheduler_job.py:182} INFO - Started process (PID=1287) to work on /home/airflow/.local/lib/python3.6/site-packages/airflow/example_dags/example_skip_dag.py
[2022-09-05 02:30:08,507] {scheduler_job.py:629} INFO - Processing file /home/airflow/.local/lib/python3.6/site-packages/airflow/example_dags/example_skip_dag.py for tasks to queue
[2022-09-05 02:30:08,509] {logging_mixin.py:104} INFO - [2022-09-05 02:30:08,508] {dagbag.py:448} INFO - Filling up the DagBag from /home/airflow/.local/lib/python3.6/site-packages/airflow/example_dags/example_skip_dag.py
[2022-09-05 02:30:08,522] {scheduler_job.py:639} INFO - DAG(s) dict_keys(['example_skip_dag']) retrieved from /home/airflow/.local/lib/python3.6/site-packages/airflow/example_dags/example_skip_dag.py
[2022-09-05 02:30:08,557] {logging_mixin.py:104} INFO - [2022-09-05 02:30:08,556] {dag.py:1818} INFO - Sync 1 DAGs
[2022-09-05 02:30:08,582] {logging_mixin.py:104} INFO - [2022-09-05 02:30:08,582] {dag.py:2273} INFO - Setting next_dagrun for example_skip_dag to 2022-09-03 00:00:00+00:00
[2022-09-05 02:30:08,622] {scheduler_job.py:190} INFO - Processing /home/airflow/.local/lib/python3.6/site-packages/airflow/example_dags/example_skip_dag.py took 0.121 seconds
[2022-09-05 02:30:38,808] {scheduler_job.py:182} INFO - Started process (PID=1417) to work on /home/airflow/.local/lib/python3.6/site-packages/airflow/example_dags/example_skip_dag.py
[2022-09-05 02:30:38,810] {scheduler_job.py:629} INFO - Processing file /home/airflow/.local/lib/python3.6/site-packages/airflow/example_dags/example_skip_dag.py for tasks to queue
[2022-09-05 02:30:38,811] {logging_mixin.py:104} INFO - [2022-09-05 02:30:38,811] {dagbag.py:448} INFO - Filling up the DagBag from /home/airflow/.local/lib/python3.6/site-packages/airflow/example_dags/example_skip_dag.py
[2022-09-05 02:30:38,834] {scheduler_job.py:639} INFO - DAG(s) dict_keys(['example_skip_dag']) retrieved from /home/airflow/.local/lib/python3.6/site-packages/airflow/example_dags/example_skip_dag.py
[2022-09-05 02:30:38,865] {logging_mixin.py:104} INFO - [2022-09-05 02:30:38,865] {dag.py:1818} INFO - Sync 1 DAGs
[2022-09-05 02:30:38,889] {logging_mixin.py:104} INFO - [2022-09-05 02:30:38,889] {dag.py:2273} INFO - Setting next_dagrun for example_skip_dag to 2022-09-03 00:00:00+00:00
[2022-09-05 02:30:38,942] {scheduler_job.py:190} INFO - Processing /home/airflow/.local/lib/python3.6/site-packages/airflow/example_dags/example_skip_dag.py took 0.139 seconds
[2022-09-05 02:31:09,712] {scheduler_job.py:182} INFO - Started process (PID=1562) to work on /home/airflow/.local/lib/python3.6/site-packages/airflow/example_dags/example_skip_dag.py
[2022-09-05 02:31:09,716] {scheduler_job.py:629} INFO - Processing file /home/airflow/.local/lib/python3.6/site-packages/airflow/example_dags/example_skip_dag.py for tasks to queue
[2022-09-05 02:31:09,717] {logging_mixin.py:104} INFO - [2022-09-05 02:31:09,717] {dagbag.py:448} INFO - Filling up the DagBag from /home/airflow/.local/lib/python3.6/site-packages/airflow/example_dags/example_skip_dag.py
[2022-09-05 02:31:09,738] {scheduler_job.py:639} INFO - DAG(s) dict_keys(['example_skip_dag']) retrieved from /home/airflow/.local/lib/python3.6/site-packages/airflow/example_dags/example_skip_dag.py
[2022-09-05 02:31:09,771] {logging_mixin.py:104} INFO - [2022-09-05 02:31:09,771] {dag.py:1818} INFO - Sync 1 DAGs
[2022-09-05 02:31:09,797] {logging_mixin.py:104} INFO - [2022-09-05 02:31:09,797] {dag.py:2273} INFO - Setting next_dagrun for example_skip_dag to 2022-09-03 00:00:00+00:00
[2022-09-05 02:31:09,837] {scheduler_job.py:190} INFO - Processing /home/airflow/.local/lib/python3.6/site-packages/airflow/example_dags/example_skip_dag.py took 0.130 seconds
[2022-09-05 02:31:39,977] {scheduler_job.py:182} INFO - Started process (PID=1722) to work on /home/airflow/.local/lib/python3.6/site-packages/airflow/example_dags/example_skip_dag.py
[2022-09-05 02:31:39,979] {scheduler_job.py:629} INFO - Processing file /home/airflow/.local/lib/python3.6/site-packages/airflow/example_dags/example_skip_dag.py for tasks to queue
[2022-09-05 02:31:39,980] {logging_mixin.py:104} INFO - [2022-09-05 02:31:39,980] {dagbag.py:448} INFO - Filling up the DagBag from /home/airflow/.local/lib/python3.6/site-packages/airflow/example_dags/example_skip_dag.py
[2022-09-05 02:31:40,001] {scheduler_job.py:639} INFO - DAG(s) dict_keys(['example_skip_dag']) retrieved from /home/airflow/.local/lib/python3.6/site-packages/airflow/example_dags/example_skip_dag.py
[2022-09-05 02:31:40,032] {logging_mixin.py:104} INFO - [2022-09-05 02:31:40,032] {dag.py:1818} INFO - Sync 1 DAGs
[2022-09-05 02:31:40,054] {logging_mixin.py:104} INFO - [2022-09-05 02:31:40,054] {dag.py:2273} INFO - Setting next_dagrun for example_skip_dag to 2022-09-03 00:00:00+00:00
[2022-09-05 02:31:40,096] {scheduler_job.py:190} INFO - Processing /home/airflow/.local/lib/python3.6/site-packages/airflow/example_dags/example_skip_dag.py took 0.124 seconds
[2022-09-05 02:32:10,135] {scheduler_job.py:182} INFO - Started process (PID=1842) to work on /home/airflow/.local/lib/python3.6/site-packages/airflow/example_dags/example_skip_dag.py
[2022-09-05 02:32:10,145] {scheduler_job.py:629} INFO - Processing file /home/airflow/.local/lib/python3.6/site-packages/airflow/example_dags/example_skip_dag.py for tasks to queue
[2022-09-05 02:32:10,147] {logging_mixin.py:104} INFO - [2022-09-05 02:32:10,147] {dagbag.py:448} INFO - Filling up the DagBag from /home/airflow/.local/lib/python3.6/site-packages/airflow/example_dags/example_skip_dag.py
[2022-09-05 02:32:10,160] {scheduler_job.py:639} INFO - DAG(s) dict_keys(['example_skip_dag']) retrieved from /home/airflow/.local/lib/python3.6/site-packages/airflow/example_dags/example_skip_dag.py
[2022-09-05 02:32:10,191] {logging_mixin.py:104} INFO - [2022-09-05 02:32:10,191] {dag.py:1818} INFO - Sync 1 DAGs
[2022-09-05 02:32:10,228] {logging_mixin.py:104} INFO - [2022-09-05 02:32:10,228] {dag.py:2273} INFO - Setting next_dagrun for example_skip_dag to 2022-09-03 00:00:00+00:00
[2022-09-05 02:32:10,268] {scheduler_job.py:190} INFO - Processing /home/airflow/.local/lib/python3.6/site-packages/airflow/example_dags/example_skip_dag.py took 0.137 seconds
[2022-09-05 02:32:41,149] {scheduler_job.py:182} INFO - Started process (PID=1987) to work on /home/airflow/.local/lib/python3.6/site-packages/airflow/example_dags/example_skip_dag.py
[2022-09-05 02:32:41,151] {scheduler_job.py:629} INFO - Processing file /home/airflow/.local/lib/python3.6/site-packages/airflow/example_dags/example_skip_dag.py for tasks to queue
[2022-09-05 02:32:41,152] {logging_mixin.py:104} INFO - [2022-09-05 02:32:41,152] {dagbag.py:448} INFO - Filling up the DagBag from /home/airflow/.local/lib/python3.6/site-packages/airflow/example_dags/example_skip_dag.py
[2022-09-05 02:32:41,169] {scheduler_job.py:639} INFO - DAG(s) dict_keys(['example_skip_dag']) retrieved from /home/airflow/.local/lib/python3.6/site-packages/airflow/example_dags/example_skip_dag.py
[2022-09-05 02:32:41,197] {logging_mixin.py:104} INFO - [2022-09-05 02:32:41,197] {dag.py:1818} INFO - Sync 1 DAGs
[2022-09-05 02:32:41,218] {logging_mixin.py:104} INFO - [2022-09-05 02:32:41,218] {dag.py:2273} INFO - Setting next_dagrun for example_skip_dag to 2022-09-03 00:00:00+00:00
[2022-09-05 02:32:41,263] {scheduler_job.py:190} INFO - Processing /home/airflow/.local/lib/python3.6/site-packages/airflow/example_dags/example_skip_dag.py took 0.118 seconds
[2022-09-05 02:33:11,731] {scheduler_job.py:182} INFO - Started process (PID=2127) to work on /home/airflow/.local/lib/python3.6/site-packages/airflow/example_dags/example_skip_dag.py
[2022-09-05 02:33:11,733] {scheduler_job.py:629} INFO - Processing file /home/airflow/.local/lib/python3.6/site-packages/airflow/example_dags/example_skip_dag.py for tasks to queue
[2022-09-05 02:33:11,735] {logging_mixin.py:104} INFO - [2022-09-05 02:33:11,734] {dagbag.py:448} INFO - Filling up the DagBag from /home/airflow/.local/lib/python3.6/site-packages/airflow/example_dags/example_skip_dag.py
[2022-09-05 02:33:11,750] {scheduler_job.py:639} INFO - DAG(s) dict_keys(['example_skip_dag']) retrieved from /home/airflow/.local/lib/python3.6/site-packages/airflow/example_dags/example_skip_dag.py
[2022-09-05 02:33:11,781] {logging_mixin.py:104} INFO - [2022-09-05 02:33:11,781] {dag.py:1818} INFO - Sync 1 DAGs
[2022-09-05 02:33:11,801] {logging_mixin.py:104} INFO - [2022-09-05 02:33:11,801] {dag.py:2273} INFO - Setting next_dagrun for example_skip_dag to 2022-09-03 00:00:00+00:00
[2022-09-05 02:33:11,884] {scheduler_job.py:190} INFO - Processing /home/airflow/.local/lib/python3.6/site-packages/airflow/example_dags/example_skip_dag.py took 0.157 seconds
[2022-09-05 02:33:42,455] {scheduler_job.py:182} INFO - Started process (PID=2257) to work on /home/airflow/.local/lib/python3.6/site-packages/airflow/example_dags/example_skip_dag.py
[2022-09-05 02:33:42,457] {scheduler_job.py:629} INFO - Processing file /home/airflow/.local/lib/python3.6/site-packages/airflow/example_dags/example_skip_dag.py for tasks to queue
[2022-09-05 02:33:42,458] {logging_mixin.py:104} INFO - [2022-09-05 02:33:42,458] {dagbag.py:448} INFO - Filling up the DagBag from /home/airflow/.local/lib/python3.6/site-packages/airflow/example_dags/example_skip_dag.py
[2022-09-05 02:33:42,478] {scheduler_job.py:639} INFO - DAG(s) dict_keys(['example_skip_dag']) retrieved from /home/airflow/.local/lib/python3.6/site-packages/airflow/example_dags/example_skip_dag.py
[2022-09-05 02:33:42,513] {logging_mixin.py:104} INFO - [2022-09-05 02:33:42,513] {dag.py:1818} INFO - Sync 1 DAGs
[2022-09-05 02:33:42,542] {logging_mixin.py:104} INFO - [2022-09-05 02:33:42,542] {dag.py:2273} INFO - Setting next_dagrun for example_skip_dag to 2022-09-03 00:00:00+00:00
[2022-09-05 02:33:42,579] {scheduler_job.py:190} INFO - Processing /home/airflow/.local/lib/python3.6/site-packages/airflow/example_dags/example_skip_dag.py took 0.129 seconds
[2022-09-05 02:34:13,120] {scheduler_job.py:182} INFO - Started process (PID=2387) to work on /home/airflow/.local/lib/python3.6/site-packages/airflow/example_dags/example_skip_dag.py
[2022-09-05 02:34:13,122] {scheduler_job.py:629} INFO - Processing file /home/airflow/.local/lib/python3.6/site-packages/airflow/example_dags/example_skip_dag.py for tasks to queue
[2022-09-05 02:34:13,123] {logging_mixin.py:104} INFO - [2022-09-05 02:34:13,123] {dagbag.py:448} INFO - Filling up the DagBag from /home/airflow/.local/lib/python3.6/site-packages/airflow/example_dags/example_skip_dag.py
[2022-09-05 02:34:13,143] {scheduler_job.py:639} INFO - DAG(s) dict_keys(['example_skip_dag']) retrieved from /home/airflow/.local/lib/python3.6/site-packages/airflow/example_dags/example_skip_dag.py
[2022-09-05 02:34:13,174] {logging_mixin.py:104} INFO - [2022-09-05 02:34:13,174] {dag.py:1818} INFO - Sync 1 DAGs
[2022-09-05 02:34:13,193] {logging_mixin.py:104} INFO - [2022-09-05 02:34:13,193] {dag.py:2273} INFO - Setting next_dagrun for example_skip_dag to 2022-09-03 00:00:00+00:00
[2022-09-05 02:34:13,234] {scheduler_job.py:190} INFO - Processing /home/airflow/.local/lib/python3.6/site-packages/airflow/example_dags/example_skip_dag.py took 0.120 seconds
[2022-09-05 02:34:43,528] {scheduler_job.py:182} INFO - Started process (PID=2517) to work on /home/airflow/.local/lib/python3.6/site-packages/airflow/example_dags/example_skip_dag.py
[2022-09-05 02:34:43,530] {scheduler_job.py:629} INFO - Processing file /home/airflow/.local/lib/python3.6/site-packages/airflow/example_dags/example_skip_dag.py for tasks to queue
[2022-09-05 02:34:43,531] {logging_mixin.py:104} INFO - [2022-09-05 02:34:43,531] {dagbag.py:448} INFO - Filling up the DagBag from /home/airflow/.local/lib/python3.6/site-packages/airflow/example_dags/example_skip_dag.py
[2022-09-05 02:34:43,547] {scheduler_job.py:639} INFO - DAG(s) dict_keys(['example_skip_dag']) retrieved from /home/airflow/.local/lib/python3.6/site-packages/airflow/example_dags/example_skip_dag.py
[2022-09-05 02:34:43,581] {logging_mixin.py:104} INFO - [2022-09-05 02:34:43,581] {dag.py:1818} INFO - Sync 1 DAGs
[2022-09-05 02:34:43,603] {logging_mixin.py:104} INFO - [2022-09-05 02:34:43,603] {dag.py:2273} INFO - Setting next_dagrun for example_skip_dag to 2022-09-03 00:00:00+00:00
[2022-09-05 02:34:43,647] {scheduler_job.py:190} INFO - Processing /home/airflow/.local/lib/python3.6/site-packages/airflow/example_dags/example_skip_dag.py took 0.124 seconds
[2022-09-05 02:35:13,923] {scheduler_job.py:182} INFO - Started process (PID=2647) to work on /home/airflow/.local/lib/python3.6/site-packages/airflow/example_dags/example_skip_dag.py
[2022-09-05 02:35:13,926] {scheduler_job.py:629} INFO - Processing file /home/airflow/.local/lib/python3.6/site-packages/airflow/example_dags/example_skip_dag.py for tasks to queue
[2022-09-05 02:35:13,927] {logging_mixin.py:104} INFO - [2022-09-05 02:35:13,927] {dagbag.py:448} INFO - Filling up the DagBag from /home/airflow/.local/lib/python3.6/site-packages/airflow/example_dags/example_skip_dag.py
[2022-09-05 02:35:13,942] {scheduler_job.py:639} INFO - DAG(s) dict_keys(['example_skip_dag']) retrieved from /home/airflow/.local/lib/python3.6/site-packages/airflow/example_dags/example_skip_dag.py
[2022-09-05 02:35:13,974] {logging_mixin.py:104} INFO - [2022-09-05 02:35:13,973] {dag.py:1818} INFO - Sync 1 DAGs
[2022-09-05 02:35:13,993] {logging_mixin.py:104} INFO - [2022-09-05 02:35:13,993] {dag.py:2273} INFO - Setting next_dagrun for example_skip_dag to 2022-09-03 00:00:00+00:00
[2022-09-05 02:35:14,042] {scheduler_job.py:190} INFO - Processing /home/airflow/.local/lib/python3.6/site-packages/airflow/example_dags/example_skip_dag.py took 0.122 seconds
[2022-09-05 02:35:44,378] {scheduler_job.py:182} INFO - Started process (PID=2777) to work on /home/airflow/.local/lib/python3.6/site-packages/airflow/example_dags/example_skip_dag.py
[2022-09-05 02:35:44,380] {scheduler_job.py:629} INFO - Processing file /home/airflow/.local/lib/python3.6/site-packages/airflow/example_dags/example_skip_dag.py for tasks to queue
[2022-09-05 02:35:44,382] {logging_mixin.py:104} INFO - [2022-09-05 02:35:44,381] {dagbag.py:448} INFO - Filling up the DagBag from /home/airflow/.local/lib/python3.6/site-packages/airflow/example_dags/example_skip_dag.py
[2022-09-05 02:35:44,396] {scheduler_job.py:639} INFO - DAG(s) dict_keys(['example_skip_dag']) retrieved from /home/airflow/.local/lib/python3.6/site-packages/airflow/example_dags/example_skip_dag.py
[2022-09-05 02:35:44,424] {logging_mixin.py:104} INFO - [2022-09-05 02:35:44,424] {dag.py:1818} INFO - Sync 1 DAGs
[2022-09-05 02:35:44,443] {logging_mixin.py:104} INFO - [2022-09-05 02:35:44,442] {dag.py:2273} INFO - Setting next_dagrun for example_skip_dag to 2022-09-03 00:00:00+00:00
[2022-09-05 02:35:44,490] {scheduler_job.py:190} INFO - Processing /home/airflow/.local/lib/python3.6/site-packages/airflow/example_dags/example_skip_dag.py took 0.117 seconds
[2022-09-05 02:36:14,538] {scheduler_job.py:182} INFO - Started process (PID=2894) to work on /home/airflow/.local/lib/python3.6/site-packages/airflow/example_dags/example_skip_dag.py
[2022-09-05 02:36:14,541] {scheduler_job.py:629} INFO - Processing file /home/airflow/.local/lib/python3.6/site-packages/airflow/example_dags/example_skip_dag.py for tasks to queue
[2022-09-05 02:36:14,542] {logging_mixin.py:104} INFO - [2022-09-05 02:36:14,542] {dagbag.py:448} INFO - Filling up the DagBag from /home/airflow/.local/lib/python3.6/site-packages/airflow/example_dags/example_skip_dag.py
[2022-09-05 02:36:14,558] {scheduler_job.py:639} INFO - DAG(s) dict_keys(['example_skip_dag']) retrieved from /home/airflow/.local/lib/python3.6/site-packages/airflow/example_dags/example_skip_dag.py
[2022-09-05 02:36:14,595] {logging_mixin.py:104} INFO - [2022-09-05 02:36:14,595] {dag.py:1818} INFO - Sync 1 DAGs
[2022-09-05 02:36:14,624] {logging_mixin.py:104} INFO - [2022-09-05 02:36:14,624] {dag.py:2273} INFO - Setting next_dagrun for example_skip_dag to 2022-09-03 00:00:00+00:00
[2022-09-05 02:36:14,689] {scheduler_job.py:190} INFO - Processing /home/airflow/.local/lib/python3.6/site-packages/airflow/example_dags/example_skip_dag.py took 0.155 seconds
[2022-09-05 02:36:45,242] {scheduler_job.py:182} INFO - Started process (PID=3027) to work on /home/airflow/.local/lib/python3.6/site-packages/airflow/example_dags/example_skip_dag.py
[2022-09-05 02:36:45,246] {scheduler_job.py:629} INFO - Processing file /home/airflow/.local/lib/python3.6/site-packages/airflow/example_dags/example_skip_dag.py for tasks to queue
[2022-09-05 02:36:45,248] {logging_mixin.py:104} INFO - [2022-09-05 02:36:45,247] {dagbag.py:448} INFO - Filling up the DagBag from /home/airflow/.local/lib/python3.6/site-packages/airflow/example_dags/example_skip_dag.py
[2022-09-05 02:36:45,275] {scheduler_job.py:639} INFO - DAG(s) dict_keys(['example_skip_dag']) retrieved from /home/airflow/.local/lib/python3.6/site-packages/airflow/example_dags/example_skip_dag.py
[2022-09-05 02:36:45,317] {logging_mixin.py:104} INFO - [2022-09-05 02:36:45,317] {dag.py:1818} INFO - Sync 1 DAGs
[2022-09-05 02:36:45,344] {logging_mixin.py:104} INFO - [2022-09-05 02:36:45,344] {dag.py:2273} INFO - Setting next_dagrun for example_skip_dag to 2022-09-03 00:00:00+00:00
[2022-09-05 02:36:45,411] {scheduler_job.py:190} INFO - Processing /home/airflow/.local/lib/python3.6/site-packages/airflow/example_dags/example_skip_dag.py took 0.175 seconds
