[2022-09-05 02:11:04,710] {scheduler_job.py:182} INFO - Started process (PID=263) to work on /home/airflow/.local/lib/python3.6/site-packages/airflow/example_dags/example_branch_operator.py
[2022-09-05 02:11:04,712] {scheduler_job.py:629} INFO - Processing file /home/airflow/.local/lib/python3.6/site-packages/airflow/example_dags/example_branch_operator.py for tasks to queue
[2022-09-05 02:11:04,715] {logging_mixin.py:104} INFO - [2022-09-05 02:11:04,714] {dagbag.py:448} INFO - Filling up the DagBag from /home/airflow/.local/lib/python3.6/site-packages/airflow/example_dags/example_branch_operator.py
[2022-09-05 02:11:04,749] {scheduler_job.py:639} INFO - DAG(s) dict_keys(['example_branch_operator']) retrieved from /home/airflow/.local/lib/python3.6/site-packages/airflow/example_dags/example_branch_operator.py
[2022-09-05 02:11:04,806] {logging_mixin.py:104} INFO - [2022-09-05 02:11:04,806] {dag.py:1818} INFO - Sync 1 DAGs
[2022-09-05 02:11:04,825] {logging_mixin.py:104} INFO - [2022-09-05 02:11:04,824] {dag.py:1837} INFO - Creating ORM DAG for example_branch_operator
[2022-09-05 02:11:04,852] {logging_mixin.py:104} INFO - [2022-09-05 02:11:04,852] {dag.py:2273} INFO - Setting next_dagrun for example_branch_operator to 2022-09-03 00:00:00+00:00
[2022-09-05 02:11:04,908] {scheduler_job.py:190} INFO - Processing /home/airflow/.local/lib/python3.6/site-packages/airflow/example_dags/example_branch_operator.py took 0.203 seconds
[2022-09-05 02:11:35,778] {scheduler_job.py:182} INFO - Started process (PID=394) to work on /home/airflow/.local/lib/python3.6/site-packages/airflow/example_dags/example_branch_operator.py
[2022-09-05 02:11:35,781] {scheduler_job.py:629} INFO - Processing file /home/airflow/.local/lib/python3.6/site-packages/airflow/example_dags/example_branch_operator.py for tasks to queue
[2022-09-05 02:11:35,784] {logging_mixin.py:104} INFO - [2022-09-05 02:11:35,784] {dagbag.py:448} INFO - Filling up the DagBag from /home/airflow/.local/lib/python3.6/site-packages/airflow/example_dags/example_branch_operator.py
[2022-09-05 02:11:35,821] {scheduler_job.py:639} INFO - DAG(s) dict_keys(['example_branch_operator']) retrieved from /home/airflow/.local/lib/python3.6/site-packages/airflow/example_dags/example_branch_operator.py
[2022-09-05 02:11:35,873] {logging_mixin.py:104} INFO - [2022-09-05 02:11:35,873] {dag.py:1818} INFO - Sync 1 DAGs
[2022-09-05 02:11:35,928] {logging_mixin.py:104} INFO - [2022-09-05 02:11:35,928] {dag.py:2273} INFO - Setting next_dagrun for example_branch_operator to 2022-09-03 00:00:00+00:00
[2022-09-05 02:11:35,982] {scheduler_job.py:190} INFO - Processing /home/airflow/.local/lib/python3.6/site-packages/airflow/example_dags/example_branch_operator.py took 0.209 seconds
[2022-09-05 02:12:06,241] {scheduler_job.py:182} INFO - Started process (PID=528) to work on /home/airflow/.local/lib/python3.6/site-packages/airflow/example_dags/example_branch_operator.py
[2022-09-05 02:12:06,242] {scheduler_job.py:629} INFO - Processing file /home/airflow/.local/lib/python3.6/site-packages/airflow/example_dags/example_branch_operator.py for tasks to queue
[2022-09-05 02:12:06,243] {logging_mixin.py:104} INFO - [2022-09-05 02:12:06,243] {dagbag.py:448} INFO - Filling up the DagBag from /home/airflow/.local/lib/python3.6/site-packages/airflow/example_dags/example_branch_operator.py
[2022-09-05 02:12:06,263] {scheduler_job.py:639} INFO - DAG(s) dict_keys(['example_branch_operator']) retrieved from /home/airflow/.local/lib/python3.6/site-packages/airflow/example_dags/example_branch_operator.py
[2022-09-05 02:12:06,303] {logging_mixin.py:104} INFO - [2022-09-05 02:12:06,303] {dag.py:1818} INFO - Sync 1 DAGs
[2022-09-05 02:12:06,335] {logging_mixin.py:104} INFO - [2022-09-05 02:12:06,335] {dag.py:2273} INFO - Setting next_dagrun for example_branch_operator to 2022-09-03 00:00:00+00:00
[2022-09-05 02:12:06,370] {scheduler_job.py:190} INFO - Processing /home/airflow/.local/lib/python3.6/site-packages/airflow/example_dags/example_branch_operator.py took 0.133 seconds
[2022-09-05 02:12:37,450] {scheduler_job.py:182} INFO - Started process (PID=673) to work on /home/airflow/.local/lib/python3.6/site-packages/airflow/example_dags/example_branch_operator.py
[2022-09-05 02:12:37,452] {scheduler_job.py:629} INFO - Processing file /home/airflow/.local/lib/python3.6/site-packages/airflow/example_dags/example_branch_operator.py for tasks to queue
[2022-09-05 02:12:37,453] {logging_mixin.py:104} INFO - [2022-09-05 02:12:37,452] {dagbag.py:448} INFO - Filling up the DagBag from /home/airflow/.local/lib/python3.6/site-packages/airflow/example_dags/example_branch_operator.py
[2022-09-05 02:12:37,477] {scheduler_job.py:639} INFO - DAG(s) dict_keys(['example_branch_operator']) retrieved from /home/airflow/.local/lib/python3.6/site-packages/airflow/example_dags/example_branch_operator.py
[2022-09-05 02:12:37,503] {logging_mixin.py:104} INFO - [2022-09-05 02:12:37,503] {dag.py:1818} INFO - Sync 1 DAGs
[2022-09-05 02:12:37,530] {logging_mixin.py:104} INFO - [2022-09-05 02:12:37,530] {dag.py:2273} INFO - Setting next_dagrun for example_branch_operator to 2022-09-03 00:00:00+00:00
[2022-09-05 02:12:37,568] {scheduler_job.py:190} INFO - Processing /home/airflow/.local/lib/python3.6/site-packages/airflow/example_dags/example_branch_operator.py took 0.121 seconds
[2022-09-05 02:13:07,743] {scheduler_job.py:182} INFO - Started process (PID=803) to work on /home/airflow/.local/lib/python3.6/site-packages/airflow/example_dags/example_branch_operator.py
[2022-09-05 02:13:07,744] {scheduler_job.py:629} INFO - Processing file /home/airflow/.local/lib/python3.6/site-packages/airflow/example_dags/example_branch_operator.py for tasks to queue
[2022-09-05 02:13:07,745] {logging_mixin.py:104} INFO - [2022-09-05 02:13:07,745] {dagbag.py:448} INFO - Filling up the DagBag from /home/airflow/.local/lib/python3.6/site-packages/airflow/example_dags/example_branch_operator.py
[2022-09-05 02:13:07,768] {scheduler_job.py:639} INFO - DAG(s) dict_keys(['example_branch_operator']) retrieved from /home/airflow/.local/lib/python3.6/site-packages/airflow/example_dags/example_branch_operator.py
[2022-09-05 02:13:07,792] {logging_mixin.py:104} INFO - [2022-09-05 02:13:07,792] {dag.py:1818} INFO - Sync 1 DAGs
[2022-09-05 02:13:07,826] {logging_mixin.py:104} INFO - [2022-09-05 02:13:07,826] {dag.py:2273} INFO - Setting next_dagrun for example_branch_operator to 2022-09-03 00:00:00+00:00
[2022-09-05 02:13:07,869] {scheduler_job.py:190} INFO - Processing /home/airflow/.local/lib/python3.6/site-packages/airflow/example_dags/example_branch_operator.py took 0.130 seconds
[2022-09-05 02:13:38,275] {scheduler_job.py:182} INFO - Started process (PID=933) to work on /home/airflow/.local/lib/python3.6/site-packages/airflow/example_dags/example_branch_operator.py
[2022-09-05 02:13:38,276] {scheduler_job.py:629} INFO - Processing file /home/airflow/.local/lib/python3.6/site-packages/airflow/example_dags/example_branch_operator.py for tasks to queue
[2022-09-05 02:13:38,277] {logging_mixin.py:104} INFO - [2022-09-05 02:13:38,277] {dagbag.py:448} INFO - Filling up the DagBag from /home/airflow/.local/lib/python3.6/site-packages/airflow/example_dags/example_branch_operator.py
[2022-09-05 02:13:38,299] {scheduler_job.py:639} INFO - DAG(s) dict_keys(['example_branch_operator']) retrieved from /home/airflow/.local/lib/python3.6/site-packages/airflow/example_dags/example_branch_operator.py
[2022-09-05 02:13:38,329] {logging_mixin.py:104} INFO - [2022-09-05 02:13:38,329] {dag.py:1818} INFO - Sync 1 DAGs
[2022-09-05 02:13:38,356] {logging_mixin.py:104} INFO - [2022-09-05 02:13:38,356] {dag.py:2273} INFO - Setting next_dagrun for example_branch_operator to 2022-09-03 00:00:00+00:00
[2022-09-05 02:13:38,403] {scheduler_job.py:190} INFO - Processing /home/airflow/.local/lib/python3.6/site-packages/airflow/example_dags/example_branch_operator.py took 0.132 seconds
[2022-09-05 02:14:08,610] {scheduler_job.py:182} INFO - Started process (PID=1063) to work on /home/airflow/.local/lib/python3.6/site-packages/airflow/example_dags/example_branch_operator.py
[2022-09-05 02:14:08,612] {scheduler_job.py:629} INFO - Processing file /home/airflow/.local/lib/python3.6/site-packages/airflow/example_dags/example_branch_operator.py for tasks to queue
[2022-09-05 02:14:08,613] {logging_mixin.py:104} INFO - [2022-09-05 02:14:08,613] {dagbag.py:448} INFO - Filling up the DagBag from /home/airflow/.local/lib/python3.6/site-packages/airflow/example_dags/example_branch_operator.py
[2022-09-05 02:14:08,632] {scheduler_job.py:639} INFO - DAG(s) dict_keys(['example_branch_operator']) retrieved from /home/airflow/.local/lib/python3.6/site-packages/airflow/example_dags/example_branch_operator.py
[2022-09-05 02:14:08,658] {logging_mixin.py:104} INFO - [2022-09-05 02:14:08,658] {dag.py:1818} INFO - Sync 1 DAGs
[2022-09-05 02:14:08,685] {logging_mixin.py:104} INFO - [2022-09-05 02:14:08,685] {dag.py:2273} INFO - Setting next_dagrun for example_branch_operator to 2022-09-03 00:00:00+00:00
[2022-09-05 02:14:08,727] {scheduler_job.py:190} INFO - Processing /home/airflow/.local/lib/python3.6/site-packages/airflow/example_dags/example_branch_operator.py took 0.121 seconds
[2022-09-05 02:14:39,434] {scheduler_job.py:182} INFO - Started process (PID=1173) to work on /home/airflow/.local/lib/python3.6/site-packages/airflow/example_dags/example_branch_operator.py
[2022-09-05 02:14:39,436] {scheduler_job.py:629} INFO - Processing file /home/airflow/.local/lib/python3.6/site-packages/airflow/example_dags/example_branch_operator.py for tasks to queue
[2022-09-05 02:14:39,437] {logging_mixin.py:104} INFO - [2022-09-05 02:14:39,437] {dagbag.py:448} INFO - Filling up the DagBag from /home/airflow/.local/lib/python3.6/site-packages/airflow/example_dags/example_branch_operator.py
[2022-09-05 02:14:39,462] {scheduler_job.py:639} INFO - DAG(s) dict_keys(['example_branch_operator']) retrieved from /home/airflow/.local/lib/python3.6/site-packages/airflow/example_dags/example_branch_operator.py
[2022-09-05 02:14:39,493] {logging_mixin.py:104} INFO - [2022-09-05 02:14:39,492] {dag.py:1818} INFO - Sync 1 DAGs
[2022-09-05 02:14:39,528] {logging_mixin.py:104} INFO - [2022-09-05 02:14:39,528] {dag.py:2273} INFO - Setting next_dagrun for example_branch_operator to 2022-09-03 00:00:00+00:00
[2022-09-05 02:14:39,584] {scheduler_job.py:190} INFO - Processing /home/airflow/.local/lib/python3.6/site-packages/airflow/example_dags/example_branch_operator.py took 0.155 seconds
[2022-09-05 02:15:09,751] {scheduler_job.py:182} INFO - Started process (PID=1308) to work on /home/airflow/.local/lib/python3.6/site-packages/airflow/example_dags/example_branch_operator.py
[2022-09-05 02:15:09,753] {scheduler_job.py:629} INFO - Processing file /home/airflow/.local/lib/python3.6/site-packages/airflow/example_dags/example_branch_operator.py for tasks to queue
[2022-09-05 02:15:09,754] {logging_mixin.py:104} INFO - [2022-09-05 02:15:09,754] {dagbag.py:448} INFO - Filling up the DagBag from /home/airflow/.local/lib/python3.6/site-packages/airflow/example_dags/example_branch_operator.py
[2022-09-05 02:15:09,778] {scheduler_job.py:639} INFO - DAG(s) dict_keys(['example_branch_operator']) retrieved from /home/airflow/.local/lib/python3.6/site-packages/airflow/example_dags/example_branch_operator.py
[2022-09-05 02:15:09,810] {logging_mixin.py:104} INFO - [2022-09-05 02:15:09,810] {dag.py:1818} INFO - Sync 1 DAGs
[2022-09-05 02:15:09,837] {logging_mixin.py:104} INFO - [2022-09-05 02:15:09,837] {dag.py:2273} INFO - Setting next_dagrun for example_branch_operator to 2022-09-03 00:00:00+00:00
[2022-09-05 02:15:09,869] {scheduler_job.py:190} INFO - Processing /home/airflow/.local/lib/python3.6/site-packages/airflow/example_dags/example_branch_operator.py took 0.121 seconds
[2022-09-05 02:15:40,051] {scheduler_job.py:182} INFO - Started process (PID=1438) to work on /home/airflow/.local/lib/python3.6/site-packages/airflow/example_dags/example_branch_operator.py
[2022-09-05 02:15:40,053] {scheduler_job.py:629} INFO - Processing file /home/airflow/.local/lib/python3.6/site-packages/airflow/example_dags/example_branch_operator.py for tasks to queue
[2022-09-05 02:15:40,054] {logging_mixin.py:104} INFO - [2022-09-05 02:15:40,054] {dagbag.py:448} INFO - Filling up the DagBag from /home/airflow/.local/lib/python3.6/site-packages/airflow/example_dags/example_branch_operator.py
[2022-09-05 02:15:40,079] {scheduler_job.py:639} INFO - DAG(s) dict_keys(['example_branch_operator']) retrieved from /home/airflow/.local/lib/python3.6/site-packages/airflow/example_dags/example_branch_operator.py
[2022-09-05 02:15:40,104] {logging_mixin.py:104} INFO - [2022-09-05 02:15:40,104] {dag.py:1818} INFO - Sync 1 DAGs
[2022-09-05 02:15:40,131] {logging_mixin.py:104} INFO - [2022-09-05 02:15:40,131] {dag.py:2273} INFO - Setting next_dagrun for example_branch_operator to 2022-09-03 00:00:00+00:00
[2022-09-05 02:15:40,165] {scheduler_job.py:190} INFO - Processing /home/airflow/.local/lib/python3.6/site-packages/airflow/example_dags/example_branch_operator.py took 0.117 seconds
[2022-09-05 02:16:10,578] {scheduler_job.py:182} INFO - Started process (PID=1568) to work on /home/airflow/.local/lib/python3.6/site-packages/airflow/example_dags/example_branch_operator.py
[2022-09-05 02:16:10,585] {scheduler_job.py:629} INFO - Processing file /home/airflow/.local/lib/python3.6/site-packages/airflow/example_dags/example_branch_operator.py for tasks to queue
[2022-09-05 02:16:10,586] {logging_mixin.py:104} INFO - [2022-09-05 02:16:10,586] {dagbag.py:448} INFO - Filling up the DagBag from /home/airflow/.local/lib/python3.6/site-packages/airflow/example_dags/example_branch_operator.py
[2022-09-05 02:16:10,608] {scheduler_job.py:639} INFO - DAG(s) dict_keys(['example_branch_operator']) retrieved from /home/airflow/.local/lib/python3.6/site-packages/airflow/example_dags/example_branch_operator.py
[2022-09-05 02:16:10,639] {logging_mixin.py:104} INFO - [2022-09-05 02:16:10,639] {dag.py:1818} INFO - Sync 1 DAGs
[2022-09-05 02:16:10,668] {logging_mixin.py:104} INFO - [2022-09-05 02:16:10,668] {dag.py:2273} INFO - Setting next_dagrun for example_branch_operator to 2022-09-03 00:00:00+00:00
[2022-09-05 02:16:10,703] {scheduler_job.py:190} INFO - Processing /home/airflow/.local/lib/python3.6/site-packages/airflow/example_dags/example_branch_operator.py took 0.129 seconds
[2022-09-05 02:16:41,708] {scheduler_job.py:182} INFO - Started process (PID=1683) to work on /home/airflow/.local/lib/python3.6/site-packages/airflow/example_dags/example_branch_operator.py
[2022-09-05 02:16:41,709] {scheduler_job.py:629} INFO - Processing file /home/airflow/.local/lib/python3.6/site-packages/airflow/example_dags/example_branch_operator.py for tasks to queue
[2022-09-05 02:16:41,710] {logging_mixin.py:104} INFO - [2022-09-05 02:16:41,710] {dagbag.py:448} INFO - Filling up the DagBag from /home/airflow/.local/lib/python3.6/site-packages/airflow/example_dags/example_branch_operator.py
[2022-09-05 02:16:41,731] {scheduler_job.py:639} INFO - DAG(s) dict_keys(['example_branch_operator']) retrieved from /home/airflow/.local/lib/python3.6/site-packages/airflow/example_dags/example_branch_operator.py
[2022-09-05 02:16:41,767] {logging_mixin.py:104} INFO - [2022-09-05 02:16:41,767] {dag.py:1818} INFO - Sync 1 DAGs
[2022-09-05 02:16:41,829] {logging_mixin.py:104} INFO - [2022-09-05 02:16:41,829] {dag.py:2273} INFO - Setting next_dagrun for example_branch_operator to 2022-09-03 00:00:00+00:00
[2022-09-05 02:16:41,871] {scheduler_job.py:190} INFO - Processing /home/airflow/.local/lib/python3.6/site-packages/airflow/example_dags/example_branch_operator.py took 0.167 seconds
[2022-09-05 02:17:12,111] {scheduler_job.py:182} INFO - Started process (PID=1823) to work on /home/airflow/.local/lib/python3.6/site-packages/airflow/example_dags/example_branch_operator.py
[2022-09-05 02:17:12,113] {scheduler_job.py:629} INFO - Processing file /home/airflow/.local/lib/python3.6/site-packages/airflow/example_dags/example_branch_operator.py for tasks to queue
[2022-09-05 02:17:12,114] {logging_mixin.py:104} INFO - [2022-09-05 02:17:12,114] {dagbag.py:448} INFO - Filling up the DagBag from /home/airflow/.local/lib/python3.6/site-packages/airflow/example_dags/example_branch_operator.py
[2022-09-05 02:17:12,134] {scheduler_job.py:639} INFO - DAG(s) dict_keys(['example_branch_operator']) retrieved from /home/airflow/.local/lib/python3.6/site-packages/airflow/example_dags/example_branch_operator.py
[2022-09-05 02:17:12,160] {logging_mixin.py:104} INFO - [2022-09-05 02:17:12,160] {dag.py:1818} INFO - Sync 1 DAGs
[2022-09-05 02:17:12,186] {logging_mixin.py:104} INFO - [2022-09-05 02:17:12,186] {dag.py:2273} INFO - Setting next_dagrun for example_branch_operator to 2022-09-03 00:00:00+00:00
[2022-09-05 02:17:12,293] {scheduler_job.py:190} INFO - Processing /home/airflow/.local/lib/python3.6/site-packages/airflow/example_dags/example_branch_operator.py took 0.185 seconds
[2022-09-05 02:17:43,290] {scheduler_job.py:182} INFO - Started process (PID=1943) to work on /home/airflow/.local/lib/python3.6/site-packages/airflow/example_dags/example_branch_operator.py
[2022-09-05 02:17:43,293] {scheduler_job.py:629} INFO - Processing file /home/airflow/.local/lib/python3.6/site-packages/airflow/example_dags/example_branch_operator.py for tasks to queue
[2022-09-05 02:17:43,296] {logging_mixin.py:104} INFO - [2022-09-05 02:17:43,295] {dagbag.py:448} INFO - Filling up the DagBag from /home/airflow/.local/lib/python3.6/site-packages/airflow/example_dags/example_branch_operator.py
[2022-09-05 02:17:43,339] {scheduler_job.py:639} INFO - DAG(s) dict_keys(['example_branch_operator']) retrieved from /home/airflow/.local/lib/python3.6/site-packages/airflow/example_dags/example_branch_operator.py
[2022-09-05 02:17:43,414] {logging_mixin.py:104} INFO - [2022-09-05 02:17:43,414] {dag.py:1818} INFO - Sync 1 DAGs
[2022-09-05 02:17:43,511] {logging_mixin.py:104} INFO - [2022-09-05 02:17:43,511] {dag.py:2273} INFO - Setting next_dagrun for example_branch_operator to 2022-09-03 00:00:00+00:00
[2022-09-05 02:17:43,571] {scheduler_job.py:190} INFO - Processing /home/airflow/.local/lib/python3.6/site-packages/airflow/example_dags/example_branch_operator.py took 0.287 seconds
[2022-09-05 02:18:14,034] {scheduler_job.py:182} INFO - Started process (PID=2062) to work on /home/airflow/.local/lib/python3.6/site-packages/airflow/example_dags/example_branch_operator.py
[2022-09-05 02:18:14,036] {scheduler_job.py:629} INFO - Processing file /home/airflow/.local/lib/python3.6/site-packages/airflow/example_dags/example_branch_operator.py for tasks to queue
[2022-09-05 02:18:14,038] {logging_mixin.py:104} INFO - [2022-09-05 02:18:14,037] {dagbag.py:448} INFO - Filling up the DagBag from /home/airflow/.local/lib/python3.6/site-packages/airflow/example_dags/example_branch_operator.py
[2022-09-05 02:18:14,064] {scheduler_job.py:639} INFO - DAG(s) dict_keys(['example_branch_operator']) retrieved from /home/airflow/.local/lib/python3.6/site-packages/airflow/example_dags/example_branch_operator.py
[2022-09-05 02:18:14,094] {logging_mixin.py:104} INFO - [2022-09-05 02:18:14,094] {dag.py:1818} INFO - Sync 1 DAGs
[2022-09-05 02:18:14,126] {logging_mixin.py:104} INFO - [2022-09-05 02:18:14,126] {dag.py:2273} INFO - Setting next_dagrun for example_branch_operator to 2022-09-03 00:00:00+00:00
[2022-09-05 02:18:14,216] {scheduler_job.py:190} INFO - Processing /home/airflow/.local/lib/python3.6/site-packages/airflow/example_dags/example_branch_operator.py took 0.188 seconds
[2022-09-05 02:18:44,533] {scheduler_job.py:182} INFO - Started process (PID=2198) to work on /home/airflow/.local/lib/python3.6/site-packages/airflow/example_dags/example_branch_operator.py
[2022-09-05 02:18:44,535] {scheduler_job.py:629} INFO - Processing file /home/airflow/.local/lib/python3.6/site-packages/airflow/example_dags/example_branch_operator.py for tasks to queue
[2022-09-05 02:18:44,536] {logging_mixin.py:104} INFO - [2022-09-05 02:18:44,536] {dagbag.py:448} INFO - Filling up the DagBag from /home/airflow/.local/lib/python3.6/site-packages/airflow/example_dags/example_branch_operator.py
[2022-09-05 02:18:44,562] {scheduler_job.py:639} INFO - DAG(s) dict_keys(['example_branch_operator']) retrieved from /home/airflow/.local/lib/python3.6/site-packages/airflow/example_dags/example_branch_operator.py
[2022-09-05 02:18:44,593] {logging_mixin.py:104} INFO - [2022-09-05 02:18:44,592] {dag.py:1818} INFO - Sync 1 DAGs
[2022-09-05 02:18:44,631] {logging_mixin.py:104} INFO - [2022-09-05 02:18:44,631] {dag.py:2273} INFO - Setting next_dagrun for example_branch_operator to 2022-09-03 00:00:00+00:00
[2022-09-05 02:18:44,688] {scheduler_job.py:190} INFO - Processing /home/airflow/.local/lib/python3.6/site-packages/airflow/example_dags/example_branch_operator.py took 0.160 seconds
[2022-09-05 02:19:14,864] {scheduler_job.py:182} INFO - Started process (PID=2338) to work on /home/airflow/.local/lib/python3.6/site-packages/airflow/example_dags/example_branch_operator.py
[2022-09-05 02:19:14,866] {scheduler_job.py:629} INFO - Processing file /home/airflow/.local/lib/python3.6/site-packages/airflow/example_dags/example_branch_operator.py for tasks to queue
[2022-09-05 02:19:14,867] {logging_mixin.py:104} INFO - [2022-09-05 02:19:14,867] {dagbag.py:448} INFO - Filling up the DagBag from /home/airflow/.local/lib/python3.6/site-packages/airflow/example_dags/example_branch_operator.py
[2022-09-05 02:19:14,892] {scheduler_job.py:639} INFO - DAG(s) dict_keys(['example_branch_operator']) retrieved from /home/airflow/.local/lib/python3.6/site-packages/airflow/example_dags/example_branch_operator.py
[2022-09-05 02:19:14,923] {logging_mixin.py:104} INFO - [2022-09-05 02:19:14,923] {dag.py:1818} INFO - Sync 1 DAGs
[2022-09-05 02:19:14,954] {logging_mixin.py:104} INFO - [2022-09-05 02:19:14,954] {dag.py:2273} INFO - Setting next_dagrun for example_branch_operator to 2022-09-03 00:00:00+00:00
[2022-09-05 02:19:15,004] {scheduler_job.py:190} INFO - Processing /home/airflow/.local/lib/python3.6/site-packages/airflow/example_dags/example_branch_operator.py took 0.144 seconds
[2022-09-05 02:19:45,173] {scheduler_job.py:182} INFO - Started process (PID=2453) to work on /home/airflow/.local/lib/python3.6/site-packages/airflow/example_dags/example_branch_operator.py
[2022-09-05 02:19:45,175] {scheduler_job.py:629} INFO - Processing file /home/airflow/.local/lib/python3.6/site-packages/airflow/example_dags/example_branch_operator.py for tasks to queue
[2022-09-05 02:19:45,176] {logging_mixin.py:104} INFO - [2022-09-05 02:19:45,176] {dagbag.py:448} INFO - Filling up the DagBag from /home/airflow/.local/lib/python3.6/site-packages/airflow/example_dags/example_branch_operator.py
[2022-09-05 02:19:45,196] {scheduler_job.py:639} INFO - DAG(s) dict_keys(['example_branch_operator']) retrieved from /home/airflow/.local/lib/python3.6/site-packages/airflow/example_dags/example_branch_operator.py
[2022-09-05 02:19:45,228] {logging_mixin.py:104} INFO - [2022-09-05 02:19:45,228] {dag.py:1818} INFO - Sync 1 DAGs
[2022-09-05 02:19:45,261] {logging_mixin.py:104} INFO - [2022-09-05 02:19:45,261] {dag.py:2273} INFO - Setting next_dagrun for example_branch_operator to 2022-09-03 00:00:00+00:00
[2022-09-05 02:19:45,324] {scheduler_job.py:190} INFO - Processing /home/airflow/.local/lib/python3.6/site-packages/airflow/example_dags/example_branch_operator.py took 0.154 seconds
[2022-09-05 02:20:15,508] {scheduler_job.py:182} INFO - Started process (PID=2583) to work on /home/airflow/.local/lib/python3.6/site-packages/airflow/example_dags/example_branch_operator.py
[2022-09-05 02:20:15,509] {scheduler_job.py:629} INFO - Processing file /home/airflow/.local/lib/python3.6/site-packages/airflow/example_dags/example_branch_operator.py for tasks to queue
[2022-09-05 02:20:15,510] {logging_mixin.py:104} INFO - [2022-09-05 02:20:15,510] {dagbag.py:448} INFO - Filling up the DagBag from /home/airflow/.local/lib/python3.6/site-packages/airflow/example_dags/example_branch_operator.py
[2022-09-05 02:20:15,528] {scheduler_job.py:639} INFO - DAG(s) dict_keys(['example_branch_operator']) retrieved from /home/airflow/.local/lib/python3.6/site-packages/airflow/example_dags/example_branch_operator.py
[2022-09-05 02:20:15,564] {logging_mixin.py:104} INFO - [2022-09-05 02:20:15,563] {dag.py:1818} INFO - Sync 1 DAGs
[2022-09-05 02:20:15,594] {logging_mixin.py:104} INFO - [2022-09-05 02:20:15,594] {dag.py:2273} INFO - Setting next_dagrun for example_branch_operator to 2022-09-03 00:00:00+00:00
[2022-09-05 02:20:15,629] {scheduler_job.py:190} INFO - Processing /home/airflow/.local/lib/python3.6/site-packages/airflow/example_dags/example_branch_operator.py took 0.125 seconds
[2022-09-05 02:20:46,083] {scheduler_job.py:182} INFO - Started process (PID=2713) to work on /home/airflow/.local/lib/python3.6/site-packages/airflow/example_dags/example_branch_operator.py
[2022-09-05 02:20:46,085] {scheduler_job.py:629} INFO - Processing file /home/airflow/.local/lib/python3.6/site-packages/airflow/example_dags/example_branch_operator.py for tasks to queue
[2022-09-05 02:20:46,086] {logging_mixin.py:104} INFO - [2022-09-05 02:20:46,086] {dagbag.py:448} INFO - Filling up the DagBag from /home/airflow/.local/lib/python3.6/site-packages/airflow/example_dags/example_branch_operator.py
[2022-09-05 02:20:46,107] {scheduler_job.py:639} INFO - DAG(s) dict_keys(['example_branch_operator']) retrieved from /home/airflow/.local/lib/python3.6/site-packages/airflow/example_dags/example_branch_operator.py
[2022-09-05 02:20:46,134] {logging_mixin.py:104} INFO - [2022-09-05 02:20:46,134] {dag.py:1818} INFO - Sync 1 DAGs
[2022-09-05 02:20:46,171] {logging_mixin.py:104} INFO - [2022-09-05 02:20:46,171] {dag.py:2273} INFO - Setting next_dagrun for example_branch_operator to 2022-09-03 00:00:00+00:00
[2022-09-05 02:20:46,211] {scheduler_job.py:190} INFO - Processing /home/airflow/.local/lib/python3.6/site-packages/airflow/example_dags/example_branch_operator.py took 0.132 seconds
[2022-09-05 02:21:16,487] {scheduler_job.py:182} INFO - Started process (PID=2843) to work on /home/airflow/.local/lib/python3.6/site-packages/airflow/example_dags/example_branch_operator.py
[2022-09-05 02:21:16,489] {scheduler_job.py:629} INFO - Processing file /home/airflow/.local/lib/python3.6/site-packages/airflow/example_dags/example_branch_operator.py for tasks to queue
[2022-09-05 02:21:16,490] {logging_mixin.py:104} INFO - [2022-09-05 02:21:16,490] {dagbag.py:448} INFO - Filling up the DagBag from /home/airflow/.local/lib/python3.6/site-packages/airflow/example_dags/example_branch_operator.py
[2022-09-05 02:21:16,514] {scheduler_job.py:639} INFO - DAG(s) dict_keys(['example_branch_operator']) retrieved from /home/airflow/.local/lib/python3.6/site-packages/airflow/example_dags/example_branch_operator.py
[2022-09-05 02:21:16,553] {logging_mixin.py:104} INFO - [2022-09-05 02:21:16,553] {dag.py:1818} INFO - Sync 1 DAGs
[2022-09-05 02:21:16,588] {logging_mixin.py:104} INFO - [2022-09-05 02:21:16,588] {dag.py:2273} INFO - Setting next_dagrun for example_branch_operator to 2022-09-03 00:00:00+00:00
[2022-09-05 02:21:16,638] {scheduler_job.py:190} INFO - Processing /home/airflow/.local/lib/python3.6/site-packages/airflow/example_dags/example_branch_operator.py took 0.156 seconds
[2022-09-05 02:21:47,182] {scheduler_job.py:182} INFO - Started process (PID=2975) to work on /home/airflow/.local/lib/python3.6/site-packages/airflow/example_dags/example_branch_operator.py
[2022-09-05 02:21:47,183] {scheduler_job.py:629} INFO - Processing file /home/airflow/.local/lib/python3.6/site-packages/airflow/example_dags/example_branch_operator.py for tasks to queue
[2022-09-05 02:21:47,185] {logging_mixin.py:104} INFO - [2022-09-05 02:21:47,184] {dagbag.py:448} INFO - Filling up the DagBag from /home/airflow/.local/lib/python3.6/site-packages/airflow/example_dags/example_branch_operator.py
[2022-09-05 02:21:47,207] {scheduler_job.py:639} INFO - DAG(s) dict_keys(['example_branch_operator']) retrieved from /home/airflow/.local/lib/python3.6/site-packages/airflow/example_dags/example_branch_operator.py
[2022-09-05 02:21:47,234] {logging_mixin.py:104} INFO - [2022-09-05 02:21:47,234] {dag.py:1818} INFO - Sync 1 DAGs
[2022-09-05 02:21:47,262] {logging_mixin.py:104} INFO - [2022-09-05 02:21:47,261] {dag.py:2273} INFO - Setting next_dagrun for example_branch_operator to 2022-09-03 00:00:00+00:00
[2022-09-05 02:21:47,310] {scheduler_job.py:190} INFO - Processing /home/airflow/.local/lib/python3.6/site-packages/airflow/example_dags/example_branch_operator.py took 0.132 seconds
[2022-09-05 02:21:56,605] {scheduler_job.py:182} INFO - Started process (PID=277) to work on /home/airflow/.local/lib/python3.6/site-packages/airflow/example_dags/example_branch_operator.py
[2022-09-05 02:21:56,607] {scheduler_job.py:629} INFO - Processing file /home/airflow/.local/lib/python3.6/site-packages/airflow/example_dags/example_branch_operator.py for tasks to queue
[2022-09-05 02:21:56,608] {logging_mixin.py:104} INFO - [2022-09-05 02:21:56,608] {dagbag.py:448} INFO - Filling up the DagBag from /home/airflow/.local/lib/python3.6/site-packages/airflow/example_dags/example_branch_operator.py
[2022-09-05 02:21:56,627] {scheduler_job.py:639} INFO - DAG(s) dict_keys(['example_branch_operator']) retrieved from /home/airflow/.local/lib/python3.6/site-packages/airflow/example_dags/example_branch_operator.py
[2022-09-05 02:21:56,666] {logging_mixin.py:104} INFO - [2022-09-05 02:21:56,665] {dag.py:1818} INFO - Sync 1 DAGs
[2022-09-05 02:21:56,702] {logging_mixin.py:104} INFO - [2022-09-05 02:21:56,702] {dag.py:2273} INFO - Setting next_dagrun for example_branch_operator to 2022-09-03 00:00:00+00:00
[2022-09-05 02:21:56,748] {scheduler_job.py:190} INFO - Processing /home/airflow/.local/lib/python3.6/site-packages/airflow/example_dags/example_branch_operator.py took 0.148 seconds
[2022-09-05 02:22:27,852] {scheduler_job.py:182} INFO - Started process (PID=407) to work on /home/airflow/.local/lib/python3.6/site-packages/airflow/example_dags/example_branch_operator.py
[2022-09-05 02:22:27,854] {scheduler_job.py:629} INFO - Processing file /home/airflow/.local/lib/python3.6/site-packages/airflow/example_dags/example_branch_operator.py for tasks to queue
[2022-09-05 02:22:27,856] {logging_mixin.py:104} INFO - [2022-09-05 02:22:27,856] {dagbag.py:448} INFO - Filling up the DagBag from /home/airflow/.local/lib/python3.6/site-packages/airflow/example_dags/example_branch_operator.py
[2022-09-05 02:22:27,883] {scheduler_job.py:639} INFO - DAG(s) dict_keys(['example_branch_operator']) retrieved from /home/airflow/.local/lib/python3.6/site-packages/airflow/example_dags/example_branch_operator.py
[2022-09-05 02:22:27,915] {logging_mixin.py:104} INFO - [2022-09-05 02:22:27,915] {dag.py:1818} INFO - Sync 1 DAGs
[2022-09-05 02:22:27,943] {logging_mixin.py:104} INFO - [2022-09-05 02:22:27,943] {dag.py:2273} INFO - Setting next_dagrun for example_branch_operator to 2022-09-03 00:00:00+00:00
[2022-09-05 02:22:27,985] {scheduler_job.py:190} INFO - Processing /home/airflow/.local/lib/python3.6/site-packages/airflow/example_dags/example_branch_operator.py took 0.137 seconds
[2022-09-05 02:22:58,924] {scheduler_job.py:182} INFO - Started process (PID=537) to work on /home/airflow/.local/lib/python3.6/site-packages/airflow/example_dags/example_branch_operator.py
[2022-09-05 02:22:58,929] {scheduler_job.py:629} INFO - Processing file /home/airflow/.local/lib/python3.6/site-packages/airflow/example_dags/example_branch_operator.py for tasks to queue
[2022-09-05 02:22:58,931] {logging_mixin.py:104} INFO - [2022-09-05 02:22:58,931] {dagbag.py:448} INFO - Filling up the DagBag from /home/airflow/.local/lib/python3.6/site-packages/airflow/example_dags/example_branch_operator.py
[2022-09-05 02:22:58,963] {scheduler_job.py:639} INFO - DAG(s) dict_keys(['example_branch_operator']) retrieved from /home/airflow/.local/lib/python3.6/site-packages/airflow/example_dags/example_branch_operator.py
[2022-09-05 02:22:59,018] {logging_mixin.py:104} INFO - [2022-09-05 02:22:59,018] {dag.py:1818} INFO - Sync 1 DAGs
[2022-09-05 02:22:59,059] {logging_mixin.py:104} INFO - [2022-09-05 02:22:59,059] {dag.py:2273} INFO - Setting next_dagrun for example_branch_operator to 2022-09-03 00:00:00+00:00
[2022-09-05 02:22:59,156] {scheduler_job.py:190} INFO - Processing /home/airflow/.local/lib/python3.6/site-packages/airflow/example_dags/example_branch_operator.py took 0.237 seconds
[2022-09-05 02:23:29,602] {scheduler_job.py:182} INFO - Started process (PID=662) to work on /home/airflow/.local/lib/python3.6/site-packages/airflow/example_dags/example_branch_operator.py
[2022-09-05 02:23:29,604] {scheduler_job.py:629} INFO - Processing file /home/airflow/.local/lib/python3.6/site-packages/airflow/example_dags/example_branch_operator.py for tasks to queue
[2022-09-05 02:23:29,605] {logging_mixin.py:104} INFO - [2022-09-05 02:23:29,605] {dagbag.py:448} INFO - Filling up the DagBag from /home/airflow/.local/lib/python3.6/site-packages/airflow/example_dags/example_branch_operator.py
[2022-09-05 02:23:29,624] {scheduler_job.py:639} INFO - DAG(s) dict_keys(['example_branch_operator']) retrieved from /home/airflow/.local/lib/python3.6/site-packages/airflow/example_dags/example_branch_operator.py
[2022-09-05 02:23:29,661] {logging_mixin.py:104} INFO - [2022-09-05 02:23:29,661] {dag.py:1818} INFO - Sync 1 DAGs
[2022-09-05 02:23:29,697] {logging_mixin.py:104} INFO - [2022-09-05 02:23:29,697] {dag.py:2273} INFO - Setting next_dagrun for example_branch_operator to 2022-09-03 00:00:00+00:00
[2022-09-05 02:23:29,734] {scheduler_job.py:190} INFO - Processing /home/airflow/.local/lib/python3.6/site-packages/airflow/example_dags/example_branch_operator.py took 0.136 seconds
[2022-09-05 02:24:00,341] {scheduler_job.py:182} INFO - Started process (PID=799) to work on /home/airflow/.local/lib/python3.6/site-packages/airflow/example_dags/example_branch_operator.py
[2022-09-05 02:24:00,343] {scheduler_job.py:629} INFO - Processing file /home/airflow/.local/lib/python3.6/site-packages/airflow/example_dags/example_branch_operator.py for tasks to queue
[2022-09-05 02:24:00,345] {logging_mixin.py:104} INFO - [2022-09-05 02:24:00,345] {dagbag.py:448} INFO - Filling up the DagBag from /home/airflow/.local/lib/python3.6/site-packages/airflow/example_dags/example_branch_operator.py
[2022-09-05 02:24:00,375] {scheduler_job.py:639} INFO - DAG(s) dict_keys(['example_branch_operator']) retrieved from /home/airflow/.local/lib/python3.6/site-packages/airflow/example_dags/example_branch_operator.py
[2022-09-05 02:24:00,417] {logging_mixin.py:104} INFO - [2022-09-05 02:24:00,416] {dag.py:1818} INFO - Sync 1 DAGs
[2022-09-05 02:24:00,462] {logging_mixin.py:104} INFO - [2022-09-05 02:24:00,462] {dag.py:2273} INFO - Setting next_dagrun for example_branch_operator to 2022-09-03 00:00:00+00:00
[2022-09-05 02:24:00,505] {scheduler_job.py:190} INFO - Processing /home/airflow/.local/lib/python3.6/site-packages/airflow/example_dags/example_branch_operator.py took 0.172 seconds
[2022-09-05 02:24:30,643] {scheduler_job.py:182} INFO - Started process (PID=929) to work on /home/airflow/.local/lib/python3.6/site-packages/airflow/example_dags/example_branch_operator.py
[2022-09-05 02:24:30,645] {scheduler_job.py:629} INFO - Processing file /home/airflow/.local/lib/python3.6/site-packages/airflow/example_dags/example_branch_operator.py for tasks to queue
[2022-09-05 02:24:30,646] {logging_mixin.py:104} INFO - [2022-09-05 02:24:30,646] {dagbag.py:448} INFO - Filling up the DagBag from /home/airflow/.local/lib/python3.6/site-packages/airflow/example_dags/example_branch_operator.py
[2022-09-05 02:24:30,668] {scheduler_job.py:639} INFO - DAG(s) dict_keys(['example_branch_operator']) retrieved from /home/airflow/.local/lib/python3.6/site-packages/airflow/example_dags/example_branch_operator.py
[2022-09-05 02:24:30,702] {logging_mixin.py:104} INFO - [2022-09-05 02:24:30,702] {dag.py:1818} INFO - Sync 1 DAGs
[2022-09-05 02:24:30,741] {logging_mixin.py:104} INFO - [2022-09-05 02:24:30,740] {dag.py:2273} INFO - Setting next_dagrun for example_branch_operator to 2022-09-03 00:00:00+00:00
[2022-09-05 02:24:30,777] {scheduler_job.py:190} INFO - Processing /home/airflow/.local/lib/python3.6/site-packages/airflow/example_dags/example_branch_operator.py took 0.138 seconds
[2022-09-05 02:24:53,742] {scheduler_job.py:182} INFO - Started process (PID=261) to work on /home/airflow/.local/lib/python3.6/site-packages/airflow/example_dags/example_branch_operator.py
[2022-09-05 02:24:53,744] {scheduler_job.py:629} INFO - Processing file /home/airflow/.local/lib/python3.6/site-packages/airflow/example_dags/example_branch_operator.py for tasks to queue
[2022-09-05 02:24:53,745] {logging_mixin.py:104} INFO - [2022-09-05 02:24:53,745] {dagbag.py:448} INFO - Filling up the DagBag from /home/airflow/.local/lib/python3.6/site-packages/airflow/example_dags/example_branch_operator.py
[2022-09-05 02:24:53,770] {scheduler_job.py:639} INFO - DAG(s) dict_keys(['example_branch_operator']) retrieved from /home/airflow/.local/lib/python3.6/site-packages/airflow/example_dags/example_branch_operator.py
[2022-09-05 02:24:53,806] {logging_mixin.py:104} INFO - [2022-09-05 02:24:53,806] {dag.py:1818} INFO - Sync 1 DAGs
[2022-09-05 02:24:53,834] {logging_mixin.py:104} INFO - [2022-09-05 02:24:53,833] {dag.py:2273} INFO - Setting next_dagrun for example_branch_operator to 2022-09-03 00:00:00+00:00
[2022-09-05 02:24:53,874] {scheduler_job.py:190} INFO - Processing /home/airflow/.local/lib/python3.6/site-packages/airflow/example_dags/example_branch_operator.py took 0.136 seconds
[2022-09-05 02:25:26,856] {scheduler_job.py:182} INFO - Started process (PID=386) to work on /home/airflow/.local/lib/python3.6/site-packages/airflow/example_dags/example_branch_operator.py
[2022-09-05 02:25:26,858] {scheduler_job.py:629} INFO - Processing file /home/airflow/.local/lib/python3.6/site-packages/airflow/example_dags/example_branch_operator.py for tasks to queue
[2022-09-05 02:25:26,860] {logging_mixin.py:104} INFO - [2022-09-05 02:25:26,859] {dagbag.py:448} INFO - Filling up the DagBag from /home/airflow/.local/lib/python3.6/site-packages/airflow/example_dags/example_branch_operator.py
[2022-09-05 02:25:26,882] {scheduler_job.py:639} INFO - DAG(s) dict_keys(['example_branch_operator']) retrieved from /home/airflow/.local/lib/python3.6/site-packages/airflow/example_dags/example_branch_operator.py
[2022-09-05 02:25:26,915] {logging_mixin.py:104} INFO - [2022-09-05 02:25:26,915] {dag.py:1818} INFO - Sync 1 DAGs
[2022-09-05 02:25:26,942] {logging_mixin.py:104} INFO - [2022-09-05 02:25:26,942] {dag.py:2273} INFO - Setting next_dagrun for example_branch_operator to 2022-09-03 00:00:00+00:00
[2022-09-05 02:25:26,988] {scheduler_job.py:190} INFO - Processing /home/airflow/.local/lib/python3.6/site-packages/airflow/example_dags/example_branch_operator.py took 0.136 seconds
[2022-09-05 02:26:02,581] {scheduler_job.py:182} INFO - Started process (PID=247) to work on /home/airflow/.local/lib/python3.6/site-packages/airflow/example_dags/example_branch_operator.py
[2022-09-05 02:26:02,587] {scheduler_job.py:629} INFO - Processing file /home/airflow/.local/lib/python3.6/site-packages/airflow/example_dags/example_branch_operator.py for tasks to queue
[2022-09-05 02:26:02,588] {logging_mixin.py:104} INFO - [2022-09-05 02:26:02,588] {dagbag.py:448} INFO - Filling up the DagBag from /home/airflow/.local/lib/python3.6/site-packages/airflow/example_dags/example_branch_operator.py
[2022-09-05 02:26:02,614] {scheduler_job.py:639} INFO - DAG(s) dict_keys(['example_branch_operator']) retrieved from /home/airflow/.local/lib/python3.6/site-packages/airflow/example_dags/example_branch_operator.py
[2022-09-05 02:26:02,696] {logging_mixin.py:104} INFO - [2022-09-05 02:26:02,696] {dag.py:1818} INFO - Sync 1 DAGs
[2022-09-05 02:26:02,724] {logging_mixin.py:104} INFO - [2022-09-05 02:26:02,724] {dag.py:2273} INFO - Setting next_dagrun for example_branch_operator to 2022-09-03 00:00:00+00:00
[2022-09-05 02:26:02,768] {scheduler_job.py:190} INFO - Processing /home/airflow/.local/lib/python3.6/site-packages/airflow/example_dags/example_branch_operator.py took 0.191 seconds
[2022-09-05 02:26:33,708] {scheduler_job.py:182} INFO - Started process (PID=377) to work on /home/airflow/.local/lib/python3.6/site-packages/airflow/example_dags/example_branch_operator.py
[2022-09-05 02:26:33,710] {scheduler_job.py:629} INFO - Processing file /home/airflow/.local/lib/python3.6/site-packages/airflow/example_dags/example_branch_operator.py for tasks to queue
[2022-09-05 02:26:33,711] {logging_mixin.py:104} INFO - [2022-09-05 02:26:33,711] {dagbag.py:448} INFO - Filling up the DagBag from /home/airflow/.local/lib/python3.6/site-packages/airflow/example_dags/example_branch_operator.py
[2022-09-05 02:26:33,734] {scheduler_job.py:639} INFO - DAG(s) dict_keys(['example_branch_operator']) retrieved from /home/airflow/.local/lib/python3.6/site-packages/airflow/example_dags/example_branch_operator.py
[2022-09-05 02:26:33,764] {logging_mixin.py:104} INFO - [2022-09-05 02:26:33,764] {dag.py:1818} INFO - Sync 1 DAGs
[2022-09-05 02:26:33,793] {logging_mixin.py:104} INFO - [2022-09-05 02:26:33,793] {dag.py:2273} INFO - Setting next_dagrun for example_branch_operator to 2022-09-03 00:00:00+00:00
[2022-09-05 02:26:33,830] {scheduler_job.py:190} INFO - Processing /home/airflow/.local/lib/python3.6/site-packages/airflow/example_dags/example_branch_operator.py took 0.127 seconds
[2022-09-05 02:27:04,009] {scheduler_job.py:182} INFO - Started process (PID=507) to work on /home/airflow/.local/lib/python3.6/site-packages/airflow/example_dags/example_branch_operator.py
[2022-09-05 02:27:04,012] {scheduler_job.py:629} INFO - Processing file /home/airflow/.local/lib/python3.6/site-packages/airflow/example_dags/example_branch_operator.py for tasks to queue
[2022-09-05 02:27:04,013] {logging_mixin.py:104} INFO - [2022-09-05 02:27:04,013] {dagbag.py:448} INFO - Filling up the DagBag from /home/airflow/.local/lib/python3.6/site-packages/airflow/example_dags/example_branch_operator.py
[2022-09-05 02:27:04,039] {scheduler_job.py:639} INFO - DAG(s) dict_keys(['example_branch_operator']) retrieved from /home/airflow/.local/lib/python3.6/site-packages/airflow/example_dags/example_branch_operator.py
[2022-09-05 02:27:04,073] {logging_mixin.py:104} INFO - [2022-09-05 02:27:04,073] {dag.py:1818} INFO - Sync 1 DAGs
[2022-09-05 02:27:04,109] {logging_mixin.py:104} INFO - [2022-09-05 02:27:04,109] {dag.py:2273} INFO - Setting next_dagrun for example_branch_operator to 2022-09-03 00:00:00+00:00
[2022-09-05 02:27:04,284] {scheduler_job.py:190} INFO - Processing /home/airflow/.local/lib/python3.6/site-packages/airflow/example_dags/example_branch_operator.py took 0.279 seconds
[2022-09-05 02:27:35,661] {scheduler_job.py:182} INFO - Started process (PID=637) to work on /home/airflow/.local/lib/python3.6/site-packages/airflow/example_dags/example_branch_operator.py
[2022-09-05 02:27:35,664] {scheduler_job.py:629} INFO - Processing file /home/airflow/.local/lib/python3.6/site-packages/airflow/example_dags/example_branch_operator.py for tasks to queue
[2022-09-05 02:27:35,666] {logging_mixin.py:104} INFO - [2022-09-05 02:27:35,666] {dagbag.py:448} INFO - Filling up the DagBag from /home/airflow/.local/lib/python3.6/site-packages/airflow/example_dags/example_branch_operator.py
[2022-09-05 02:27:35,697] {scheduler_job.py:639} INFO - DAG(s) dict_keys(['example_branch_operator']) retrieved from /home/airflow/.local/lib/python3.6/site-packages/airflow/example_dags/example_branch_operator.py
[2022-09-05 02:27:35,737] {logging_mixin.py:104} INFO - [2022-09-05 02:27:35,737] {dag.py:1818} INFO - Sync 1 DAGs
[2022-09-05 02:27:35,803] {logging_mixin.py:104} INFO - [2022-09-05 02:27:35,802] {dag.py:2273} INFO - Setting next_dagrun for example_branch_operator to 2022-09-03 00:00:00+00:00
[2022-09-05 02:27:35,871] {scheduler_job.py:190} INFO - Processing /home/airflow/.local/lib/python3.6/site-packages/airflow/example_dags/example_branch_operator.py took 0.214 seconds
[2022-09-05 02:28:06,040] {scheduler_job.py:182} INFO - Started process (PID=769) to work on /home/airflow/.local/lib/python3.6/site-packages/airflow/example_dags/example_branch_operator.py
[2022-09-05 02:28:06,042] {scheduler_job.py:629} INFO - Processing file /home/airflow/.local/lib/python3.6/site-packages/airflow/example_dags/example_branch_operator.py for tasks to queue
[2022-09-05 02:28:06,043] {logging_mixin.py:104} INFO - [2022-09-05 02:28:06,043] {dagbag.py:448} INFO - Filling up the DagBag from /home/airflow/.local/lib/python3.6/site-packages/airflow/example_dags/example_branch_operator.py
[2022-09-05 02:28:06,061] {scheduler_job.py:639} INFO - DAG(s) dict_keys(['example_branch_operator']) retrieved from /home/airflow/.local/lib/python3.6/site-packages/airflow/example_dags/example_branch_operator.py
[2022-09-05 02:28:06,092] {logging_mixin.py:104} INFO - [2022-09-05 02:28:06,092] {dag.py:1818} INFO - Sync 1 DAGs
[2022-09-05 02:28:06,126] {logging_mixin.py:104} INFO - [2022-09-05 02:28:06,126] {dag.py:2273} INFO - Setting next_dagrun for example_branch_operator to 2022-09-03 00:00:00+00:00
[2022-09-05 02:28:06,188] {scheduler_job.py:190} INFO - Processing /home/airflow/.local/lib/python3.6/site-packages/airflow/example_dags/example_branch_operator.py took 0.152 seconds
[2022-09-05 02:28:36,705] {scheduler_job.py:182} INFO - Started process (PID=907) to work on /home/airflow/.local/lib/python3.6/site-packages/airflow/example_dags/example_branch_operator.py
[2022-09-05 02:28:36,708] {scheduler_job.py:629} INFO - Processing file /home/airflow/.local/lib/python3.6/site-packages/airflow/example_dags/example_branch_operator.py for tasks to queue
[2022-09-05 02:28:36,711] {logging_mixin.py:104} INFO - [2022-09-05 02:28:36,710] {dagbag.py:448} INFO - Filling up the DagBag from /home/airflow/.local/lib/python3.6/site-packages/airflow/example_dags/example_branch_operator.py
[2022-09-05 02:28:36,734] {scheduler_job.py:639} INFO - DAG(s) dict_keys(['example_branch_operator']) retrieved from /home/airflow/.local/lib/python3.6/site-packages/airflow/example_dags/example_branch_operator.py
[2022-09-05 02:28:36,762] {logging_mixin.py:104} INFO - [2022-09-05 02:28:36,762] {dag.py:1818} INFO - Sync 1 DAGs
[2022-09-05 02:28:36,789] {logging_mixin.py:104} INFO - [2022-09-05 02:28:36,789] {dag.py:2273} INFO - Setting next_dagrun for example_branch_operator to 2022-09-03 00:00:00+00:00
[2022-09-05 02:28:36,825] {scheduler_job.py:190} INFO - Processing /home/airflow/.local/lib/python3.6/site-packages/airflow/example_dags/example_branch_operator.py took 0.124 seconds
[2022-09-05 02:29:07,882] {scheduler_job.py:182} INFO - Started process (PID=1037) to work on /home/airflow/.local/lib/python3.6/site-packages/airflow/example_dags/example_branch_operator.py
[2022-09-05 02:29:07,888] {scheduler_job.py:629} INFO - Processing file /home/airflow/.local/lib/python3.6/site-packages/airflow/example_dags/example_branch_operator.py for tasks to queue
[2022-09-05 02:29:07,889] {logging_mixin.py:104} INFO - [2022-09-05 02:29:07,889] {dagbag.py:448} INFO - Filling up the DagBag from /home/airflow/.local/lib/python3.6/site-packages/airflow/example_dags/example_branch_operator.py
[2022-09-05 02:29:07,926] {scheduler_job.py:639} INFO - DAG(s) dict_keys(['example_branch_operator']) retrieved from /home/airflow/.local/lib/python3.6/site-packages/airflow/example_dags/example_branch_operator.py
[2022-09-05 02:29:07,961] {logging_mixin.py:104} INFO - [2022-09-05 02:29:07,961] {dag.py:1818} INFO - Sync 1 DAGs
[2022-09-05 02:29:08,010] {logging_mixin.py:104} INFO - [2022-09-05 02:29:08,009] {dag.py:2273} INFO - Setting next_dagrun for example_branch_operator to 2022-09-03 00:00:00+00:00
[2022-09-05 02:29:08,070] {scheduler_job.py:190} INFO - Processing /home/airflow/.local/lib/python3.6/site-packages/airflow/example_dags/example_branch_operator.py took 0.192 seconds
[2022-09-05 02:29:38,560] {scheduler_job.py:182} INFO - Started process (PID=1172) to work on /home/airflow/.local/lib/python3.6/site-packages/airflow/example_dags/example_branch_operator.py
[2022-09-05 02:29:38,562] {scheduler_job.py:629} INFO - Processing file /home/airflow/.local/lib/python3.6/site-packages/airflow/example_dags/example_branch_operator.py for tasks to queue
[2022-09-05 02:29:38,564] {logging_mixin.py:104} INFO - [2022-09-05 02:29:38,563] {dagbag.py:448} INFO - Filling up the DagBag from /home/airflow/.local/lib/python3.6/site-packages/airflow/example_dags/example_branch_operator.py
[2022-09-05 02:29:38,598] {scheduler_job.py:639} INFO - DAG(s) dict_keys(['example_branch_operator']) retrieved from /home/airflow/.local/lib/python3.6/site-packages/airflow/example_dags/example_branch_operator.py
[2022-09-05 02:29:38,632] {logging_mixin.py:104} INFO - [2022-09-05 02:29:38,632] {dag.py:1818} INFO - Sync 1 DAGs
[2022-09-05 02:29:38,667] {logging_mixin.py:104} INFO - [2022-09-05 02:29:38,667] {dag.py:2273} INFO - Setting next_dagrun for example_branch_operator to 2022-09-03 00:00:00+00:00
[2022-09-05 02:29:38,708] {scheduler_job.py:190} INFO - Processing /home/airflow/.local/lib/python3.6/site-packages/airflow/example_dags/example_branch_operator.py took 0.152 seconds
[2022-09-05 02:30:08,856] {scheduler_job.py:182} INFO - Started process (PID=1307) to work on /home/airflow/.local/lib/python3.6/site-packages/airflow/example_dags/example_branch_operator.py
[2022-09-05 02:30:08,857] {scheduler_job.py:629} INFO - Processing file /home/airflow/.local/lib/python3.6/site-packages/airflow/example_dags/example_branch_operator.py for tasks to queue
[2022-09-05 02:30:08,862] {logging_mixin.py:104} INFO - [2022-09-05 02:30:08,861] {dagbag.py:448} INFO - Filling up the DagBag from /home/airflow/.local/lib/python3.6/site-packages/airflow/example_dags/example_branch_operator.py
[2022-09-05 02:30:08,889] {scheduler_job.py:639} INFO - DAG(s) dict_keys(['example_branch_operator']) retrieved from /home/airflow/.local/lib/python3.6/site-packages/airflow/example_dags/example_branch_operator.py
[2022-09-05 02:30:08,928] {logging_mixin.py:104} INFO - [2022-09-05 02:30:08,927] {dag.py:1818} INFO - Sync 1 DAGs
[2022-09-05 02:30:08,962] {logging_mixin.py:104} INFO - [2022-09-05 02:30:08,962] {dag.py:2273} INFO - Setting next_dagrun for example_branch_operator to 2022-09-03 00:00:00+00:00
[2022-09-05 02:30:08,999] {scheduler_job.py:190} INFO - Processing /home/airflow/.local/lib/python3.6/site-packages/airflow/example_dags/example_branch_operator.py took 0.148 seconds
[2022-09-05 02:30:39,139] {scheduler_job.py:182} INFO - Started process (PID=1437) to work on /home/airflow/.local/lib/python3.6/site-packages/airflow/example_dags/example_branch_operator.py
[2022-09-05 02:30:39,141] {scheduler_job.py:629} INFO - Processing file /home/airflow/.local/lib/python3.6/site-packages/airflow/example_dags/example_branch_operator.py for tasks to queue
[2022-09-05 02:30:39,142] {logging_mixin.py:104} INFO - [2022-09-05 02:30:39,142] {dagbag.py:448} INFO - Filling up the DagBag from /home/airflow/.local/lib/python3.6/site-packages/airflow/example_dags/example_branch_operator.py
[2022-09-05 02:30:39,168] {scheduler_job.py:639} INFO - DAG(s) dict_keys(['example_branch_operator']) retrieved from /home/airflow/.local/lib/python3.6/site-packages/airflow/example_dags/example_branch_operator.py
[2022-09-05 02:30:39,199] {logging_mixin.py:104} INFO - [2022-09-05 02:30:39,199] {dag.py:1818} INFO - Sync 1 DAGs
[2022-09-05 02:30:39,230] {logging_mixin.py:104} INFO - [2022-09-05 02:30:39,230] {dag.py:2273} INFO - Setting next_dagrun for example_branch_operator to 2022-09-03 00:00:00+00:00
[2022-09-05 02:30:39,283] {scheduler_job.py:190} INFO - Processing /home/airflow/.local/lib/python3.6/site-packages/airflow/example_dags/example_branch_operator.py took 0.148 seconds
[2022-09-05 02:31:09,734] {scheduler_job.py:182} INFO - Started process (PID=1567) to work on /home/airflow/.local/lib/python3.6/site-packages/airflow/example_dags/example_branch_operator.py
[2022-09-05 02:31:09,736] {scheduler_job.py:629} INFO - Processing file /home/airflow/.local/lib/python3.6/site-packages/airflow/example_dags/example_branch_operator.py for tasks to queue
[2022-09-05 02:31:09,737] {logging_mixin.py:104} INFO - [2022-09-05 02:31:09,737] {dagbag.py:448} INFO - Filling up the DagBag from /home/airflow/.local/lib/python3.6/site-packages/airflow/example_dags/example_branch_operator.py
[2022-09-05 02:31:09,766] {scheduler_job.py:639} INFO - DAG(s) dict_keys(['example_branch_operator']) retrieved from /home/airflow/.local/lib/python3.6/site-packages/airflow/example_dags/example_branch_operator.py
[2022-09-05 02:31:09,800] {logging_mixin.py:104} INFO - [2022-09-05 02:31:09,800] {dag.py:1818} INFO - Sync 1 DAGs
[2022-09-05 02:31:09,828] {logging_mixin.py:104} INFO - [2022-09-05 02:31:09,828] {dag.py:2273} INFO - Setting next_dagrun for example_branch_operator to 2022-09-03 00:00:00+00:00
[2022-09-05 02:31:09,857] {scheduler_job.py:190} INFO - Processing /home/airflow/.local/lib/python3.6/site-packages/airflow/example_dags/example_branch_operator.py took 0.128 seconds
[2022-09-05 02:31:40,008] {scheduler_job.py:182} INFO - Started process (PID=1727) to work on /home/airflow/.local/lib/python3.6/site-packages/airflow/example_dags/example_branch_operator.py
[2022-09-05 02:31:40,010] {scheduler_job.py:629} INFO - Processing file /home/airflow/.local/lib/python3.6/site-packages/airflow/example_dags/example_branch_operator.py for tasks to queue
[2022-09-05 02:31:40,011] {logging_mixin.py:104} INFO - [2022-09-05 02:31:40,011] {dagbag.py:448} INFO - Filling up the DagBag from /home/airflow/.local/lib/python3.6/site-packages/airflow/example_dags/example_branch_operator.py
[2022-09-05 02:31:40,033] {scheduler_job.py:639} INFO - DAG(s) dict_keys(['example_branch_operator']) retrieved from /home/airflow/.local/lib/python3.6/site-packages/airflow/example_dags/example_branch_operator.py
[2022-09-05 02:31:40,064] {logging_mixin.py:104} INFO - [2022-09-05 02:31:40,064] {dag.py:1818} INFO - Sync 1 DAGs
[2022-09-05 02:31:40,092] {logging_mixin.py:104} INFO - [2022-09-05 02:31:40,091] {dag.py:2273} INFO - Setting next_dagrun for example_branch_operator to 2022-09-03 00:00:00+00:00
[2022-09-05 02:31:40,127] {scheduler_job.py:190} INFO - Processing /home/airflow/.local/lib/python3.6/site-packages/airflow/example_dags/example_branch_operator.py took 0.125 seconds
[2022-09-05 02:32:10,485] {scheduler_job.py:182} INFO - Started process (PID=1867) to work on /home/airflow/.local/lib/python3.6/site-packages/airflow/example_dags/example_branch_operator.py
[2022-09-05 02:32:10,491] {scheduler_job.py:629} INFO - Processing file /home/airflow/.local/lib/python3.6/site-packages/airflow/example_dags/example_branch_operator.py for tasks to queue
[2022-09-05 02:32:10,493] {logging_mixin.py:104} INFO - [2022-09-05 02:32:10,492] {dagbag.py:448} INFO - Filling up the DagBag from /home/airflow/.local/lib/python3.6/site-packages/airflow/example_dags/example_branch_operator.py
[2022-09-05 02:32:10,516] {scheduler_job.py:639} INFO - DAG(s) dict_keys(['example_branch_operator']) retrieved from /home/airflow/.local/lib/python3.6/site-packages/airflow/example_dags/example_branch_operator.py
[2022-09-05 02:32:10,550] {logging_mixin.py:104} INFO - [2022-09-05 02:32:10,549] {dag.py:1818} INFO - Sync 1 DAGs
[2022-09-05 02:32:10,581] {logging_mixin.py:104} INFO - [2022-09-05 02:32:10,581] {dag.py:2273} INFO - Setting next_dagrun for example_branch_operator to 2022-09-03 00:00:00+00:00
[2022-09-05 02:32:10,625] {scheduler_job.py:190} INFO - Processing /home/airflow/.local/lib/python3.6/site-packages/airflow/example_dags/example_branch_operator.py took 0.145 seconds
[2022-09-05 02:32:41,458] {scheduler_job.py:182} INFO - Started process (PID=2002) to work on /home/airflow/.local/lib/python3.6/site-packages/airflow/example_dags/example_branch_operator.py
[2022-09-05 02:32:41,460] {scheduler_job.py:629} INFO - Processing file /home/airflow/.local/lib/python3.6/site-packages/airflow/example_dags/example_branch_operator.py for tasks to queue
[2022-09-05 02:32:41,461] {logging_mixin.py:104} INFO - [2022-09-05 02:32:41,461] {dagbag.py:448} INFO - Filling up the DagBag from /home/airflow/.local/lib/python3.6/site-packages/airflow/example_dags/example_branch_operator.py
[2022-09-05 02:32:41,481] {scheduler_job.py:639} INFO - DAG(s) dict_keys(['example_branch_operator']) retrieved from /home/airflow/.local/lib/python3.6/site-packages/airflow/example_dags/example_branch_operator.py
[2022-09-05 02:32:41,506] {logging_mixin.py:104} INFO - [2022-09-05 02:32:41,506] {dag.py:1818} INFO - Sync 1 DAGs
[2022-09-05 02:32:41,533] {logging_mixin.py:104} INFO - [2022-09-05 02:32:41,533] {dag.py:2273} INFO - Setting next_dagrun for example_branch_operator to 2022-09-03 00:00:00+00:00
[2022-09-05 02:32:41,579] {scheduler_job.py:190} INFO - Processing /home/airflow/.local/lib/python3.6/site-packages/airflow/example_dags/example_branch_operator.py took 0.127 seconds
[2022-09-05 02:33:11,872] {scheduler_job.py:182} INFO - Started process (PID=2132) to work on /home/airflow/.local/lib/python3.6/site-packages/airflow/example_dags/example_branch_operator.py
[2022-09-05 02:33:11,874] {scheduler_job.py:629} INFO - Processing file /home/airflow/.local/lib/python3.6/site-packages/airflow/example_dags/example_branch_operator.py for tasks to queue
[2022-09-05 02:33:11,875] {logging_mixin.py:104} INFO - [2022-09-05 02:33:11,875] {dagbag.py:448} INFO - Filling up the DagBag from /home/airflow/.local/lib/python3.6/site-packages/airflow/example_dags/example_branch_operator.py
[2022-09-05 02:33:11,896] {scheduler_job.py:639} INFO - DAG(s) dict_keys(['example_branch_operator']) retrieved from /home/airflow/.local/lib/python3.6/site-packages/airflow/example_dags/example_branch_operator.py
[2022-09-05 02:33:11,923] {logging_mixin.py:104} INFO - [2022-09-05 02:33:11,923] {dag.py:1818} INFO - Sync 1 DAGs
[2022-09-05 02:33:11,950] {logging_mixin.py:104} INFO - [2022-09-05 02:33:11,950] {dag.py:2273} INFO - Setting next_dagrun for example_branch_operator to 2022-09-03 00:00:00+00:00
[2022-09-05 02:33:11,982] {scheduler_job.py:190} INFO - Processing /home/airflow/.local/lib/python3.6/site-packages/airflow/example_dags/example_branch_operator.py took 0.114 seconds
[2022-09-05 02:33:42,494] {scheduler_job.py:182} INFO - Started process (PID=2262) to work on /home/airflow/.local/lib/python3.6/site-packages/airflow/example_dags/example_branch_operator.py
[2022-09-05 02:33:42,496] {scheduler_job.py:629} INFO - Processing file /home/airflow/.local/lib/python3.6/site-packages/airflow/example_dags/example_branch_operator.py for tasks to queue
[2022-09-05 02:33:42,498] {logging_mixin.py:104} INFO - [2022-09-05 02:33:42,497] {dagbag.py:448} INFO - Filling up the DagBag from /home/airflow/.local/lib/python3.6/site-packages/airflow/example_dags/example_branch_operator.py
[2022-09-05 02:33:42,519] {scheduler_job.py:639} INFO - DAG(s) dict_keys(['example_branch_operator']) retrieved from /home/airflow/.local/lib/python3.6/site-packages/airflow/example_dags/example_branch_operator.py
[2022-09-05 02:33:42,555] {logging_mixin.py:104} INFO - [2022-09-05 02:33:42,555] {dag.py:1818} INFO - Sync 1 DAGs
[2022-09-05 02:33:42,588] {logging_mixin.py:104} INFO - [2022-09-05 02:33:42,588] {dag.py:2273} INFO - Setting next_dagrun for example_branch_operator to 2022-09-03 00:00:00+00:00
[2022-09-05 02:33:42,638] {scheduler_job.py:190} INFO - Processing /home/airflow/.local/lib/python3.6/site-packages/airflow/example_dags/example_branch_operator.py took 0.148 seconds
[2022-09-05 02:34:13,223] {scheduler_job.py:182} INFO - Started process (PID=2392) to work on /home/airflow/.local/lib/python3.6/site-packages/airflow/example_dags/example_branch_operator.py
[2022-09-05 02:34:13,225] {scheduler_job.py:629} INFO - Processing file /home/airflow/.local/lib/python3.6/site-packages/airflow/example_dags/example_branch_operator.py for tasks to queue
[2022-09-05 02:34:13,227] {logging_mixin.py:104} INFO - [2022-09-05 02:34:13,226] {dagbag.py:448} INFO - Filling up the DagBag from /home/airflow/.local/lib/python3.6/site-packages/airflow/example_dags/example_branch_operator.py
[2022-09-05 02:34:13,252] {scheduler_job.py:639} INFO - DAG(s) dict_keys(['example_branch_operator']) retrieved from /home/airflow/.local/lib/python3.6/site-packages/airflow/example_dags/example_branch_operator.py
[2022-09-05 02:34:13,280] {logging_mixin.py:104} INFO - [2022-09-05 02:34:13,280] {dag.py:1818} INFO - Sync 1 DAGs
[2022-09-05 02:34:13,306] {logging_mixin.py:104} INFO - [2022-09-05 02:34:13,306] {dag.py:2273} INFO - Setting next_dagrun for example_branch_operator to 2022-09-03 00:00:00+00:00
[2022-09-05 02:34:13,350] {scheduler_job.py:190} INFO - Processing /home/airflow/.local/lib/python3.6/site-packages/airflow/example_dags/example_branch_operator.py took 0.130 seconds
[2022-09-05 02:34:43,681] {scheduler_job.py:182} INFO - Started process (PID=2522) to work on /home/airflow/.local/lib/python3.6/site-packages/airflow/example_dags/example_branch_operator.py
[2022-09-05 02:34:43,683] {scheduler_job.py:629} INFO - Processing file /home/airflow/.local/lib/python3.6/site-packages/airflow/example_dags/example_branch_operator.py for tasks to queue
[2022-09-05 02:34:43,685] {logging_mixin.py:104} INFO - [2022-09-05 02:34:43,685] {dagbag.py:448} INFO - Filling up the DagBag from /home/airflow/.local/lib/python3.6/site-packages/airflow/example_dags/example_branch_operator.py
[2022-09-05 02:34:43,704] {scheduler_job.py:639} INFO - DAG(s) dict_keys(['example_branch_operator']) retrieved from /home/airflow/.local/lib/python3.6/site-packages/airflow/example_dags/example_branch_operator.py
[2022-09-05 02:34:43,730] {logging_mixin.py:104} INFO - [2022-09-05 02:34:43,730] {dag.py:1818} INFO - Sync 1 DAGs
[2022-09-05 02:34:43,758] {logging_mixin.py:104} INFO - [2022-09-05 02:34:43,758] {dag.py:2273} INFO - Setting next_dagrun for example_branch_operator to 2022-09-03 00:00:00+00:00
[2022-09-05 02:34:43,797] {scheduler_job.py:190} INFO - Processing /home/airflow/.local/lib/python3.6/site-packages/airflow/example_dags/example_branch_operator.py took 0.121 seconds
[2022-09-05 02:35:14,075] {scheduler_job.py:182} INFO - Started process (PID=2652) to work on /home/airflow/.local/lib/python3.6/site-packages/airflow/example_dags/example_branch_operator.py
[2022-09-05 02:35:14,078] {scheduler_job.py:629} INFO - Processing file /home/airflow/.local/lib/python3.6/site-packages/airflow/example_dags/example_branch_operator.py for tasks to queue
[2022-09-05 02:35:14,079] {logging_mixin.py:104} INFO - [2022-09-05 02:35:14,079] {dagbag.py:448} INFO - Filling up the DagBag from /home/airflow/.local/lib/python3.6/site-packages/airflow/example_dags/example_branch_operator.py
[2022-09-05 02:35:14,103] {scheduler_job.py:639} INFO - DAG(s) dict_keys(['example_branch_operator']) retrieved from /home/airflow/.local/lib/python3.6/site-packages/airflow/example_dags/example_branch_operator.py
[2022-09-05 02:35:14,132] {logging_mixin.py:104} INFO - [2022-09-05 02:35:14,132] {dag.py:1818} INFO - Sync 1 DAGs
[2022-09-05 02:35:14,162] {logging_mixin.py:104} INFO - [2022-09-05 02:35:14,161] {dag.py:2273} INFO - Setting next_dagrun for example_branch_operator to 2022-09-03 00:00:00+00:00
[2022-09-05 02:35:14,211] {scheduler_job.py:190} INFO - Processing /home/airflow/.local/lib/python3.6/site-packages/airflow/example_dags/example_branch_operator.py took 0.140 seconds
[2022-09-05 02:35:44,523] {scheduler_job.py:182} INFO - Started process (PID=2782) to work on /home/airflow/.local/lib/python3.6/site-packages/airflow/example_dags/example_branch_operator.py
[2022-09-05 02:35:44,525] {scheduler_job.py:629} INFO - Processing file /home/airflow/.local/lib/python3.6/site-packages/airflow/example_dags/example_branch_operator.py for tasks to queue
[2022-09-05 02:35:44,526] {logging_mixin.py:104} INFO - [2022-09-05 02:35:44,526] {dagbag.py:448} INFO - Filling up the DagBag from /home/airflow/.local/lib/python3.6/site-packages/airflow/example_dags/example_branch_operator.py
[2022-09-05 02:35:44,545] {scheduler_job.py:639} INFO - DAG(s) dict_keys(['example_branch_operator']) retrieved from /home/airflow/.local/lib/python3.6/site-packages/airflow/example_dags/example_branch_operator.py
[2022-09-05 02:35:44,571] {logging_mixin.py:104} INFO - [2022-09-05 02:35:44,571] {dag.py:1818} INFO - Sync 1 DAGs
[2022-09-05 02:35:44,596] {logging_mixin.py:104} INFO - [2022-09-05 02:35:44,596] {dag.py:2273} INFO - Setting next_dagrun for example_branch_operator to 2022-09-03 00:00:00+00:00
[2022-09-05 02:35:44,640] {scheduler_job.py:190} INFO - Processing /home/airflow/.local/lib/python3.6/site-packages/airflow/example_dags/example_branch_operator.py took 0.121 seconds
[2022-09-05 02:36:14,897] {scheduler_job.py:182} INFO - Started process (PID=2912) to work on /home/airflow/.local/lib/python3.6/site-packages/airflow/example_dags/example_branch_operator.py
[2022-09-05 02:36:14,899] {scheduler_job.py:629} INFO - Processing file /home/airflow/.local/lib/python3.6/site-packages/airflow/example_dags/example_branch_operator.py for tasks to queue
[2022-09-05 02:36:14,900] {logging_mixin.py:104} INFO - [2022-09-05 02:36:14,900] {dagbag.py:448} INFO - Filling up the DagBag from /home/airflow/.local/lib/python3.6/site-packages/airflow/example_dags/example_branch_operator.py
[2022-09-05 02:36:14,924] {scheduler_job.py:639} INFO - DAG(s) dict_keys(['example_branch_operator']) retrieved from /home/airflow/.local/lib/python3.6/site-packages/airflow/example_dags/example_branch_operator.py
[2022-09-05 02:36:14,954] {logging_mixin.py:104} INFO - [2022-09-05 02:36:14,954] {dag.py:1818} INFO - Sync 1 DAGs
[2022-09-05 02:36:14,987] {logging_mixin.py:104} INFO - [2022-09-05 02:36:14,987] {dag.py:2273} INFO - Setting next_dagrun for example_branch_operator to 2022-09-03 00:00:00+00:00
[2022-09-05 02:36:15,176] {scheduler_job.py:190} INFO - Processing /home/airflow/.local/lib/python3.6/site-packages/airflow/example_dags/example_branch_operator.py took 0.284 seconds
[2022-09-05 02:36:45,802] {scheduler_job.py:182} INFO - Started process (PID=3042) to work on /home/airflow/.local/lib/python3.6/site-packages/airflow/example_dags/example_branch_operator.py
[2022-09-05 02:36:45,804] {scheduler_job.py:629} INFO - Processing file /home/airflow/.local/lib/python3.6/site-packages/airflow/example_dags/example_branch_operator.py for tasks to queue
[2022-09-05 02:36:45,805] {logging_mixin.py:104} INFO - [2022-09-05 02:36:45,805] {dagbag.py:448} INFO - Filling up the DagBag from /home/airflow/.local/lib/python3.6/site-packages/airflow/example_dags/example_branch_operator.py
[2022-09-05 02:36:45,826] {scheduler_job.py:639} INFO - DAG(s) dict_keys(['example_branch_operator']) retrieved from /home/airflow/.local/lib/python3.6/site-packages/airflow/example_dags/example_branch_operator.py
[2022-09-05 02:36:45,853] {logging_mixin.py:104} INFO - [2022-09-05 02:36:45,853] {dag.py:1818} INFO - Sync 1 DAGs
[2022-09-05 02:36:45,881] {logging_mixin.py:104} INFO - [2022-09-05 02:36:45,881] {dag.py:2273} INFO - Setting next_dagrun for example_branch_operator to 2022-09-03 00:00:00+00:00
[2022-09-05 02:36:45,924] {scheduler_job.py:190} INFO - Processing /home/airflow/.local/lib/python3.6/site-packages/airflow/example_dags/example_branch_operator.py took 0.127 seconds
