[2022-09-05 02:11:03,072] {scheduler_job.py:182} INFO - Started process (PID=213) to work on /home/airflow/.local/lib/python3.6/site-packages/airflow/example_dags/example_python_operator.py
[2022-09-05 02:11:03,075] {scheduler_job.py:629} INFO - Processing file /home/airflow/.local/lib/python3.6/site-packages/airflow/example_dags/example_python_operator.py for tasks to queue
[2022-09-05 02:11:03,077] {logging_mixin.py:104} INFO - [2022-09-05 02:11:03,077] {dagbag.py:448} INFO - Filling up the DagBag from /home/airflow/.local/lib/python3.6/site-packages/airflow/example_dags/example_python_operator.py
[2022-09-05 02:11:03,117] {scheduler_job.py:639} INFO - DAG(s) dict_keys(['example_python_operator']) retrieved from /home/airflow/.local/lib/python3.6/site-packages/airflow/example_dags/example_python_operator.py
[2022-09-05 02:11:03,169] {logging_mixin.py:104} INFO - [2022-09-05 02:11:03,168] {dag.py:1818} INFO - Sync 1 DAGs
[2022-09-05 02:11:03,194] {logging_mixin.py:104} INFO - [2022-09-05 02:11:03,194] {dag.py:1837} INFO - Creating ORM DAG for example_python_operator
[2022-09-05 02:11:03,206] {logging_mixin.py:104} INFO - [2022-09-05 02:11:03,206] {dag.py:2273} INFO - Setting next_dagrun for example_python_operator to None
[2022-09-05 02:11:03,308] {scheduler_job.py:190} INFO - Processing /home/airflow/.local/lib/python3.6/site-packages/airflow/example_dags/example_python_operator.py took 0.247 seconds
[2022-09-05 02:11:34,473] {scheduler_job.py:182} INFO - Started process (PID=348) to work on /home/airflow/.local/lib/python3.6/site-packages/airflow/example_dags/example_python_operator.py
[2022-09-05 02:11:34,486] {scheduler_job.py:629} INFO - Processing file /home/airflow/.local/lib/python3.6/site-packages/airflow/example_dags/example_python_operator.py for tasks to queue
[2022-09-05 02:11:34,487] {logging_mixin.py:104} INFO - [2022-09-05 02:11:34,487] {dagbag.py:448} INFO - Filling up the DagBag from /home/airflow/.local/lib/python3.6/site-packages/airflow/example_dags/example_python_operator.py
[2022-09-05 02:11:34,519] {scheduler_job.py:639} INFO - DAG(s) dict_keys(['example_python_operator']) retrieved from /home/airflow/.local/lib/python3.6/site-packages/airflow/example_dags/example_python_operator.py
[2022-09-05 02:11:34,576] {logging_mixin.py:104} INFO - [2022-09-05 02:11:34,576] {dag.py:1818} INFO - Sync 1 DAGs
[2022-09-05 02:11:34,619] {logging_mixin.py:104} INFO - [2022-09-05 02:11:34,618] {dag.py:2273} INFO - Setting next_dagrun for example_python_operator to None
[2022-09-05 02:11:34,670] {scheduler_job.py:190} INFO - Processing /home/airflow/.local/lib/python3.6/site-packages/airflow/example_dags/example_python_operator.py took 0.201 seconds
[2022-09-05 02:12:05,166] {scheduler_job.py:182} INFO - Started process (PID=458) to work on /home/airflow/.local/lib/python3.6/site-packages/airflow/example_dags/example_python_operator.py
[2022-09-05 02:12:05,168] {scheduler_job.py:629} INFO - Processing file /home/airflow/.local/lib/python3.6/site-packages/airflow/example_dags/example_python_operator.py for tasks to queue
[2022-09-05 02:12:05,170] {logging_mixin.py:104} INFO - [2022-09-05 02:12:05,169] {dagbag.py:448} INFO - Filling up the DagBag from /home/airflow/.local/lib/python3.6/site-packages/airflow/example_dags/example_python_operator.py
[2022-09-05 02:12:05,194] {scheduler_job.py:639} INFO - DAG(s) dict_keys(['example_python_operator']) retrieved from /home/airflow/.local/lib/python3.6/site-packages/airflow/example_dags/example_python_operator.py
[2022-09-05 02:12:05,233] {logging_mixin.py:104} INFO - [2022-09-05 02:12:05,233] {dag.py:1818} INFO - Sync 1 DAGs
[2022-09-05 02:12:05,258] {logging_mixin.py:104} INFO - [2022-09-05 02:12:05,258] {dag.py:2273} INFO - Setting next_dagrun for example_python_operator to None
[2022-09-05 02:12:05,289] {scheduler_job.py:190} INFO - Processing /home/airflow/.local/lib/python3.6/site-packages/airflow/example_dags/example_python_operator.py took 0.130 seconds
[2022-09-05 02:12:35,832] {scheduler_job.py:182} INFO - Started process (PID=582) to work on /home/airflow/.local/lib/python3.6/site-packages/airflow/example_dags/example_python_operator.py
[2022-09-05 02:12:35,834] {scheduler_job.py:629} INFO - Processing file /home/airflow/.local/lib/python3.6/site-packages/airflow/example_dags/example_python_operator.py for tasks to queue
[2022-09-05 02:12:35,836] {logging_mixin.py:104} INFO - [2022-09-05 02:12:35,835] {dagbag.py:448} INFO - Filling up the DagBag from /home/airflow/.local/lib/python3.6/site-packages/airflow/example_dags/example_python_operator.py
[2022-09-05 02:12:35,858] {scheduler_job.py:639} INFO - DAG(s) dict_keys(['example_python_operator']) retrieved from /home/airflow/.local/lib/python3.6/site-packages/airflow/example_dags/example_python_operator.py
[2022-09-05 02:12:35,898] {logging_mixin.py:104} INFO - [2022-09-05 02:12:35,898] {dag.py:1818} INFO - Sync 1 DAGs
[2022-09-05 02:12:35,923] {logging_mixin.py:104} INFO - [2022-09-05 02:12:35,923] {dag.py:2273} INFO - Setting next_dagrun for example_python_operator to None
[2022-09-05 02:12:35,964] {scheduler_job.py:190} INFO - Processing /home/airflow/.local/lib/python3.6/site-packages/airflow/example_dags/example_python_operator.py took 0.137 seconds
[2022-09-05 02:13:06,159] {scheduler_job.py:182} INFO - Started process (PID=712) to work on /home/airflow/.local/lib/python3.6/site-packages/airflow/example_dags/example_python_operator.py
[2022-09-05 02:13:06,161] {scheduler_job.py:629} INFO - Processing file /home/airflow/.local/lib/python3.6/site-packages/airflow/example_dags/example_python_operator.py for tasks to queue
[2022-09-05 02:13:06,163] {logging_mixin.py:104} INFO - [2022-09-05 02:13:06,162] {dagbag.py:448} INFO - Filling up the DagBag from /home/airflow/.local/lib/python3.6/site-packages/airflow/example_dags/example_python_operator.py
[2022-09-05 02:13:06,185] {scheduler_job.py:639} INFO - DAG(s) dict_keys(['example_python_operator']) retrieved from /home/airflow/.local/lib/python3.6/site-packages/airflow/example_dags/example_python_operator.py
[2022-09-05 02:13:06,212] {logging_mixin.py:104} INFO - [2022-09-05 02:13:06,212] {dag.py:1818} INFO - Sync 1 DAGs
[2022-09-05 02:13:06,237] {logging_mixin.py:104} INFO - [2022-09-05 02:13:06,237] {dag.py:2273} INFO - Setting next_dagrun for example_python_operator to None
[2022-09-05 02:13:06,270] {scheduler_job.py:190} INFO - Processing /home/airflow/.local/lib/python3.6/site-packages/airflow/example_dags/example_python_operator.py took 0.117 seconds
[2022-09-05 02:13:36,666] {scheduler_job.py:182} INFO - Started process (PID=848) to work on /home/airflow/.local/lib/python3.6/site-packages/airflow/example_dags/example_python_operator.py
[2022-09-05 02:13:36,668] {scheduler_job.py:629} INFO - Processing file /home/airflow/.local/lib/python3.6/site-packages/airflow/example_dags/example_python_operator.py for tasks to queue
[2022-09-05 02:13:36,669] {logging_mixin.py:104} INFO - [2022-09-05 02:13:36,669] {dagbag.py:448} INFO - Filling up the DagBag from /home/airflow/.local/lib/python3.6/site-packages/airflow/example_dags/example_python_operator.py
[2022-09-05 02:13:36,698] {scheduler_job.py:639} INFO - DAG(s) dict_keys(['example_python_operator']) retrieved from /home/airflow/.local/lib/python3.6/site-packages/airflow/example_dags/example_python_operator.py
[2022-09-05 02:13:36,729] {logging_mixin.py:104} INFO - [2022-09-05 02:13:36,729] {dag.py:1818} INFO - Sync 1 DAGs
[2022-09-05 02:13:36,751] {logging_mixin.py:104} INFO - [2022-09-05 02:13:36,751] {dag.py:2273} INFO - Setting next_dagrun for example_python_operator to None
[2022-09-05 02:13:36,788] {scheduler_job.py:190} INFO - Processing /home/airflow/.local/lib/python3.6/site-packages/airflow/example_dags/example_python_operator.py took 0.127 seconds
[2022-09-05 02:14:07,273] {scheduler_job.py:182} INFO - Started process (PID=978) to work on /home/airflow/.local/lib/python3.6/site-packages/airflow/example_dags/example_python_operator.py
[2022-09-05 02:14:07,276] {scheduler_job.py:629} INFO - Processing file /home/airflow/.local/lib/python3.6/site-packages/airflow/example_dags/example_python_operator.py for tasks to queue
[2022-09-05 02:14:07,278] {logging_mixin.py:104} INFO - [2022-09-05 02:14:07,278] {dagbag.py:448} INFO - Filling up the DagBag from /home/airflow/.local/lib/python3.6/site-packages/airflow/example_dags/example_python_operator.py
[2022-09-05 02:14:07,300] {scheduler_job.py:639} INFO - DAG(s) dict_keys(['example_python_operator']) retrieved from /home/airflow/.local/lib/python3.6/site-packages/airflow/example_dags/example_python_operator.py
[2022-09-05 02:14:07,328] {logging_mixin.py:104} INFO - [2022-09-05 02:14:07,328] {dag.py:1818} INFO - Sync 1 DAGs
[2022-09-05 02:14:07,346] {logging_mixin.py:104} INFO - [2022-09-05 02:14:07,346] {dag.py:2273} INFO - Setting next_dagrun for example_python_operator to None
[2022-09-05 02:14:07,376] {scheduler_job.py:190} INFO - Processing /home/airflow/.local/lib/python3.6/site-packages/airflow/example_dags/example_python_operator.py took 0.107 seconds
[2022-09-05 02:14:38,232] {scheduler_job.py:182} INFO - Started process (PID=1102) to work on /home/airflow/.local/lib/python3.6/site-packages/airflow/example_dags/example_python_operator.py
[2022-09-05 02:14:38,234] {scheduler_job.py:629} INFO - Processing file /home/airflow/.local/lib/python3.6/site-packages/airflow/example_dags/example_python_operator.py for tasks to queue
[2022-09-05 02:14:38,235] {logging_mixin.py:104} INFO - [2022-09-05 02:14:38,235] {dagbag.py:448} INFO - Filling up the DagBag from /home/airflow/.local/lib/python3.6/site-packages/airflow/example_dags/example_python_operator.py
[2022-09-05 02:14:38,254] {scheduler_job.py:639} INFO - DAG(s) dict_keys(['example_python_operator']) retrieved from /home/airflow/.local/lib/python3.6/site-packages/airflow/example_dags/example_python_operator.py
[2022-09-05 02:14:38,285] {logging_mixin.py:104} INFO - [2022-09-05 02:14:38,285] {dag.py:1818} INFO - Sync 1 DAGs
[2022-09-05 02:14:38,310] {logging_mixin.py:104} INFO - [2022-09-05 02:14:38,310] {dag.py:2273} INFO - Setting next_dagrun for example_python_operator to None
[2022-09-05 02:14:38,358] {scheduler_job.py:190} INFO - Processing /home/airflow/.local/lib/python3.6/site-packages/airflow/example_dags/example_python_operator.py took 0.131 seconds
[2022-09-05 02:15:08,762] {scheduler_job.py:182} INFO - Started process (PID=1238) to work on /home/airflow/.local/lib/python3.6/site-packages/airflow/example_dags/example_python_operator.py
[2022-09-05 02:15:08,764] {scheduler_job.py:629} INFO - Processing file /home/airflow/.local/lib/python3.6/site-packages/airflow/example_dags/example_python_operator.py for tasks to queue
[2022-09-05 02:15:08,765] {logging_mixin.py:104} INFO - [2022-09-05 02:15:08,765] {dagbag.py:448} INFO - Filling up the DagBag from /home/airflow/.local/lib/python3.6/site-packages/airflow/example_dags/example_python_operator.py
[2022-09-05 02:15:08,789] {scheduler_job.py:639} INFO - DAG(s) dict_keys(['example_python_operator']) retrieved from /home/airflow/.local/lib/python3.6/site-packages/airflow/example_dags/example_python_operator.py
[2022-09-05 02:15:08,818] {logging_mixin.py:104} INFO - [2022-09-05 02:15:08,818] {dag.py:1818} INFO - Sync 1 DAGs
[2022-09-05 02:15:08,838] {logging_mixin.py:104} INFO - [2022-09-05 02:15:08,838] {dag.py:2273} INFO - Setting next_dagrun for example_python_operator to None
[2022-09-05 02:15:08,876] {scheduler_job.py:190} INFO - Processing /home/airflow/.local/lib/python3.6/site-packages/airflow/example_dags/example_python_operator.py took 0.119 seconds
[2022-09-05 02:15:39,016] {scheduler_job.py:182} INFO - Started process (PID=1373) to work on /home/airflow/.local/lib/python3.6/site-packages/airflow/example_dags/example_python_operator.py
[2022-09-05 02:15:39,018] {scheduler_job.py:629} INFO - Processing file /home/airflow/.local/lib/python3.6/site-packages/airflow/example_dags/example_python_operator.py for tasks to queue
[2022-09-05 02:15:39,019] {logging_mixin.py:104} INFO - [2022-09-05 02:15:39,019] {dagbag.py:448} INFO - Filling up the DagBag from /home/airflow/.local/lib/python3.6/site-packages/airflow/example_dags/example_python_operator.py
[2022-09-05 02:15:39,040] {scheduler_job.py:639} INFO - DAG(s) dict_keys(['example_python_operator']) retrieved from /home/airflow/.local/lib/python3.6/site-packages/airflow/example_dags/example_python_operator.py
[2022-09-05 02:15:39,067] {logging_mixin.py:104} INFO - [2022-09-05 02:15:39,067] {dag.py:1818} INFO - Sync 1 DAGs
[2022-09-05 02:15:39,086] {logging_mixin.py:104} INFO - [2022-09-05 02:15:39,086] {dag.py:2273} INFO - Setting next_dagrun for example_python_operator to None
[2022-09-05 02:15:39,132] {scheduler_job.py:190} INFO - Processing /home/airflow/.local/lib/python3.6/site-packages/airflow/example_dags/example_python_operator.py took 0.120 seconds
[2022-09-05 02:16:09,437] {scheduler_job.py:182} INFO - Started process (PID=1503) to work on /home/airflow/.local/lib/python3.6/site-packages/airflow/example_dags/example_python_operator.py
[2022-09-05 02:16:09,442] {scheduler_job.py:629} INFO - Processing file /home/airflow/.local/lib/python3.6/site-packages/airflow/example_dags/example_python_operator.py for tasks to queue
[2022-09-05 02:16:09,443] {logging_mixin.py:104} INFO - [2022-09-05 02:16:09,443] {dagbag.py:448} INFO - Filling up the DagBag from /home/airflow/.local/lib/python3.6/site-packages/airflow/example_dags/example_python_operator.py
[2022-09-05 02:16:09,462] {scheduler_job.py:639} INFO - DAG(s) dict_keys(['example_python_operator']) retrieved from /home/airflow/.local/lib/python3.6/site-packages/airflow/example_dags/example_python_operator.py
[2022-09-05 02:16:09,498] {logging_mixin.py:104} INFO - [2022-09-05 02:16:09,498] {dag.py:1818} INFO - Sync 1 DAGs
[2022-09-05 02:16:09,521] {logging_mixin.py:104} INFO - [2022-09-05 02:16:09,521] {dag.py:2273} INFO - Setting next_dagrun for example_python_operator to None
[2022-09-05 02:16:09,607] {scheduler_job.py:190} INFO - Processing /home/airflow/.local/lib/python3.6/site-packages/airflow/example_dags/example_python_operator.py took 0.174 seconds
[2022-09-05 02:16:40,572] {scheduler_job.py:182} INFO - Started process (PID=1643) to work on /home/airflow/.local/lib/python3.6/site-packages/airflow/example_dags/example_python_operator.py
[2022-09-05 02:16:40,574] {scheduler_job.py:629} INFO - Processing file /home/airflow/.local/lib/python3.6/site-packages/airflow/example_dags/example_python_operator.py for tasks to queue
[2022-09-05 02:16:40,586] {logging_mixin.py:104} INFO - [2022-09-05 02:16:40,585] {dagbag.py:448} INFO - Filling up the DagBag from /home/airflow/.local/lib/python3.6/site-packages/airflow/example_dags/example_python_operator.py
[2022-09-05 02:16:40,610] {scheduler_job.py:639} INFO - DAG(s) dict_keys(['example_python_operator']) retrieved from /home/airflow/.local/lib/python3.6/site-packages/airflow/example_dags/example_python_operator.py
[2022-09-05 02:16:40,664] {logging_mixin.py:104} INFO - [2022-09-05 02:16:40,664] {dag.py:1818} INFO - Sync 1 DAGs
[2022-09-05 02:16:40,697] {logging_mixin.py:104} INFO - [2022-09-05 02:16:40,697] {dag.py:2273} INFO - Setting next_dagrun for example_python_operator to None
[2022-09-05 02:16:40,768] {scheduler_job.py:190} INFO - Processing /home/airflow/.local/lib/python3.6/site-packages/airflow/example_dags/example_python_operator.py took 0.202 seconds
[2022-09-05 02:17:10,923] {scheduler_job.py:182} INFO - Started process (PID=1773) to work on /home/airflow/.local/lib/python3.6/site-packages/airflow/example_dags/example_python_operator.py
[2022-09-05 02:17:10,925] {scheduler_job.py:629} INFO - Processing file /home/airflow/.local/lib/python3.6/site-packages/airflow/example_dags/example_python_operator.py for tasks to queue
[2022-09-05 02:17:10,926] {logging_mixin.py:104} INFO - [2022-09-05 02:17:10,926] {dagbag.py:448} INFO - Filling up the DagBag from /home/airflow/.local/lib/python3.6/site-packages/airflow/example_dags/example_python_operator.py
[2022-09-05 02:17:10,944] {scheduler_job.py:639} INFO - DAG(s) dict_keys(['example_python_operator']) retrieved from /home/airflow/.local/lib/python3.6/site-packages/airflow/example_dags/example_python_operator.py
[2022-09-05 02:17:10,972] {logging_mixin.py:104} INFO - [2022-09-05 02:17:10,972] {dag.py:1818} INFO - Sync 1 DAGs
[2022-09-05 02:17:10,990] {logging_mixin.py:104} INFO - [2022-09-05 02:17:10,990] {dag.py:2273} INFO - Setting next_dagrun for example_python_operator to None
[2022-09-05 02:17:11,153] {scheduler_job.py:190} INFO - Processing /home/airflow/.local/lib/python3.6/site-packages/airflow/example_dags/example_python_operator.py took 0.235 seconds
[2022-09-05 02:17:41,556] {scheduler_job.py:182} INFO - Started process (PID=1888) to work on /home/airflow/.local/lib/python3.6/site-packages/airflow/example_dags/example_python_operator.py
[2022-09-05 02:17:41,558] {scheduler_job.py:629} INFO - Processing file /home/airflow/.local/lib/python3.6/site-packages/airflow/example_dags/example_python_operator.py for tasks to queue
[2022-09-05 02:17:41,560] {logging_mixin.py:104} INFO - [2022-09-05 02:17:41,560] {dagbag.py:448} INFO - Filling up the DagBag from /home/airflow/.local/lib/python3.6/site-packages/airflow/example_dags/example_python_operator.py
[2022-09-05 02:17:41,598] {scheduler_job.py:639} INFO - DAG(s) dict_keys(['example_python_operator']) retrieved from /home/airflow/.local/lib/python3.6/site-packages/airflow/example_dags/example_python_operator.py
[2022-09-05 02:17:41,661] {logging_mixin.py:104} INFO - [2022-09-05 02:17:41,660] {dag.py:1818} INFO - Sync 1 DAGs
[2022-09-05 02:17:41,704] {logging_mixin.py:104} INFO - [2022-09-05 02:17:41,704] {dag.py:2273} INFO - Setting next_dagrun for example_python_operator to None
[2022-09-05 02:17:41,759] {scheduler_job.py:190} INFO - Processing /home/airflow/.local/lib/python3.6/site-packages/airflow/example_dags/example_python_operator.py took 0.209 seconds
[2022-09-05 02:18:12,069] {scheduler_job.py:182} INFO - Started process (PID=2018) to work on /home/airflow/.local/lib/python3.6/site-packages/airflow/example_dags/example_python_operator.py
[2022-09-05 02:18:12,071] {scheduler_job.py:629} INFO - Processing file /home/airflow/.local/lib/python3.6/site-packages/airflow/example_dags/example_python_operator.py for tasks to queue
[2022-09-05 02:18:12,073] {logging_mixin.py:104} INFO - [2022-09-05 02:18:12,072] {dagbag.py:448} INFO - Filling up the DagBag from /home/airflow/.local/lib/python3.6/site-packages/airflow/example_dags/example_python_operator.py
[2022-09-05 02:18:12,089] {scheduler_job.py:639} INFO - DAG(s) dict_keys(['example_python_operator']) retrieved from /home/airflow/.local/lib/python3.6/site-packages/airflow/example_dags/example_python_operator.py
[2022-09-05 02:18:12,123] {logging_mixin.py:104} INFO - [2022-09-05 02:18:12,123] {dag.py:1818} INFO - Sync 1 DAGs
[2022-09-05 02:18:12,150] {logging_mixin.py:104} INFO - [2022-09-05 02:18:12,150] {dag.py:2273} INFO - Setting next_dagrun for example_python_operator to None
[2022-09-05 02:18:12,189] {scheduler_job.py:190} INFO - Processing /home/airflow/.local/lib/python3.6/site-packages/airflow/example_dags/example_python_operator.py took 0.125 seconds
[2022-09-05 02:18:42,735] {scheduler_job.py:182} INFO - Started process (PID=2148) to work on /home/airflow/.local/lib/python3.6/site-packages/airflow/example_dags/example_python_operator.py
[2022-09-05 02:18:42,737] {scheduler_job.py:629} INFO - Processing file /home/airflow/.local/lib/python3.6/site-packages/airflow/example_dags/example_python_operator.py for tasks to queue
[2022-09-05 02:18:42,739] {logging_mixin.py:104} INFO - [2022-09-05 02:18:42,739] {dagbag.py:448} INFO - Filling up the DagBag from /home/airflow/.local/lib/python3.6/site-packages/airflow/example_dags/example_python_operator.py
[2022-09-05 02:18:42,766] {scheduler_job.py:639} INFO - DAG(s) dict_keys(['example_python_operator']) retrieved from /home/airflow/.local/lib/python3.6/site-packages/airflow/example_dags/example_python_operator.py
[2022-09-05 02:18:42,800] {logging_mixin.py:104} INFO - [2022-09-05 02:18:42,800] {dag.py:1818} INFO - Sync 1 DAGs
[2022-09-05 02:18:42,823] {logging_mixin.py:104} INFO - [2022-09-05 02:18:42,823] {dag.py:2273} INFO - Setting next_dagrun for example_python_operator to None
[2022-09-05 02:18:42,862] {scheduler_job.py:190} INFO - Processing /home/airflow/.local/lib/python3.6/site-packages/airflow/example_dags/example_python_operator.py took 0.132 seconds
[2022-09-05 02:19:13,693] {scheduler_job.py:182} INFO - Started process (PID=2272) to work on /home/airflow/.local/lib/python3.6/site-packages/airflow/example_dags/example_python_operator.py
[2022-09-05 02:19:13,696] {scheduler_job.py:629} INFO - Processing file /home/airflow/.local/lib/python3.6/site-packages/airflow/example_dags/example_python_operator.py for tasks to queue
[2022-09-05 02:19:13,698] {logging_mixin.py:104} INFO - [2022-09-05 02:19:13,697] {dagbag.py:448} INFO - Filling up the DagBag from /home/airflow/.local/lib/python3.6/site-packages/airflow/example_dags/example_python_operator.py
[2022-09-05 02:19:13,715] {scheduler_job.py:639} INFO - DAG(s) dict_keys(['example_python_operator']) retrieved from /home/airflow/.local/lib/python3.6/site-packages/airflow/example_dags/example_python_operator.py
[2022-09-05 02:19:13,742] {logging_mixin.py:104} INFO - [2022-09-05 02:19:13,742] {dag.py:1818} INFO - Sync 1 DAGs
[2022-09-05 02:19:13,765] {logging_mixin.py:104} INFO - [2022-09-05 02:19:13,765] {dag.py:2273} INFO - Setting next_dagrun for example_python_operator to None
[2022-09-05 02:19:13,798] {scheduler_job.py:190} INFO - Processing /home/airflow/.local/lib/python3.6/site-packages/airflow/example_dags/example_python_operator.py took 0.109 seconds
[2022-09-05 02:19:44,367] {scheduler_job.py:182} INFO - Started process (PID=2402) to work on /home/airflow/.local/lib/python3.6/site-packages/airflow/example_dags/example_python_operator.py
[2022-09-05 02:19:44,370] {scheduler_job.py:629} INFO - Processing file /home/airflow/.local/lib/python3.6/site-packages/airflow/example_dags/example_python_operator.py for tasks to queue
[2022-09-05 02:19:44,371] {logging_mixin.py:104} INFO - [2022-09-05 02:19:44,371] {dagbag.py:448} INFO - Filling up the DagBag from /home/airflow/.local/lib/python3.6/site-packages/airflow/example_dags/example_python_operator.py
[2022-09-05 02:19:44,389] {scheduler_job.py:639} INFO - DAG(s) dict_keys(['example_python_operator']) retrieved from /home/airflow/.local/lib/python3.6/site-packages/airflow/example_dags/example_python_operator.py
[2022-09-05 02:19:44,418] {logging_mixin.py:104} INFO - [2022-09-05 02:19:44,418] {dag.py:1818} INFO - Sync 1 DAGs
[2022-09-05 02:19:44,437] {logging_mixin.py:104} INFO - [2022-09-05 02:19:44,437] {dag.py:2273} INFO - Setting next_dagrun for example_python_operator to None
[2022-09-05 02:19:44,470] {scheduler_job.py:190} INFO - Processing /home/airflow/.local/lib/python3.6/site-packages/airflow/example_dags/example_python_operator.py took 0.110 seconds
[2022-09-05 02:20:14,559] {scheduler_job.py:182} INFO - Started process (PID=2530) to work on /home/airflow/.local/lib/python3.6/site-packages/airflow/example_dags/example_python_operator.py
[2022-09-05 02:20:14,560] {scheduler_job.py:629} INFO - Processing file /home/airflow/.local/lib/python3.6/site-packages/airflow/example_dags/example_python_operator.py for tasks to queue
[2022-09-05 02:20:14,563] {logging_mixin.py:104} INFO - [2022-09-05 02:20:14,562] {dagbag.py:448} INFO - Filling up the DagBag from /home/airflow/.local/lib/python3.6/site-packages/airflow/example_dags/example_python_operator.py
[2022-09-05 02:20:14,578] {scheduler_job.py:639} INFO - DAG(s) dict_keys(['example_python_operator']) retrieved from /home/airflow/.local/lib/python3.6/site-packages/airflow/example_dags/example_python_operator.py
[2022-09-05 02:20:14,607] {logging_mixin.py:104} INFO - [2022-09-05 02:20:14,607] {dag.py:1818} INFO - Sync 1 DAGs
[2022-09-05 02:20:14,627] {logging_mixin.py:104} INFO - [2022-09-05 02:20:14,626] {dag.py:2273} INFO - Setting next_dagrun for example_python_operator to None
[2022-09-05 02:20:14,676] {scheduler_job.py:190} INFO - Processing /home/airflow/.local/lib/python3.6/site-packages/airflow/example_dags/example_python_operator.py took 0.122 seconds
[2022-09-05 02:20:45,251] {scheduler_job.py:182} INFO - Started process (PID=2673) to work on /home/airflow/.local/lib/python3.6/site-packages/airflow/example_dags/example_python_operator.py
[2022-09-05 02:20:45,253] {scheduler_job.py:629} INFO - Processing file /home/airflow/.local/lib/python3.6/site-packages/airflow/example_dags/example_python_operator.py for tasks to queue
[2022-09-05 02:20:45,256] {logging_mixin.py:104} INFO - [2022-09-05 02:20:45,255] {dagbag.py:448} INFO - Filling up the DagBag from /home/airflow/.local/lib/python3.6/site-packages/airflow/example_dags/example_python_operator.py
[2022-09-05 02:20:45,282] {scheduler_job.py:639} INFO - DAG(s) dict_keys(['example_python_operator']) retrieved from /home/airflow/.local/lib/python3.6/site-packages/airflow/example_dags/example_python_operator.py
[2022-09-05 02:20:45,324] {logging_mixin.py:104} INFO - [2022-09-05 02:20:45,324] {dag.py:1818} INFO - Sync 1 DAGs
[2022-09-05 02:20:45,357] {logging_mixin.py:104} INFO - [2022-09-05 02:20:45,357] {dag.py:2273} INFO - Setting next_dagrun for example_python_operator to None
[2022-09-05 02:20:45,405] {scheduler_job.py:190} INFO - Processing /home/airflow/.local/lib/python3.6/site-packages/airflow/example_dags/example_python_operator.py took 0.158 seconds
[2022-09-05 02:21:15,852] {scheduler_job.py:182} INFO - Started process (PID=2803) to work on /home/airflow/.local/lib/python3.6/site-packages/airflow/example_dags/example_python_operator.py
[2022-09-05 02:21:15,854] {scheduler_job.py:629} INFO - Processing file /home/airflow/.local/lib/python3.6/site-packages/airflow/example_dags/example_python_operator.py for tasks to queue
[2022-09-05 02:21:15,856] {logging_mixin.py:104} INFO - [2022-09-05 02:21:15,855] {dagbag.py:448} INFO - Filling up the DagBag from /home/airflow/.local/lib/python3.6/site-packages/airflow/example_dags/example_python_operator.py
[2022-09-05 02:21:15,874] {scheduler_job.py:639} INFO - DAG(s) dict_keys(['example_python_operator']) retrieved from /home/airflow/.local/lib/python3.6/site-packages/airflow/example_dags/example_python_operator.py
[2022-09-05 02:21:15,904] {logging_mixin.py:104} INFO - [2022-09-05 02:21:15,904] {dag.py:1818} INFO - Sync 1 DAGs
[2022-09-05 02:21:15,926] {logging_mixin.py:104} INFO - [2022-09-05 02:21:15,925] {dag.py:2273} INFO - Setting next_dagrun for example_python_operator to None
[2022-09-05 02:21:15,977] {scheduler_job.py:190} INFO - Processing /home/airflow/.local/lib/python3.6/site-packages/airflow/example_dags/example_python_operator.py took 0.128 seconds
[2022-09-05 02:21:46,087] {scheduler_job.py:182} INFO - Started process (PID=2933) to work on /home/airflow/.local/lib/python3.6/site-packages/airflow/example_dags/example_python_operator.py
[2022-09-05 02:21:46,089] {scheduler_job.py:629} INFO - Processing file /home/airflow/.local/lib/python3.6/site-packages/airflow/example_dags/example_python_operator.py for tasks to queue
[2022-09-05 02:21:46,090] {logging_mixin.py:104} INFO - [2022-09-05 02:21:46,090] {dagbag.py:448} INFO - Filling up the DagBag from /home/airflow/.local/lib/python3.6/site-packages/airflow/example_dags/example_python_operator.py
[2022-09-05 02:21:46,108] {scheduler_job.py:639} INFO - DAG(s) dict_keys(['example_python_operator']) retrieved from /home/airflow/.local/lib/python3.6/site-packages/airflow/example_dags/example_python_operator.py
[2022-09-05 02:21:46,136] {logging_mixin.py:104} INFO - [2022-09-05 02:21:46,135] {dag.py:1818} INFO - Sync 1 DAGs
[2022-09-05 02:21:46,153] {logging_mixin.py:104} INFO - [2022-09-05 02:21:46,153] {dag.py:2273} INFO - Setting next_dagrun for example_python_operator to None
[2022-09-05 02:21:46,205] {scheduler_job.py:190} INFO - Processing /home/airflow/.local/lib/python3.6/site-packages/airflow/example_dags/example_python_operator.py took 0.122 seconds
[2022-09-05 02:21:56,530] {scheduler_job.py:182} INFO - Started process (PID=272) to work on /home/airflow/.local/lib/python3.6/site-packages/airflow/example_dags/example_python_operator.py
[2022-09-05 02:21:56,532] {scheduler_job.py:629} INFO - Processing file /home/airflow/.local/lib/python3.6/site-packages/airflow/example_dags/example_python_operator.py for tasks to queue
[2022-09-05 02:21:56,533] {logging_mixin.py:104} INFO - [2022-09-05 02:21:56,533] {dagbag.py:448} INFO - Filling up the DagBag from /home/airflow/.local/lib/python3.6/site-packages/airflow/example_dags/example_python_operator.py
[2022-09-05 02:21:56,549] {scheduler_job.py:639} INFO - DAG(s) dict_keys(['example_python_operator']) retrieved from /home/airflow/.local/lib/python3.6/site-packages/airflow/example_dags/example_python_operator.py
[2022-09-05 02:21:56,582] {logging_mixin.py:104} INFO - [2022-09-05 02:21:56,582] {dag.py:1818} INFO - Sync 1 DAGs
[2022-09-05 02:21:56,604] {logging_mixin.py:104} INFO - [2022-09-05 02:21:56,604] {dag.py:2273} INFO - Setting next_dagrun for example_python_operator to None
[2022-09-05 02:21:56,641] {scheduler_job.py:190} INFO - Processing /home/airflow/.local/lib/python3.6/site-packages/airflow/example_dags/example_python_operator.py took 0.115 seconds
[2022-09-05 02:22:27,742] {scheduler_job.py:182} INFO - Started process (PID=402) to work on /home/airflow/.local/lib/python3.6/site-packages/airflow/example_dags/example_python_operator.py
[2022-09-05 02:22:27,744] {scheduler_job.py:629} INFO - Processing file /home/airflow/.local/lib/python3.6/site-packages/airflow/example_dags/example_python_operator.py for tasks to queue
[2022-09-05 02:22:27,745] {logging_mixin.py:104} INFO - [2022-09-05 02:22:27,744] {dagbag.py:448} INFO - Filling up the DagBag from /home/airflow/.local/lib/python3.6/site-packages/airflow/example_dags/example_python_operator.py
[2022-09-05 02:22:27,761] {scheduler_job.py:639} INFO - DAG(s) dict_keys(['example_python_operator']) retrieved from /home/airflow/.local/lib/python3.6/site-packages/airflow/example_dags/example_python_operator.py
[2022-09-05 02:22:27,788] {logging_mixin.py:104} INFO - [2022-09-05 02:22:27,788] {dag.py:1818} INFO - Sync 1 DAGs
[2022-09-05 02:22:27,809] {logging_mixin.py:104} INFO - [2022-09-05 02:22:27,809] {dag.py:2273} INFO - Setting next_dagrun for example_python_operator to None
[2022-09-05 02:22:27,852] {scheduler_job.py:190} INFO - Processing /home/airflow/.local/lib/python3.6/site-packages/airflow/example_dags/example_python_operator.py took 0.113 seconds
[2022-09-05 02:22:58,361] {scheduler_job.py:182} INFO - Started process (PID=517) to work on /home/airflow/.local/lib/python3.6/site-packages/airflow/example_dags/example_python_operator.py
[2022-09-05 02:22:58,363] {scheduler_job.py:629} INFO - Processing file /home/airflow/.local/lib/python3.6/site-packages/airflow/example_dags/example_python_operator.py for tasks to queue
[2022-09-05 02:22:58,364] {logging_mixin.py:104} INFO - [2022-09-05 02:22:58,364] {dagbag.py:448} INFO - Filling up the DagBag from /home/airflow/.local/lib/python3.6/site-packages/airflow/example_dags/example_python_operator.py
[2022-09-05 02:22:58,388] {scheduler_job.py:639} INFO - DAG(s) dict_keys(['example_python_operator']) retrieved from /home/airflow/.local/lib/python3.6/site-packages/airflow/example_dags/example_python_operator.py
[2022-09-05 02:22:58,441] {logging_mixin.py:104} INFO - [2022-09-05 02:22:58,441] {dag.py:1818} INFO - Sync 1 DAGs
[2022-09-05 02:22:58,471] {logging_mixin.py:104} INFO - [2022-09-05 02:22:58,471] {dag.py:2273} INFO - Setting next_dagrun for example_python_operator to None
[2022-09-05 02:22:58,519] {scheduler_job.py:190} INFO - Processing /home/airflow/.local/lib/python3.6/site-packages/airflow/example_dags/example_python_operator.py took 0.163 seconds
[2022-09-05 02:23:29,259] {scheduler_job.py:182} INFO - Started process (PID=647) to work on /home/airflow/.local/lib/python3.6/site-packages/airflow/example_dags/example_python_operator.py
[2022-09-05 02:23:29,262] {scheduler_job.py:629} INFO - Processing file /home/airflow/.local/lib/python3.6/site-packages/airflow/example_dags/example_python_operator.py for tasks to queue
[2022-09-05 02:23:29,263] {logging_mixin.py:104} INFO - [2022-09-05 02:23:29,263] {dagbag.py:448} INFO - Filling up the DagBag from /home/airflow/.local/lib/python3.6/site-packages/airflow/example_dags/example_python_operator.py
[2022-09-05 02:23:29,279] {scheduler_job.py:639} INFO - DAG(s) dict_keys(['example_python_operator']) retrieved from /home/airflow/.local/lib/python3.6/site-packages/airflow/example_dags/example_python_operator.py
[2022-09-05 02:23:29,306] {logging_mixin.py:104} INFO - [2022-09-05 02:23:29,306] {dag.py:1818} INFO - Sync 1 DAGs
[2022-09-05 02:23:29,322] {logging_mixin.py:104} INFO - [2022-09-05 02:23:29,322] {dag.py:2273} INFO - Setting next_dagrun for example_python_operator to None
[2022-09-05 02:23:29,393] {scheduler_job.py:190} INFO - Processing /home/airflow/.local/lib/python3.6/site-packages/airflow/example_dags/example_python_operator.py took 0.137 seconds
[2022-09-05 02:23:59,578] {scheduler_job.py:182} INFO - Started process (PID=767) to work on /home/airflow/.local/lib/python3.6/site-packages/airflow/example_dags/example_python_operator.py
[2022-09-05 02:23:59,581] {scheduler_job.py:629} INFO - Processing file /home/airflow/.local/lib/python3.6/site-packages/airflow/example_dags/example_python_operator.py for tasks to queue
[2022-09-05 02:23:59,583] {logging_mixin.py:104} INFO - [2022-09-05 02:23:59,582] {dagbag.py:448} INFO - Filling up the DagBag from /home/airflow/.local/lib/python3.6/site-packages/airflow/example_dags/example_python_operator.py
[2022-09-05 02:23:59,612] {scheduler_job.py:639} INFO - DAG(s) dict_keys(['example_python_operator']) retrieved from /home/airflow/.local/lib/python3.6/site-packages/airflow/example_dags/example_python_operator.py
[2022-09-05 02:23:59,656] {logging_mixin.py:104} INFO - [2022-09-05 02:23:59,656] {dag.py:1818} INFO - Sync 1 DAGs
[2022-09-05 02:23:59,684] {logging_mixin.py:104} INFO - [2022-09-05 02:23:59,684] {dag.py:2273} INFO - Setting next_dagrun for example_python_operator to None
[2022-09-05 02:23:59,739] {scheduler_job.py:190} INFO - Processing /home/airflow/.local/lib/python3.6/site-packages/airflow/example_dags/example_python_operator.py took 0.166 seconds
[2022-09-05 02:24:30,053] {scheduler_job.py:182} INFO - Started process (PID=899) to work on /home/airflow/.local/lib/python3.6/site-packages/airflow/example_dags/example_python_operator.py
[2022-09-05 02:24:30,055] {scheduler_job.py:629} INFO - Processing file /home/airflow/.local/lib/python3.6/site-packages/airflow/example_dags/example_python_operator.py for tasks to queue
[2022-09-05 02:24:30,056] {logging_mixin.py:104} INFO - [2022-09-05 02:24:30,056] {dagbag.py:448} INFO - Filling up the DagBag from /home/airflow/.local/lib/python3.6/site-packages/airflow/example_dags/example_python_operator.py
[2022-09-05 02:24:30,072] {scheduler_job.py:639} INFO - DAG(s) dict_keys(['example_python_operator']) retrieved from /home/airflow/.local/lib/python3.6/site-packages/airflow/example_dags/example_python_operator.py
[2022-09-05 02:24:30,107] {logging_mixin.py:104} INFO - [2022-09-05 02:24:30,107] {dag.py:1818} INFO - Sync 1 DAGs
[2022-09-05 02:24:30,127] {logging_mixin.py:104} INFO - [2022-09-05 02:24:30,127] {dag.py:2273} INFO - Setting next_dagrun for example_python_operator to None
[2022-09-05 02:24:30,201] {scheduler_job.py:190} INFO - Processing /home/airflow/.local/lib/python3.6/site-packages/airflow/example_dags/example_python_operator.py took 0.152 seconds
[2022-09-05 02:24:52,646] {scheduler_job.py:182} INFO - Started process (PID=196) to work on /home/airflow/.local/lib/python3.6/site-packages/airflow/example_dags/example_python_operator.py
[2022-09-05 02:24:52,647] {scheduler_job.py:629} INFO - Processing file /home/airflow/.local/lib/python3.6/site-packages/airflow/example_dags/example_python_operator.py for tasks to queue
[2022-09-05 02:24:52,649] {logging_mixin.py:104} INFO - [2022-09-05 02:24:52,649] {dagbag.py:448} INFO - Filling up the DagBag from /home/airflow/.local/lib/python3.6/site-packages/airflow/example_dags/example_python_operator.py
[2022-09-05 02:24:52,665] {scheduler_job.py:639} INFO - DAG(s) dict_keys(['example_python_operator']) retrieved from /home/airflow/.local/lib/python3.6/site-packages/airflow/example_dags/example_python_operator.py
[2022-09-05 02:24:52,705] {logging_mixin.py:104} INFO - [2022-09-05 02:24:52,705] {dag.py:1818} INFO - Sync 1 DAGs
[2022-09-05 02:24:52,727] {logging_mixin.py:104} INFO - [2022-09-05 02:24:52,727] {dag.py:2273} INFO - Setting next_dagrun for example_python_operator to None
[2022-09-05 02:24:52,762] {scheduler_job.py:190} INFO - Processing /home/airflow/.local/lib/python3.6/site-packages/airflow/example_dags/example_python_operator.py took 0.119 seconds
[2022-09-05 02:25:24,902] {scheduler_job.py:182} INFO - Started process (PID=336) to work on /home/airflow/.local/lib/python3.6/site-packages/airflow/example_dags/example_python_operator.py
[2022-09-05 02:25:24,906] {scheduler_job.py:629} INFO - Processing file /home/airflow/.local/lib/python3.6/site-packages/airflow/example_dags/example_python_operator.py for tasks to queue
[2022-09-05 02:25:24,908] {logging_mixin.py:104} INFO - [2022-09-05 02:25:24,907] {dagbag.py:448} INFO - Filling up the DagBag from /home/airflow/.local/lib/python3.6/site-packages/airflow/example_dags/example_python_operator.py
[2022-09-05 02:25:24,988] {scheduler_job.py:639} INFO - DAG(s) dict_keys(['example_python_operator']) retrieved from /home/airflow/.local/lib/python3.6/site-packages/airflow/example_dags/example_python_operator.py
[2022-09-05 02:25:25,085] {logging_mixin.py:104} INFO - [2022-09-05 02:25:25,085] {dag.py:1818} INFO - Sync 1 DAGs
[2022-09-05 02:25:25,167] {logging_mixin.py:104} INFO - [2022-09-05 02:25:25,166] {dag.py:2273} INFO - Setting next_dagrun for example_python_operator to None
[2022-09-05 02:25:25,321] {scheduler_job.py:190} INFO - Processing /home/airflow/.local/lib/python3.6/site-packages/airflow/example_dags/example_python_operator.py took 0.436 seconds
[2022-09-05 02:25:55,476] {scheduler_job.py:182} INFO - Started process (PID=466) to work on /home/airflow/.local/lib/python3.6/site-packages/airflow/example_dags/example_python_operator.py
[2022-09-05 02:25:55,477] {scheduler_job.py:629} INFO - Processing file /home/airflow/.local/lib/python3.6/site-packages/airflow/example_dags/example_python_operator.py for tasks to queue
[2022-09-05 02:25:55,478] {logging_mixin.py:104} INFO - [2022-09-05 02:25:55,478] {dagbag.py:448} INFO - Filling up the DagBag from /home/airflow/.local/lib/python3.6/site-packages/airflow/example_dags/example_python_operator.py
[2022-09-05 02:25:55,496] {scheduler_job.py:639} INFO - DAG(s) dict_keys(['example_python_operator']) retrieved from /home/airflow/.local/lib/python3.6/site-packages/airflow/example_dags/example_python_operator.py
[2022-09-05 02:25:55,531] {logging_mixin.py:104} INFO - [2022-09-05 02:25:55,530] {dag.py:1818} INFO - Sync 1 DAGs
[2022-09-05 02:25:55,549] {logging_mixin.py:104} INFO - [2022-09-05 02:25:55,549] {dag.py:2273} INFO - Setting next_dagrun for example_python_operator to None
[2022-09-05 02:25:55,592] {scheduler_job.py:190} INFO - Processing /home/airflow/.local/lib/python3.6/site-packages/airflow/example_dags/example_python_operator.py took 0.120 seconds
[2022-09-05 02:26:02,442] {scheduler_job.py:182} INFO - Started process (PID=237) to work on /home/airflow/.local/lib/python3.6/site-packages/airflow/example_dags/example_python_operator.py
[2022-09-05 02:26:02,444] {scheduler_job.py:629} INFO - Processing file /home/airflow/.local/lib/python3.6/site-packages/airflow/example_dags/example_python_operator.py for tasks to queue
[2022-09-05 02:26:02,445] {logging_mixin.py:104} INFO - [2022-09-05 02:26:02,445] {dagbag.py:448} INFO - Filling up the DagBag from /home/airflow/.local/lib/python3.6/site-packages/airflow/example_dags/example_python_operator.py
[2022-09-05 02:26:02,460] {scheduler_job.py:639} INFO - DAG(s) dict_keys(['example_python_operator']) retrieved from /home/airflow/.local/lib/python3.6/site-packages/airflow/example_dags/example_python_operator.py
[2022-09-05 02:26:02,492] {logging_mixin.py:104} INFO - [2022-09-05 02:26:02,492] {dag.py:1818} INFO - Sync 1 DAGs
[2022-09-05 02:26:02,514] {logging_mixin.py:104} INFO - [2022-09-05 02:26:02,514] {dag.py:2273} INFO - Setting next_dagrun for example_python_operator to None
[2022-09-05 02:26:02,549] {scheduler_job.py:190} INFO - Processing /home/airflow/.local/lib/python3.6/site-packages/airflow/example_dags/example_python_operator.py took 0.110 seconds
[2022-09-05 02:26:33,569] {scheduler_job.py:182} INFO - Started process (PID=367) to work on /home/airflow/.local/lib/python3.6/site-packages/airflow/example_dags/example_python_operator.py
[2022-09-05 02:26:33,571] {scheduler_job.py:629} INFO - Processing file /home/airflow/.local/lib/python3.6/site-packages/airflow/example_dags/example_python_operator.py for tasks to queue
[2022-09-05 02:26:33,572] {logging_mixin.py:104} INFO - [2022-09-05 02:26:33,572] {dagbag.py:448} INFO - Filling up the DagBag from /home/airflow/.local/lib/python3.6/site-packages/airflow/example_dags/example_python_operator.py
[2022-09-05 02:26:33,592] {scheduler_job.py:639} INFO - DAG(s) dict_keys(['example_python_operator']) retrieved from /home/airflow/.local/lib/python3.6/site-packages/airflow/example_dags/example_python_operator.py
[2022-09-05 02:26:33,622] {logging_mixin.py:104} INFO - [2022-09-05 02:26:33,622] {dag.py:1818} INFO - Sync 1 DAGs
[2022-09-05 02:26:33,642] {logging_mixin.py:104} INFO - [2022-09-05 02:26:33,642] {dag.py:2273} INFO - Setting next_dagrun for example_python_operator to None
[2022-09-05 02:26:33,676] {scheduler_job.py:190} INFO - Processing /home/airflow/.local/lib/python3.6/site-packages/airflow/example_dags/example_python_operator.py took 0.112 seconds
[2022-09-05 02:27:03,887] {scheduler_job.py:182} INFO - Started process (PID=502) to work on /home/airflow/.local/lib/python3.6/site-packages/airflow/example_dags/example_python_operator.py
[2022-09-05 02:27:03,889] {scheduler_job.py:629} INFO - Processing file /home/airflow/.local/lib/python3.6/site-packages/airflow/example_dags/example_python_operator.py for tasks to queue
[2022-09-05 02:27:03,890] {logging_mixin.py:104} INFO - [2022-09-05 02:27:03,890] {dagbag.py:448} INFO - Filling up the DagBag from /home/airflow/.local/lib/python3.6/site-packages/airflow/example_dags/example_python_operator.py
[2022-09-05 02:27:03,907] {scheduler_job.py:639} INFO - DAG(s) dict_keys(['example_python_operator']) retrieved from /home/airflow/.local/lib/python3.6/site-packages/airflow/example_dags/example_python_operator.py
[2022-09-05 02:27:03,941] {logging_mixin.py:104} INFO - [2022-09-05 02:27:03,940] {dag.py:1818} INFO - Sync 1 DAGs
[2022-09-05 02:27:03,959] {logging_mixin.py:104} INFO - [2022-09-05 02:27:03,959] {dag.py:2273} INFO - Setting next_dagrun for example_python_operator to None
[2022-09-05 02:27:03,999] {scheduler_job.py:190} INFO - Processing /home/airflow/.local/lib/python3.6/site-packages/airflow/example_dags/example_python_operator.py took 0.115 seconds
[2022-09-05 02:27:35,356] {scheduler_job.py:182} INFO - Started process (PID=627) to work on /home/airflow/.local/lib/python3.6/site-packages/airflow/example_dags/example_python_operator.py
[2022-09-05 02:27:35,360] {scheduler_job.py:629} INFO - Processing file /home/airflow/.local/lib/python3.6/site-packages/airflow/example_dags/example_python_operator.py for tasks to queue
[2022-09-05 02:27:35,361] {logging_mixin.py:104} INFO - [2022-09-05 02:27:35,361] {dagbag.py:448} INFO - Filling up the DagBag from /home/airflow/.local/lib/python3.6/site-packages/airflow/example_dags/example_python_operator.py
[2022-09-05 02:27:35,383] {scheduler_job.py:639} INFO - DAG(s) dict_keys(['example_python_operator']) retrieved from /home/airflow/.local/lib/python3.6/site-packages/airflow/example_dags/example_python_operator.py
[2022-09-05 02:27:35,431] {logging_mixin.py:104} INFO - [2022-09-05 02:27:35,430] {dag.py:1818} INFO - Sync 1 DAGs
[2022-09-05 02:27:35,485] {logging_mixin.py:104} INFO - [2022-09-05 02:27:35,484] {dag.py:2273} INFO - Setting next_dagrun for example_python_operator to None
[2022-09-05 02:27:35,613] {scheduler_job.py:190} INFO - Processing /home/airflow/.local/lib/python3.6/site-packages/airflow/example_dags/example_python_operator.py took 0.263 seconds
[2022-09-05 02:28:05,754] {scheduler_job.py:182} INFO - Started process (PID=759) to work on /home/airflow/.local/lib/python3.6/site-packages/airflow/example_dags/example_python_operator.py
[2022-09-05 02:28:05,756] {scheduler_job.py:629} INFO - Processing file /home/airflow/.local/lib/python3.6/site-packages/airflow/example_dags/example_python_operator.py for tasks to queue
[2022-09-05 02:28:05,757] {logging_mixin.py:104} INFO - [2022-09-05 02:28:05,757] {dagbag.py:448} INFO - Filling up the DagBag from /home/airflow/.local/lib/python3.6/site-packages/airflow/example_dags/example_python_operator.py
[2022-09-05 02:28:05,772] {scheduler_job.py:639} INFO - DAG(s) dict_keys(['example_python_operator']) retrieved from /home/airflow/.local/lib/python3.6/site-packages/airflow/example_dags/example_python_operator.py
[2022-09-05 02:28:05,802] {logging_mixin.py:104} INFO - [2022-09-05 02:28:05,802] {dag.py:1818} INFO - Sync 1 DAGs
[2022-09-05 02:28:05,821] {logging_mixin.py:104} INFO - [2022-09-05 02:28:05,821] {dag.py:2273} INFO - Setting next_dagrun for example_python_operator to None
[2022-09-05 02:28:05,856] {scheduler_job.py:190} INFO - Processing /home/airflow/.local/lib/python3.6/site-packages/airflow/example_dags/example_python_operator.py took 0.106 seconds
[2022-09-05 02:28:36,318] {scheduler_job.py:182} INFO - Started process (PID=892) to work on /home/airflow/.local/lib/python3.6/site-packages/airflow/example_dags/example_python_operator.py
[2022-09-05 02:28:36,320] {scheduler_job.py:629} INFO - Processing file /home/airflow/.local/lib/python3.6/site-packages/airflow/example_dags/example_python_operator.py for tasks to queue
[2022-09-05 02:28:36,322] {logging_mixin.py:104} INFO - [2022-09-05 02:28:36,321] {dagbag.py:448} INFO - Filling up the DagBag from /home/airflow/.local/lib/python3.6/site-packages/airflow/example_dags/example_python_operator.py
[2022-09-05 02:28:36,343] {scheduler_job.py:639} INFO - DAG(s) dict_keys(['example_python_operator']) retrieved from /home/airflow/.local/lib/python3.6/site-packages/airflow/example_dags/example_python_operator.py
[2022-09-05 02:28:36,380] {logging_mixin.py:104} INFO - [2022-09-05 02:28:36,380] {dag.py:1818} INFO - Sync 1 DAGs
[2022-09-05 02:28:36,404] {logging_mixin.py:104} INFO - [2022-09-05 02:28:36,404] {dag.py:2273} INFO - Setting next_dagrun for example_python_operator to None
[2022-09-05 02:28:36,508] {scheduler_job.py:190} INFO - Processing /home/airflow/.local/lib/python3.6/site-packages/airflow/example_dags/example_python_operator.py took 0.193 seconds
[2022-09-05 02:29:07,666] {scheduler_job.py:182} INFO - Started process (PID=1027) to work on /home/airflow/.local/lib/python3.6/site-packages/airflow/example_dags/example_python_operator.py
[2022-09-05 02:29:07,668] {scheduler_job.py:629} INFO - Processing file /home/airflow/.local/lib/python3.6/site-packages/airflow/example_dags/example_python_operator.py for tasks to queue
[2022-09-05 02:29:07,671] {logging_mixin.py:104} INFO - [2022-09-05 02:29:07,670] {dagbag.py:448} INFO - Filling up the DagBag from /home/airflow/.local/lib/python3.6/site-packages/airflow/example_dags/example_python_operator.py
[2022-09-05 02:29:07,696] {scheduler_job.py:639} INFO - DAG(s) dict_keys(['example_python_operator']) retrieved from /home/airflow/.local/lib/python3.6/site-packages/airflow/example_dags/example_python_operator.py
[2022-09-05 02:29:07,736] {logging_mixin.py:104} INFO - [2022-09-05 02:29:07,736] {dag.py:1818} INFO - Sync 1 DAGs
[2022-09-05 02:29:07,769] {logging_mixin.py:104} INFO - [2022-09-05 02:29:07,769] {dag.py:2273} INFO - Setting next_dagrun for example_python_operator to None
[2022-09-05 02:29:07,817] {scheduler_job.py:190} INFO - Processing /home/airflow/.local/lib/python3.6/site-packages/airflow/example_dags/example_python_operator.py took 0.157 seconds
[2022-09-05 02:29:37,959] {scheduler_job.py:182} INFO - Started process (PID=1147) to work on /home/airflow/.local/lib/python3.6/site-packages/airflow/example_dags/example_python_operator.py
[2022-09-05 02:29:37,961] {scheduler_job.py:629} INFO - Processing file /home/airflow/.local/lib/python3.6/site-packages/airflow/example_dags/example_python_operator.py for tasks to queue
[2022-09-05 02:29:37,963] {logging_mixin.py:104} INFO - [2022-09-05 02:29:37,963] {dagbag.py:448} INFO - Filling up the DagBag from /home/airflow/.local/lib/python3.6/site-packages/airflow/example_dags/example_python_operator.py
[2022-09-05 02:29:37,996] {scheduler_job.py:639} INFO - DAG(s) dict_keys(['example_python_operator']) retrieved from /home/airflow/.local/lib/python3.6/site-packages/airflow/example_dags/example_python_operator.py
[2022-09-05 02:29:38,038] {logging_mixin.py:104} INFO - [2022-09-05 02:29:38,038] {dag.py:1818} INFO - Sync 1 DAGs
[2022-09-05 02:29:38,067] {logging_mixin.py:104} INFO - [2022-09-05 02:29:38,067] {dag.py:2273} INFO - Setting next_dagrun for example_python_operator to None
[2022-09-05 02:29:38,109] {scheduler_job.py:190} INFO - Processing /home/airflow/.local/lib/python3.6/site-packages/airflow/example_dags/example_python_operator.py took 0.156 seconds
[2022-09-05 02:30:08,306] {scheduler_job.py:182} INFO - Started process (PID=1277) to work on /home/airflow/.local/lib/python3.6/site-packages/airflow/example_dags/example_python_operator.py
[2022-09-05 02:30:08,309] {scheduler_job.py:629} INFO - Processing file /home/airflow/.local/lib/python3.6/site-packages/airflow/example_dags/example_python_operator.py for tasks to queue
[2022-09-05 02:30:08,313] {logging_mixin.py:104} INFO - [2022-09-05 02:30:08,311] {dagbag.py:448} INFO - Filling up the DagBag from /home/airflow/.local/lib/python3.6/site-packages/airflow/example_dags/example_python_operator.py
[2022-09-05 02:30:08,337] {scheduler_job.py:639} INFO - DAG(s) dict_keys(['example_python_operator']) retrieved from /home/airflow/.local/lib/python3.6/site-packages/airflow/example_dags/example_python_operator.py
[2022-09-05 02:30:08,368] {logging_mixin.py:104} INFO - [2022-09-05 02:30:08,368] {dag.py:1818} INFO - Sync 1 DAGs
[2022-09-05 02:30:08,390] {logging_mixin.py:104} INFO - [2022-09-05 02:30:08,390] {dag.py:2273} INFO - Setting next_dagrun for example_python_operator to None
[2022-09-05 02:30:08,448] {scheduler_job.py:190} INFO - Processing /home/airflow/.local/lib/python3.6/site-packages/airflow/example_dags/example_python_operator.py took 0.146 seconds
[2022-09-05 02:30:38,629] {scheduler_job.py:182} INFO - Started process (PID=1407) to work on /home/airflow/.local/lib/python3.6/site-packages/airflow/example_dags/example_python_operator.py
[2022-09-05 02:30:38,631] {scheduler_job.py:629} INFO - Processing file /home/airflow/.local/lib/python3.6/site-packages/airflow/example_dags/example_python_operator.py for tasks to queue
[2022-09-05 02:30:38,632] {logging_mixin.py:104} INFO - [2022-09-05 02:30:38,632] {dagbag.py:448} INFO - Filling up the DagBag from /home/airflow/.local/lib/python3.6/site-packages/airflow/example_dags/example_python_operator.py
[2022-09-05 02:30:38,656] {scheduler_job.py:639} INFO - DAG(s) dict_keys(['example_python_operator']) retrieved from /home/airflow/.local/lib/python3.6/site-packages/airflow/example_dags/example_python_operator.py
[2022-09-05 02:30:38,692] {logging_mixin.py:104} INFO - [2022-09-05 02:30:38,692] {dag.py:1818} INFO - Sync 1 DAGs
[2022-09-05 02:30:38,713] {logging_mixin.py:104} INFO - [2022-09-05 02:30:38,713] {dag.py:2273} INFO - Setting next_dagrun for example_python_operator to None
[2022-09-05 02:30:38,750] {scheduler_job.py:190} INFO - Processing /home/airflow/.local/lib/python3.6/site-packages/airflow/example_dags/example_python_operator.py took 0.126 seconds
[2022-09-05 02:31:09,184] {scheduler_job.py:182} INFO - Started process (PID=1537) to work on /home/airflow/.local/lib/python3.6/site-packages/airflow/example_dags/example_python_operator.py
[2022-09-05 02:31:09,186] {scheduler_job.py:629} INFO - Processing file /home/airflow/.local/lib/python3.6/site-packages/airflow/example_dags/example_python_operator.py for tasks to queue
[2022-09-05 02:31:09,187] {logging_mixin.py:104} INFO - [2022-09-05 02:31:09,187] {dagbag.py:448} INFO - Filling up the DagBag from /home/airflow/.local/lib/python3.6/site-packages/airflow/example_dags/example_python_operator.py
[2022-09-05 02:31:09,212] {scheduler_job.py:639} INFO - DAG(s) dict_keys(['example_python_operator']) retrieved from /home/airflow/.local/lib/python3.6/site-packages/airflow/example_dags/example_python_operator.py
[2022-09-05 02:31:09,244] {logging_mixin.py:104} INFO - [2022-09-05 02:31:09,244] {dag.py:1818} INFO - Sync 1 DAGs
[2022-09-05 02:31:09,264] {logging_mixin.py:104} INFO - [2022-09-05 02:31:09,264] {dag.py:2273} INFO - Setting next_dagrun for example_python_operator to None
[2022-09-05 02:31:09,314] {scheduler_job.py:190} INFO - Processing /home/airflow/.local/lib/python3.6/site-packages/airflow/example_dags/example_python_operator.py took 0.134 seconds
[2022-09-05 02:31:39,509] {scheduler_job.py:182} INFO - Started process (PID=1697) to work on /home/airflow/.local/lib/python3.6/site-packages/airflow/example_dags/example_python_operator.py
[2022-09-05 02:31:39,511] {scheduler_job.py:629} INFO - Processing file /home/airflow/.local/lib/python3.6/site-packages/airflow/example_dags/example_python_operator.py for tasks to queue
[2022-09-05 02:31:39,512] {logging_mixin.py:104} INFO - [2022-09-05 02:31:39,512] {dagbag.py:448} INFO - Filling up the DagBag from /home/airflow/.local/lib/python3.6/site-packages/airflow/example_dags/example_python_operator.py
[2022-09-05 02:31:39,532] {scheduler_job.py:639} INFO - DAG(s) dict_keys(['example_python_operator']) retrieved from /home/airflow/.local/lib/python3.6/site-packages/airflow/example_dags/example_python_operator.py
[2022-09-05 02:31:39,562] {logging_mixin.py:104} INFO - [2022-09-05 02:31:39,562] {dag.py:1818} INFO - Sync 1 DAGs
[2022-09-05 02:31:39,581] {logging_mixin.py:104} INFO - [2022-09-05 02:31:39,581] {dag.py:2273} INFO - Setting next_dagrun for example_python_operator to None
[2022-09-05 02:31:39,619] {scheduler_job.py:190} INFO - Processing /home/airflow/.local/lib/python3.6/site-packages/airflow/example_dags/example_python_operator.py took 0.115 seconds
[2022-09-05 02:32:09,809] {scheduler_job.py:182} INFO - Started process (PID=1827) to work on /home/airflow/.local/lib/python3.6/site-packages/airflow/example_dags/example_python_operator.py
[2022-09-05 02:32:09,815] {scheduler_job.py:629} INFO - Processing file /home/airflow/.local/lib/python3.6/site-packages/airflow/example_dags/example_python_operator.py for tasks to queue
[2022-09-05 02:32:09,816] {logging_mixin.py:104} INFO - [2022-09-05 02:32:09,816] {dagbag.py:448} INFO - Filling up the DagBag from /home/airflow/.local/lib/python3.6/site-packages/airflow/example_dags/example_python_operator.py
[2022-09-05 02:32:09,838] {scheduler_job.py:639} INFO - DAG(s) dict_keys(['example_python_operator']) retrieved from /home/airflow/.local/lib/python3.6/site-packages/airflow/example_dags/example_python_operator.py
[2022-09-05 02:32:09,868] {logging_mixin.py:104} INFO - [2022-09-05 02:32:09,867] {dag.py:1818} INFO - Sync 1 DAGs
[2022-09-05 02:32:09,888] {logging_mixin.py:104} INFO - [2022-09-05 02:32:09,888] {dag.py:2273} INFO - Setting next_dagrun for example_python_operator to None
[2022-09-05 02:32:09,919] {scheduler_job.py:190} INFO - Processing /home/airflow/.local/lib/python3.6/site-packages/airflow/example_dags/example_python_operator.py took 0.114 seconds
[2022-09-05 02:32:40,588] {scheduler_job.py:182} INFO - Started process (PID=1952) to work on /home/airflow/.local/lib/python3.6/site-packages/airflow/example_dags/example_python_operator.py
[2022-09-05 02:32:40,590] {scheduler_job.py:629} INFO - Processing file /home/airflow/.local/lib/python3.6/site-packages/airflow/example_dags/example_python_operator.py for tasks to queue
[2022-09-05 02:32:40,591] {logging_mixin.py:104} INFO - [2022-09-05 02:32:40,591] {dagbag.py:448} INFO - Filling up the DagBag from /home/airflow/.local/lib/python3.6/site-packages/airflow/example_dags/example_python_operator.py
[2022-09-05 02:32:40,620] {scheduler_job.py:639} INFO - DAG(s) dict_keys(['example_python_operator']) retrieved from /home/airflow/.local/lib/python3.6/site-packages/airflow/example_dags/example_python_operator.py
[2022-09-05 02:32:40,664] {logging_mixin.py:104} INFO - [2022-09-05 02:32:40,664] {dag.py:1818} INFO - Sync 1 DAGs
[2022-09-05 02:32:40,688] {logging_mixin.py:104} INFO - [2022-09-05 02:32:40,688] {dag.py:2273} INFO - Setting next_dagrun for example_python_operator to None
[2022-09-05 02:32:40,747] {scheduler_job.py:190} INFO - Processing /home/airflow/.local/lib/python3.6/site-packages/airflow/example_dags/example_python_operator.py took 0.163 seconds
[2022-09-05 02:33:10,793] {scheduler_job.py:182} INFO - Started process (PID=2077) to work on /home/airflow/.local/lib/python3.6/site-packages/airflow/example_dags/example_python_operator.py
[2022-09-05 02:33:10,795] {scheduler_job.py:629} INFO - Processing file /home/airflow/.local/lib/python3.6/site-packages/airflow/example_dags/example_python_operator.py for tasks to queue
[2022-09-05 02:33:10,798] {logging_mixin.py:104} INFO - [2022-09-05 02:33:10,797] {dagbag.py:448} INFO - Filling up the DagBag from /home/airflow/.local/lib/python3.6/site-packages/airflow/example_dags/example_python_operator.py
[2022-09-05 02:33:10,816] {scheduler_job.py:639} INFO - DAG(s) dict_keys(['example_python_operator']) retrieved from /home/airflow/.local/lib/python3.6/site-packages/airflow/example_dags/example_python_operator.py
[2022-09-05 02:33:10,851] {logging_mixin.py:104} INFO - [2022-09-05 02:33:10,851] {dag.py:1818} INFO - Sync 1 DAGs
[2022-09-05 02:33:10,873] {logging_mixin.py:104} INFO - [2022-09-05 02:33:10,873] {dag.py:2273} INFO - Setting next_dagrun for example_python_operator to None
[2022-09-05 02:33:10,915] {scheduler_job.py:190} INFO - Processing /home/airflow/.local/lib/python3.6/site-packages/airflow/example_dags/example_python_operator.py took 0.127 seconds
[2022-09-05 02:33:41,386] {scheduler_job.py:182} INFO - Started process (PID=2212) to work on /home/airflow/.local/lib/python3.6/site-packages/airflow/example_dags/example_python_operator.py
[2022-09-05 02:33:41,389] {scheduler_job.py:629} INFO - Processing file /home/airflow/.local/lib/python3.6/site-packages/airflow/example_dags/example_python_operator.py for tasks to queue
[2022-09-05 02:33:41,390] {logging_mixin.py:104} INFO - [2022-09-05 02:33:41,390] {dagbag.py:448} INFO - Filling up the DagBag from /home/airflow/.local/lib/python3.6/site-packages/airflow/example_dags/example_python_operator.py
[2022-09-05 02:33:41,412] {scheduler_job.py:639} INFO - DAG(s) dict_keys(['example_python_operator']) retrieved from /home/airflow/.local/lib/python3.6/site-packages/airflow/example_dags/example_python_operator.py
[2022-09-05 02:33:41,449] {logging_mixin.py:104} INFO - [2022-09-05 02:33:41,448] {dag.py:1818} INFO - Sync 1 DAGs
[2022-09-05 02:33:41,479] {logging_mixin.py:104} INFO - [2022-09-05 02:33:41,479] {dag.py:2273} INFO - Setting next_dagrun for example_python_operator to None
[2022-09-05 02:33:41,540] {scheduler_job.py:190} INFO - Processing /home/airflow/.local/lib/python3.6/site-packages/airflow/example_dags/example_python_operator.py took 0.160 seconds
[2022-09-05 02:34:12,005] {scheduler_job.py:182} INFO - Started process (PID=2324) to work on /home/airflow/.local/lib/python3.6/site-packages/airflow/example_dags/example_python_operator.py
[2022-09-05 02:34:12,007] {scheduler_job.py:629} INFO - Processing file /home/airflow/.local/lib/python3.6/site-packages/airflow/example_dags/example_python_operator.py for tasks to queue
[2022-09-05 02:34:12,008] {logging_mixin.py:104} INFO - [2022-09-05 02:34:12,008] {dagbag.py:448} INFO - Filling up the DagBag from /home/airflow/.local/lib/python3.6/site-packages/airflow/example_dags/example_python_operator.py
[2022-09-05 02:34:12,029] {scheduler_job.py:639} INFO - DAG(s) dict_keys(['example_python_operator']) retrieved from /home/airflow/.local/lib/python3.6/site-packages/airflow/example_dags/example_python_operator.py
[2022-09-05 02:34:12,063] {logging_mixin.py:104} INFO - [2022-09-05 02:34:12,063] {dag.py:1818} INFO - Sync 1 DAGs
[2022-09-05 02:34:12,086] {logging_mixin.py:104} INFO - [2022-09-05 02:34:12,086] {dag.py:2273} INFO - Setting next_dagrun for example_python_operator to None
[2022-09-05 02:34:12,163] {scheduler_job.py:190} INFO - Processing /home/airflow/.local/lib/python3.6/site-packages/airflow/example_dags/example_python_operator.py took 0.161 seconds
[2022-09-05 02:34:42,419] {scheduler_job.py:182} INFO - Started process (PID=2457) to work on /home/airflow/.local/lib/python3.6/site-packages/airflow/example_dags/example_python_operator.py
[2022-09-05 02:34:42,421] {scheduler_job.py:629} INFO - Processing file /home/airflow/.local/lib/python3.6/site-packages/airflow/example_dags/example_python_operator.py for tasks to queue
[2022-09-05 02:34:42,423] {logging_mixin.py:104} INFO - [2022-09-05 02:34:42,423] {dagbag.py:448} INFO - Filling up the DagBag from /home/airflow/.local/lib/python3.6/site-packages/airflow/example_dags/example_python_operator.py
[2022-09-05 02:34:42,444] {scheduler_job.py:639} INFO - DAG(s) dict_keys(['example_python_operator']) retrieved from /home/airflow/.local/lib/python3.6/site-packages/airflow/example_dags/example_python_operator.py
[2022-09-05 02:34:42,476] {logging_mixin.py:104} INFO - [2022-09-05 02:34:42,476] {dag.py:1818} INFO - Sync 1 DAGs
[2022-09-05 02:34:42,495] {logging_mixin.py:104} INFO - [2022-09-05 02:34:42,494] {dag.py:2273} INFO - Setting next_dagrun for example_python_operator to None
[2022-09-05 02:34:42,543] {scheduler_job.py:190} INFO - Processing /home/airflow/.local/lib/python3.6/site-packages/airflow/example_dags/example_python_operator.py took 0.128 seconds
[2022-09-05 02:35:12,961] {scheduler_job.py:182} INFO - Started process (PID=2592) to work on /home/airflow/.local/lib/python3.6/site-packages/airflow/example_dags/example_python_operator.py
[2022-09-05 02:35:12,964] {scheduler_job.py:629} INFO - Processing file /home/airflow/.local/lib/python3.6/site-packages/airflow/example_dags/example_python_operator.py for tasks to queue
[2022-09-05 02:35:12,965] {logging_mixin.py:104} INFO - [2022-09-05 02:35:12,965] {dagbag.py:448} INFO - Filling up the DagBag from /home/airflow/.local/lib/python3.6/site-packages/airflow/example_dags/example_python_operator.py
[2022-09-05 02:35:12,986] {scheduler_job.py:639} INFO - DAG(s) dict_keys(['example_python_operator']) retrieved from /home/airflow/.local/lib/python3.6/site-packages/airflow/example_dags/example_python_operator.py
[2022-09-05 02:35:13,020] {logging_mixin.py:104} INFO - [2022-09-05 02:35:13,020] {dag.py:1818} INFO - Sync 1 DAGs
[2022-09-05 02:35:13,043] {logging_mixin.py:104} INFO - [2022-09-05 02:35:13,042] {dag.py:2273} INFO - Setting next_dagrun for example_python_operator to None
[2022-09-05 02:35:13,097] {scheduler_job.py:190} INFO - Processing /home/airflow/.local/lib/python3.6/site-packages/airflow/example_dags/example_python_operator.py took 0.139 seconds
[2022-09-05 02:35:43,427] {scheduler_job.py:182} INFO - Started process (PID=2722) to work on /home/airflow/.local/lib/python3.6/site-packages/airflow/example_dags/example_python_operator.py
[2022-09-05 02:35:43,429] {scheduler_job.py:629} INFO - Processing file /home/airflow/.local/lib/python3.6/site-packages/airflow/example_dags/example_python_operator.py for tasks to queue
[2022-09-05 02:35:43,431] {logging_mixin.py:104} INFO - [2022-09-05 02:35:43,430] {dagbag.py:448} INFO - Filling up the DagBag from /home/airflow/.local/lib/python3.6/site-packages/airflow/example_dags/example_python_operator.py
[2022-09-05 02:35:43,452] {scheduler_job.py:639} INFO - DAG(s) dict_keys(['example_python_operator']) retrieved from /home/airflow/.local/lib/python3.6/site-packages/airflow/example_dags/example_python_operator.py
[2022-09-05 02:35:43,486] {logging_mixin.py:104} INFO - [2022-09-05 02:35:43,486] {dag.py:1818} INFO - Sync 1 DAGs
[2022-09-05 02:35:43,512] {logging_mixin.py:104} INFO - [2022-09-05 02:35:43,512] {dag.py:2273} INFO - Setting next_dagrun for example_python_operator to None
[2022-09-05 02:35:43,578] {scheduler_job.py:190} INFO - Processing /home/airflow/.local/lib/python3.6/site-packages/airflow/example_dags/example_python_operator.py took 0.155 seconds
[2022-09-05 02:36:13,837] {scheduler_job.py:182} INFO - Started process (PID=2852) to work on /home/airflow/.local/lib/python3.6/site-packages/airflow/example_dags/example_python_operator.py
[2022-09-05 02:36:13,839] {scheduler_job.py:629} INFO - Processing file /home/airflow/.local/lib/python3.6/site-packages/airflow/example_dags/example_python_operator.py for tasks to queue
[2022-09-05 02:36:13,841] {logging_mixin.py:104} INFO - [2022-09-05 02:36:13,840] {dagbag.py:448} INFO - Filling up the DagBag from /home/airflow/.local/lib/python3.6/site-packages/airflow/example_dags/example_python_operator.py
[2022-09-05 02:36:13,877] {scheduler_job.py:639} INFO - DAG(s) dict_keys(['example_python_operator']) retrieved from /home/airflow/.local/lib/python3.6/site-packages/airflow/example_dags/example_python_operator.py
[2022-09-05 02:36:13,908] {logging_mixin.py:104} INFO - [2022-09-05 02:36:13,908] {dag.py:1818} INFO - Sync 1 DAGs
[2022-09-05 02:36:13,933] {logging_mixin.py:104} INFO - [2022-09-05 02:36:13,933] {dag.py:2273} INFO - Setting next_dagrun for example_python_operator to None
[2022-09-05 02:36:13,982] {scheduler_job.py:190} INFO - Processing /home/airflow/.local/lib/python3.6/site-packages/airflow/example_dags/example_python_operator.py took 0.148 seconds
[2022-09-05 02:36:44,361] {scheduler_job.py:182} INFO - Started process (PID=2977) to work on /home/airflow/.local/lib/python3.6/site-packages/airflow/example_dags/example_python_operator.py
[2022-09-05 02:36:44,364] {scheduler_job.py:629} INFO - Processing file /home/airflow/.local/lib/python3.6/site-packages/airflow/example_dags/example_python_operator.py for tasks to queue
[2022-09-05 02:36:44,366] {logging_mixin.py:104} INFO - [2022-09-05 02:36:44,366] {dagbag.py:448} INFO - Filling up the DagBag from /home/airflow/.local/lib/python3.6/site-packages/airflow/example_dags/example_python_operator.py
[2022-09-05 02:36:44,391] {scheduler_job.py:639} INFO - DAG(s) dict_keys(['example_python_operator']) retrieved from /home/airflow/.local/lib/python3.6/site-packages/airflow/example_dags/example_python_operator.py
[2022-09-05 02:36:44,431] {logging_mixin.py:104} INFO - [2022-09-05 02:36:44,430] {dag.py:1818} INFO - Sync 1 DAGs
[2022-09-05 02:36:44,450] {logging_mixin.py:104} INFO - [2022-09-05 02:36:44,450] {dag.py:2273} INFO - Setting next_dagrun for example_python_operator to None
[2022-09-05 02:36:44,549] {scheduler_job.py:190} INFO - Processing /home/airflow/.local/lib/python3.6/site-packages/airflow/example_dags/example_python_operator.py took 0.192 seconds
