[2022-09-05 02:11:01,873] {scheduler_job.py:182} INFO - Started process (PID=173) to work on /home/airflow/.local/lib/python3.6/site-packages/airflow/example_dags/example_complex.py
[2022-09-05 02:11:01,875] {scheduler_job.py:629} INFO - Processing file /home/airflow/.local/lib/python3.6/site-packages/airflow/example_dags/example_complex.py for tasks to queue
[2022-09-05 02:11:01,877] {logging_mixin.py:104} INFO - [2022-09-05 02:11:01,877] {dagbag.py:448} INFO - Filling up the DagBag from /home/airflow/.local/lib/python3.6/site-packages/airflow/example_dags/example_complex.py
[2022-09-05 02:11:01,944] {scheduler_job.py:639} INFO - DAG(s) dict_keys(['example_complex']) retrieved from /home/airflow/.local/lib/python3.6/site-packages/airflow/example_dags/example_complex.py
[2022-09-05 02:11:02,017] {logging_mixin.py:104} INFO - [2022-09-05 02:11:02,017] {dag.py:1818} INFO - Sync 1 DAGs
[2022-09-05 02:11:02,045] {logging_mixin.py:104} INFO - [2022-09-05 02:11:02,044] {dag.py:1837} INFO - Creating ORM DAG for example_complex
[2022-09-05 02:11:02,058] {logging_mixin.py:104} INFO - [2022-09-05 02:11:02,058] {dag.py:2273} INFO - Setting next_dagrun for example_complex to None
[2022-09-05 02:11:02,190] {scheduler_job.py:190} INFO - Processing /home/airflow/.local/lib/python3.6/site-packages/airflow/example_dags/example_complex.py took 0.322 seconds
[2022-09-05 02:11:32,887] {scheduler_job.py:182} INFO - Started process (PID=303) to work on /home/airflow/.local/lib/python3.6/site-packages/airflow/example_dags/example_complex.py
[2022-09-05 02:11:32,898] {scheduler_job.py:629} INFO - Processing file /home/airflow/.local/lib/python3.6/site-packages/airflow/example_dags/example_complex.py for tasks to queue
[2022-09-05 02:11:32,901] {logging_mixin.py:104} INFO - [2022-09-05 02:11:32,901] {dagbag.py:448} INFO - Filling up the DagBag from /home/airflow/.local/lib/python3.6/site-packages/airflow/example_dags/example_complex.py
[2022-09-05 02:11:33,003] {scheduler_job.py:639} INFO - DAG(s) dict_keys(['example_complex']) retrieved from /home/airflow/.local/lib/python3.6/site-packages/airflow/example_dags/example_complex.py
[2022-09-05 02:11:33,104] {logging_mixin.py:104} INFO - [2022-09-05 02:11:33,104] {dag.py:1818} INFO - Sync 1 DAGs
[2022-09-05 02:11:33,170] {logging_mixin.py:104} INFO - [2022-09-05 02:11:33,170] {dag.py:2273} INFO - Setting next_dagrun for example_complex to None
[2022-09-05 02:11:33,246] {scheduler_job.py:190} INFO - Processing /home/airflow/.local/lib/python3.6/site-packages/airflow/example_dags/example_complex.py took 0.370 seconds
[2022-09-05 02:12:03,540] {scheduler_job.py:182} INFO - Started process (PID=433) to work on /home/airflow/.local/lib/python3.6/site-packages/airflow/example_dags/example_complex.py
[2022-09-05 02:12:03,542] {scheduler_job.py:629} INFO - Processing file /home/airflow/.local/lib/python3.6/site-packages/airflow/example_dags/example_complex.py for tasks to queue
[2022-09-05 02:12:03,543] {logging_mixin.py:104} INFO - [2022-09-05 02:12:03,543] {dagbag.py:448} INFO - Filling up the DagBag from /home/airflow/.local/lib/python3.6/site-packages/airflow/example_dags/example_complex.py
[2022-09-05 02:12:03,573] {scheduler_job.py:639} INFO - DAG(s) dict_keys(['example_complex']) retrieved from /home/airflow/.local/lib/python3.6/site-packages/airflow/example_dags/example_complex.py
[2022-09-05 02:12:03,606] {logging_mixin.py:104} INFO - [2022-09-05 02:12:03,606] {dag.py:1818} INFO - Sync 1 DAGs
[2022-09-05 02:12:03,623] {logging_mixin.py:104} INFO - [2022-09-05 02:12:03,623] {dag.py:2273} INFO - Setting next_dagrun for example_complex to None
[2022-09-05 02:12:03,665] {scheduler_job.py:190} INFO - Processing /home/airflow/.local/lib/python3.6/site-packages/airflow/example_dags/example_complex.py took 0.129 seconds
[2022-09-05 02:12:34,028] {scheduler_job.py:182} INFO - Started process (PID=563) to work on /home/airflow/.local/lib/python3.6/site-packages/airflow/example_dags/example_complex.py
[2022-09-05 02:12:34,030] {scheduler_job.py:629} INFO - Processing file /home/airflow/.local/lib/python3.6/site-packages/airflow/example_dags/example_complex.py for tasks to queue
[2022-09-05 02:12:34,031] {logging_mixin.py:104} INFO - [2022-09-05 02:12:34,031] {dagbag.py:448} INFO - Filling up the DagBag from /home/airflow/.local/lib/python3.6/site-packages/airflow/example_dags/example_complex.py
[2022-09-05 02:12:34,060] {scheduler_job.py:639} INFO - DAG(s) dict_keys(['example_complex']) retrieved from /home/airflow/.local/lib/python3.6/site-packages/airflow/example_dags/example_complex.py
[2022-09-05 02:12:34,099] {logging_mixin.py:104} INFO - [2022-09-05 02:12:34,098] {dag.py:1818} INFO - Sync 1 DAGs
[2022-09-05 02:12:34,117] {logging_mixin.py:104} INFO - [2022-09-05 02:12:34,117] {dag.py:2273} INFO - Setting next_dagrun for example_complex to None
[2022-09-05 02:12:34,517] {scheduler_job.py:190} INFO - Processing /home/airflow/.local/lib/python3.6/site-packages/airflow/example_dags/example_complex.py took 0.492 seconds
[2022-09-05 02:13:04,837] {scheduler_job.py:182} INFO - Started process (PID=693) to work on /home/airflow/.local/lib/python3.6/site-packages/airflow/example_dags/example_complex.py
[2022-09-05 02:13:04,839] {scheduler_job.py:629} INFO - Processing file /home/airflow/.local/lib/python3.6/site-packages/airflow/example_dags/example_complex.py for tasks to queue
[2022-09-05 02:13:04,840] {logging_mixin.py:104} INFO - [2022-09-05 02:13:04,840] {dagbag.py:448} INFO - Filling up the DagBag from /home/airflow/.local/lib/python3.6/site-packages/airflow/example_dags/example_complex.py
[2022-09-05 02:13:04,871] {scheduler_job.py:639} INFO - DAG(s) dict_keys(['example_complex']) retrieved from /home/airflow/.local/lib/python3.6/site-packages/airflow/example_dags/example_complex.py
[2022-09-05 02:13:04,907] {logging_mixin.py:104} INFO - [2022-09-05 02:13:04,907] {dag.py:1818} INFO - Sync 1 DAGs
[2022-09-05 02:13:04,926] {logging_mixin.py:104} INFO - [2022-09-05 02:13:04,926] {dag.py:2273} INFO - Setting next_dagrun for example_complex to None
[2022-09-05 02:13:04,963] {scheduler_job.py:190} INFO - Processing /home/airflow/.local/lib/python3.6/site-packages/airflow/example_dags/example_complex.py took 0.130 seconds
[2022-09-05 02:13:35,318] {scheduler_job.py:182} INFO - Started process (PID=833) to work on /home/airflow/.local/lib/python3.6/site-packages/airflow/example_dags/example_complex.py
[2022-09-05 02:13:35,319] {scheduler_job.py:629} INFO - Processing file /home/airflow/.local/lib/python3.6/site-packages/airflow/example_dags/example_complex.py for tasks to queue
[2022-09-05 02:13:35,320] {logging_mixin.py:104} INFO - [2022-09-05 02:13:35,320] {dagbag.py:448} INFO - Filling up the DagBag from /home/airflow/.local/lib/python3.6/site-packages/airflow/example_dags/example_complex.py
[2022-09-05 02:13:35,352] {scheduler_job.py:639} INFO - DAG(s) dict_keys(['example_complex']) retrieved from /home/airflow/.local/lib/python3.6/site-packages/airflow/example_dags/example_complex.py
[2022-09-05 02:13:35,387] {logging_mixin.py:104} INFO - [2022-09-05 02:13:35,386] {dag.py:1818} INFO - Sync 1 DAGs
[2022-09-05 02:13:35,403] {logging_mixin.py:104} INFO - [2022-09-05 02:13:35,403] {dag.py:2273} INFO - Setting next_dagrun for example_complex to None
[2022-09-05 02:13:35,438] {scheduler_job.py:190} INFO - Processing /home/airflow/.local/lib/python3.6/site-packages/airflow/example_dags/example_complex.py took 0.123 seconds
[2022-09-05 02:14:05,906] {scheduler_job.py:182} INFO - Started process (PID=963) to work on /home/airflow/.local/lib/python3.6/site-packages/airflow/example_dags/example_complex.py
[2022-09-05 02:14:05,909] {scheduler_job.py:629} INFO - Processing file /home/airflow/.local/lib/python3.6/site-packages/airflow/example_dags/example_complex.py for tasks to queue
[2022-09-05 02:14:05,910] {logging_mixin.py:104} INFO - [2022-09-05 02:14:05,910] {dagbag.py:448} INFO - Filling up the DagBag from /home/airflow/.local/lib/python3.6/site-packages/airflow/example_dags/example_complex.py
[2022-09-05 02:14:05,941] {scheduler_job.py:639} INFO - DAG(s) dict_keys(['example_complex']) retrieved from /home/airflow/.local/lib/python3.6/site-packages/airflow/example_dags/example_complex.py
[2022-09-05 02:14:05,976] {logging_mixin.py:104} INFO - [2022-09-05 02:14:05,976] {dag.py:1818} INFO - Sync 1 DAGs
[2022-09-05 02:14:05,993] {logging_mixin.py:104} INFO - [2022-09-05 02:14:05,993] {dag.py:2273} INFO - Setting next_dagrun for example_complex to None
[2022-09-05 02:14:06,030] {scheduler_job.py:190} INFO - Processing /home/airflow/.local/lib/python3.6/site-packages/airflow/example_dags/example_complex.py took 0.128 seconds
[2022-09-05 02:14:36,076] {scheduler_job.py:182} INFO - Started process (PID=1093) to work on /home/airflow/.local/lib/python3.6/site-packages/airflow/example_dags/example_complex.py
[2022-09-05 02:14:36,078] {scheduler_job.py:629} INFO - Processing file /home/airflow/.local/lib/python3.6/site-packages/airflow/example_dags/example_complex.py for tasks to queue
[2022-09-05 02:14:36,079] {logging_mixin.py:104} INFO - [2022-09-05 02:14:36,079] {dagbag.py:448} INFO - Filling up the DagBag from /home/airflow/.local/lib/python3.6/site-packages/airflow/example_dags/example_complex.py
[2022-09-05 02:14:36,107] {scheduler_job.py:639} INFO - DAG(s) dict_keys(['example_complex']) retrieved from /home/airflow/.local/lib/python3.6/site-packages/airflow/example_dags/example_complex.py
[2022-09-05 02:14:36,143] {logging_mixin.py:104} INFO - [2022-09-05 02:14:36,142] {dag.py:1818} INFO - Sync 1 DAGs
[2022-09-05 02:14:36,163] {logging_mixin.py:104} INFO - [2022-09-05 02:14:36,163] {dag.py:2273} INFO - Setting next_dagrun for example_complex to None
[2022-09-05 02:14:36,204] {scheduler_job.py:190} INFO - Processing /home/airflow/.local/lib/python3.6/site-packages/airflow/example_dags/example_complex.py took 0.132 seconds
[2022-09-05 02:15:06,458] {scheduler_job.py:182} INFO - Started process (PID=1223) to work on /home/airflow/.local/lib/python3.6/site-packages/airflow/example_dags/example_complex.py
[2022-09-05 02:15:06,460] {scheduler_job.py:629} INFO - Processing file /home/airflow/.local/lib/python3.6/site-packages/airflow/example_dags/example_complex.py for tasks to queue
[2022-09-05 02:15:06,461] {logging_mixin.py:104} INFO - [2022-09-05 02:15:06,461] {dagbag.py:448} INFO - Filling up the DagBag from /home/airflow/.local/lib/python3.6/site-packages/airflow/example_dags/example_complex.py
[2022-09-05 02:15:06,490] {scheduler_job.py:639} INFO - DAG(s) dict_keys(['example_complex']) retrieved from /home/airflow/.local/lib/python3.6/site-packages/airflow/example_dags/example_complex.py
[2022-09-05 02:15:06,527] {logging_mixin.py:104} INFO - [2022-09-05 02:15:06,527] {dag.py:1818} INFO - Sync 1 DAGs
[2022-09-05 02:15:06,546] {logging_mixin.py:104} INFO - [2022-09-05 02:15:06,546] {dag.py:2273} INFO - Setting next_dagrun for example_complex to None
[2022-09-05 02:15:06,583] {scheduler_job.py:190} INFO - Processing /home/airflow/.local/lib/python3.6/site-packages/airflow/example_dags/example_complex.py took 0.129 seconds
[2022-09-05 02:15:36,650] {scheduler_job.py:182} INFO - Started process (PID=1353) to work on /home/airflow/.local/lib/python3.6/site-packages/airflow/example_dags/example_complex.py
[2022-09-05 02:15:36,652] {scheduler_job.py:629} INFO - Processing file /home/airflow/.local/lib/python3.6/site-packages/airflow/example_dags/example_complex.py for tasks to queue
[2022-09-05 02:15:36,654] {logging_mixin.py:104} INFO - [2022-09-05 02:15:36,654] {dagbag.py:448} INFO - Filling up the DagBag from /home/airflow/.local/lib/python3.6/site-packages/airflow/example_dags/example_complex.py
[2022-09-05 02:15:36,691] {scheduler_job.py:639} INFO - DAG(s) dict_keys(['example_complex']) retrieved from /home/airflow/.local/lib/python3.6/site-packages/airflow/example_dags/example_complex.py
[2022-09-05 02:15:36,736] {logging_mixin.py:104} INFO - [2022-09-05 02:15:36,736] {dag.py:1818} INFO - Sync 1 DAGs
[2022-09-05 02:15:36,758] {logging_mixin.py:104} INFO - [2022-09-05 02:15:36,758] {dag.py:2273} INFO - Setting next_dagrun for example_complex to None
[2022-09-05 02:15:36,836] {scheduler_job.py:190} INFO - Processing /home/airflow/.local/lib/python3.6/site-packages/airflow/example_dags/example_complex.py took 0.189 seconds
[2022-09-05 02:16:07,034] {scheduler_job.py:182} INFO - Started process (PID=1483) to work on /home/airflow/.local/lib/python3.6/site-packages/airflow/example_dags/example_complex.py
[2022-09-05 02:16:07,040] {scheduler_job.py:629} INFO - Processing file /home/airflow/.local/lib/python3.6/site-packages/airflow/example_dags/example_complex.py for tasks to queue
[2022-09-05 02:16:07,042] {logging_mixin.py:104} INFO - [2022-09-05 02:16:07,042] {dagbag.py:448} INFO - Filling up the DagBag from /home/airflow/.local/lib/python3.6/site-packages/airflow/example_dags/example_complex.py
[2022-09-05 02:16:07,070] {scheduler_job.py:639} INFO - DAG(s) dict_keys(['example_complex']) retrieved from /home/airflow/.local/lib/python3.6/site-packages/airflow/example_dags/example_complex.py
[2022-09-05 02:16:07,108] {logging_mixin.py:104} INFO - [2022-09-05 02:16:07,107] {dag.py:1818} INFO - Sync 1 DAGs
[2022-09-05 02:16:07,125] {logging_mixin.py:104} INFO - [2022-09-05 02:16:07,125] {dag.py:2273} INFO - Setting next_dagrun for example_complex to None
[2022-09-05 02:16:07,170] {scheduler_job.py:190} INFO - Processing /home/airflow/.local/lib/python3.6/site-packages/airflow/example_dags/example_complex.py took 0.140 seconds
[2022-09-05 02:16:38,272] {scheduler_job.py:182} INFO - Started process (PID=1613) to work on /home/airflow/.local/lib/python3.6/site-packages/airflow/example_dags/example_complex.py
[2022-09-05 02:16:38,275] {scheduler_job.py:629} INFO - Processing file /home/airflow/.local/lib/python3.6/site-packages/airflow/example_dags/example_complex.py for tasks to queue
[2022-09-05 02:16:38,276] {logging_mixin.py:104} INFO - [2022-09-05 02:16:38,276] {dagbag.py:448} INFO - Filling up the DagBag from /home/airflow/.local/lib/python3.6/site-packages/airflow/example_dags/example_complex.py
[2022-09-05 02:16:38,360] {scheduler_job.py:639} INFO - DAG(s) dict_keys(['example_complex']) retrieved from /home/airflow/.local/lib/python3.6/site-packages/airflow/example_dags/example_complex.py
[2022-09-05 02:16:38,482] {logging_mixin.py:104} INFO - [2022-09-05 02:16:38,481] {dag.py:1818} INFO - Sync 1 DAGs
[2022-09-05 02:16:38,525] {logging_mixin.py:104} INFO - [2022-09-05 02:16:38,525] {dag.py:2273} INFO - Setting next_dagrun for example_complex to None
[2022-09-05 02:16:38,592] {scheduler_job.py:190} INFO - Processing /home/airflow/.local/lib/python3.6/site-packages/airflow/example_dags/example_complex.py took 0.335 seconds
[2022-09-05 02:17:09,399] {scheduler_job.py:182} INFO - Started process (PID=1743) to work on /home/airflow/.local/lib/python3.6/site-packages/airflow/example_dags/example_complex.py
[2022-09-05 02:17:09,400] {scheduler_job.py:629} INFO - Processing file /home/airflow/.local/lib/python3.6/site-packages/airflow/example_dags/example_complex.py for tasks to queue
[2022-09-05 02:17:09,402] {logging_mixin.py:104} INFO - [2022-09-05 02:17:09,401] {dagbag.py:448} INFO - Filling up the DagBag from /home/airflow/.local/lib/python3.6/site-packages/airflow/example_dags/example_complex.py
[2022-09-05 02:17:09,445] {scheduler_job.py:639} INFO - DAG(s) dict_keys(['example_complex']) retrieved from /home/airflow/.local/lib/python3.6/site-packages/airflow/example_dags/example_complex.py
[2022-09-05 02:17:09,487] {logging_mixin.py:104} INFO - [2022-09-05 02:17:09,487] {dag.py:1818} INFO - Sync 1 DAGs
[2022-09-05 02:17:09,510] {logging_mixin.py:104} INFO - [2022-09-05 02:17:09,510] {dag.py:2273} INFO - Setting next_dagrun for example_complex to None
[2022-09-05 02:17:09,579] {scheduler_job.py:190} INFO - Processing /home/airflow/.local/lib/python3.6/site-packages/airflow/example_dags/example_complex.py took 0.185 seconds
[2022-09-05 02:17:39,971] {scheduler_job.py:182} INFO - Started process (PID=1863) to work on /home/airflow/.local/lib/python3.6/site-packages/airflow/example_dags/example_complex.py
[2022-09-05 02:17:39,973] {scheduler_job.py:629} INFO - Processing file /home/airflow/.local/lib/python3.6/site-packages/airflow/example_dags/example_complex.py for tasks to queue
[2022-09-05 02:17:39,974] {logging_mixin.py:104} INFO - [2022-09-05 02:17:39,974] {dagbag.py:448} INFO - Filling up the DagBag from /home/airflow/.local/lib/python3.6/site-packages/airflow/example_dags/example_complex.py
[2022-09-05 02:17:40,000] {scheduler_job.py:639} INFO - DAG(s) dict_keys(['example_complex']) retrieved from /home/airflow/.local/lib/python3.6/site-packages/airflow/example_dags/example_complex.py
[2022-09-05 02:17:40,039] {logging_mixin.py:104} INFO - [2022-09-05 02:17:40,039] {dag.py:1818} INFO - Sync 1 DAGs
[2022-09-05 02:17:40,065] {logging_mixin.py:104} INFO - [2022-09-05 02:17:40,065] {dag.py:2273} INFO - Setting next_dagrun for example_complex to None
[2022-09-05 02:17:40,109] {scheduler_job.py:190} INFO - Processing /home/airflow/.local/lib/python3.6/site-packages/airflow/example_dags/example_complex.py took 0.141 seconds
[2022-09-05 02:18:10,504] {scheduler_job.py:182} INFO - Started process (PID=1993) to work on /home/airflow/.local/lib/python3.6/site-packages/airflow/example_dags/example_complex.py
[2022-09-05 02:18:10,506] {scheduler_job.py:629} INFO - Processing file /home/airflow/.local/lib/python3.6/site-packages/airflow/example_dags/example_complex.py for tasks to queue
[2022-09-05 02:18:10,508] {logging_mixin.py:104} INFO - [2022-09-05 02:18:10,507] {dagbag.py:448} INFO - Filling up the DagBag from /home/airflow/.local/lib/python3.6/site-packages/airflow/example_dags/example_complex.py
[2022-09-05 02:18:10,545] {scheduler_job.py:639} INFO - DAG(s) dict_keys(['example_complex']) retrieved from /home/airflow/.local/lib/python3.6/site-packages/airflow/example_dags/example_complex.py
[2022-09-05 02:18:10,580] {logging_mixin.py:104} INFO - [2022-09-05 02:18:10,580] {dag.py:1818} INFO - Sync 1 DAGs
[2022-09-05 02:18:10,599] {logging_mixin.py:104} INFO - [2022-09-05 02:18:10,599] {dag.py:2273} INFO - Setting next_dagrun for example_complex to None
[2022-09-05 02:18:10,653] {scheduler_job.py:190} INFO - Processing /home/airflow/.local/lib/python3.6/site-packages/airflow/example_dags/example_complex.py took 0.155 seconds
[2022-09-05 02:18:41,139] {scheduler_job.py:182} INFO - Started process (PID=2123) to work on /home/airflow/.local/lib/python3.6/site-packages/airflow/example_dags/example_complex.py
[2022-09-05 02:18:41,141] {scheduler_job.py:629} INFO - Processing file /home/airflow/.local/lib/python3.6/site-packages/airflow/example_dags/example_complex.py for tasks to queue
[2022-09-05 02:18:41,143] {logging_mixin.py:104} INFO - [2022-09-05 02:18:41,142] {dagbag.py:448} INFO - Filling up the DagBag from /home/airflow/.local/lib/python3.6/site-packages/airflow/example_dags/example_complex.py
[2022-09-05 02:18:41,174] {scheduler_job.py:639} INFO - DAG(s) dict_keys(['example_complex']) retrieved from /home/airflow/.local/lib/python3.6/site-packages/airflow/example_dags/example_complex.py
[2022-09-05 02:18:41,216] {logging_mixin.py:104} INFO - [2022-09-05 02:18:41,215] {dag.py:1818} INFO - Sync 1 DAGs
[2022-09-05 02:18:41,240] {logging_mixin.py:104} INFO - [2022-09-05 02:18:41,240] {dag.py:2273} INFO - Setting next_dagrun for example_complex to None
[2022-09-05 02:18:41,293] {scheduler_job.py:190} INFO - Processing /home/airflow/.local/lib/python3.6/site-packages/airflow/example_dags/example_complex.py took 0.160 seconds
[2022-09-05 02:19:11,373] {scheduler_job.py:182} INFO - Started process (PID=2253) to work on /home/airflow/.local/lib/python3.6/site-packages/airflow/example_dags/example_complex.py
[2022-09-05 02:19:11,376] {scheduler_job.py:629} INFO - Processing file /home/airflow/.local/lib/python3.6/site-packages/airflow/example_dags/example_complex.py for tasks to queue
[2022-09-05 02:19:11,378] {logging_mixin.py:104} INFO - [2022-09-05 02:19:11,378] {dagbag.py:448} INFO - Filling up the DagBag from /home/airflow/.local/lib/python3.6/site-packages/airflow/example_dags/example_complex.py
[2022-09-05 02:19:11,400] {scheduler_job.py:639} INFO - DAG(s) dict_keys(['example_complex']) retrieved from /home/airflow/.local/lib/python3.6/site-packages/airflow/example_dags/example_complex.py
[2022-09-05 02:19:11,435] {logging_mixin.py:104} INFO - [2022-09-05 02:19:11,435] {dag.py:1818} INFO - Sync 1 DAGs
[2022-09-05 02:19:11,452] {logging_mixin.py:104} INFO - [2022-09-05 02:19:11,452] {dag.py:2273} INFO - Setting next_dagrun for example_complex to None
[2022-09-05 02:19:11,481] {scheduler_job.py:190} INFO - Processing /home/airflow/.local/lib/python3.6/site-packages/airflow/example_dags/example_complex.py took 0.113 seconds
[2022-09-05 02:19:41,889] {scheduler_job.py:182} INFO - Started process (PID=2383) to work on /home/airflow/.local/lib/python3.6/site-packages/airflow/example_dags/example_complex.py
[2022-09-05 02:19:41,892] {scheduler_job.py:629} INFO - Processing file /home/airflow/.local/lib/python3.6/site-packages/airflow/example_dags/example_complex.py for tasks to queue
[2022-09-05 02:19:41,894] {logging_mixin.py:104} INFO - [2022-09-05 02:19:41,894] {dagbag.py:448} INFO - Filling up the DagBag from /home/airflow/.local/lib/python3.6/site-packages/airflow/example_dags/example_complex.py
[2022-09-05 02:19:41,944] {scheduler_job.py:639} INFO - DAG(s) dict_keys(['example_complex']) retrieved from /home/airflow/.local/lib/python3.6/site-packages/airflow/example_dags/example_complex.py
[2022-09-05 02:19:42,020] {logging_mixin.py:104} INFO - [2022-09-05 02:19:42,019] {dag.py:1818} INFO - Sync 1 DAGs
[2022-09-05 02:19:42,065] {logging_mixin.py:104} INFO - [2022-09-05 02:19:42,064] {dag.py:2273} INFO - Setting next_dagrun for example_complex to None
[2022-09-05 02:19:42,119] {scheduler_job.py:190} INFO - Processing /home/airflow/.local/lib/python3.6/site-packages/airflow/example_dags/example_complex.py took 0.240 seconds
[2022-09-05 02:20:12,178] {scheduler_job.py:182} INFO - Started process (PID=2513) to work on /home/airflow/.local/lib/python3.6/site-packages/airflow/example_dags/example_complex.py
[2022-09-05 02:20:12,180] {scheduler_job.py:629} INFO - Processing file /home/airflow/.local/lib/python3.6/site-packages/airflow/example_dags/example_complex.py for tasks to queue
[2022-09-05 02:20:12,181] {logging_mixin.py:104} INFO - [2022-09-05 02:20:12,181] {dagbag.py:448} INFO - Filling up the DagBag from /home/airflow/.local/lib/python3.6/site-packages/airflow/example_dags/example_complex.py
[2022-09-05 02:20:12,213] {scheduler_job.py:639} INFO - DAG(s) dict_keys(['example_complex']) retrieved from /home/airflow/.local/lib/python3.6/site-packages/airflow/example_dags/example_complex.py
[2022-09-05 02:20:12,260] {logging_mixin.py:104} INFO - [2022-09-05 02:20:12,260] {dag.py:1818} INFO - Sync 1 DAGs
[2022-09-05 02:20:12,283] {logging_mixin.py:104} INFO - [2022-09-05 02:20:12,283] {dag.py:2273} INFO - Setting next_dagrun for example_complex to None
[2022-09-05 02:20:12,348] {scheduler_job.py:190} INFO - Processing /home/airflow/.local/lib/python3.6/site-packages/airflow/example_dags/example_complex.py took 0.176 seconds
[2022-09-05 02:20:42,563] {scheduler_job.py:182} INFO - Started process (PID=2643) to work on /home/airflow/.local/lib/python3.6/site-packages/airflow/example_dags/example_complex.py
[2022-09-05 02:20:42,565] {scheduler_job.py:629} INFO - Processing file /home/airflow/.local/lib/python3.6/site-packages/airflow/example_dags/example_complex.py for tasks to queue
[2022-09-05 02:20:42,566] {logging_mixin.py:104} INFO - [2022-09-05 02:20:42,566] {dagbag.py:448} INFO - Filling up the DagBag from /home/airflow/.local/lib/python3.6/site-packages/airflow/example_dags/example_complex.py
[2022-09-05 02:20:42,599] {scheduler_job.py:639} INFO - DAG(s) dict_keys(['example_complex']) retrieved from /home/airflow/.local/lib/python3.6/site-packages/airflow/example_dags/example_complex.py
[2022-09-05 02:20:42,642] {logging_mixin.py:104} INFO - [2022-09-05 02:20:42,642] {dag.py:1818} INFO - Sync 1 DAGs
[2022-09-05 02:20:42,667] {logging_mixin.py:104} INFO - [2022-09-05 02:20:42,667] {dag.py:2273} INFO - Setting next_dagrun for example_complex to None
[2022-09-05 02:20:42,703] {scheduler_job.py:190} INFO - Processing /home/airflow/.local/lib/python3.6/site-packages/airflow/example_dags/example_complex.py took 0.145 seconds
[2022-09-05 02:21:13,212] {scheduler_job.py:182} INFO - Started process (PID=2773) to work on /home/airflow/.local/lib/python3.6/site-packages/airflow/example_dags/example_complex.py
[2022-09-05 02:21:13,215] {scheduler_job.py:629} INFO - Processing file /home/airflow/.local/lib/python3.6/site-packages/airflow/example_dags/example_complex.py for tasks to queue
[2022-09-05 02:21:13,217] {logging_mixin.py:104} INFO - [2022-09-05 02:21:13,216] {dagbag.py:448} INFO - Filling up the DagBag from /home/airflow/.local/lib/python3.6/site-packages/airflow/example_dags/example_complex.py
[2022-09-05 02:21:13,248] {scheduler_job.py:639} INFO - DAG(s) dict_keys(['example_complex']) retrieved from /home/airflow/.local/lib/python3.6/site-packages/airflow/example_dags/example_complex.py
[2022-09-05 02:21:13,287] {logging_mixin.py:104} INFO - [2022-09-05 02:21:13,287] {dag.py:1818} INFO - Sync 1 DAGs
[2022-09-05 02:21:13,313] {logging_mixin.py:104} INFO - [2022-09-05 02:21:13,313] {dag.py:2273} INFO - Setting next_dagrun for example_complex to None
[2022-09-05 02:21:13,350] {scheduler_job.py:190} INFO - Processing /home/airflow/.local/lib/python3.6/site-packages/airflow/example_dags/example_complex.py took 0.142 seconds
[2022-09-05 02:21:43,545] {scheduler_job.py:182} INFO - Started process (PID=2903) to work on /home/airflow/.local/lib/python3.6/site-packages/airflow/example_dags/example_complex.py
[2022-09-05 02:21:43,546] {scheduler_job.py:629} INFO - Processing file /home/airflow/.local/lib/python3.6/site-packages/airflow/example_dags/example_complex.py for tasks to queue
[2022-09-05 02:21:43,548] {logging_mixin.py:104} INFO - [2022-09-05 02:21:43,548] {dagbag.py:448} INFO - Filling up the DagBag from /home/airflow/.local/lib/python3.6/site-packages/airflow/example_dags/example_complex.py
[2022-09-05 02:21:43,580] {scheduler_job.py:639} INFO - DAG(s) dict_keys(['example_complex']) retrieved from /home/airflow/.local/lib/python3.6/site-packages/airflow/example_dags/example_complex.py
[2022-09-05 02:21:43,623] {logging_mixin.py:104} INFO - [2022-09-05 02:21:43,623] {dag.py:1818} INFO - Sync 1 DAGs
[2022-09-05 02:21:43,647] {logging_mixin.py:104} INFO - [2022-09-05 02:21:43,647] {dag.py:2273} INFO - Setting next_dagrun for example_complex to None
[2022-09-05 02:21:43,681] {scheduler_job.py:190} INFO - Processing /home/airflow/.local/lib/python3.6/site-packages/airflow/example_dags/example_complex.py took 0.141 seconds
[2022-09-05 02:21:55,757] {scheduler_job.py:182} INFO - Started process (PID=232) to work on /home/airflow/.local/lib/python3.6/site-packages/airflow/example_dags/example_complex.py
[2022-09-05 02:21:55,759] {scheduler_job.py:629} INFO - Processing file /home/airflow/.local/lib/python3.6/site-packages/airflow/example_dags/example_complex.py for tasks to queue
[2022-09-05 02:21:55,760] {logging_mixin.py:104} INFO - [2022-09-05 02:21:55,760] {dagbag.py:448} INFO - Filling up the DagBag from /home/airflow/.local/lib/python3.6/site-packages/airflow/example_dags/example_complex.py
[2022-09-05 02:21:55,789] {scheduler_job.py:639} INFO - DAG(s) dict_keys(['example_complex']) retrieved from /home/airflow/.local/lib/python3.6/site-packages/airflow/example_dags/example_complex.py
[2022-09-05 02:21:55,835] {logging_mixin.py:104} INFO - [2022-09-05 02:21:55,835] {dag.py:1818} INFO - Sync 1 DAGs
[2022-09-05 02:21:55,854] {logging_mixin.py:104} INFO - [2022-09-05 02:21:55,854] {dag.py:2273} INFO - Setting next_dagrun for example_complex to None
[2022-09-05 02:21:55,911] {scheduler_job.py:190} INFO - Processing /home/airflow/.local/lib/python3.6/site-packages/airflow/example_dags/example_complex.py took 0.159 seconds
[2022-09-05 02:22:25,976] {scheduler_job.py:182} INFO - Started process (PID=362) to work on /home/airflow/.local/lib/python3.6/site-packages/airflow/example_dags/example_complex.py
[2022-09-05 02:22:25,978] {scheduler_job.py:629} INFO - Processing file /home/airflow/.local/lib/python3.6/site-packages/airflow/example_dags/example_complex.py for tasks to queue
[2022-09-05 02:22:25,979] {logging_mixin.py:104} INFO - [2022-09-05 02:22:25,979] {dagbag.py:448} INFO - Filling up the DagBag from /home/airflow/.local/lib/python3.6/site-packages/airflow/example_dags/example_complex.py
[2022-09-05 02:22:26,010] {scheduler_job.py:639} INFO - DAG(s) dict_keys(['example_complex']) retrieved from /home/airflow/.local/lib/python3.6/site-packages/airflow/example_dags/example_complex.py
[2022-09-05 02:22:26,046] {logging_mixin.py:104} INFO - [2022-09-05 02:22:26,046] {dag.py:1818} INFO - Sync 1 DAGs
[2022-09-05 02:22:26,071] {logging_mixin.py:104} INFO - [2022-09-05 02:22:26,071] {dag.py:2273} INFO - Setting next_dagrun for example_complex to None
[2022-09-05 02:22:26,110] {scheduler_job.py:190} INFO - Processing /home/airflow/.local/lib/python3.6/site-packages/airflow/example_dags/example_complex.py took 0.139 seconds
[2022-09-05 02:22:56,738] {scheduler_job.py:182} INFO - Started process (PID=492) to work on /home/airflow/.local/lib/python3.6/site-packages/airflow/example_dags/example_complex.py
[2022-09-05 02:22:56,740] {scheduler_job.py:629} INFO - Processing file /home/airflow/.local/lib/python3.6/site-packages/airflow/example_dags/example_complex.py for tasks to queue
[2022-09-05 02:22:56,743] {logging_mixin.py:104} INFO - [2022-09-05 02:22:56,742] {dagbag.py:448} INFO - Filling up the DagBag from /home/airflow/.local/lib/python3.6/site-packages/airflow/example_dags/example_complex.py
[2022-09-05 02:22:56,791] {scheduler_job.py:639} INFO - DAG(s) dict_keys(['example_complex']) retrieved from /home/airflow/.local/lib/python3.6/site-packages/airflow/example_dags/example_complex.py
[2022-09-05 02:22:56,851] {logging_mixin.py:104} INFO - [2022-09-05 02:22:56,851] {dag.py:1818} INFO - Sync 1 DAGs
[2022-09-05 02:22:56,883] {logging_mixin.py:104} INFO - [2022-09-05 02:22:56,883] {dag.py:2273} INFO - Setting next_dagrun for example_complex to None
[2022-09-05 02:22:56,964] {scheduler_job.py:190} INFO - Processing /home/airflow/.local/lib/python3.6/site-packages/airflow/example_dags/example_complex.py took 0.230 seconds
[2022-09-05 02:23:27,792] {scheduler_job.py:182} INFO - Started process (PID=622) to work on /home/airflow/.local/lib/python3.6/site-packages/airflow/example_dags/example_complex.py
[2022-09-05 02:23:27,795] {scheduler_job.py:629} INFO - Processing file /home/airflow/.local/lib/python3.6/site-packages/airflow/example_dags/example_complex.py for tasks to queue
[2022-09-05 02:23:27,796] {logging_mixin.py:104} INFO - [2022-09-05 02:23:27,796] {dagbag.py:448} INFO - Filling up the DagBag from /home/airflow/.local/lib/python3.6/site-packages/airflow/example_dags/example_complex.py
[2022-09-05 02:23:27,830] {scheduler_job.py:639} INFO - DAG(s) dict_keys(['example_complex']) retrieved from /home/airflow/.local/lib/python3.6/site-packages/airflow/example_dags/example_complex.py
[2022-09-05 02:23:27,870] {logging_mixin.py:104} INFO - [2022-09-05 02:23:27,870] {dag.py:1818} INFO - Sync 1 DAGs
[2022-09-05 02:23:27,893] {logging_mixin.py:104} INFO - [2022-09-05 02:23:27,893] {dag.py:2273} INFO - Setting next_dagrun for example_complex to None
[2022-09-05 02:23:27,926] {scheduler_job.py:190} INFO - Processing /home/airflow/.local/lib/python3.6/site-packages/airflow/example_dags/example_complex.py took 0.139 seconds
[2022-09-05 02:23:58,344] {scheduler_job.py:182} INFO - Started process (PID=752) to work on /home/airflow/.local/lib/python3.6/site-packages/airflow/example_dags/example_complex.py
[2022-09-05 02:23:58,347] {scheduler_job.py:629} INFO - Processing file /home/airflow/.local/lib/python3.6/site-packages/airflow/example_dags/example_complex.py for tasks to queue
[2022-09-05 02:23:58,349] {logging_mixin.py:104} INFO - [2022-09-05 02:23:58,349] {dagbag.py:448} INFO - Filling up the DagBag from /home/airflow/.local/lib/python3.6/site-packages/airflow/example_dags/example_complex.py
[2022-09-05 02:23:58,392] {scheduler_job.py:639} INFO - DAG(s) dict_keys(['example_complex']) retrieved from /home/airflow/.local/lib/python3.6/site-packages/airflow/example_dags/example_complex.py
[2022-09-05 02:23:58,440] {logging_mixin.py:104} INFO - [2022-09-05 02:23:58,440] {dag.py:1818} INFO - Sync 1 DAGs
[2022-09-05 02:23:58,474] {logging_mixin.py:104} INFO - [2022-09-05 02:23:58,474] {dag.py:2273} INFO - Setting next_dagrun for example_complex to None
[2022-09-05 02:23:58,528] {scheduler_job.py:190} INFO - Processing /home/airflow/.local/lib/python3.6/site-packages/airflow/example_dags/example_complex.py took 0.191 seconds
[2022-09-05 02:24:28,816] {scheduler_job.py:182} INFO - Started process (PID=884) to work on /home/airflow/.local/lib/python3.6/site-packages/airflow/example_dags/example_complex.py
[2022-09-05 02:24:28,818] {scheduler_job.py:629} INFO - Processing file /home/airflow/.local/lib/python3.6/site-packages/airflow/example_dags/example_complex.py for tasks to queue
[2022-09-05 02:24:28,819] {logging_mixin.py:104} INFO - [2022-09-05 02:24:28,819] {dagbag.py:448} INFO - Filling up the DagBag from /home/airflow/.local/lib/python3.6/site-packages/airflow/example_dags/example_complex.py
[2022-09-05 02:24:28,854] {scheduler_job.py:639} INFO - DAG(s) dict_keys(['example_complex']) retrieved from /home/airflow/.local/lib/python3.6/site-packages/airflow/example_dags/example_complex.py
[2022-09-05 02:24:28,890] {logging_mixin.py:104} INFO - [2022-09-05 02:24:28,890] {dag.py:1818} INFO - Sync 1 DAGs
[2022-09-05 02:24:28,913] {logging_mixin.py:104} INFO - [2022-09-05 02:24:28,913] {dag.py:2273} INFO - Setting next_dagrun for example_complex to None
[2022-09-05 02:24:28,983] {scheduler_job.py:190} INFO - Processing /home/airflow/.local/lib/python3.6/site-packages/airflow/example_dags/example_complex.py took 0.170 seconds
[2022-09-05 02:24:52,836] {scheduler_job.py:182} INFO - Started process (PID=211) to work on /home/airflow/.local/lib/python3.6/site-packages/airflow/example_dags/example_complex.py
[2022-09-05 02:24:52,838] {scheduler_job.py:629} INFO - Processing file /home/airflow/.local/lib/python3.6/site-packages/airflow/example_dags/example_complex.py for tasks to queue
[2022-09-05 02:24:52,840] {logging_mixin.py:104} INFO - [2022-09-05 02:24:52,839] {dagbag.py:448} INFO - Filling up the DagBag from /home/airflow/.local/lib/python3.6/site-packages/airflow/example_dags/example_complex.py
[2022-09-05 02:24:52,868] {scheduler_job.py:639} INFO - DAG(s) dict_keys(['example_complex']) retrieved from /home/airflow/.local/lib/python3.6/site-packages/airflow/example_dags/example_complex.py
[2022-09-05 02:24:52,922] {logging_mixin.py:104} INFO - [2022-09-05 02:24:52,921] {dag.py:1818} INFO - Sync 1 DAGs
[2022-09-05 02:24:52,939] {logging_mixin.py:104} INFO - [2022-09-05 02:24:52,939] {dag.py:2273} INFO - Setting next_dagrun for example_complex to None
[2022-09-05 02:24:52,990] {scheduler_job.py:190} INFO - Processing /home/airflow/.local/lib/python3.6/site-packages/airflow/example_dags/example_complex.py took 0.159 seconds
[2022-09-05 02:25:25,267] {scheduler_job.py:182} INFO - Started process (PID=341) to work on /home/airflow/.local/lib/python3.6/site-packages/airflow/example_dags/example_complex.py
[2022-09-05 02:25:25,270] {scheduler_job.py:629} INFO - Processing file /home/airflow/.local/lib/python3.6/site-packages/airflow/example_dags/example_complex.py for tasks to queue
[2022-09-05 02:25:25,282] {logging_mixin.py:104} INFO - [2022-09-05 02:25:25,276] {dagbag.py:448} INFO - Filling up the DagBag from /home/airflow/.local/lib/python3.6/site-packages/airflow/example_dags/example_complex.py
[2022-09-05 02:25:25,395] {scheduler_job.py:639} INFO - DAG(s) dict_keys(['example_complex']) retrieved from /home/airflow/.local/lib/python3.6/site-packages/airflow/example_dags/example_complex.py
[2022-09-05 02:25:25,483] {logging_mixin.py:104} INFO - [2022-09-05 02:25:25,483] {dag.py:1818} INFO - Sync 1 DAGs
[2022-09-05 02:25:25,545] {logging_mixin.py:104} INFO - [2022-09-05 02:25:25,545] {dag.py:2273} INFO - Setting next_dagrun for example_complex to None
[2022-09-05 02:25:25,645] {scheduler_job.py:190} INFO - Processing /home/airflow/.local/lib/python3.6/site-packages/airflow/example_dags/example_complex.py took 0.389 seconds
[2022-09-05 02:26:02,971] {scheduler_job.py:182} INFO - Started process (PID=267) to work on /home/airflow/.local/lib/python3.6/site-packages/airflow/example_dags/example_complex.py
[2022-09-05 02:26:02,973] {scheduler_job.py:629} INFO - Processing file /home/airflow/.local/lib/python3.6/site-packages/airflow/example_dags/example_complex.py for tasks to queue
[2022-09-05 02:26:02,974] {logging_mixin.py:104} INFO - [2022-09-05 02:26:02,974] {dagbag.py:448} INFO - Filling up the DagBag from /home/airflow/.local/lib/python3.6/site-packages/airflow/example_dags/example_complex.py
[2022-09-05 02:26:02,997] {scheduler_job.py:639} INFO - DAG(s) dict_keys(['example_complex']) retrieved from /home/airflow/.local/lib/python3.6/site-packages/airflow/example_dags/example_complex.py
[2022-09-05 02:26:03,036] {logging_mixin.py:104} INFO - [2022-09-05 02:26:03,036] {dag.py:1818} INFO - Sync 1 DAGs
[2022-09-05 02:26:03,055] {logging_mixin.py:104} INFO - [2022-09-05 02:26:03,054] {dag.py:2273} INFO - Setting next_dagrun for example_complex to None
[2022-09-05 02:26:03,097] {scheduler_job.py:190} INFO - Processing /home/airflow/.local/lib/python3.6/site-packages/airflow/example_dags/example_complex.py took 0.130 seconds
[2022-09-05 02:26:34,023] {scheduler_job.py:182} INFO - Started process (PID=397) to work on /home/airflow/.local/lib/python3.6/site-packages/airflow/example_dags/example_complex.py
[2022-09-05 02:26:34,024] {scheduler_job.py:629} INFO - Processing file /home/airflow/.local/lib/python3.6/site-packages/airflow/example_dags/example_complex.py for tasks to queue
[2022-09-05 02:26:34,025] {logging_mixin.py:104} INFO - [2022-09-05 02:26:34,025] {dagbag.py:448} INFO - Filling up the DagBag from /home/airflow/.local/lib/python3.6/site-packages/airflow/example_dags/example_complex.py
[2022-09-05 02:26:34,061] {scheduler_job.py:639} INFO - DAG(s) dict_keys(['example_complex']) retrieved from /home/airflow/.local/lib/python3.6/site-packages/airflow/example_dags/example_complex.py
[2022-09-05 02:26:34,100] {logging_mixin.py:104} INFO - [2022-09-05 02:26:34,100] {dag.py:1818} INFO - Sync 1 DAGs
[2022-09-05 02:26:34,118] {logging_mixin.py:104} INFO - [2022-09-05 02:26:34,118] {dag.py:2273} INFO - Setting next_dagrun for example_complex to None
[2022-09-05 02:26:34,326] {scheduler_job.py:190} INFO - Processing /home/airflow/.local/lib/python3.6/site-packages/airflow/example_dags/example_complex.py took 0.307 seconds
[2022-09-05 02:27:04,485] {scheduler_job.py:182} INFO - Started process (PID=527) to work on /home/airflow/.local/lib/python3.6/site-packages/airflow/example_dags/example_complex.py
[2022-09-05 02:27:04,487] {scheduler_job.py:629} INFO - Processing file /home/airflow/.local/lib/python3.6/site-packages/airflow/example_dags/example_complex.py for tasks to queue
[2022-09-05 02:27:04,488] {logging_mixin.py:104} INFO - [2022-09-05 02:27:04,488] {dagbag.py:448} INFO - Filling up the DagBag from /home/airflow/.local/lib/python3.6/site-packages/airflow/example_dags/example_complex.py
[2022-09-05 02:27:04,518] {scheduler_job.py:639} INFO - DAG(s) dict_keys(['example_complex']) retrieved from /home/airflow/.local/lib/python3.6/site-packages/airflow/example_dags/example_complex.py
[2022-09-05 02:27:04,557] {logging_mixin.py:104} INFO - [2022-09-05 02:27:04,557] {dag.py:1818} INFO - Sync 1 DAGs
[2022-09-05 02:27:04,578] {logging_mixin.py:104} INFO - [2022-09-05 02:27:04,578] {dag.py:2273} INFO - Setting next_dagrun for example_complex to None
[2022-09-05 02:27:04,622] {scheduler_job.py:190} INFO - Processing /home/airflow/.local/lib/python3.6/site-packages/airflow/example_dags/example_complex.py took 0.141 seconds
[2022-09-05 02:27:36,259] {scheduler_job.py:182} INFO - Started process (PID=657) to work on /home/airflow/.local/lib/python3.6/site-packages/airflow/example_dags/example_complex.py
[2022-09-05 02:27:36,271] {scheduler_job.py:629} INFO - Processing file /home/airflow/.local/lib/python3.6/site-packages/airflow/example_dags/example_complex.py for tasks to queue
[2022-09-05 02:27:36,280] {logging_mixin.py:104} INFO - [2022-09-05 02:27:36,280] {dagbag.py:448} INFO - Filling up the DagBag from /home/airflow/.local/lib/python3.6/site-packages/airflow/example_dags/example_complex.py
[2022-09-05 02:27:36,351] {scheduler_job.py:639} INFO - DAG(s) dict_keys(['example_complex']) retrieved from /home/airflow/.local/lib/python3.6/site-packages/airflow/example_dags/example_complex.py
[2022-09-05 02:27:36,445] {logging_mixin.py:104} INFO - [2022-09-05 02:27:36,445] {dag.py:1818} INFO - Sync 1 DAGs
[2022-09-05 02:27:36,475] {logging_mixin.py:104} INFO - [2022-09-05 02:27:36,474] {dag.py:2273} INFO - Setting next_dagrun for example_complex to None
[2022-09-05 02:27:36,534] {scheduler_job.py:190} INFO - Processing /home/airflow/.local/lib/python3.6/site-packages/airflow/example_dags/example_complex.py took 0.281 seconds
[2022-09-05 02:28:07,438] {scheduler_job.py:182} INFO - Started process (PID=784) to work on /home/airflow/.local/lib/python3.6/site-packages/airflow/example_dags/example_complex.py
[2022-09-05 02:28:07,440] {scheduler_job.py:629} INFO - Processing file /home/airflow/.local/lib/python3.6/site-packages/airflow/example_dags/example_complex.py for tasks to queue
[2022-09-05 02:28:07,442] {logging_mixin.py:104} INFO - [2022-09-05 02:28:07,441] {dagbag.py:448} INFO - Filling up the DagBag from /home/airflow/.local/lib/python3.6/site-packages/airflow/example_dags/example_complex.py
[2022-09-05 02:28:07,475] {scheduler_job.py:639} INFO - DAG(s) dict_keys(['example_complex']) retrieved from /home/airflow/.local/lib/python3.6/site-packages/airflow/example_dags/example_complex.py
[2022-09-05 02:28:07,513] {logging_mixin.py:104} INFO - [2022-09-05 02:28:07,513] {dag.py:1818} INFO - Sync 1 DAGs
[2022-09-05 02:28:07,535] {logging_mixin.py:104} INFO - [2022-09-05 02:28:07,535] {dag.py:2273} INFO - Setting next_dagrun for example_complex to None
[2022-09-05 02:28:07,601] {scheduler_job.py:190} INFO - Processing /home/airflow/.local/lib/python3.6/site-packages/airflow/example_dags/example_complex.py took 0.166 seconds
[2022-09-05 02:28:37,946] {scheduler_job.py:182} INFO - Started process (PID=924) to work on /home/airflow/.local/lib/python3.6/site-packages/airflow/example_dags/example_complex.py
[2022-09-05 02:28:37,948] {scheduler_job.py:629} INFO - Processing file /home/airflow/.local/lib/python3.6/site-packages/airflow/example_dags/example_complex.py for tasks to queue
[2022-09-05 02:28:37,949] {logging_mixin.py:104} INFO - [2022-09-05 02:28:37,949] {dagbag.py:448} INFO - Filling up the DagBag from /home/airflow/.local/lib/python3.6/site-packages/airflow/example_dags/example_complex.py
[2022-09-05 02:28:37,974] {scheduler_job.py:639} INFO - DAG(s) dict_keys(['example_complex']) retrieved from /home/airflow/.local/lib/python3.6/site-packages/airflow/example_dags/example_complex.py
[2022-09-05 02:28:38,010] {logging_mixin.py:104} INFO - [2022-09-05 02:28:38,010] {dag.py:1818} INFO - Sync 1 DAGs
[2022-09-05 02:28:38,028] {logging_mixin.py:104} INFO - [2022-09-05 02:28:38,028] {dag.py:2273} INFO - Setting next_dagrun for example_complex to None
[2022-09-05 02:28:38,080] {scheduler_job.py:190} INFO - Processing /home/airflow/.local/lib/python3.6/site-packages/airflow/example_dags/example_complex.py took 0.138 seconds
[2022-09-05 02:29:08,290] {scheduler_job.py:182} INFO - Started process (PID=1052) to work on /home/airflow/.local/lib/python3.6/site-packages/airflow/example_dags/example_complex.py
[2022-09-05 02:29:08,293] {scheduler_job.py:629} INFO - Processing file /home/airflow/.local/lib/python3.6/site-packages/airflow/example_dags/example_complex.py for tasks to queue
[2022-09-05 02:29:08,295] {logging_mixin.py:104} INFO - [2022-09-05 02:29:08,295] {dagbag.py:448} INFO - Filling up the DagBag from /home/airflow/.local/lib/python3.6/site-packages/airflow/example_dags/example_complex.py
[2022-09-05 02:29:08,330] {scheduler_job.py:639} INFO - DAG(s) dict_keys(['example_complex']) retrieved from /home/airflow/.local/lib/python3.6/site-packages/airflow/example_dags/example_complex.py
[2022-09-05 02:29:08,380] {logging_mixin.py:104} INFO - [2022-09-05 02:29:08,380] {dag.py:1818} INFO - Sync 1 DAGs
[2022-09-05 02:29:08,406] {logging_mixin.py:104} INFO - [2022-09-05 02:29:08,406] {dag.py:2273} INFO - Setting next_dagrun for example_complex to None
[2022-09-05 02:29:08,482] {scheduler_job.py:190} INFO - Processing /home/airflow/.local/lib/python3.6/site-packages/airflow/example_dags/example_complex.py took 0.201 seconds
[2022-09-05 02:29:38,593] {scheduler_job.py:182} INFO - Started process (PID=1177) to work on /home/airflow/.local/lib/python3.6/site-packages/airflow/example_dags/example_complex.py
[2022-09-05 02:29:38,596] {scheduler_job.py:629} INFO - Processing file /home/airflow/.local/lib/python3.6/site-packages/airflow/example_dags/example_complex.py for tasks to queue
[2022-09-05 02:29:38,597] {logging_mixin.py:104} INFO - [2022-09-05 02:29:38,597] {dagbag.py:448} INFO - Filling up the DagBag from /home/airflow/.local/lib/python3.6/site-packages/airflow/example_dags/example_complex.py
[2022-09-05 02:29:38,631] {scheduler_job.py:639} INFO - DAG(s) dict_keys(['example_complex']) retrieved from /home/airflow/.local/lib/python3.6/site-packages/airflow/example_dags/example_complex.py
[2022-09-05 02:29:38,672] {logging_mixin.py:104} INFO - [2022-09-05 02:29:38,671] {dag.py:1818} INFO - Sync 1 DAGs
[2022-09-05 02:29:38,688] {logging_mixin.py:104} INFO - [2022-09-05 02:29:38,688] {dag.py:2273} INFO - Setting next_dagrun for example_complex to None
[2022-09-05 02:29:38,730] {scheduler_job.py:190} INFO - Processing /home/airflow/.local/lib/python3.6/site-packages/airflow/example_dags/example_complex.py took 0.141 seconds
[2022-09-05 02:30:08,822] {scheduler_job.py:182} INFO - Started process (PID=1302) to work on /home/airflow/.local/lib/python3.6/site-packages/airflow/example_dags/example_complex.py
[2022-09-05 02:30:08,824] {scheduler_job.py:629} INFO - Processing file /home/airflow/.local/lib/python3.6/site-packages/airflow/example_dags/example_complex.py for tasks to queue
[2022-09-05 02:30:08,829] {logging_mixin.py:104} INFO - [2022-09-05 02:30:08,827] {dagbag.py:448} INFO - Filling up the DagBag from /home/airflow/.local/lib/python3.6/site-packages/airflow/example_dags/example_complex.py
[2022-09-05 02:30:08,869] {scheduler_job.py:639} INFO - DAG(s) dict_keys(['example_complex']) retrieved from /home/airflow/.local/lib/python3.6/site-packages/airflow/example_dags/example_complex.py
[2022-09-05 02:30:08,917] {logging_mixin.py:104} INFO - [2022-09-05 02:30:08,916] {dag.py:1818} INFO - Sync 1 DAGs
[2022-09-05 02:30:08,943] {logging_mixin.py:104} INFO - [2022-09-05 02:30:08,942] {dag.py:2273} INFO - Setting next_dagrun for example_complex to None
[2022-09-05 02:30:08,977] {scheduler_job.py:190} INFO - Processing /home/airflow/.local/lib/python3.6/site-packages/airflow/example_dags/example_complex.py took 0.160 seconds
[2022-09-05 02:30:39,113] {scheduler_job.py:182} INFO - Started process (PID=1432) to work on /home/airflow/.local/lib/python3.6/site-packages/airflow/example_dags/example_complex.py
[2022-09-05 02:30:39,115] {scheduler_job.py:629} INFO - Processing file /home/airflow/.local/lib/python3.6/site-packages/airflow/example_dags/example_complex.py for tasks to queue
[2022-09-05 02:30:39,116] {logging_mixin.py:104} INFO - [2022-09-05 02:30:39,116] {dagbag.py:448} INFO - Filling up the DagBag from /home/airflow/.local/lib/python3.6/site-packages/airflow/example_dags/example_complex.py
[2022-09-05 02:30:39,148] {scheduler_job.py:639} INFO - DAG(s) dict_keys(['example_complex']) retrieved from /home/airflow/.local/lib/python3.6/site-packages/airflow/example_dags/example_complex.py
[2022-09-05 02:30:39,190] {logging_mixin.py:104} INFO - [2022-09-05 02:30:39,190] {dag.py:1818} INFO - Sync 1 DAGs
[2022-09-05 02:30:39,211] {logging_mixin.py:104} INFO - [2022-09-05 02:30:39,210] {dag.py:2273} INFO - Setting next_dagrun for example_complex to None
[2022-09-05 02:30:39,243] {scheduler_job.py:190} INFO - Processing /home/airflow/.local/lib/python3.6/site-packages/airflow/example_dags/example_complex.py took 0.134 seconds
[2022-09-05 02:31:09,518] {scheduler_job.py:182} INFO - Started process (PID=1552) to work on /home/airflow/.local/lib/python3.6/site-packages/airflow/example_dags/example_complex.py
[2022-09-05 02:31:09,519] {scheduler_job.py:629} INFO - Processing file /home/airflow/.local/lib/python3.6/site-packages/airflow/example_dags/example_complex.py for tasks to queue
[2022-09-05 02:31:09,521] {logging_mixin.py:104} INFO - [2022-09-05 02:31:09,520] {dagbag.py:448} INFO - Filling up the DagBag from /home/airflow/.local/lib/python3.6/site-packages/airflow/example_dags/example_complex.py
[2022-09-05 02:31:09,551] {scheduler_job.py:639} INFO - DAG(s) dict_keys(['example_complex']) retrieved from /home/airflow/.local/lib/python3.6/site-packages/airflow/example_dags/example_complex.py
[2022-09-05 02:31:09,599] {logging_mixin.py:104} INFO - [2022-09-05 02:31:09,599] {dag.py:1818} INFO - Sync 1 DAGs
[2022-09-05 02:31:09,619] {logging_mixin.py:104} INFO - [2022-09-05 02:31:09,619] {dag.py:2273} INFO - Setting next_dagrun for example_complex to None
[2022-09-05 02:31:09,696] {scheduler_job.py:190} INFO - Processing /home/airflow/.local/lib/python3.6/site-packages/airflow/example_dags/example_complex.py took 0.184 seconds
[2022-09-05 02:31:39,850] {scheduler_job.py:182} INFO - Started process (PID=1717) to work on /home/airflow/.local/lib/python3.6/site-packages/airflow/example_dags/example_complex.py
[2022-09-05 02:31:39,852] {scheduler_job.py:629} INFO - Processing file /home/airflow/.local/lib/python3.6/site-packages/airflow/example_dags/example_complex.py for tasks to queue
[2022-09-05 02:31:39,853] {logging_mixin.py:104} INFO - [2022-09-05 02:31:39,853] {dagbag.py:448} INFO - Filling up the DagBag from /home/airflow/.local/lib/python3.6/site-packages/airflow/example_dags/example_complex.py
[2022-09-05 02:31:39,885] {scheduler_job.py:639} INFO - DAG(s) dict_keys(['example_complex']) retrieved from /home/airflow/.local/lib/python3.6/site-packages/airflow/example_dags/example_complex.py
[2022-09-05 02:31:39,920] {logging_mixin.py:104} INFO - [2022-09-05 02:31:39,920] {dag.py:1818} INFO - Sync 1 DAGs
[2022-09-05 02:31:39,937] {logging_mixin.py:104} INFO - [2022-09-05 02:31:39,937] {dag.py:2273} INFO - Setting next_dagrun for example_complex to None
[2022-09-05 02:31:39,971] {scheduler_job.py:190} INFO - Processing /home/airflow/.local/lib/python3.6/site-packages/airflow/example_dags/example_complex.py took 0.126 seconds
[2022-09-05 02:32:10,300] {scheduler_job.py:182} INFO - Started process (PID=1852) to work on /home/airflow/.local/lib/python3.6/site-packages/airflow/example_dags/example_complex.py
[2022-09-05 02:32:10,306] {scheduler_job.py:629} INFO - Processing file /home/airflow/.local/lib/python3.6/site-packages/airflow/example_dags/example_complex.py for tasks to queue
[2022-09-05 02:32:10,308] {logging_mixin.py:104} INFO - [2022-09-05 02:32:10,308] {dagbag.py:448} INFO - Filling up the DagBag from /home/airflow/.local/lib/python3.6/site-packages/airflow/example_dags/example_complex.py
[2022-09-05 02:32:10,338] {scheduler_job.py:639} INFO - DAG(s) dict_keys(['example_complex']) retrieved from /home/airflow/.local/lib/python3.6/site-packages/airflow/example_dags/example_complex.py
[2022-09-05 02:32:10,377] {logging_mixin.py:104} INFO - [2022-09-05 02:32:10,377] {dag.py:1818} INFO - Sync 1 DAGs
[2022-09-05 02:32:10,396] {logging_mixin.py:104} INFO - [2022-09-05 02:32:10,396] {dag.py:2273} INFO - Setting next_dagrun for example_complex to None
[2022-09-05 02:32:10,426] {scheduler_job.py:190} INFO - Processing /home/airflow/.local/lib/python3.6/site-packages/airflow/example_dags/example_complex.py took 0.129 seconds
[2022-09-05 02:32:40,951] {scheduler_job.py:182} INFO - Started process (PID=1972) to work on /home/airflow/.local/lib/python3.6/site-packages/airflow/example_dags/example_complex.py
[2022-09-05 02:32:40,953] {scheduler_job.py:629} INFO - Processing file /home/airflow/.local/lib/python3.6/site-packages/airflow/example_dags/example_complex.py for tasks to queue
[2022-09-05 02:32:40,954] {logging_mixin.py:104} INFO - [2022-09-05 02:32:40,954] {dagbag.py:448} INFO - Filling up the DagBag from /home/airflow/.local/lib/python3.6/site-packages/airflow/example_dags/example_complex.py
[2022-09-05 02:32:40,986] {scheduler_job.py:639} INFO - DAG(s) dict_keys(['example_complex']) retrieved from /home/airflow/.local/lib/python3.6/site-packages/airflow/example_dags/example_complex.py
[2022-09-05 02:32:41,025] {logging_mixin.py:104} INFO - [2022-09-05 02:32:41,025] {dag.py:1818} INFO - Sync 1 DAGs
[2022-09-05 02:32:41,046] {logging_mixin.py:104} INFO - [2022-09-05 02:32:41,046] {dag.py:2273} INFO - Setting next_dagrun for example_complex to None
[2022-09-05 02:32:41,088] {scheduler_job.py:190} INFO - Processing /home/airflow/.local/lib/python3.6/site-packages/airflow/example_dags/example_complex.py took 0.141 seconds
[2022-09-05 02:33:11,408] {scheduler_job.py:182} INFO - Started process (PID=2107) to work on /home/airflow/.local/lib/python3.6/site-packages/airflow/example_dags/example_complex.py
[2022-09-05 02:33:11,411] {scheduler_job.py:629} INFO - Processing file /home/airflow/.local/lib/python3.6/site-packages/airflow/example_dags/example_complex.py for tasks to queue
[2022-09-05 02:33:11,412] {logging_mixin.py:104} INFO - [2022-09-05 02:33:11,412] {dagbag.py:448} INFO - Filling up the DagBag from /home/airflow/.local/lib/python3.6/site-packages/airflow/example_dags/example_complex.py
[2022-09-05 02:33:11,441] {scheduler_job.py:639} INFO - DAG(s) dict_keys(['example_complex']) retrieved from /home/airflow/.local/lib/python3.6/site-packages/airflow/example_dags/example_complex.py
[2022-09-05 02:33:11,477] {logging_mixin.py:104} INFO - [2022-09-05 02:33:11,477] {dag.py:1818} INFO - Sync 1 DAGs
[2022-09-05 02:33:11,496] {logging_mixin.py:104} INFO - [2022-09-05 02:33:11,496] {dag.py:2273} INFO - Setting next_dagrun for example_complex to None
[2022-09-05 02:33:11,544] {scheduler_job.py:190} INFO - Processing /home/airflow/.local/lib/python3.6/site-packages/airflow/example_dags/example_complex.py took 0.141 seconds
[2022-09-05 02:33:41,938] {scheduler_job.py:182} INFO - Started process (PID=2237) to work on /home/airflow/.local/lib/python3.6/site-packages/airflow/example_dags/example_complex.py
[2022-09-05 02:33:41,941] {scheduler_job.py:629} INFO - Processing file /home/airflow/.local/lib/python3.6/site-packages/airflow/example_dags/example_complex.py for tasks to queue
[2022-09-05 02:33:41,942] {logging_mixin.py:104} INFO - [2022-09-05 02:33:41,942] {dagbag.py:448} INFO - Filling up the DagBag from /home/airflow/.local/lib/python3.6/site-packages/airflow/example_dags/example_complex.py
[2022-09-05 02:33:41,994] {scheduler_job.py:639} INFO - DAG(s) dict_keys(['example_complex']) retrieved from /home/airflow/.local/lib/python3.6/site-packages/airflow/example_dags/example_complex.py
[2022-09-05 02:33:42,042] {logging_mixin.py:104} INFO - [2022-09-05 02:33:42,042] {dag.py:1818} INFO - Sync 1 DAGs
[2022-09-05 02:33:42,071] {logging_mixin.py:104} INFO - [2022-09-05 02:33:42,071] {dag.py:2273} INFO - Setting next_dagrun for example_complex to None
[2022-09-05 02:33:42,149] {scheduler_job.py:190} INFO - Processing /home/airflow/.local/lib/python3.6/site-packages/airflow/example_dags/example_complex.py took 0.215 seconds
[2022-09-05 02:34:12,797] {scheduler_job.py:182} INFO - Started process (PID=2367) to work on /home/airflow/.local/lib/python3.6/site-packages/airflow/example_dags/example_complex.py
[2022-09-05 02:34:12,799] {scheduler_job.py:629} INFO - Processing file /home/airflow/.local/lib/python3.6/site-packages/airflow/example_dags/example_complex.py for tasks to queue
[2022-09-05 02:34:12,801] {logging_mixin.py:104} INFO - [2022-09-05 02:34:12,801] {dagbag.py:448} INFO - Filling up the DagBag from /home/airflow/.local/lib/python3.6/site-packages/airflow/example_dags/example_complex.py
[2022-09-05 02:34:12,827] {scheduler_job.py:639} INFO - DAG(s) dict_keys(['example_complex']) retrieved from /home/airflow/.local/lib/python3.6/site-packages/airflow/example_dags/example_complex.py
[2022-09-05 02:34:12,862] {logging_mixin.py:104} INFO - [2022-09-05 02:34:12,862] {dag.py:1818} INFO - Sync 1 DAGs
[2022-09-05 02:34:12,893] {logging_mixin.py:104} INFO - [2022-09-05 02:34:12,892] {dag.py:2273} INFO - Setting next_dagrun for example_complex to None
[2022-09-05 02:34:12,934] {scheduler_job.py:190} INFO - Processing /home/airflow/.local/lib/python3.6/site-packages/airflow/example_dags/example_complex.py took 0.143 seconds
[2022-09-05 02:34:43,049] {scheduler_job.py:182} INFO - Started process (PID=2492) to work on /home/airflow/.local/lib/python3.6/site-packages/airflow/example_dags/example_complex.py
[2022-09-05 02:34:43,051] {scheduler_job.py:629} INFO - Processing file /home/airflow/.local/lib/python3.6/site-packages/airflow/example_dags/example_complex.py for tasks to queue
[2022-09-05 02:34:43,053] {logging_mixin.py:104} INFO - [2022-09-05 02:34:43,052] {dagbag.py:448} INFO - Filling up the DagBag from /home/airflow/.local/lib/python3.6/site-packages/airflow/example_dags/example_complex.py
[2022-09-05 02:34:43,084] {scheduler_job.py:639} INFO - DAG(s) dict_keys(['example_complex']) retrieved from /home/airflow/.local/lib/python3.6/site-packages/airflow/example_dags/example_complex.py
[2022-09-05 02:34:43,127] {logging_mixin.py:104} INFO - [2022-09-05 02:34:43,127] {dag.py:1818} INFO - Sync 1 DAGs
[2022-09-05 02:34:43,157] {logging_mixin.py:104} INFO - [2022-09-05 02:34:43,157] {dag.py:2273} INFO - Setting next_dagrun for example_complex to None
[2022-09-05 02:34:43,241] {scheduler_job.py:190} INFO - Processing /home/airflow/.local/lib/python3.6/site-packages/airflow/example_dags/example_complex.py took 0.196 seconds
[2022-09-05 02:35:13,517] {scheduler_job.py:182} INFO - Started process (PID=2627) to work on /home/airflow/.local/lib/python3.6/site-packages/airflow/example_dags/example_complex.py
[2022-09-05 02:35:13,519] {scheduler_job.py:629} INFO - Processing file /home/airflow/.local/lib/python3.6/site-packages/airflow/example_dags/example_complex.py for tasks to queue
[2022-09-05 02:35:13,521] {logging_mixin.py:104} INFO - [2022-09-05 02:35:13,521] {dagbag.py:448} INFO - Filling up the DagBag from /home/airflow/.local/lib/python3.6/site-packages/airflow/example_dags/example_complex.py
[2022-09-05 02:35:13,550] {scheduler_job.py:639} INFO - DAG(s) dict_keys(['example_complex']) retrieved from /home/airflow/.local/lib/python3.6/site-packages/airflow/example_dags/example_complex.py
[2022-09-05 02:35:13,587] {logging_mixin.py:104} INFO - [2022-09-05 02:35:13,587] {dag.py:1818} INFO - Sync 1 DAGs
[2022-09-05 02:35:13,605] {logging_mixin.py:104} INFO - [2022-09-05 02:35:13,605] {dag.py:2273} INFO - Setting next_dagrun for example_complex to None
[2022-09-05 02:35:13,729] {scheduler_job.py:190} INFO - Processing /home/airflow/.local/lib/python3.6/site-packages/airflow/example_dags/example_complex.py took 0.217 seconds
[2022-09-05 02:35:44,210] {scheduler_job.py:182} INFO - Started process (PID=2767) to work on /home/airflow/.local/lib/python3.6/site-packages/airflow/example_dags/example_complex.py
[2022-09-05 02:35:44,212] {scheduler_job.py:629} INFO - Processing file /home/airflow/.local/lib/python3.6/site-packages/airflow/example_dags/example_complex.py for tasks to queue
[2022-09-05 02:35:44,221] {logging_mixin.py:104} INFO - [2022-09-05 02:35:44,221] {dagbag.py:448} INFO - Filling up the DagBag from /home/airflow/.local/lib/python3.6/site-packages/airflow/example_dags/example_complex.py
[2022-09-05 02:35:44,250] {scheduler_job.py:639} INFO - DAG(s) dict_keys(['example_complex']) retrieved from /home/airflow/.local/lib/python3.6/site-packages/airflow/example_dags/example_complex.py
[2022-09-05 02:35:44,291] {logging_mixin.py:104} INFO - [2022-09-05 02:35:44,291] {dag.py:1818} INFO - Sync 1 DAGs
[2022-09-05 02:35:44,307] {logging_mixin.py:104} INFO - [2022-09-05 02:35:44,307] {dag.py:2273} INFO - Setting next_dagrun for example_complex to None
[2022-09-05 02:35:44,345] {scheduler_job.py:190} INFO - Processing /home/airflow/.local/lib/python3.6/site-packages/airflow/example_dags/example_complex.py took 0.141 seconds
[2022-09-05 02:36:14,719] {scheduler_job.py:182} INFO - Started process (PID=2902) to work on /home/airflow/.local/lib/python3.6/site-packages/airflow/example_dags/example_complex.py
[2022-09-05 02:36:14,721] {scheduler_job.py:629} INFO - Processing file /home/airflow/.local/lib/python3.6/site-packages/airflow/example_dags/example_complex.py for tasks to queue
[2022-09-05 02:36:14,722] {logging_mixin.py:104} INFO - [2022-09-05 02:36:14,721] {dagbag.py:448} INFO - Filling up the DagBag from /home/airflow/.local/lib/python3.6/site-packages/airflow/example_dags/example_complex.py
[2022-09-05 02:36:14,748] {scheduler_job.py:639} INFO - DAG(s) dict_keys(['example_complex']) retrieved from /home/airflow/.local/lib/python3.6/site-packages/airflow/example_dags/example_complex.py
[2022-09-05 02:36:14,794] {logging_mixin.py:104} INFO - [2022-09-05 02:36:14,793] {dag.py:1818} INFO - Sync 1 DAGs
[2022-09-05 02:36:14,817] {logging_mixin.py:104} INFO - [2022-09-05 02:36:14,817] {dag.py:2273} INFO - Setting next_dagrun for example_complex to None
[2022-09-05 02:36:14,855] {scheduler_job.py:190} INFO - Processing /home/airflow/.local/lib/python3.6/site-packages/airflow/example_dags/example_complex.py took 0.139 seconds
[2022-09-05 02:36:45,495] {scheduler_job.py:182} INFO - Started process (PID=3037) to work on /home/airflow/.local/lib/python3.6/site-packages/airflow/example_dags/example_complex.py
[2022-09-05 02:36:45,497] {scheduler_job.py:629} INFO - Processing file /home/airflow/.local/lib/python3.6/site-packages/airflow/example_dags/example_complex.py for tasks to queue
[2022-09-05 02:36:45,509] {logging_mixin.py:104} INFO - [2022-09-05 02:36:45,509] {dagbag.py:448} INFO - Filling up the DagBag from /home/airflow/.local/lib/python3.6/site-packages/airflow/example_dags/example_complex.py
[2022-09-05 02:36:45,614] {scheduler_job.py:639} INFO - DAG(s) dict_keys(['example_complex']) retrieved from /home/airflow/.local/lib/python3.6/site-packages/airflow/example_dags/example_complex.py
[2022-09-05 02:36:45,704] {logging_mixin.py:104} INFO - [2022-09-05 02:36:45,703] {dag.py:1818} INFO - Sync 1 DAGs
[2022-09-05 02:36:45,732] {logging_mixin.py:104} INFO - [2022-09-05 02:36:45,731] {dag.py:2273} INFO - Setting next_dagrun for example_complex to None
[2022-09-05 02:36:45,792] {scheduler_job.py:190} INFO - Processing /home/airflow/.local/lib/python3.6/site-packages/airflow/example_dags/example_complex.py took 0.303 seconds
