[2022-09-05 02:11:04,480] {scheduler_job.py:182} INFO - Started process (PID=258) to work on /home/airflow/.local/lib/python3.6/site-packages/airflow/example_dags/example_trigger_controller_dag.py
[2022-09-05 02:11:04,484] {scheduler_job.py:629} INFO - Processing file /home/airflow/.local/lib/python3.6/site-packages/airflow/example_dags/example_trigger_controller_dag.py for tasks to queue
[2022-09-05 02:11:04,486] {logging_mixin.py:104} INFO - [2022-09-05 02:11:04,485] {dagbag.py:448} INFO - Filling up the DagBag from /home/airflow/.local/lib/python3.6/site-packages/airflow/example_dags/example_trigger_controller_dag.py
[2022-09-05 02:11:04,510] {scheduler_job.py:639} INFO - DAG(s) dict_keys(['example_trigger_controller_dag']) retrieved from /home/airflow/.local/lib/python3.6/site-packages/airflow/example_dags/example_trigger_controller_dag.py
[2022-09-05 02:11:04,563] {logging_mixin.py:104} INFO - [2022-09-05 02:11:04,562] {dag.py:1818} INFO - Sync 1 DAGs
[2022-09-05 02:11:04,583] {logging_mixin.py:104} INFO - [2022-09-05 02:11:04,583] {dag.py:1837} INFO - Creating ORM DAG for example_trigger_controller_dag
[2022-09-05 02:11:04,593] {logging_mixin.py:104} INFO - [2022-09-05 02:11:04,592] {dag.py:2273} INFO - Setting next_dagrun for example_trigger_controller_dag to 2022-09-03 00:00:00+00:00
[2022-09-05 02:11:04,689] {scheduler_job.py:190} INFO - Processing /home/airflow/.local/lib/python3.6/site-packages/airflow/example_dags/example_trigger_controller_dag.py took 0.214 seconds
[2022-09-05 02:11:35,533] {scheduler_job.py:182} INFO - Started process (PID=388) to work on /home/airflow/.local/lib/python3.6/site-packages/airflow/example_dags/example_trigger_controller_dag.py
[2022-09-05 02:11:35,536] {scheduler_job.py:629} INFO - Processing file /home/airflow/.local/lib/python3.6/site-packages/airflow/example_dags/example_trigger_controller_dag.py for tasks to queue
[2022-09-05 02:11:35,538] {logging_mixin.py:104} INFO - [2022-09-05 02:11:35,538] {dagbag.py:448} INFO - Filling up the DagBag from /home/airflow/.local/lib/python3.6/site-packages/airflow/example_dags/example_trigger_controller_dag.py
[2022-09-05 02:11:35,557] {scheduler_job.py:639} INFO - DAG(s) dict_keys(['example_trigger_controller_dag']) retrieved from /home/airflow/.local/lib/python3.6/site-packages/airflow/example_dags/example_trigger_controller_dag.py
[2022-09-05 02:11:35,643] {logging_mixin.py:104} INFO - [2022-09-05 02:11:35,642] {dag.py:1818} INFO - Sync 1 DAGs
[2022-09-05 02:11:35,676] {logging_mixin.py:104} INFO - [2022-09-05 02:11:35,675] {dag.py:2273} INFO - Setting next_dagrun for example_trigger_controller_dag to 2022-09-03 00:00:00+00:00
[2022-09-05 02:11:35,727] {scheduler_job.py:190} INFO - Processing /home/airflow/.local/lib/python3.6/site-packages/airflow/example_dags/example_trigger_controller_dag.py took 0.196 seconds
[2022-09-05 02:12:06,086] {scheduler_job.py:182} INFO - Started process (PID=518) to work on /home/airflow/.local/lib/python3.6/site-packages/airflow/example_dags/example_trigger_controller_dag.py
[2022-09-05 02:12:06,088] {scheduler_job.py:629} INFO - Processing file /home/airflow/.local/lib/python3.6/site-packages/airflow/example_dags/example_trigger_controller_dag.py for tasks to queue
[2022-09-05 02:12:06,089] {logging_mixin.py:104} INFO - [2022-09-05 02:12:06,089] {dagbag.py:448} INFO - Filling up the DagBag from /home/airflow/.local/lib/python3.6/site-packages/airflow/example_dags/example_trigger_controller_dag.py
[2022-09-05 02:12:06,100] {scheduler_job.py:639} INFO - DAG(s) dict_keys(['example_trigger_controller_dag']) retrieved from /home/airflow/.local/lib/python3.6/site-packages/airflow/example_dags/example_trigger_controller_dag.py
[2022-09-05 02:12:06,137] {logging_mixin.py:104} INFO - [2022-09-05 02:12:06,136] {dag.py:1818} INFO - Sync 1 DAGs
[2022-09-05 02:12:06,160] {logging_mixin.py:104} INFO - [2022-09-05 02:12:06,160] {dag.py:2273} INFO - Setting next_dagrun for example_trigger_controller_dag to 2022-09-03 00:00:00+00:00
[2022-09-05 02:12:06,208] {scheduler_job.py:190} INFO - Processing /home/airflow/.local/lib/python3.6/site-packages/airflow/example_dags/example_trigger_controller_dag.py took 0.125 seconds
[2022-09-05 02:12:37,077] {scheduler_job.py:182} INFO - Started process (PID=648) to work on /home/airflow/.local/lib/python3.6/site-packages/airflow/example_dags/example_trigger_controller_dag.py
[2022-09-05 02:12:37,079] {scheduler_job.py:629} INFO - Processing file /home/airflow/.local/lib/python3.6/site-packages/airflow/example_dags/example_trigger_controller_dag.py for tasks to queue
[2022-09-05 02:12:37,080] {logging_mixin.py:104} INFO - [2022-09-05 02:12:37,080] {dagbag.py:448} INFO - Filling up the DagBag from /home/airflow/.local/lib/python3.6/site-packages/airflow/example_dags/example_trigger_controller_dag.py
[2022-09-05 02:12:37,093] {scheduler_job.py:639} INFO - DAG(s) dict_keys(['example_trigger_controller_dag']) retrieved from /home/airflow/.local/lib/python3.6/site-packages/airflow/example_dags/example_trigger_controller_dag.py
[2022-09-05 02:12:37,120] {logging_mixin.py:104} INFO - [2022-09-05 02:12:37,120] {dag.py:1818} INFO - Sync 1 DAGs
[2022-09-05 02:12:37,144] {logging_mixin.py:104} INFO - [2022-09-05 02:12:37,144] {dag.py:2273} INFO - Setting next_dagrun for example_trigger_controller_dag to 2022-09-03 00:00:00+00:00
[2022-09-05 02:12:37,199] {scheduler_job.py:190} INFO - Processing /home/airflow/.local/lib/python3.6/site-packages/airflow/example_dags/example_trigger_controller_dag.py took 0.126 seconds
[2022-09-05 02:13:07,432] {scheduler_job.py:182} INFO - Started process (PID=783) to work on /home/airflow/.local/lib/python3.6/site-packages/airflow/example_dags/example_trigger_controller_dag.py
[2022-09-05 02:13:07,433] {scheduler_job.py:629} INFO - Processing file /home/airflow/.local/lib/python3.6/site-packages/airflow/example_dags/example_trigger_controller_dag.py for tasks to queue
[2022-09-05 02:13:07,434] {logging_mixin.py:104} INFO - [2022-09-05 02:13:07,434] {dagbag.py:448} INFO - Filling up the DagBag from /home/airflow/.local/lib/python3.6/site-packages/airflow/example_dags/example_trigger_controller_dag.py
[2022-09-05 02:13:07,448] {scheduler_job.py:639} INFO - DAG(s) dict_keys(['example_trigger_controller_dag']) retrieved from /home/airflow/.local/lib/python3.6/site-packages/airflow/example_dags/example_trigger_controller_dag.py
[2022-09-05 02:13:07,475] {logging_mixin.py:104} INFO - [2022-09-05 02:13:07,475] {dag.py:1818} INFO - Sync 1 DAGs
[2022-09-05 02:13:07,499] {logging_mixin.py:104} INFO - [2022-09-05 02:13:07,499] {dag.py:2273} INFO - Setting next_dagrun for example_trigger_controller_dag to 2022-09-03 00:00:00+00:00
[2022-09-05 02:13:07,536] {scheduler_job.py:190} INFO - Processing /home/airflow/.local/lib/python3.6/site-packages/airflow/example_dags/example_trigger_controller_dag.py took 0.108 seconds
[2022-09-05 02:13:37,886] {scheduler_job.py:182} INFO - Started process (PID=908) to work on /home/airflow/.local/lib/python3.6/site-packages/airflow/example_dags/example_trigger_controller_dag.py
[2022-09-05 02:13:37,888] {scheduler_job.py:629} INFO - Processing file /home/airflow/.local/lib/python3.6/site-packages/airflow/example_dags/example_trigger_controller_dag.py for tasks to queue
[2022-09-05 02:13:37,889] {logging_mixin.py:104} INFO - [2022-09-05 02:13:37,889] {dagbag.py:448} INFO - Filling up the DagBag from /home/airflow/.local/lib/python3.6/site-packages/airflow/example_dags/example_trigger_controller_dag.py
[2022-09-05 02:13:37,908] {scheduler_job.py:639} INFO - DAG(s) dict_keys(['example_trigger_controller_dag']) retrieved from /home/airflow/.local/lib/python3.6/site-packages/airflow/example_dags/example_trigger_controller_dag.py
[2022-09-05 02:13:37,952] {logging_mixin.py:104} INFO - [2022-09-05 02:13:37,952] {dag.py:1818} INFO - Sync 1 DAGs
[2022-09-05 02:13:37,976] {logging_mixin.py:104} INFO - [2022-09-05 02:13:37,975] {dag.py:2273} INFO - Setting next_dagrun for example_trigger_controller_dag to 2022-09-03 00:00:00+00:00
[2022-09-05 02:13:38,046] {scheduler_job.py:190} INFO - Processing /home/airflow/.local/lib/python3.6/site-packages/airflow/example_dags/example_trigger_controller_dag.py took 0.166 seconds
[2022-09-05 02:14:08,287] {scheduler_job.py:182} INFO - Started process (PID=1043) to work on /home/airflow/.local/lib/python3.6/site-packages/airflow/example_dags/example_trigger_controller_dag.py
[2022-09-05 02:14:08,289] {scheduler_job.py:629} INFO - Processing file /home/airflow/.local/lib/python3.6/site-packages/airflow/example_dags/example_trigger_controller_dag.py for tasks to queue
[2022-09-05 02:14:08,290] {logging_mixin.py:104} INFO - [2022-09-05 02:14:08,290] {dagbag.py:448} INFO - Filling up the DagBag from /home/airflow/.local/lib/python3.6/site-packages/airflow/example_dags/example_trigger_controller_dag.py
[2022-09-05 02:14:08,301] {scheduler_job.py:639} INFO - DAG(s) dict_keys(['example_trigger_controller_dag']) retrieved from /home/airflow/.local/lib/python3.6/site-packages/airflow/example_dags/example_trigger_controller_dag.py
[2022-09-05 02:14:08,330] {logging_mixin.py:104} INFO - [2022-09-05 02:14:08,329] {dag.py:1818} INFO - Sync 1 DAGs
[2022-09-05 02:14:08,351] {logging_mixin.py:104} INFO - [2022-09-05 02:14:08,351] {dag.py:2273} INFO - Setting next_dagrun for example_trigger_controller_dag to 2022-09-03 00:00:00+00:00
[2022-09-05 02:14:08,435] {scheduler_job.py:190} INFO - Processing /home/airflow/.local/lib/python3.6/site-packages/airflow/example_dags/example_trigger_controller_dag.py took 0.152 seconds
[2022-09-05 02:14:39,314] {scheduler_job.py:182} INFO - Started process (PID=1168) to work on /home/airflow/.local/lib/python3.6/site-packages/airflow/example_dags/example_trigger_controller_dag.py
[2022-09-05 02:14:39,315] {scheduler_job.py:629} INFO - Processing file /home/airflow/.local/lib/python3.6/site-packages/airflow/example_dags/example_trigger_controller_dag.py for tasks to queue
[2022-09-05 02:14:39,316] {logging_mixin.py:104} INFO - [2022-09-05 02:14:39,316] {dagbag.py:448} INFO - Filling up the DagBag from /home/airflow/.local/lib/python3.6/site-packages/airflow/example_dags/example_trigger_controller_dag.py
[2022-09-05 02:14:39,330] {scheduler_job.py:639} INFO - DAG(s) dict_keys(['example_trigger_controller_dag']) retrieved from /home/airflow/.local/lib/python3.6/site-packages/airflow/example_dags/example_trigger_controller_dag.py
[2022-09-05 02:14:39,356] {logging_mixin.py:104} INFO - [2022-09-05 02:14:39,356] {dag.py:1818} INFO - Sync 1 DAGs
[2022-09-05 02:14:39,374] {logging_mixin.py:104} INFO - [2022-09-05 02:14:39,374] {dag.py:2273} INFO - Setting next_dagrun for example_trigger_controller_dag to 2022-09-03 00:00:00+00:00
[2022-09-05 02:14:39,404] {scheduler_job.py:190} INFO - Processing /home/airflow/.local/lib/python3.6/site-packages/airflow/example_dags/example_trigger_controller_dag.py took 0.095 seconds
[2022-09-05 02:15:09,624] {scheduler_job.py:182} INFO - Started process (PID=1298) to work on /home/airflow/.local/lib/python3.6/site-packages/airflow/example_dags/example_trigger_controller_dag.py
[2022-09-05 02:15:09,625] {scheduler_job.py:629} INFO - Processing file /home/airflow/.local/lib/python3.6/site-packages/airflow/example_dags/example_trigger_controller_dag.py for tasks to queue
[2022-09-05 02:15:09,626] {logging_mixin.py:104} INFO - [2022-09-05 02:15:09,626] {dagbag.py:448} INFO - Filling up the DagBag from /home/airflow/.local/lib/python3.6/site-packages/airflow/example_dags/example_trigger_controller_dag.py
[2022-09-05 02:15:09,641] {scheduler_job.py:639} INFO - DAG(s) dict_keys(['example_trigger_controller_dag']) retrieved from /home/airflow/.local/lib/python3.6/site-packages/airflow/example_dags/example_trigger_controller_dag.py
[2022-09-05 02:15:09,666] {logging_mixin.py:104} INFO - [2022-09-05 02:15:09,666] {dag.py:1818} INFO - Sync 1 DAGs
[2022-09-05 02:15:09,688] {logging_mixin.py:104} INFO - [2022-09-05 02:15:09,687] {dag.py:2273} INFO - Setting next_dagrun for example_trigger_controller_dag to 2022-09-03 00:00:00+00:00
[2022-09-05 02:15:09,719] {scheduler_job.py:190} INFO - Processing /home/airflow/.local/lib/python3.6/site-packages/airflow/example_dags/example_trigger_controller_dag.py took 0.099 seconds
[2022-09-05 02:15:39,912] {scheduler_job.py:182} INFO - Started process (PID=1428) to work on /home/airflow/.local/lib/python3.6/site-packages/airflow/example_dags/example_trigger_controller_dag.py
[2022-09-05 02:15:39,913] {scheduler_job.py:629} INFO - Processing file /home/airflow/.local/lib/python3.6/site-packages/airflow/example_dags/example_trigger_controller_dag.py for tasks to queue
[2022-09-05 02:15:39,915] {logging_mixin.py:104} INFO - [2022-09-05 02:15:39,915] {dagbag.py:448} INFO - Filling up the DagBag from /home/airflow/.local/lib/python3.6/site-packages/airflow/example_dags/example_trigger_controller_dag.py
[2022-09-05 02:15:39,929] {scheduler_job.py:639} INFO - DAG(s) dict_keys(['example_trigger_controller_dag']) retrieved from /home/airflow/.local/lib/python3.6/site-packages/airflow/example_dags/example_trigger_controller_dag.py
[2022-09-05 02:15:39,958] {logging_mixin.py:104} INFO - [2022-09-05 02:15:39,958] {dag.py:1818} INFO - Sync 1 DAGs
[2022-09-05 02:15:39,982] {logging_mixin.py:104} INFO - [2022-09-05 02:15:39,982] {dag.py:2273} INFO - Setting next_dagrun for example_trigger_controller_dag to 2022-09-03 00:00:00+00:00
[2022-09-05 02:15:40,021] {scheduler_job.py:190} INFO - Processing /home/airflow/.local/lib/python3.6/site-packages/airflow/example_dags/example_trigger_controller_dag.py took 0.112 seconds
[2022-09-05 02:16:10,468] {scheduler_job.py:182} INFO - Started process (PID=1563) to work on /home/airflow/.local/lib/python3.6/site-packages/airflow/example_dags/example_trigger_controller_dag.py
[2022-09-05 02:16:10,473] {scheduler_job.py:629} INFO - Processing file /home/airflow/.local/lib/python3.6/site-packages/airflow/example_dags/example_trigger_controller_dag.py for tasks to queue
[2022-09-05 02:16:10,474] {logging_mixin.py:104} INFO - [2022-09-05 02:16:10,474] {dagbag.py:448} INFO - Filling up the DagBag from /home/airflow/.local/lib/python3.6/site-packages/airflow/example_dags/example_trigger_controller_dag.py
[2022-09-05 02:16:10,486] {scheduler_job.py:639} INFO - DAG(s) dict_keys(['example_trigger_controller_dag']) retrieved from /home/airflow/.local/lib/python3.6/site-packages/airflow/example_dags/example_trigger_controller_dag.py
[2022-09-05 02:16:10,508] {logging_mixin.py:104} INFO - [2022-09-05 02:16:10,508] {dag.py:1818} INFO - Sync 1 DAGs
[2022-09-05 02:16:10,527] {logging_mixin.py:104} INFO - [2022-09-05 02:16:10,526] {dag.py:2273} INFO - Setting next_dagrun for example_trigger_controller_dag to 2022-09-03 00:00:00+00:00
[2022-09-05 02:16:10,579] {scheduler_job.py:190} INFO - Processing /home/airflow/.local/lib/python3.6/site-packages/airflow/example_dags/example_trigger_controller_dag.py took 0.116 seconds
[2022-09-05 02:16:41,428] {scheduler_job.py:182} INFO - Started process (PID=1673) to work on /home/airflow/.local/lib/python3.6/site-packages/airflow/example_dags/example_trigger_controller_dag.py
[2022-09-05 02:16:41,430] {scheduler_job.py:629} INFO - Processing file /home/airflow/.local/lib/python3.6/site-packages/airflow/example_dags/example_trigger_controller_dag.py for tasks to queue
[2022-09-05 02:16:41,431] {logging_mixin.py:104} INFO - [2022-09-05 02:16:41,431] {dagbag.py:448} INFO - Filling up the DagBag from /home/airflow/.local/lib/python3.6/site-packages/airflow/example_dags/example_trigger_controller_dag.py
[2022-09-05 02:16:41,464] {scheduler_job.py:639} INFO - DAG(s) dict_keys(['example_trigger_controller_dag']) retrieved from /home/airflow/.local/lib/python3.6/site-packages/airflow/example_dags/example_trigger_controller_dag.py
[2022-09-05 02:16:41,540] {logging_mixin.py:104} INFO - [2022-09-05 02:16:41,540] {dag.py:1818} INFO - Sync 1 DAGs
[2022-09-05 02:16:41,586] {logging_mixin.py:104} INFO - [2022-09-05 02:16:41,586] {dag.py:2273} INFO - Setting next_dagrun for example_trigger_controller_dag to 2022-09-03 00:00:00+00:00
[2022-09-05 02:16:41,667] {scheduler_job.py:190} INFO - Processing /home/airflow/.local/lib/python3.6/site-packages/airflow/example_dags/example_trigger_controller_dag.py took 0.244 seconds
[2022-09-05 02:17:11,813] {scheduler_job.py:182} INFO - Started process (PID=1805) to work on /home/airflow/.local/lib/python3.6/site-packages/airflow/example_dags/example_trigger_controller_dag.py
[2022-09-05 02:17:11,815] {scheduler_job.py:629} INFO - Processing file /home/airflow/.local/lib/python3.6/site-packages/airflow/example_dags/example_trigger_controller_dag.py for tasks to queue
[2022-09-05 02:17:11,817] {logging_mixin.py:104} INFO - [2022-09-05 02:17:11,817] {dagbag.py:448} INFO - Filling up the DagBag from /home/airflow/.local/lib/python3.6/site-packages/airflow/example_dags/example_trigger_controller_dag.py
[2022-09-05 02:17:11,833] {scheduler_job.py:639} INFO - DAG(s) dict_keys(['example_trigger_controller_dag']) retrieved from /home/airflow/.local/lib/python3.6/site-packages/airflow/example_dags/example_trigger_controller_dag.py
[2022-09-05 02:17:11,864] {logging_mixin.py:104} INFO - [2022-09-05 02:17:11,864] {dag.py:1818} INFO - Sync 1 DAGs
[2022-09-05 02:17:11,891] {logging_mixin.py:104} INFO - [2022-09-05 02:17:11,891] {dag.py:2273} INFO - Setting next_dagrun for example_trigger_controller_dag to 2022-09-03 00:00:00+00:00
[2022-09-05 02:17:11,977] {scheduler_job.py:190} INFO - Processing /home/airflow/.local/lib/python3.6/site-packages/airflow/example_dags/example_trigger_controller_dag.py took 0.167 seconds
[2022-09-05 02:17:42,492] {scheduler_job.py:182} INFO - Started process (PID=1918) to work on /home/airflow/.local/lib/python3.6/site-packages/airflow/example_dags/example_trigger_controller_dag.py
[2022-09-05 02:17:42,494] {scheduler_job.py:629} INFO - Processing file /home/airflow/.local/lib/python3.6/site-packages/airflow/example_dags/example_trigger_controller_dag.py for tasks to queue
[2022-09-05 02:17:42,496] {logging_mixin.py:104} INFO - [2022-09-05 02:17:42,496] {dagbag.py:448} INFO - Filling up the DagBag from /home/airflow/.local/lib/python3.6/site-packages/airflow/example_dags/example_trigger_controller_dag.py
[2022-09-05 02:17:42,545] {scheduler_job.py:639} INFO - DAG(s) dict_keys(['example_trigger_controller_dag']) retrieved from /home/airflow/.local/lib/python3.6/site-packages/airflow/example_dags/example_trigger_controller_dag.py
[2022-09-05 02:17:42,614] {logging_mixin.py:104} INFO - [2022-09-05 02:17:42,613] {dag.py:1818} INFO - Sync 1 DAGs
[2022-09-05 02:17:42,698] {logging_mixin.py:104} INFO - [2022-09-05 02:17:42,698] {dag.py:2273} INFO - Setting next_dagrun for example_trigger_controller_dag to 2022-09-03 00:00:00+00:00
[2022-09-05 02:17:42,785] {scheduler_job.py:190} INFO - Processing /home/airflow/.local/lib/python3.6/site-packages/airflow/example_dags/example_trigger_controller_dag.py took 0.301 seconds
[2022-09-05 02:18:12,888] {scheduler_job.py:182} INFO - Started process (PID=2050) to work on /home/airflow/.local/lib/python3.6/site-packages/airflow/example_dags/example_trigger_controller_dag.py
[2022-09-05 02:18:12,889] {scheduler_job.py:629} INFO - Processing file /home/airflow/.local/lib/python3.6/site-packages/airflow/example_dags/example_trigger_controller_dag.py for tasks to queue
[2022-09-05 02:18:12,891] {logging_mixin.py:104} INFO - [2022-09-05 02:18:12,890] {dagbag.py:448} INFO - Filling up the DagBag from /home/airflow/.local/lib/python3.6/site-packages/airflow/example_dags/example_trigger_controller_dag.py
[2022-09-05 02:18:12,906] {scheduler_job.py:639} INFO - DAG(s) dict_keys(['example_trigger_controller_dag']) retrieved from /home/airflow/.local/lib/python3.6/site-packages/airflow/example_dags/example_trigger_controller_dag.py
[2022-09-05 02:18:12,933] {logging_mixin.py:104} INFO - [2022-09-05 02:18:12,933] {dag.py:1818} INFO - Sync 1 DAGs
[2022-09-05 02:18:12,953] {logging_mixin.py:104} INFO - [2022-09-05 02:18:12,952] {dag.py:2273} INFO - Setting next_dagrun for example_trigger_controller_dag to 2022-09-03 00:00:00+00:00
[2022-09-05 02:18:12,988] {scheduler_job.py:190} INFO - Processing /home/airflow/.local/lib/python3.6/site-packages/airflow/example_dags/example_trigger_controller_dag.py took 0.105 seconds
[2022-09-05 02:18:43,243] {scheduler_job.py:182} INFO - Started process (PID=2178) to work on /home/airflow/.local/lib/python3.6/site-packages/airflow/example_dags/example_trigger_controller_dag.py
[2022-09-05 02:18:43,245] {scheduler_job.py:629} INFO - Processing file /home/airflow/.local/lib/python3.6/site-packages/airflow/example_dags/example_trigger_controller_dag.py for tasks to queue
[2022-09-05 02:18:43,247] {logging_mixin.py:104} INFO - [2022-09-05 02:18:43,246] {dagbag.py:448} INFO - Filling up the DagBag from /home/airflow/.local/lib/python3.6/site-packages/airflow/example_dags/example_trigger_controller_dag.py
[2022-09-05 02:18:43,265] {scheduler_job.py:639} INFO - DAG(s) dict_keys(['example_trigger_controller_dag']) retrieved from /home/airflow/.local/lib/python3.6/site-packages/airflow/example_dags/example_trigger_controller_dag.py
[2022-09-05 02:18:43,293] {logging_mixin.py:104} INFO - [2022-09-05 02:18:43,293] {dag.py:1818} INFO - Sync 1 DAGs
[2022-09-05 02:18:43,318] {logging_mixin.py:104} INFO - [2022-09-05 02:18:43,318] {dag.py:2273} INFO - Setting next_dagrun for example_trigger_controller_dag to 2022-09-03 00:00:00+00:00
[2022-09-05 02:18:43,352] {scheduler_job.py:190} INFO - Processing /home/airflow/.local/lib/python3.6/site-packages/airflow/example_dags/example_trigger_controller_dag.py took 0.114 seconds
[2022-09-05 02:19:14,445] {scheduler_job.py:182} INFO - Started process (PID=2308) to work on /home/airflow/.local/lib/python3.6/site-packages/airflow/example_dags/example_trigger_controller_dag.py
[2022-09-05 02:19:14,447] {scheduler_job.py:629} INFO - Processing file /home/airflow/.local/lib/python3.6/site-packages/airflow/example_dags/example_trigger_controller_dag.py for tasks to queue
[2022-09-05 02:19:14,448] {logging_mixin.py:104} INFO - [2022-09-05 02:19:14,448] {dagbag.py:448} INFO - Filling up the DagBag from /home/airflow/.local/lib/python3.6/site-packages/airflow/example_dags/example_trigger_controller_dag.py
[2022-09-05 02:19:14,461] {scheduler_job.py:639} INFO - DAG(s) dict_keys(['example_trigger_controller_dag']) retrieved from /home/airflow/.local/lib/python3.6/site-packages/airflow/example_dags/example_trigger_controller_dag.py
[2022-09-05 02:19:14,488] {logging_mixin.py:104} INFO - [2022-09-05 02:19:14,488] {dag.py:1818} INFO - Sync 1 DAGs
[2022-09-05 02:19:14,509] {logging_mixin.py:104} INFO - [2022-09-05 02:19:14,509] {dag.py:2273} INFO - Setting next_dagrun for example_trigger_controller_dag to 2022-09-03 00:00:00+00:00
[2022-09-05 02:19:14,539] {scheduler_job.py:190} INFO - Processing /home/airflow/.local/lib/python3.6/site-packages/airflow/example_dags/example_trigger_controller_dag.py took 0.098 seconds
[2022-09-05 02:19:44,911] {scheduler_job.py:182} INFO - Started process (PID=2433) to work on /home/airflow/.local/lib/python3.6/site-packages/airflow/example_dags/example_trigger_controller_dag.py
[2022-09-05 02:19:44,913] {scheduler_job.py:629} INFO - Processing file /home/airflow/.local/lib/python3.6/site-packages/airflow/example_dags/example_trigger_controller_dag.py for tasks to queue
[2022-09-05 02:19:44,915] {logging_mixin.py:104} INFO - [2022-09-05 02:19:44,914] {dagbag.py:448} INFO - Filling up the DagBag from /home/airflow/.local/lib/python3.6/site-packages/airflow/example_dags/example_trigger_controller_dag.py
[2022-09-05 02:19:44,931] {scheduler_job.py:639} INFO - DAG(s) dict_keys(['example_trigger_controller_dag']) retrieved from /home/airflow/.local/lib/python3.6/site-packages/airflow/example_dags/example_trigger_controller_dag.py
[2022-09-05 02:19:44,956] {logging_mixin.py:104} INFO - [2022-09-05 02:19:44,955] {dag.py:1818} INFO - Sync 1 DAGs
[2022-09-05 02:19:44,984] {logging_mixin.py:104} INFO - [2022-09-05 02:19:44,984] {dag.py:2273} INFO - Setting next_dagrun for example_trigger_controller_dag to 2022-09-03 00:00:00+00:00
[2022-09-05 02:19:45,016] {scheduler_job.py:190} INFO - Processing /home/airflow/.local/lib/python3.6/site-packages/airflow/example_dags/example_trigger_controller_dag.py took 0.110 seconds
[2022-09-05 02:20:15,357] {scheduler_job.py:182} INFO - Started process (PID=2573) to work on /home/airflow/.local/lib/python3.6/site-packages/airflow/example_dags/example_trigger_controller_dag.py
[2022-09-05 02:20:15,359] {scheduler_job.py:629} INFO - Processing file /home/airflow/.local/lib/python3.6/site-packages/airflow/example_dags/example_trigger_controller_dag.py for tasks to queue
[2022-09-05 02:20:15,360] {logging_mixin.py:104} INFO - [2022-09-05 02:20:15,360] {dagbag.py:448} INFO - Filling up the DagBag from /home/airflow/.local/lib/python3.6/site-packages/airflow/example_dags/example_trigger_controller_dag.py
[2022-09-05 02:20:15,372] {scheduler_job.py:639} INFO - DAG(s) dict_keys(['example_trigger_controller_dag']) retrieved from /home/airflow/.local/lib/python3.6/site-packages/airflow/example_dags/example_trigger_controller_dag.py
[2022-09-05 02:20:15,405] {logging_mixin.py:104} INFO - [2022-09-05 02:20:15,404] {dag.py:1818} INFO - Sync 1 DAGs
[2022-09-05 02:20:15,432] {logging_mixin.py:104} INFO - [2022-09-05 02:20:15,431] {dag.py:2273} INFO - Setting next_dagrun for example_trigger_controller_dag to 2022-09-03 00:00:00+00:00
[2022-09-05 02:20:15,480] {scheduler_job.py:190} INFO - Processing /home/airflow/.local/lib/python3.6/site-packages/airflow/example_dags/example_trigger_controller_dag.py took 0.126 seconds
[2022-09-05 02:20:45,953] {scheduler_job.py:182} INFO - Started process (PID=2703) to work on /home/airflow/.local/lib/python3.6/site-packages/airflow/example_dags/example_trigger_controller_dag.py
[2022-09-05 02:20:45,955] {scheduler_job.py:629} INFO - Processing file /home/airflow/.local/lib/python3.6/site-packages/airflow/example_dags/example_trigger_controller_dag.py for tasks to queue
[2022-09-05 02:20:45,956] {logging_mixin.py:104} INFO - [2022-09-05 02:20:45,956] {dagbag.py:448} INFO - Filling up the DagBag from /home/airflow/.local/lib/python3.6/site-packages/airflow/example_dags/example_trigger_controller_dag.py
[2022-09-05 02:20:45,970] {scheduler_job.py:639} INFO - DAG(s) dict_keys(['example_trigger_controller_dag']) retrieved from /home/airflow/.local/lib/python3.6/site-packages/airflow/example_dags/example_trigger_controller_dag.py
[2022-09-05 02:20:45,994] {logging_mixin.py:104} INFO - [2022-09-05 02:20:45,994] {dag.py:1818} INFO - Sync 1 DAGs
[2022-09-05 02:20:46,016] {logging_mixin.py:104} INFO - [2022-09-05 02:20:46,016] {dag.py:2273} INFO - Setting next_dagrun for example_trigger_controller_dag to 2022-09-03 00:00:00+00:00
[2022-09-05 02:20:46,051] {scheduler_job.py:190} INFO - Processing /home/airflow/.local/lib/python3.6/site-packages/airflow/example_dags/example_trigger_controller_dag.py took 0.104 seconds
[2022-09-05 02:21:16,249] {scheduler_job.py:182} INFO - Started process (PID=2828) to work on /home/airflow/.local/lib/python3.6/site-packages/airflow/example_dags/example_trigger_controller_dag.py
[2022-09-05 02:21:16,252] {scheduler_job.py:629} INFO - Processing file /home/airflow/.local/lib/python3.6/site-packages/airflow/example_dags/example_trigger_controller_dag.py for tasks to queue
[2022-09-05 02:21:16,253] {logging_mixin.py:104} INFO - [2022-09-05 02:21:16,253] {dagbag.py:448} INFO - Filling up the DagBag from /home/airflow/.local/lib/python3.6/site-packages/airflow/example_dags/example_trigger_controller_dag.py
[2022-09-05 02:21:16,264] {scheduler_job.py:639} INFO - DAG(s) dict_keys(['example_trigger_controller_dag']) retrieved from /home/airflow/.local/lib/python3.6/site-packages/airflow/example_dags/example_trigger_controller_dag.py
[2022-09-05 02:21:16,288] {logging_mixin.py:104} INFO - [2022-09-05 02:21:16,288] {dag.py:1818} INFO - Sync 1 DAGs
[2022-09-05 02:21:16,306] {logging_mixin.py:104} INFO - [2022-09-05 02:21:16,305] {dag.py:2273} INFO - Setting next_dagrun for example_trigger_controller_dag to 2022-09-03 00:00:00+00:00
[2022-09-05 02:21:16,334] {scheduler_job.py:190} INFO - Processing /home/airflow/.local/lib/python3.6/site-packages/airflow/example_dags/example_trigger_controller_dag.py took 0.088 seconds
[2022-09-05 02:21:46,682] {scheduler_job.py:182} INFO - Started process (PID=2958) to work on /home/airflow/.local/lib/python3.6/site-packages/airflow/example_dags/example_trigger_controller_dag.py
[2022-09-05 02:21:46,684] {scheduler_job.py:629} INFO - Processing file /home/airflow/.local/lib/python3.6/site-packages/airflow/example_dags/example_trigger_controller_dag.py for tasks to queue
[2022-09-05 02:21:46,685] {logging_mixin.py:104} INFO - [2022-09-05 02:21:46,685] {dagbag.py:448} INFO - Filling up the DagBag from /home/airflow/.local/lib/python3.6/site-packages/airflow/example_dags/example_trigger_controller_dag.py
[2022-09-05 02:21:46,699] {scheduler_job.py:639} INFO - DAG(s) dict_keys(['example_trigger_controller_dag']) retrieved from /home/airflow/.local/lib/python3.6/site-packages/airflow/example_dags/example_trigger_controller_dag.py
[2022-09-05 02:21:46,727] {logging_mixin.py:104} INFO - [2022-09-05 02:21:46,726] {dag.py:1818} INFO - Sync 1 DAGs
[2022-09-05 02:21:46,749] {logging_mixin.py:104} INFO - [2022-09-05 02:21:46,749] {dag.py:2273} INFO - Setting next_dagrun for example_trigger_controller_dag to 2022-09-03 00:00:00+00:00
[2022-09-05 02:21:46,972] {scheduler_job.py:190} INFO - Processing /home/airflow/.local/lib/python3.6/site-packages/airflow/example_dags/example_trigger_controller_dag.py took 0.296 seconds
[2022-09-05 02:21:55,025] {scheduler_job.py:182} INFO - Started process (PID=197) to work on /home/airflow/.local/lib/python3.6/site-packages/airflow/example_dags/example_trigger_controller_dag.py
[2022-09-05 02:21:55,028] {scheduler_job.py:629} INFO - Processing file /home/airflow/.local/lib/python3.6/site-packages/airflow/example_dags/example_trigger_controller_dag.py for tasks to queue
[2022-09-05 02:21:55,030] {logging_mixin.py:104} INFO - [2022-09-05 02:21:55,030] {dagbag.py:448} INFO - Filling up the DagBag from /home/airflow/.local/lib/python3.6/site-packages/airflow/example_dags/example_trigger_controller_dag.py
[2022-09-05 02:21:55,067] {scheduler_job.py:639} INFO - DAG(s) dict_keys(['example_trigger_controller_dag']) retrieved from /home/airflow/.local/lib/python3.6/site-packages/airflow/example_dags/example_trigger_controller_dag.py
[2022-09-05 02:21:55,133] {logging_mixin.py:104} INFO - [2022-09-05 02:21:55,133] {dag.py:1818} INFO - Sync 1 DAGs
[2022-09-05 02:21:55,161] {logging_mixin.py:104} INFO - [2022-09-05 02:21:55,161] {dag.py:2273} INFO - Setting next_dagrun for example_trigger_controller_dag to 2022-09-03 00:00:00+00:00
[2022-09-05 02:21:55,196] {scheduler_job.py:190} INFO - Processing /home/airflow/.local/lib/python3.6/site-packages/airflow/example_dags/example_trigger_controller_dag.py took 0.176 seconds
[2022-09-05 02:22:25,504] {scheduler_job.py:182} INFO - Started process (PID=327) to work on /home/airflow/.local/lib/python3.6/site-packages/airflow/example_dags/example_trigger_controller_dag.py
[2022-09-05 02:22:25,505] {scheduler_job.py:629} INFO - Processing file /home/airflow/.local/lib/python3.6/site-packages/airflow/example_dags/example_trigger_controller_dag.py for tasks to queue
[2022-09-05 02:22:25,506] {logging_mixin.py:104} INFO - [2022-09-05 02:22:25,506] {dagbag.py:448} INFO - Filling up the DagBag from /home/airflow/.local/lib/python3.6/site-packages/airflow/example_dags/example_trigger_controller_dag.py
[2022-09-05 02:22:25,518] {scheduler_job.py:639} INFO - DAG(s) dict_keys(['example_trigger_controller_dag']) retrieved from /home/airflow/.local/lib/python3.6/site-packages/airflow/example_dags/example_trigger_controller_dag.py
[2022-09-05 02:22:25,547] {logging_mixin.py:104} INFO - [2022-09-05 02:22:25,547] {dag.py:1818} INFO - Sync 1 DAGs
[2022-09-05 02:22:25,571] {logging_mixin.py:104} INFO - [2022-09-05 02:22:25,571] {dag.py:2273} INFO - Setting next_dagrun for example_trigger_controller_dag to 2022-09-03 00:00:00+00:00
[2022-09-05 02:22:25,607] {scheduler_job.py:190} INFO - Processing /home/airflow/.local/lib/python3.6/site-packages/airflow/example_dags/example_trigger_controller_dag.py took 0.107 seconds
[2022-09-05 02:22:55,848] {scheduler_job.py:182} INFO - Started process (PID=452) to work on /home/airflow/.local/lib/python3.6/site-packages/airflow/example_dags/example_trigger_controller_dag.py
[2022-09-05 02:22:55,862] {scheduler_job.py:629} INFO - Processing file /home/airflow/.local/lib/python3.6/site-packages/airflow/example_dags/example_trigger_controller_dag.py for tasks to queue
[2022-09-05 02:22:55,864] {logging_mixin.py:104} INFO - [2022-09-05 02:22:55,864] {dagbag.py:448} INFO - Filling up the DagBag from /home/airflow/.local/lib/python3.6/site-packages/airflow/example_dags/example_trigger_controller_dag.py
[2022-09-05 02:22:55,880] {scheduler_job.py:639} INFO - DAG(s) dict_keys(['example_trigger_controller_dag']) retrieved from /home/airflow/.local/lib/python3.6/site-packages/airflow/example_dags/example_trigger_controller_dag.py
[2022-09-05 02:22:55,906] {logging_mixin.py:104} INFO - [2022-09-05 02:22:55,905] {dag.py:1818} INFO - Sync 1 DAGs
[2022-09-05 02:22:55,933] {logging_mixin.py:104} INFO - [2022-09-05 02:22:55,933] {dag.py:2273} INFO - Setting next_dagrun for example_trigger_controller_dag to 2022-09-03 00:00:00+00:00
[2022-09-05 02:22:55,977] {scheduler_job.py:190} INFO - Processing /home/airflow/.local/lib/python3.6/site-packages/airflow/example_dags/example_trigger_controller_dag.py took 0.134 seconds
[2022-09-05 02:23:26,164] {scheduler_job.py:182} INFO - Started process (PID=582) to work on /home/airflow/.local/lib/python3.6/site-packages/airflow/example_dags/example_trigger_controller_dag.py
[2022-09-05 02:23:26,166] {scheduler_job.py:629} INFO - Processing file /home/airflow/.local/lib/python3.6/site-packages/airflow/example_dags/example_trigger_controller_dag.py for tasks to queue
[2022-09-05 02:23:26,168] {logging_mixin.py:104} INFO - [2022-09-05 02:23:26,168] {dagbag.py:448} INFO - Filling up the DagBag from /home/airflow/.local/lib/python3.6/site-packages/airflow/example_dags/example_trigger_controller_dag.py
[2022-09-05 02:23:26,179] {scheduler_job.py:639} INFO - DAG(s) dict_keys(['example_trigger_controller_dag']) retrieved from /home/airflow/.local/lib/python3.6/site-packages/airflow/example_dags/example_trigger_controller_dag.py
[2022-09-05 02:23:26,207] {logging_mixin.py:104} INFO - [2022-09-05 02:23:26,207] {dag.py:1818} INFO - Sync 1 DAGs
[2022-09-05 02:23:26,230] {logging_mixin.py:104} INFO - [2022-09-05 02:23:26,230] {dag.py:2273} INFO - Setting next_dagrun for example_trigger_controller_dag to 2022-09-03 00:00:00+00:00
[2022-09-05 02:23:26,273] {scheduler_job.py:190} INFO - Processing /home/airflow/.local/lib/python3.6/site-packages/airflow/example_dags/example_trigger_controller_dag.py took 0.113 seconds
[2022-09-05 02:23:56,514] {scheduler_job.py:182} INFO - Started process (PID=707) to work on /home/airflow/.local/lib/python3.6/site-packages/airflow/example_dags/example_trigger_controller_dag.py
[2022-09-05 02:23:56,515] {scheduler_job.py:629} INFO - Processing file /home/airflow/.local/lib/python3.6/site-packages/airflow/example_dags/example_trigger_controller_dag.py for tasks to queue
[2022-09-05 02:23:56,517] {logging_mixin.py:104} INFO - [2022-09-05 02:23:56,516] {dagbag.py:448} INFO - Filling up the DagBag from /home/airflow/.local/lib/python3.6/site-packages/airflow/example_dags/example_trigger_controller_dag.py
[2022-09-05 02:23:56,537] {scheduler_job.py:639} INFO - DAG(s) dict_keys(['example_trigger_controller_dag']) retrieved from /home/airflow/.local/lib/python3.6/site-packages/airflow/example_dags/example_trigger_controller_dag.py
[2022-09-05 02:23:56,586] {logging_mixin.py:104} INFO - [2022-09-05 02:23:56,586] {dag.py:1818} INFO - Sync 1 DAGs
[2022-09-05 02:23:56,621] {logging_mixin.py:104} INFO - [2022-09-05 02:23:56,620] {dag.py:2273} INFO - Setting next_dagrun for example_trigger_controller_dag to 2022-09-03 00:00:00+00:00
[2022-09-05 02:23:56,667] {scheduler_job.py:190} INFO - Processing /home/airflow/.local/lib/python3.6/site-packages/airflow/example_dags/example_trigger_controller_dag.py took 0.157 seconds
[2022-09-05 02:24:27,389] {scheduler_job.py:182} INFO - Started process (PID=859) to work on /home/airflow/.local/lib/python3.6/site-packages/airflow/example_dags/example_trigger_controller_dag.py
[2022-09-05 02:24:27,391] {scheduler_job.py:629} INFO - Processing file /home/airflow/.local/lib/python3.6/site-packages/airflow/example_dags/example_trigger_controller_dag.py for tasks to queue
[2022-09-05 02:24:27,392] {logging_mixin.py:104} INFO - [2022-09-05 02:24:27,392] {dagbag.py:448} INFO - Filling up the DagBag from /home/airflow/.local/lib/python3.6/site-packages/airflow/example_dags/example_trigger_controller_dag.py
[2022-09-05 02:24:27,404] {scheduler_job.py:639} INFO - DAG(s) dict_keys(['example_trigger_controller_dag']) retrieved from /home/airflow/.local/lib/python3.6/site-packages/airflow/example_dags/example_trigger_controller_dag.py
[2022-09-05 02:24:27,429] {logging_mixin.py:104} INFO - [2022-09-05 02:24:27,428] {dag.py:1818} INFO - Sync 1 DAGs
[2022-09-05 02:24:27,452] {logging_mixin.py:104} INFO - [2022-09-05 02:24:27,452] {dag.py:2273} INFO - Setting next_dagrun for example_trigger_controller_dag to 2022-09-03 00:00:00+00:00
[2022-09-05 02:24:27,483] {scheduler_job.py:190} INFO - Processing /home/airflow/.local/lib/python3.6/site-packages/airflow/example_dags/example_trigger_controller_dag.py took 0.098 seconds
[2022-09-05 02:24:53,080] {scheduler_job.py:182} INFO - Started process (PID=226) to work on /home/airflow/.local/lib/python3.6/site-packages/airflow/example_dags/example_trigger_controller_dag.py
[2022-09-05 02:24:53,081] {scheduler_job.py:629} INFO - Processing file /home/airflow/.local/lib/python3.6/site-packages/airflow/example_dags/example_trigger_controller_dag.py for tasks to queue
[2022-09-05 02:24:53,082] {logging_mixin.py:104} INFO - [2022-09-05 02:24:53,082] {dagbag.py:448} INFO - Filling up the DagBag from /home/airflow/.local/lib/python3.6/site-packages/airflow/example_dags/example_trigger_controller_dag.py
[2022-09-05 02:24:53,096] {scheduler_job.py:639} INFO - DAG(s) dict_keys(['example_trigger_controller_dag']) retrieved from /home/airflow/.local/lib/python3.6/site-packages/airflow/example_dags/example_trigger_controller_dag.py
[2022-09-05 02:24:53,126] {logging_mixin.py:104} INFO - [2022-09-05 02:24:53,126] {dag.py:1818} INFO - Sync 1 DAGs
[2022-09-05 02:24:53,154] {logging_mixin.py:104} INFO - [2022-09-05 02:24:53,153] {dag.py:2273} INFO - Setting next_dagrun for example_trigger_controller_dag to 2022-09-03 00:00:00+00:00
[2022-09-05 02:24:53,189] {scheduler_job.py:190} INFO - Processing /home/airflow/.local/lib/python3.6/site-packages/airflow/example_dags/example_trigger_controller_dag.py took 0.113 seconds
[2022-09-05 02:25:25,627] {scheduler_job.py:182} INFO - Started process (PID=351) to work on /home/airflow/.local/lib/python3.6/site-packages/airflow/example_dags/example_trigger_controller_dag.py
[2022-09-05 02:25:25,639] {scheduler_job.py:629} INFO - Processing file /home/airflow/.local/lib/python3.6/site-packages/airflow/example_dags/example_trigger_controller_dag.py for tasks to queue
[2022-09-05 02:25:25,644] {logging_mixin.py:104} INFO - [2022-09-05 02:25:25,643] {dagbag.py:448} INFO - Filling up the DagBag from /home/airflow/.local/lib/python3.6/site-packages/airflow/example_dags/example_trigger_controller_dag.py
[2022-09-05 02:25:25,690] {scheduler_job.py:639} INFO - DAG(s) dict_keys(['example_trigger_controller_dag']) retrieved from /home/airflow/.local/lib/python3.6/site-packages/airflow/example_dags/example_trigger_controller_dag.py
[2022-09-05 02:25:25,776] {logging_mixin.py:104} INFO - [2022-09-05 02:25:25,776] {dag.py:1818} INFO - Sync 1 DAGs
[2022-09-05 02:25:25,812] {logging_mixin.py:104} INFO - [2022-09-05 02:25:25,812] {dag.py:2273} INFO - Setting next_dagrun for example_trigger_controller_dag to 2022-09-03 00:00:00+00:00
[2022-09-05 02:25:25,911] {scheduler_job.py:190} INFO - Processing /home/airflow/.local/lib/python3.6/site-packages/airflow/example_dags/example_trigger_controller_dag.py took 0.293 seconds
[2022-09-05 02:26:01,342] {scheduler_job.py:182} INFO - Started process (PID=161) to work on /home/airflow/.local/lib/python3.6/site-packages/airflow/example_dags/example_trigger_controller_dag.py
[2022-09-05 02:26:01,344] {scheduler_job.py:629} INFO - Processing file /home/airflow/.local/lib/python3.6/site-packages/airflow/example_dags/example_trigger_controller_dag.py for tasks to queue
[2022-09-05 02:26:01,346] {logging_mixin.py:104} INFO - [2022-09-05 02:26:01,346] {dagbag.py:448} INFO - Filling up the DagBag from /home/airflow/.local/lib/python3.6/site-packages/airflow/example_dags/example_trigger_controller_dag.py
[2022-09-05 02:26:01,362] {scheduler_job.py:639} INFO - DAG(s) dict_keys(['example_trigger_controller_dag']) retrieved from /home/airflow/.local/lib/python3.6/site-packages/airflow/example_dags/example_trigger_controller_dag.py
[2022-09-05 02:26:01,386] {logging_mixin.py:104} INFO - [2022-09-05 02:26:01,386] {dag.py:1818} INFO - Sync 1 DAGs
[2022-09-05 02:26:01,405] {logging_mixin.py:104} INFO - [2022-09-05 02:26:01,405] {dag.py:2273} INFO - Setting next_dagrun for example_trigger_controller_dag to 2022-09-03 00:00:00+00:00
[2022-09-05 02:26:01,444] {scheduler_job.py:190} INFO - Processing /home/airflow/.local/lib/python3.6/site-packages/airflow/example_dags/example_trigger_controller_dag.py took 0.106 seconds
[2022-09-05 02:26:33,078] {scheduler_job.py:182} INFO - Started process (PID=337) to work on /home/airflow/.local/lib/python3.6/site-packages/airflow/example_dags/example_trigger_controller_dag.py
[2022-09-05 02:26:33,080] {scheduler_job.py:629} INFO - Processing file /home/airflow/.local/lib/python3.6/site-packages/airflow/example_dags/example_trigger_controller_dag.py for tasks to queue
[2022-09-05 02:26:33,082] {logging_mixin.py:104} INFO - [2022-09-05 02:26:33,081] {dagbag.py:448} INFO - Filling up the DagBag from /home/airflow/.local/lib/python3.6/site-packages/airflow/example_dags/example_trigger_controller_dag.py
[2022-09-05 02:26:33,096] {scheduler_job.py:639} INFO - DAG(s) dict_keys(['example_trigger_controller_dag']) retrieved from /home/airflow/.local/lib/python3.6/site-packages/airflow/example_dags/example_trigger_controller_dag.py
[2022-09-05 02:26:33,124] {logging_mixin.py:104} INFO - [2022-09-05 02:26:33,124] {dag.py:1818} INFO - Sync 1 DAGs
[2022-09-05 02:26:33,149] {logging_mixin.py:104} INFO - [2022-09-05 02:26:33,149] {dag.py:2273} INFO - Setting next_dagrun for example_trigger_controller_dag to 2022-09-03 00:00:00+00:00
[2022-09-05 02:26:33,187] {scheduler_job.py:190} INFO - Processing /home/airflow/.local/lib/python3.6/site-packages/airflow/example_dags/example_trigger_controller_dag.py took 0.114 seconds
[2022-09-05 02:27:03,457] {scheduler_job.py:182} INFO - Started process (PID=472) to work on /home/airflow/.local/lib/python3.6/site-packages/airflow/example_dags/example_trigger_controller_dag.py
[2022-09-05 02:27:03,459] {scheduler_job.py:629} INFO - Processing file /home/airflow/.local/lib/python3.6/site-packages/airflow/example_dags/example_trigger_controller_dag.py for tasks to queue
[2022-09-05 02:27:03,460] {logging_mixin.py:104} INFO - [2022-09-05 02:27:03,460] {dagbag.py:448} INFO - Filling up the DagBag from /home/airflow/.local/lib/python3.6/site-packages/airflow/example_dags/example_trigger_controller_dag.py
[2022-09-05 02:27:03,471] {scheduler_job.py:639} INFO - DAG(s) dict_keys(['example_trigger_controller_dag']) retrieved from /home/airflow/.local/lib/python3.6/site-packages/airflow/example_dags/example_trigger_controller_dag.py
[2022-09-05 02:27:03,502] {logging_mixin.py:104} INFO - [2022-09-05 02:27:03,502] {dag.py:1818} INFO - Sync 1 DAGs
[2022-09-05 02:27:03,524] {logging_mixin.py:104} INFO - [2022-09-05 02:27:03,523] {dag.py:2273} INFO - Setting next_dagrun for example_trigger_controller_dag to 2022-09-03 00:00:00+00:00
[2022-09-05 02:27:03,567] {scheduler_job.py:190} INFO - Processing /home/airflow/.local/lib/python3.6/site-packages/airflow/example_dags/example_trigger_controller_dag.py took 0.114 seconds
[2022-09-05 02:27:34,170] {scheduler_job.py:182} INFO - Started process (PID=597) to work on /home/airflow/.local/lib/python3.6/site-packages/airflow/example_dags/example_trigger_controller_dag.py
[2022-09-05 02:27:34,186] {scheduler_job.py:629} INFO - Processing file /home/airflow/.local/lib/python3.6/site-packages/airflow/example_dags/example_trigger_controller_dag.py for tasks to queue
[2022-09-05 02:27:34,199] {logging_mixin.py:104} INFO - [2022-09-05 02:27:34,198] {dagbag.py:448} INFO - Filling up the DagBag from /home/airflow/.local/lib/python3.6/site-packages/airflow/example_dags/example_trigger_controller_dag.py
[2022-09-05 02:27:34,239] {scheduler_job.py:639} INFO - DAG(s) dict_keys(['example_trigger_controller_dag']) retrieved from /home/airflow/.local/lib/python3.6/site-packages/airflow/example_dags/example_trigger_controller_dag.py
[2022-09-05 02:27:34,315] {logging_mixin.py:104} INFO - [2022-09-05 02:27:34,315] {dag.py:1818} INFO - Sync 1 DAGs
[2022-09-05 02:27:34,385] {logging_mixin.py:104} INFO - [2022-09-05 02:27:34,385] {dag.py:2273} INFO - Setting next_dagrun for example_trigger_controller_dag to 2022-09-03 00:00:00+00:00
[2022-09-05 02:27:34,456] {scheduler_job.py:190} INFO - Processing /home/airflow/.local/lib/python3.6/site-packages/airflow/example_dags/example_trigger_controller_dag.py took 0.304 seconds
[2022-09-05 02:28:05,035] {scheduler_job.py:182} INFO - Started process (PID=722) to work on /home/airflow/.local/lib/python3.6/site-packages/airflow/example_dags/example_trigger_controller_dag.py
[2022-09-05 02:28:05,039] {scheduler_job.py:629} INFO - Processing file /home/airflow/.local/lib/python3.6/site-packages/airflow/example_dags/example_trigger_controller_dag.py for tasks to queue
[2022-09-05 02:28:05,041] {logging_mixin.py:104} INFO - [2022-09-05 02:28:05,040] {dagbag.py:448} INFO - Filling up the DagBag from /home/airflow/.local/lib/python3.6/site-packages/airflow/example_dags/example_trigger_controller_dag.py
[2022-09-05 02:28:05,061] {scheduler_job.py:639} INFO - DAG(s) dict_keys(['example_trigger_controller_dag']) retrieved from /home/airflow/.local/lib/python3.6/site-packages/airflow/example_dags/example_trigger_controller_dag.py
[2022-09-05 02:28:05,098] {logging_mixin.py:104} INFO - [2022-09-05 02:28:05,098] {dag.py:1818} INFO - Sync 1 DAGs
[2022-09-05 02:28:05,123] {logging_mixin.py:104} INFO - [2022-09-05 02:28:05,122] {dag.py:2273} INFO - Setting next_dagrun for example_trigger_controller_dag to 2022-09-03 00:00:00+00:00
[2022-09-05 02:28:05,154] {scheduler_job.py:190} INFO - Processing /home/airflow/.local/lib/python3.6/site-packages/airflow/example_dags/example_trigger_controller_dag.py took 0.128 seconds
[2022-09-05 02:28:35,587] {scheduler_job.py:182} INFO - Started process (PID=852) to work on /home/airflow/.local/lib/python3.6/site-packages/airflow/example_dags/example_trigger_controller_dag.py
[2022-09-05 02:28:35,589] {scheduler_job.py:629} INFO - Processing file /home/airflow/.local/lib/python3.6/site-packages/airflow/example_dags/example_trigger_controller_dag.py for tasks to queue
[2022-09-05 02:28:35,591] {logging_mixin.py:104} INFO - [2022-09-05 02:28:35,590] {dagbag.py:448} INFO - Filling up the DagBag from /home/airflow/.local/lib/python3.6/site-packages/airflow/example_dags/example_trigger_controller_dag.py
[2022-09-05 02:28:35,608] {scheduler_job.py:639} INFO - DAG(s) dict_keys(['example_trigger_controller_dag']) retrieved from /home/airflow/.local/lib/python3.6/site-packages/airflow/example_dags/example_trigger_controller_dag.py
[2022-09-05 02:28:35,642] {logging_mixin.py:104} INFO - [2022-09-05 02:28:35,641] {dag.py:1818} INFO - Sync 1 DAGs
[2022-09-05 02:28:35,664] {logging_mixin.py:104} INFO - [2022-09-05 02:28:35,664] {dag.py:2273} INFO - Setting next_dagrun for example_trigger_controller_dag to 2022-09-03 00:00:00+00:00
[2022-09-05 02:28:35,697] {scheduler_job.py:190} INFO - Processing /home/airflow/.local/lib/python3.6/site-packages/airflow/example_dags/example_trigger_controller_dag.py took 0.114 seconds
[2022-09-05 02:29:06,267] {scheduler_job.py:182} INFO - Started process (PID=982) to work on /home/airflow/.local/lib/python3.6/site-packages/airflow/example_dags/example_trigger_controller_dag.py
[2022-09-05 02:29:06,269] {scheduler_job.py:629} INFO - Processing file /home/airflow/.local/lib/python3.6/site-packages/airflow/example_dags/example_trigger_controller_dag.py for tasks to queue
[2022-09-05 02:29:06,271] {logging_mixin.py:104} INFO - [2022-09-05 02:29:06,270] {dagbag.py:448} INFO - Filling up the DagBag from /home/airflow/.local/lib/python3.6/site-packages/airflow/example_dags/example_trigger_controller_dag.py
[2022-09-05 02:29:06,297] {scheduler_job.py:639} INFO - DAG(s) dict_keys(['example_trigger_controller_dag']) retrieved from /home/airflow/.local/lib/python3.6/site-packages/airflow/example_dags/example_trigger_controller_dag.py
[2022-09-05 02:29:06,348] {logging_mixin.py:104} INFO - [2022-09-05 02:29:06,348] {dag.py:1818} INFO - Sync 1 DAGs
[2022-09-05 02:29:06,376] {logging_mixin.py:104} INFO - [2022-09-05 02:29:06,376] {dag.py:2273} INFO - Setting next_dagrun for example_trigger_controller_dag to 2022-09-03 00:00:00+00:00
[2022-09-05 02:29:06,425] {scheduler_job.py:190} INFO - Processing /home/airflow/.local/lib/python3.6/site-packages/airflow/example_dags/example_trigger_controller_dag.py took 0.164 seconds
[2022-09-05 02:29:37,622] {scheduler_job.py:182} INFO - Started process (PID=1127) to work on /home/airflow/.local/lib/python3.6/site-packages/airflow/example_dags/example_trigger_controller_dag.py
[2022-09-05 02:29:37,623] {scheduler_job.py:629} INFO - Processing file /home/airflow/.local/lib/python3.6/site-packages/airflow/example_dags/example_trigger_controller_dag.py for tasks to queue
[2022-09-05 02:29:37,625] {logging_mixin.py:104} INFO - [2022-09-05 02:29:37,624] {dagbag.py:448} INFO - Filling up the DagBag from /home/airflow/.local/lib/python3.6/site-packages/airflow/example_dags/example_trigger_controller_dag.py
[2022-09-05 02:29:37,641] {scheduler_job.py:639} INFO - DAG(s) dict_keys(['example_trigger_controller_dag']) retrieved from /home/airflow/.local/lib/python3.6/site-packages/airflow/example_dags/example_trigger_controller_dag.py
[2022-09-05 02:29:37,672] {logging_mixin.py:104} INFO - [2022-09-05 02:29:37,672] {dag.py:1818} INFO - Sync 1 DAGs
[2022-09-05 02:29:37,690] {logging_mixin.py:104} INFO - [2022-09-05 02:29:37,690] {dag.py:2273} INFO - Setting next_dagrun for example_trigger_controller_dag to 2022-09-03 00:00:00+00:00
[2022-09-05 02:29:37,733] {scheduler_job.py:190} INFO - Processing /home/airflow/.local/lib/python3.6/site-packages/airflow/example_dags/example_trigger_controller_dag.py took 0.118 seconds
[2022-09-05 02:30:07,967] {scheduler_job.py:182} INFO - Started process (PID=1257) to work on /home/airflow/.local/lib/python3.6/site-packages/airflow/example_dags/example_trigger_controller_dag.py
[2022-09-05 02:30:07,968] {scheduler_job.py:629} INFO - Processing file /home/airflow/.local/lib/python3.6/site-packages/airflow/example_dags/example_trigger_controller_dag.py for tasks to queue
[2022-09-05 02:30:07,970] {logging_mixin.py:104} INFO - [2022-09-05 02:30:07,969] {dagbag.py:448} INFO - Filling up the DagBag from /home/airflow/.local/lib/python3.6/site-packages/airflow/example_dags/example_trigger_controller_dag.py
[2022-09-05 02:30:07,987] {scheduler_job.py:639} INFO - DAG(s) dict_keys(['example_trigger_controller_dag']) retrieved from /home/airflow/.local/lib/python3.6/site-packages/airflow/example_dags/example_trigger_controller_dag.py
[2022-09-05 02:30:08,020] {logging_mixin.py:104} INFO - [2022-09-05 02:30:08,019] {dag.py:1818} INFO - Sync 1 DAGs
[2022-09-05 02:30:08,044] {logging_mixin.py:104} INFO - [2022-09-05 02:30:08,044] {dag.py:2273} INFO - Setting next_dagrun for example_trigger_controller_dag to 2022-09-03 00:00:00+00:00
[2022-09-05 02:30:08,088] {scheduler_job.py:190} INFO - Processing /home/airflow/.local/lib/python3.6/site-packages/airflow/example_dags/example_trigger_controller_dag.py took 0.125 seconds
[2022-09-05 02:30:38,281] {scheduler_job.py:182} INFO - Started process (PID=1387) to work on /home/airflow/.local/lib/python3.6/site-packages/airflow/example_dags/example_trigger_controller_dag.py
[2022-09-05 02:30:38,283] {scheduler_job.py:629} INFO - Processing file /home/airflow/.local/lib/python3.6/site-packages/airflow/example_dags/example_trigger_controller_dag.py for tasks to queue
[2022-09-05 02:30:38,285] {logging_mixin.py:104} INFO - [2022-09-05 02:30:38,284] {dagbag.py:448} INFO - Filling up the DagBag from /home/airflow/.local/lib/python3.6/site-packages/airflow/example_dags/example_trigger_controller_dag.py
[2022-09-05 02:30:38,301] {scheduler_job.py:639} INFO - DAG(s) dict_keys(['example_trigger_controller_dag']) retrieved from /home/airflow/.local/lib/python3.6/site-packages/airflow/example_dags/example_trigger_controller_dag.py
[2022-09-05 02:30:38,331] {logging_mixin.py:104} INFO - [2022-09-05 02:30:38,331] {dag.py:1818} INFO - Sync 1 DAGs
[2022-09-05 02:30:38,355] {logging_mixin.py:104} INFO - [2022-09-05 02:30:38,355] {dag.py:2273} INFO - Setting next_dagrun for example_trigger_controller_dag to 2022-09-03 00:00:00+00:00
[2022-09-05 02:30:38,406] {scheduler_job.py:190} INFO - Processing /home/airflow/.local/lib/python3.6/site-packages/airflow/example_dags/example_trigger_controller_dag.py took 0.129 seconds
[2022-09-05 02:31:08,575] {scheduler_job.py:182} INFO - Started process (PID=1507) to work on /home/airflow/.local/lib/python3.6/site-packages/airflow/example_dags/example_trigger_controller_dag.py
[2022-09-05 02:31:08,577] {scheduler_job.py:629} INFO - Processing file /home/airflow/.local/lib/python3.6/site-packages/airflow/example_dags/example_trigger_controller_dag.py for tasks to queue
[2022-09-05 02:31:08,579] {logging_mixin.py:104} INFO - [2022-09-05 02:31:08,579] {dagbag.py:448} INFO - Filling up the DagBag from /home/airflow/.local/lib/python3.6/site-packages/airflow/example_dags/example_trigger_controller_dag.py
[2022-09-05 02:31:08,608] {scheduler_job.py:639} INFO - DAG(s) dict_keys(['example_trigger_controller_dag']) retrieved from /home/airflow/.local/lib/python3.6/site-packages/airflow/example_dags/example_trigger_controller_dag.py
[2022-09-05 02:31:08,657] {logging_mixin.py:104} INFO - [2022-09-05 02:31:08,657] {dag.py:1818} INFO - Sync 1 DAGs
[2022-09-05 02:31:08,692] {logging_mixin.py:104} INFO - [2022-09-05 02:31:08,691] {dag.py:2273} INFO - Setting next_dagrun for example_trigger_controller_dag to 2022-09-03 00:00:00+00:00
[2022-09-05 02:31:08,785] {scheduler_job.py:190} INFO - Processing /home/airflow/.local/lib/python3.6/site-packages/airflow/example_dags/example_trigger_controller_dag.py took 0.216 seconds
[2022-09-05 02:31:38,989] {scheduler_job.py:182} INFO - Started process (PID=1667) to work on /home/airflow/.local/lib/python3.6/site-packages/airflow/example_dags/example_trigger_controller_dag.py
[2022-09-05 02:31:38,992] {scheduler_job.py:629} INFO - Processing file /home/airflow/.local/lib/python3.6/site-packages/airflow/example_dags/example_trigger_controller_dag.py for tasks to queue
[2022-09-05 02:31:38,994] {logging_mixin.py:104} INFO - [2022-09-05 02:31:38,993] {dagbag.py:448} INFO - Filling up the DagBag from /home/airflow/.local/lib/python3.6/site-packages/airflow/example_dags/example_trigger_controller_dag.py
[2022-09-05 02:31:39,013] {scheduler_job.py:639} INFO - DAG(s) dict_keys(['example_trigger_controller_dag']) retrieved from /home/airflow/.local/lib/python3.6/site-packages/airflow/example_dags/example_trigger_controller_dag.py
[2022-09-05 02:31:39,043] {logging_mixin.py:104} INFO - [2022-09-05 02:31:39,043] {dag.py:1818} INFO - Sync 1 DAGs
[2022-09-05 02:31:39,065] {logging_mixin.py:104} INFO - [2022-09-05 02:31:39,065] {dag.py:2273} INFO - Setting next_dagrun for example_trigger_controller_dag to 2022-09-03 00:00:00+00:00
[2022-09-05 02:31:39,122] {scheduler_job.py:190} INFO - Processing /home/airflow/.local/lib/python3.6/site-packages/airflow/example_dags/example_trigger_controller_dag.py took 0.137 seconds
[2022-09-05 02:32:09,211] {scheduler_job.py:182} INFO - Started process (PID=1797) to work on /home/airflow/.local/lib/python3.6/site-packages/airflow/example_dags/example_trigger_controller_dag.py
[2022-09-05 02:32:09,218] {scheduler_job.py:629} INFO - Processing file /home/airflow/.local/lib/python3.6/site-packages/airflow/example_dags/example_trigger_controller_dag.py for tasks to queue
[2022-09-05 02:32:09,220] {logging_mixin.py:104} INFO - [2022-09-05 02:32:09,219] {dagbag.py:448} INFO - Filling up the DagBag from /home/airflow/.local/lib/python3.6/site-packages/airflow/example_dags/example_trigger_controller_dag.py
[2022-09-05 02:32:09,255] {scheduler_job.py:639} INFO - DAG(s) dict_keys(['example_trigger_controller_dag']) retrieved from /home/airflow/.local/lib/python3.6/site-packages/airflow/example_dags/example_trigger_controller_dag.py
[2022-09-05 02:32:09,313] {logging_mixin.py:104} INFO - [2022-09-05 02:32:09,311] {dag.py:1818} INFO - Sync 1 DAGs
[2022-09-05 02:32:09,346] {logging_mixin.py:104} INFO - [2022-09-05 02:32:09,346] {dag.py:2273} INFO - Setting next_dagrun for example_trigger_controller_dag to 2022-09-03 00:00:00+00:00
[2022-09-05 02:32:09,403] {scheduler_job.py:190} INFO - Processing /home/airflow/.local/lib/python3.6/site-packages/airflow/example_dags/example_trigger_controller_dag.py took 0.196 seconds
[2022-09-05 02:32:40,261] {scheduler_job.py:182} INFO - Started process (PID=1937) to work on /home/airflow/.local/lib/python3.6/site-packages/airflow/example_dags/example_trigger_controller_dag.py
[2022-09-05 02:32:40,266] {scheduler_job.py:629} INFO - Processing file /home/airflow/.local/lib/python3.6/site-packages/airflow/example_dags/example_trigger_controller_dag.py for tasks to queue
[2022-09-05 02:32:40,268] {logging_mixin.py:104} INFO - [2022-09-05 02:32:40,268] {dagbag.py:448} INFO - Filling up the DagBag from /home/airflow/.local/lib/python3.6/site-packages/airflow/example_dags/example_trigger_controller_dag.py
[2022-09-05 02:32:40,291] {scheduler_job.py:639} INFO - DAG(s) dict_keys(['example_trigger_controller_dag']) retrieved from /home/airflow/.local/lib/python3.6/site-packages/airflow/example_dags/example_trigger_controller_dag.py
[2022-09-05 02:32:40,342] {logging_mixin.py:104} INFO - [2022-09-05 02:32:40,342] {dag.py:1818} INFO - Sync 1 DAGs
[2022-09-05 02:32:40,368] {logging_mixin.py:104} INFO - [2022-09-05 02:32:40,368] {dag.py:2273} INFO - Setting next_dagrun for example_trigger_controller_dag to 2022-09-03 00:00:00+00:00
[2022-09-05 02:32:40,434] {scheduler_job.py:190} INFO - Processing /home/airflow/.local/lib/python3.6/site-packages/airflow/example_dags/example_trigger_controller_dag.py took 0.177 seconds
[2022-09-05 02:33:10,761] {scheduler_job.py:182} INFO - Started process (PID=2072) to work on /home/airflow/.local/lib/python3.6/site-packages/airflow/example_dags/example_trigger_controller_dag.py
[2022-09-05 02:33:10,763] {scheduler_job.py:629} INFO - Processing file /home/airflow/.local/lib/python3.6/site-packages/airflow/example_dags/example_trigger_controller_dag.py for tasks to queue
[2022-09-05 02:33:10,765] {logging_mixin.py:104} INFO - [2022-09-05 02:33:10,765] {dagbag.py:448} INFO - Filling up the DagBag from /home/airflow/.local/lib/python3.6/site-packages/airflow/example_dags/example_trigger_controller_dag.py
[2022-09-05 02:33:10,789] {scheduler_job.py:639} INFO - DAG(s) dict_keys(['example_trigger_controller_dag']) retrieved from /home/airflow/.local/lib/python3.6/site-packages/airflow/example_dags/example_trigger_controller_dag.py
[2022-09-05 02:33:10,821] {logging_mixin.py:104} INFO - [2022-09-05 02:33:10,821] {dag.py:1818} INFO - Sync 1 DAGs
[2022-09-05 02:33:10,846] {logging_mixin.py:104} INFO - [2022-09-05 02:33:10,846] {dag.py:2273} INFO - Setting next_dagrun for example_trigger_controller_dag to 2022-09-03 00:00:00+00:00
[2022-09-05 02:33:10,888] {scheduler_job.py:190} INFO - Processing /home/airflow/.local/lib/python3.6/site-packages/airflow/example_dags/example_trigger_controller_dag.py took 0.131 seconds
[2022-09-05 02:33:41,411] {scheduler_job.py:182} INFO - Started process (PID=2217) to work on /home/airflow/.local/lib/python3.6/site-packages/airflow/example_dags/example_trigger_controller_dag.py
[2022-09-05 02:33:41,412] {scheduler_job.py:629} INFO - Processing file /home/airflow/.local/lib/python3.6/site-packages/airflow/example_dags/example_trigger_controller_dag.py for tasks to queue
[2022-09-05 02:33:41,414] {logging_mixin.py:104} INFO - [2022-09-05 02:33:41,413] {dagbag.py:448} INFO - Filling up the DagBag from /home/airflow/.local/lib/python3.6/site-packages/airflow/example_dags/example_trigger_controller_dag.py
[2022-09-05 02:33:41,432] {scheduler_job.py:639} INFO - DAG(s) dict_keys(['example_trigger_controller_dag']) retrieved from /home/airflow/.local/lib/python3.6/site-packages/airflow/example_dags/example_trigger_controller_dag.py
[2022-09-05 02:33:41,469] {logging_mixin.py:104} INFO - [2022-09-05 02:33:41,469] {dag.py:1818} INFO - Sync 1 DAGs
[2022-09-05 02:33:41,496] {logging_mixin.py:104} INFO - [2022-09-05 02:33:41,496] {dag.py:2273} INFO - Setting next_dagrun for example_trigger_controller_dag to 2022-09-03 00:00:00+00:00
[2022-09-05 02:33:41,540] {scheduler_job.py:190} INFO - Processing /home/airflow/.local/lib/python3.6/site-packages/airflow/example_dags/example_trigger_controller_dag.py took 0.133 seconds
[2022-09-05 02:34:12,414] {scheduler_job.py:182} INFO - Started process (PID=2347) to work on /home/airflow/.local/lib/python3.6/site-packages/airflow/example_dags/example_trigger_controller_dag.py
[2022-09-05 02:34:12,416] {scheduler_job.py:629} INFO - Processing file /home/airflow/.local/lib/python3.6/site-packages/airflow/example_dags/example_trigger_controller_dag.py for tasks to queue
[2022-09-05 02:34:12,418] {logging_mixin.py:104} INFO - [2022-09-05 02:34:12,418] {dagbag.py:448} INFO - Filling up the DagBag from /home/airflow/.local/lib/python3.6/site-packages/airflow/example_dags/example_trigger_controller_dag.py
[2022-09-05 02:34:12,448] {scheduler_job.py:639} INFO - DAG(s) dict_keys(['example_trigger_controller_dag']) retrieved from /home/airflow/.local/lib/python3.6/site-packages/airflow/example_dags/example_trigger_controller_dag.py
[2022-09-05 02:34:12,483] {logging_mixin.py:104} INFO - [2022-09-05 02:34:12,482] {dag.py:1818} INFO - Sync 1 DAGs
[2022-09-05 02:34:12,504] {logging_mixin.py:104} INFO - [2022-09-05 02:34:12,504] {dag.py:2273} INFO - Setting next_dagrun for example_trigger_controller_dag to 2022-09-03 00:00:00+00:00
[2022-09-05 02:34:12,579] {scheduler_job.py:190} INFO - Processing /home/airflow/.local/lib/python3.6/site-packages/airflow/example_dags/example_trigger_controller_dag.py took 0.178 seconds
[2022-09-05 02:34:42,735] {scheduler_job.py:182} INFO - Started process (PID=2477) to work on /home/airflow/.local/lib/python3.6/site-packages/airflow/example_dags/example_trigger_controller_dag.py
[2022-09-05 02:34:42,736] {scheduler_job.py:629} INFO - Processing file /home/airflow/.local/lib/python3.6/site-packages/airflow/example_dags/example_trigger_controller_dag.py for tasks to queue
[2022-09-05 02:34:42,737] {logging_mixin.py:104} INFO - [2022-09-05 02:34:42,737] {dagbag.py:448} INFO - Filling up the DagBag from /home/airflow/.local/lib/python3.6/site-packages/airflow/example_dags/example_trigger_controller_dag.py
[2022-09-05 02:34:42,752] {scheduler_job.py:639} INFO - DAG(s) dict_keys(['example_trigger_controller_dag']) retrieved from /home/airflow/.local/lib/python3.6/site-packages/airflow/example_dags/example_trigger_controller_dag.py
[2022-09-05 02:34:42,788] {logging_mixin.py:104} INFO - [2022-09-05 02:34:42,787] {dag.py:1818} INFO - Sync 1 DAGs
[2022-09-05 02:34:42,808] {logging_mixin.py:104} INFO - [2022-09-05 02:34:42,808] {dag.py:2273} INFO - Setting next_dagrun for example_trigger_controller_dag to 2022-09-03 00:00:00+00:00
[2022-09-05 02:34:42,876] {scheduler_job.py:190} INFO - Processing /home/airflow/.local/lib/python3.6/site-packages/airflow/example_dags/example_trigger_controller_dag.py took 0.144 seconds
[2022-09-05 02:35:13,368] {scheduler_job.py:182} INFO - Started process (PID=2617) to work on /home/airflow/.local/lib/python3.6/site-packages/airflow/example_dags/example_trigger_controller_dag.py
[2022-09-05 02:35:13,370] {scheduler_job.py:629} INFO - Processing file /home/airflow/.local/lib/python3.6/site-packages/airflow/example_dags/example_trigger_controller_dag.py for tasks to queue
[2022-09-05 02:35:13,371] {logging_mixin.py:104} INFO - [2022-09-05 02:35:13,371] {dagbag.py:448} INFO - Filling up the DagBag from /home/airflow/.local/lib/python3.6/site-packages/airflow/example_dags/example_trigger_controller_dag.py
[2022-09-05 02:35:13,388] {scheduler_job.py:639} INFO - DAG(s) dict_keys(['example_trigger_controller_dag']) retrieved from /home/airflow/.local/lib/python3.6/site-packages/airflow/example_dags/example_trigger_controller_dag.py
[2022-09-05 02:35:13,418] {logging_mixin.py:104} INFO - [2022-09-05 02:35:13,417] {dag.py:1818} INFO - Sync 1 DAGs
[2022-09-05 02:35:13,436] {logging_mixin.py:104} INFO - [2022-09-05 02:35:13,436] {dag.py:2273} INFO - Setting next_dagrun for example_trigger_controller_dag to 2022-09-03 00:00:00+00:00
[2022-09-05 02:35:13,480] {scheduler_job.py:190} INFO - Processing /home/airflow/.local/lib/python3.6/site-packages/airflow/example_dags/example_trigger_controller_dag.py took 0.117 seconds
[2022-09-05 02:35:43,795] {scheduler_job.py:182} INFO - Started process (PID=2747) to work on /home/airflow/.local/lib/python3.6/site-packages/airflow/example_dags/example_trigger_controller_dag.py
[2022-09-05 02:35:43,796] {scheduler_job.py:629} INFO - Processing file /home/airflow/.local/lib/python3.6/site-packages/airflow/example_dags/example_trigger_controller_dag.py for tasks to queue
[2022-09-05 02:35:43,798] {logging_mixin.py:104} INFO - [2022-09-05 02:35:43,798] {dagbag.py:448} INFO - Filling up the DagBag from /home/airflow/.local/lib/python3.6/site-packages/airflow/example_dags/example_trigger_controller_dag.py
[2022-09-05 02:35:43,813] {scheduler_job.py:639} INFO - DAG(s) dict_keys(['example_trigger_controller_dag']) retrieved from /home/airflow/.local/lib/python3.6/site-packages/airflow/example_dags/example_trigger_controller_dag.py
[2022-09-05 02:35:43,841] {logging_mixin.py:104} INFO - [2022-09-05 02:35:43,841] {dag.py:1818} INFO - Sync 1 DAGs
[2022-09-05 02:35:43,864] {logging_mixin.py:104} INFO - [2022-09-05 02:35:43,863] {dag.py:2273} INFO - Setting next_dagrun for example_trigger_controller_dag to 2022-09-03 00:00:00+00:00
[2022-09-05 02:35:43,926] {scheduler_job.py:190} INFO - Processing /home/airflow/.local/lib/python3.6/site-packages/airflow/example_dags/example_trigger_controller_dag.py took 0.136 seconds
[2022-09-05 02:36:14,210] {scheduler_job.py:182} INFO - Started process (PID=2877) to work on /home/airflow/.local/lib/python3.6/site-packages/airflow/example_dags/example_trigger_controller_dag.py
[2022-09-05 02:36:14,212] {scheduler_job.py:629} INFO - Processing file /home/airflow/.local/lib/python3.6/site-packages/airflow/example_dags/example_trigger_controller_dag.py for tasks to queue
[2022-09-05 02:36:14,213] {logging_mixin.py:104} INFO - [2022-09-05 02:36:14,213] {dagbag.py:448} INFO - Filling up the DagBag from /home/airflow/.local/lib/python3.6/site-packages/airflow/example_dags/example_trigger_controller_dag.py
[2022-09-05 02:36:14,229] {scheduler_job.py:639} INFO - DAG(s) dict_keys(['example_trigger_controller_dag']) retrieved from /home/airflow/.local/lib/python3.6/site-packages/airflow/example_dags/example_trigger_controller_dag.py
[2022-09-05 02:36:14,258] {logging_mixin.py:104} INFO - [2022-09-05 02:36:14,257] {dag.py:1818} INFO - Sync 1 DAGs
[2022-09-05 02:36:14,282] {logging_mixin.py:104} INFO - [2022-09-05 02:36:14,281] {dag.py:2273} INFO - Setting next_dagrun for example_trigger_controller_dag to 2022-09-03 00:00:00+00:00
[2022-09-05 02:36:14,332] {scheduler_job.py:190} INFO - Processing /home/airflow/.local/lib/python3.6/site-packages/airflow/example_dags/example_trigger_controller_dag.py took 0.127 seconds
[2022-09-05 02:36:44,878] {scheduler_job.py:182} INFO - Started process (PID=3007) to work on /home/airflow/.local/lib/python3.6/site-packages/airflow/example_dags/example_trigger_controller_dag.py
[2022-09-05 02:36:44,880] {scheduler_job.py:629} INFO - Processing file /home/airflow/.local/lib/python3.6/site-packages/airflow/example_dags/example_trigger_controller_dag.py for tasks to queue
[2022-09-05 02:36:44,881] {logging_mixin.py:104} INFO - [2022-09-05 02:36:44,881] {dagbag.py:448} INFO - Filling up the DagBag from /home/airflow/.local/lib/python3.6/site-packages/airflow/example_dags/example_trigger_controller_dag.py
[2022-09-05 02:36:44,900] {scheduler_job.py:639} INFO - DAG(s) dict_keys(['example_trigger_controller_dag']) retrieved from /home/airflow/.local/lib/python3.6/site-packages/airflow/example_dags/example_trigger_controller_dag.py
[2022-09-05 02:36:44,935] {logging_mixin.py:104} INFO - [2022-09-05 02:36:44,934] {dag.py:1818} INFO - Sync 1 DAGs
[2022-09-05 02:36:44,955] {logging_mixin.py:104} INFO - [2022-09-05 02:36:44,955] {dag.py:2273} INFO - Setting next_dagrun for example_trigger_controller_dag to 2022-09-03 00:00:00+00:00
[2022-09-05 02:36:45,006] {scheduler_job.py:190} INFO - Processing /home/airflow/.local/lib/python3.6/site-packages/airflow/example_dags/example_trigger_controller_dag.py took 0.132 seconds
