[2022-09-05 02:11:02,319] {scheduler_job.py:182} INFO - Started process (PID=183) to work on /home/airflow/.local/lib/python3.6/site-packages/airflow/example_dags/example_branch_python_dop_operator_3.py
[2022-09-05 02:11:02,321] {scheduler_job.py:629} INFO - Processing file /home/airflow/.local/lib/python3.6/site-packages/airflow/example_dags/example_branch_python_dop_operator_3.py for tasks to queue
[2022-09-05 02:11:02,323] {logging_mixin.py:104} INFO - [2022-09-05 02:11:02,323] {dagbag.py:448} INFO - Filling up the DagBag from /home/airflow/.local/lib/python3.6/site-packages/airflow/example_dags/example_branch_python_dop_operator_3.py
[2022-09-05 02:11:02,363] {scheduler_job.py:639} INFO - DAG(s) dict_keys(['example_branch_dop_operator_v3']) retrieved from /home/airflow/.local/lib/python3.6/site-packages/airflow/example_dags/example_branch_python_dop_operator_3.py
[2022-09-05 02:11:02,413] {logging_mixin.py:104} INFO - [2022-09-05 02:11:02,413] {dag.py:1818} INFO - Sync 1 DAGs
[2022-09-05 02:11:02,437] {logging_mixin.py:104} INFO - [2022-09-05 02:11:02,436] {dag.py:1837} INFO - Creating ORM DAG for example_branch_dop_operator_v3
[2022-09-05 02:11:02,489] {logging_mixin.py:104} INFO - [2022-09-05 02:11:02,489] {dag.py:2273} INFO - Setting next_dagrun for example_branch_dop_operator_v3 to 2022-09-03 00:00:00+00:00
[2022-09-05 02:11:02,536] {scheduler_job.py:190} INFO - Processing /home/airflow/.local/lib/python3.6/site-packages/airflow/example_dags/example_branch_python_dop_operator_3.py took 0.224 seconds
[2022-09-05 02:11:34,055] {scheduler_job.py:182} INFO - Started process (PID=333) to work on /home/airflow/.local/lib/python3.6/site-packages/airflow/example_dags/example_branch_python_dop_operator_3.py
[2022-09-05 02:11:34,058] {scheduler_job.py:629} INFO - Processing file /home/airflow/.local/lib/python3.6/site-packages/airflow/example_dags/example_branch_python_dop_operator_3.py for tasks to queue
[2022-09-05 02:11:34,061] {logging_mixin.py:104} INFO - [2022-09-05 02:11:34,061] {dagbag.py:448} INFO - Filling up the DagBag from /home/airflow/.local/lib/python3.6/site-packages/airflow/example_dags/example_branch_python_dop_operator_3.py
[2022-09-05 02:11:34,096] {scheduler_job.py:639} INFO - DAG(s) dict_keys(['example_branch_dop_operator_v3']) retrieved from /home/airflow/.local/lib/python3.6/site-packages/airflow/example_dags/example_branch_python_dop_operator_3.py
[2022-09-05 02:11:34,163] {logging_mixin.py:104} INFO - [2022-09-05 02:11:34,162] {dag.py:1818} INFO - Sync 1 DAGs
[2022-09-05 02:11:34,264] {logging_mixin.py:104} INFO - [2022-09-05 02:11:34,264] {dag.py:2273} INFO - Setting next_dagrun for example_branch_dop_operator_v3 to 2022-09-03 00:00:00+00:00
[2022-09-05 02:11:34,316] {scheduler_job.py:190} INFO - Processing /home/airflow/.local/lib/python3.6/site-packages/airflow/example_dags/example_branch_python_dop_operator_3.py took 0.267 seconds
[2022-09-05 02:12:05,346] {scheduler_job.py:182} INFO - Started process (PID=473) to work on /home/airflow/.local/lib/python3.6/site-packages/airflow/example_dags/example_branch_python_dop_operator_3.py
[2022-09-05 02:12:05,348] {scheduler_job.py:629} INFO - Processing file /home/airflow/.local/lib/python3.6/site-packages/airflow/example_dags/example_branch_python_dop_operator_3.py for tasks to queue
[2022-09-05 02:12:05,349] {logging_mixin.py:104} INFO - [2022-09-05 02:12:05,349] {dagbag.py:448} INFO - Filling up the DagBag from /home/airflow/.local/lib/python3.6/site-packages/airflow/example_dags/example_branch_python_dop_operator_3.py
[2022-09-05 02:12:05,373] {scheduler_job.py:639} INFO - DAG(s) dict_keys(['example_branch_dop_operator_v3']) retrieved from /home/airflow/.local/lib/python3.6/site-packages/airflow/example_dags/example_branch_python_dop_operator_3.py
[2022-09-05 02:12:05,407] {logging_mixin.py:104} INFO - [2022-09-05 02:12:05,407] {dag.py:1818} INFO - Sync 1 DAGs
[2022-09-05 02:12:05,461] {logging_mixin.py:104} INFO - [2022-09-05 02:12:05,461] {dag.py:2273} INFO - Setting next_dagrun for example_branch_dop_operator_v3 to 2022-09-03 00:00:00+00:00
[2022-09-05 02:12:05,552] {scheduler_job.py:190} INFO - Processing /home/airflow/.local/lib/python3.6/site-packages/airflow/example_dags/example_branch_python_dop_operator_3.py took 0.211 seconds
[2022-09-05 02:12:36,005] {scheduler_job.py:182} INFO - Started process (PID=588) to work on /home/airflow/.local/lib/python3.6/site-packages/airflow/example_dags/example_branch_python_dop_operator_3.py
[2022-09-05 02:12:36,007] {scheduler_job.py:629} INFO - Processing file /home/airflow/.local/lib/python3.6/site-packages/airflow/example_dags/example_branch_python_dop_operator_3.py for tasks to queue
[2022-09-05 02:12:36,008] {logging_mixin.py:104} INFO - [2022-09-05 02:12:36,008] {dagbag.py:448} INFO - Filling up the DagBag from /home/airflow/.local/lib/python3.6/site-packages/airflow/example_dags/example_branch_python_dop_operator_3.py
[2022-09-05 02:12:36,029] {scheduler_job.py:639} INFO - DAG(s) dict_keys(['example_branch_dop_operator_v3']) retrieved from /home/airflow/.local/lib/python3.6/site-packages/airflow/example_dags/example_branch_python_dop_operator_3.py
[2022-09-05 02:12:36,065] {logging_mixin.py:104} INFO - [2022-09-05 02:12:36,065] {dag.py:1818} INFO - Sync 1 DAGs
[2022-09-05 02:12:36,117] {logging_mixin.py:104} INFO - [2022-09-05 02:12:36,117] {dag.py:2273} INFO - Setting next_dagrun for example_branch_dop_operator_v3 to 2022-09-03 00:00:00+00:00
[2022-09-05 02:12:36,164] {scheduler_job.py:190} INFO - Processing /home/airflow/.local/lib/python3.6/site-packages/airflow/example_dags/example_branch_python_dop_operator_3.py took 0.164 seconds
[2022-09-05 02:13:06,323] {scheduler_job.py:182} INFO - Started process (PID=723) to work on /home/airflow/.local/lib/python3.6/site-packages/airflow/example_dags/example_branch_python_dop_operator_3.py
[2022-09-05 02:13:06,324] {scheduler_job.py:629} INFO - Processing file /home/airflow/.local/lib/python3.6/site-packages/airflow/example_dags/example_branch_python_dop_operator_3.py for tasks to queue
[2022-09-05 02:13:06,325] {logging_mixin.py:104} INFO - [2022-09-05 02:13:06,325] {dagbag.py:448} INFO - Filling up the DagBag from /home/airflow/.local/lib/python3.6/site-packages/airflow/example_dags/example_branch_python_dop_operator_3.py
[2022-09-05 02:13:06,349] {scheduler_job.py:639} INFO - DAG(s) dict_keys(['example_branch_dop_operator_v3']) retrieved from /home/airflow/.local/lib/python3.6/site-packages/airflow/example_dags/example_branch_python_dop_operator_3.py
[2022-09-05 02:13:06,376] {logging_mixin.py:104} INFO - [2022-09-05 02:13:06,376] {dag.py:1818} INFO - Sync 1 DAGs
[2022-09-05 02:13:06,421] {logging_mixin.py:104} INFO - [2022-09-05 02:13:06,420] {dag.py:2273} INFO - Setting next_dagrun for example_branch_dop_operator_v3 to 2022-09-03 00:00:00+00:00
[2022-09-05 02:13:06,453] {scheduler_job.py:190} INFO - Processing /home/airflow/.local/lib/python3.6/site-packages/airflow/example_dags/example_branch_python_dop_operator_3.py took 0.134 seconds
[2022-09-05 02:13:36,842] {scheduler_job.py:182} INFO - Started process (PID=863) to work on /home/airflow/.local/lib/python3.6/site-packages/airflow/example_dags/example_branch_python_dop_operator_3.py
[2022-09-05 02:13:36,843] {scheduler_job.py:629} INFO - Processing file /home/airflow/.local/lib/python3.6/site-packages/airflow/example_dags/example_branch_python_dop_operator_3.py for tasks to queue
[2022-09-05 02:13:36,845] {logging_mixin.py:104} INFO - [2022-09-05 02:13:36,845] {dagbag.py:448} INFO - Filling up the DagBag from /home/airflow/.local/lib/python3.6/site-packages/airflow/example_dags/example_branch_python_dop_operator_3.py
[2022-09-05 02:13:36,871] {scheduler_job.py:639} INFO - DAG(s) dict_keys(['example_branch_dop_operator_v3']) retrieved from /home/airflow/.local/lib/python3.6/site-packages/airflow/example_dags/example_branch_python_dop_operator_3.py
[2022-09-05 02:13:36,898] {logging_mixin.py:104} INFO - [2022-09-05 02:13:36,897] {dag.py:1818} INFO - Sync 1 DAGs
[2022-09-05 02:13:36,957] {logging_mixin.py:104} INFO - [2022-09-05 02:13:36,957] {dag.py:2273} INFO - Setting next_dagrun for example_branch_dop_operator_v3 to 2022-09-03 00:00:00+00:00
[2022-09-05 02:13:37,048] {scheduler_job.py:190} INFO - Processing /home/airflow/.local/lib/python3.6/site-packages/airflow/example_dags/example_branch_python_dop_operator_3.py took 0.211 seconds
[2022-09-05 02:14:07,630] {scheduler_job.py:182} INFO - Started process (PID=1003) to work on /home/airflow/.local/lib/python3.6/site-packages/airflow/example_dags/example_branch_python_dop_operator_3.py
[2022-09-05 02:14:07,633] {scheduler_job.py:629} INFO - Processing file /home/airflow/.local/lib/python3.6/site-packages/airflow/example_dags/example_branch_python_dop_operator_3.py for tasks to queue
[2022-09-05 02:14:07,634] {logging_mixin.py:104} INFO - [2022-09-05 02:14:07,634] {dagbag.py:448} INFO - Filling up the DagBag from /home/airflow/.local/lib/python3.6/site-packages/airflow/example_dags/example_branch_python_dop_operator_3.py
[2022-09-05 02:14:07,657] {scheduler_job.py:639} INFO - DAG(s) dict_keys(['example_branch_dop_operator_v3']) retrieved from /home/airflow/.local/lib/python3.6/site-packages/airflow/example_dags/example_branch_python_dop_operator_3.py
[2022-09-05 02:14:07,683] {logging_mixin.py:104} INFO - [2022-09-05 02:14:07,682] {dag.py:1818} INFO - Sync 1 DAGs
[2022-09-05 02:14:07,726] {logging_mixin.py:104} INFO - [2022-09-05 02:14:07,726] {dag.py:2273} INFO - Setting next_dagrun for example_branch_dop_operator_v3 to 2022-09-03 00:00:00+00:00
[2022-09-05 02:14:07,814] {scheduler_job.py:190} INFO - Processing /home/airflow/.local/lib/python3.6/site-packages/airflow/example_dags/example_branch_python_dop_operator_3.py took 0.188 seconds
[2022-09-05 02:14:38,553] {scheduler_job.py:182} INFO - Started process (PID=1118) to work on /home/airflow/.local/lib/python3.6/site-packages/airflow/example_dags/example_branch_python_dop_operator_3.py
[2022-09-05 02:14:38,555] {scheduler_job.py:629} INFO - Processing file /home/airflow/.local/lib/python3.6/site-packages/airflow/example_dags/example_branch_python_dop_operator_3.py for tasks to queue
[2022-09-05 02:14:38,557] {logging_mixin.py:104} INFO - [2022-09-05 02:14:38,557] {dagbag.py:448} INFO - Filling up the DagBag from /home/airflow/.local/lib/python3.6/site-packages/airflow/example_dags/example_branch_python_dop_operator_3.py
[2022-09-05 02:14:38,583] {scheduler_job.py:639} INFO - DAG(s) dict_keys(['example_branch_dop_operator_v3']) retrieved from /home/airflow/.local/lib/python3.6/site-packages/airflow/example_dags/example_branch_python_dop_operator_3.py
[2022-09-05 02:14:38,617] {logging_mixin.py:104} INFO - [2022-09-05 02:14:38,617] {dag.py:1818} INFO - Sync 1 DAGs
[2022-09-05 02:14:38,672] {logging_mixin.py:104} INFO - [2022-09-05 02:14:38,672] {dag.py:2273} INFO - Setting next_dagrun for example_branch_dop_operator_v3 to 2022-09-03 00:00:00+00:00
[2022-09-05 02:14:38,765] {scheduler_job.py:190} INFO - Processing /home/airflow/.local/lib/python3.6/site-packages/airflow/example_dags/example_branch_python_dop_operator_3.py took 0.217 seconds
[2022-09-05 02:15:08,931] {scheduler_job.py:182} INFO - Started process (PID=1253) to work on /home/airflow/.local/lib/python3.6/site-packages/airflow/example_dags/example_branch_python_dop_operator_3.py
[2022-09-05 02:15:08,933] {scheduler_job.py:629} INFO - Processing file /home/airflow/.local/lib/python3.6/site-packages/airflow/example_dags/example_branch_python_dop_operator_3.py for tasks to queue
[2022-09-05 02:15:08,935] {logging_mixin.py:104} INFO - [2022-09-05 02:15:08,935] {dagbag.py:448} INFO - Filling up the DagBag from /home/airflow/.local/lib/python3.6/site-packages/airflow/example_dags/example_branch_python_dop_operator_3.py
[2022-09-05 02:15:08,959] {scheduler_job.py:639} INFO - DAG(s) dict_keys(['example_branch_dop_operator_v3']) retrieved from /home/airflow/.local/lib/python3.6/site-packages/airflow/example_dags/example_branch_python_dop_operator_3.py
[2022-09-05 02:15:08,987] {logging_mixin.py:104} INFO - [2022-09-05 02:15:08,987] {dag.py:1818} INFO - Sync 1 DAGs
[2022-09-05 02:15:09,028] {logging_mixin.py:104} INFO - [2022-09-05 02:15:09,028] {dag.py:2273} INFO - Setting next_dagrun for example_branch_dop_operator_v3 to 2022-09-03 00:00:00+00:00
[2022-09-05 02:15:09,076] {scheduler_job.py:190} INFO - Processing /home/airflow/.local/lib/python3.6/site-packages/airflow/example_dags/example_branch_python_dop_operator_3.py took 0.149 seconds
[2022-09-05 02:15:39,175] {scheduler_job.py:182} INFO - Started process (PID=1383) to work on /home/airflow/.local/lib/python3.6/site-packages/airflow/example_dags/example_branch_python_dop_operator_3.py
[2022-09-05 02:15:39,177] {scheduler_job.py:629} INFO - Processing file /home/airflow/.local/lib/python3.6/site-packages/airflow/example_dags/example_branch_python_dop_operator_3.py for tasks to queue
[2022-09-05 02:15:39,179] {logging_mixin.py:104} INFO - [2022-09-05 02:15:39,178] {dagbag.py:448} INFO - Filling up the DagBag from /home/airflow/.local/lib/python3.6/site-packages/airflow/example_dags/example_branch_python_dop_operator_3.py
[2022-09-05 02:15:39,204] {scheduler_job.py:639} INFO - DAG(s) dict_keys(['example_branch_dop_operator_v3']) retrieved from /home/airflow/.local/lib/python3.6/site-packages/airflow/example_dags/example_branch_python_dop_operator_3.py
[2022-09-05 02:15:39,233] {logging_mixin.py:104} INFO - [2022-09-05 02:15:39,233] {dag.py:1818} INFO - Sync 1 DAGs
[2022-09-05 02:15:39,273] {logging_mixin.py:104} INFO - [2022-09-05 02:15:39,273] {dag.py:2273} INFO - Setting next_dagrun for example_branch_dop_operator_v3 to 2022-09-03 00:00:00+00:00
[2022-09-05 02:15:39,340] {scheduler_job.py:190} INFO - Processing /home/airflow/.local/lib/python3.6/site-packages/airflow/example_dags/example_branch_python_dop_operator_3.py took 0.170 seconds
[2022-09-05 02:16:09,874] {scheduler_job.py:182} INFO - Started process (PID=1523) to work on /home/airflow/.local/lib/python3.6/site-packages/airflow/example_dags/example_branch_python_dop_operator_3.py
[2022-09-05 02:16:09,879] {scheduler_job.py:629} INFO - Processing file /home/airflow/.local/lib/python3.6/site-packages/airflow/example_dags/example_branch_python_dop_operator_3.py for tasks to queue
[2022-09-05 02:16:09,880] {logging_mixin.py:104} INFO - [2022-09-05 02:16:09,880] {dagbag.py:448} INFO - Filling up the DagBag from /home/airflow/.local/lib/python3.6/site-packages/airflow/example_dags/example_branch_python_dop_operator_3.py
[2022-09-05 02:16:09,903] {scheduler_job.py:639} INFO - DAG(s) dict_keys(['example_branch_dop_operator_v3']) retrieved from /home/airflow/.local/lib/python3.6/site-packages/airflow/example_dags/example_branch_python_dop_operator_3.py
[2022-09-05 02:16:09,934] {logging_mixin.py:104} INFO - [2022-09-05 02:16:09,934] {dag.py:1818} INFO - Sync 1 DAGs
[2022-09-05 02:16:09,984] {logging_mixin.py:104} INFO - [2022-09-05 02:16:09,984] {dag.py:2273} INFO - Setting next_dagrun for example_branch_dop_operator_v3 to 2022-09-03 00:00:00+00:00
[2022-09-05 02:16:10,022] {scheduler_job.py:190} INFO - Processing /home/airflow/.local/lib/python3.6/site-packages/airflow/example_dags/example_branch_python_dop_operator_3.py took 0.152 seconds
[2022-09-05 02:16:40,751] {scheduler_job.py:182} INFO - Started process (PID=1648) to work on /home/airflow/.local/lib/python3.6/site-packages/airflow/example_dags/example_branch_python_dop_operator_3.py
[2022-09-05 02:16:40,753] {scheduler_job.py:629} INFO - Processing file /home/airflow/.local/lib/python3.6/site-packages/airflow/example_dags/example_branch_python_dop_operator_3.py for tasks to queue
[2022-09-05 02:16:40,755] {logging_mixin.py:104} INFO - [2022-09-05 02:16:40,755] {dagbag.py:448} INFO - Filling up the DagBag from /home/airflow/.local/lib/python3.6/site-packages/airflow/example_dags/example_branch_python_dop_operator_3.py
[2022-09-05 02:16:40,781] {scheduler_job.py:639} INFO - DAG(s) dict_keys(['example_branch_dop_operator_v3']) retrieved from /home/airflow/.local/lib/python3.6/site-packages/airflow/example_dags/example_branch_python_dop_operator_3.py
[2022-09-05 02:16:40,833] {logging_mixin.py:104} INFO - [2022-09-05 02:16:40,833] {dag.py:1818} INFO - Sync 1 DAGs
[2022-09-05 02:16:40,936] {logging_mixin.py:104} INFO - [2022-09-05 02:16:40,935] {dag.py:2273} INFO - Setting next_dagrun for example_branch_dop_operator_v3 to 2022-09-03 00:00:00+00:00
[2022-09-05 02:16:41,008] {scheduler_job.py:190} INFO - Processing /home/airflow/.local/lib/python3.6/site-packages/airflow/example_dags/example_branch_python_dop_operator_3.py took 0.262 seconds
[2022-09-05 02:17:11,170] {scheduler_job.py:182} INFO - Started process (PID=1778) to work on /home/airflow/.local/lib/python3.6/site-packages/airflow/example_dags/example_branch_python_dop_operator_3.py
[2022-09-05 02:17:11,172] {scheduler_job.py:629} INFO - Processing file /home/airflow/.local/lib/python3.6/site-packages/airflow/example_dags/example_branch_python_dop_operator_3.py for tasks to queue
[2022-09-05 02:17:11,173] {logging_mixin.py:104} INFO - [2022-09-05 02:17:11,173] {dagbag.py:448} INFO - Filling up the DagBag from /home/airflow/.local/lib/python3.6/site-packages/airflow/example_dags/example_branch_python_dop_operator_3.py
[2022-09-05 02:17:11,198] {scheduler_job.py:639} INFO - DAG(s) dict_keys(['example_branch_dop_operator_v3']) retrieved from /home/airflow/.local/lib/python3.6/site-packages/airflow/example_dags/example_branch_python_dop_operator_3.py
[2022-09-05 02:17:11,245] {logging_mixin.py:104} INFO - [2022-09-05 02:17:11,245] {dag.py:1818} INFO - Sync 1 DAGs
[2022-09-05 02:17:11,346] {logging_mixin.py:104} INFO - [2022-09-05 02:17:11,346] {dag.py:2273} INFO - Setting next_dagrun for example_branch_dop_operator_v3 to 2022-09-03 00:00:00+00:00
[2022-09-05 02:17:11,437] {scheduler_job.py:190} INFO - Processing /home/airflow/.local/lib/python3.6/site-packages/airflow/example_dags/example_branch_python_dop_operator_3.py took 0.272 seconds
[2022-09-05 02:17:42,856] {scheduler_job.py:182} INFO - Started process (PID=1928) to work on /home/airflow/.local/lib/python3.6/site-packages/airflow/example_dags/example_branch_python_dop_operator_3.py
[2022-09-05 02:17:42,858] {scheduler_job.py:629} INFO - Processing file /home/airflow/.local/lib/python3.6/site-packages/airflow/example_dags/example_branch_python_dop_operator_3.py for tasks to queue
[2022-09-05 02:17:42,860] {logging_mixin.py:104} INFO - [2022-09-05 02:17:42,859] {dagbag.py:448} INFO - Filling up the DagBag from /home/airflow/.local/lib/python3.6/site-packages/airflow/example_dags/example_branch_python_dop_operator_3.py
[2022-09-05 02:17:42,958] {scheduler_job.py:639} INFO - DAG(s) dict_keys(['example_branch_dop_operator_v3']) retrieved from /home/airflow/.local/lib/python3.6/site-packages/airflow/example_dags/example_branch_python_dop_operator_3.py
[2022-09-05 02:17:43,031] {logging_mixin.py:104} INFO - [2022-09-05 02:17:43,031] {dag.py:1818} INFO - Sync 1 DAGs
[2022-09-05 02:17:43,117] {logging_mixin.py:104} INFO - [2022-09-05 02:17:43,117] {dag.py:2273} INFO - Setting next_dagrun for example_branch_dop_operator_v3 to 2022-09-03 00:00:00+00:00
[2022-09-05 02:17:43,181] {scheduler_job.py:190} INFO - Processing /home/airflow/.local/lib/python3.6/site-packages/airflow/example_dags/example_branch_python_dop_operator_3.py took 0.341 seconds
[2022-09-05 02:18:14,436] {scheduler_job.py:182} INFO - Started process (PID=2085) to work on /home/airflow/.local/lib/python3.6/site-packages/airflow/example_dags/example_branch_python_dop_operator_3.py
[2022-09-05 02:18:14,437] {scheduler_job.py:629} INFO - Processing file /home/airflow/.local/lib/python3.6/site-packages/airflow/example_dags/example_branch_python_dop_operator_3.py for tasks to queue
[2022-09-05 02:18:14,439] {logging_mixin.py:104} INFO - [2022-09-05 02:18:14,439] {dagbag.py:448} INFO - Filling up the DagBag from /home/airflow/.local/lib/python3.6/site-packages/airflow/example_dags/example_branch_python_dop_operator_3.py
[2022-09-05 02:18:14,466] {scheduler_job.py:639} INFO - DAG(s) dict_keys(['example_branch_dop_operator_v3']) retrieved from /home/airflow/.local/lib/python3.6/site-packages/airflow/example_dags/example_branch_python_dop_operator_3.py
[2022-09-05 02:18:14,499] {logging_mixin.py:104} INFO - [2022-09-05 02:18:14,499] {dag.py:1818} INFO - Sync 1 DAGs
[2022-09-05 02:18:14,549] {logging_mixin.py:104} INFO - [2022-09-05 02:18:14,549] {dag.py:2273} INFO - Setting next_dagrun for example_branch_dop_operator_v3 to 2022-09-03 00:00:00+00:00
[2022-09-05 02:18:14,615] {scheduler_job.py:190} INFO - Processing /home/airflow/.local/lib/python3.6/site-packages/airflow/example_dags/example_branch_python_dop_operator_3.py took 0.183 seconds
[2022-09-05 02:18:44,724] {scheduler_job.py:182} INFO - Started process (PID=2213) to work on /home/airflow/.local/lib/python3.6/site-packages/airflow/example_dags/example_branch_python_dop_operator_3.py
[2022-09-05 02:18:44,726] {scheduler_job.py:629} INFO - Processing file /home/airflow/.local/lib/python3.6/site-packages/airflow/example_dags/example_branch_python_dop_operator_3.py for tasks to queue
[2022-09-05 02:18:44,727] {logging_mixin.py:104} INFO - [2022-09-05 02:18:44,727] {dagbag.py:448} INFO - Filling up the DagBag from /home/airflow/.local/lib/python3.6/site-packages/airflow/example_dags/example_branch_python_dop_operator_3.py
[2022-09-05 02:18:44,751] {scheduler_job.py:639} INFO - DAG(s) dict_keys(['example_branch_dop_operator_v3']) retrieved from /home/airflow/.local/lib/python3.6/site-packages/airflow/example_dags/example_branch_python_dop_operator_3.py
[2022-09-05 02:18:44,779] {logging_mixin.py:104} INFO - [2022-09-05 02:18:44,779] {dag.py:1818} INFO - Sync 1 DAGs
[2022-09-05 02:18:44,834] {logging_mixin.py:104} INFO - [2022-09-05 02:18:44,834] {dag.py:2273} INFO - Setting next_dagrun for example_branch_dop_operator_v3 to 2022-09-03 00:00:00+00:00
[2022-09-05 02:18:44,873] {scheduler_job.py:190} INFO - Processing /home/airflow/.local/lib/python3.6/site-packages/airflow/example_dags/example_branch_python_dop_operator_3.py took 0.153 seconds
[2022-09-05 02:19:14,905] {scheduler_job.py:182} INFO - Started process (PID=2343) to work on /home/airflow/.local/lib/python3.6/site-packages/airflow/example_dags/example_branch_python_dop_operator_3.py
[2022-09-05 02:19:14,908] {scheduler_job.py:629} INFO - Processing file /home/airflow/.local/lib/python3.6/site-packages/airflow/example_dags/example_branch_python_dop_operator_3.py for tasks to queue
[2022-09-05 02:19:14,909] {logging_mixin.py:104} INFO - [2022-09-05 02:19:14,909] {dagbag.py:448} INFO - Filling up the DagBag from /home/airflow/.local/lib/python3.6/site-packages/airflow/example_dags/example_branch_python_dop_operator_3.py
[2022-09-05 02:19:14,928] {scheduler_job.py:639} INFO - DAG(s) dict_keys(['example_branch_dop_operator_v3']) retrieved from /home/airflow/.local/lib/python3.6/site-packages/airflow/example_dags/example_branch_python_dop_operator_3.py
[2022-09-05 02:19:14,956] {logging_mixin.py:104} INFO - [2022-09-05 02:19:14,956] {dag.py:1818} INFO - Sync 1 DAGs
[2022-09-05 02:19:14,997] {logging_mixin.py:104} INFO - [2022-09-05 02:19:14,997] {dag.py:2273} INFO - Setting next_dagrun for example_branch_dop_operator_v3 to 2022-09-03 00:00:00+00:00
[2022-09-05 02:19:15,035] {scheduler_job.py:190} INFO - Processing /home/airflow/.local/lib/python3.6/site-packages/airflow/example_dags/example_branch_python_dop_operator_3.py took 0.134 seconds
[2022-09-05 02:19:45,490] {scheduler_job.py:182} INFO - Started process (PID=2473) to work on /home/airflow/.local/lib/python3.6/site-packages/airflow/example_dags/example_branch_python_dop_operator_3.py
[2022-09-05 02:19:45,491] {scheduler_job.py:629} INFO - Processing file /home/airflow/.local/lib/python3.6/site-packages/airflow/example_dags/example_branch_python_dop_operator_3.py for tasks to queue
[2022-09-05 02:19:45,493] {logging_mixin.py:104} INFO - [2022-09-05 02:19:45,493] {dagbag.py:448} INFO - Filling up the DagBag from /home/airflow/.local/lib/python3.6/site-packages/airflow/example_dags/example_branch_python_dop_operator_3.py
[2022-09-05 02:19:45,518] {scheduler_job.py:639} INFO - DAG(s) dict_keys(['example_branch_dop_operator_v3']) retrieved from /home/airflow/.local/lib/python3.6/site-packages/airflow/example_dags/example_branch_python_dop_operator_3.py
[2022-09-05 02:19:45,548] {logging_mixin.py:104} INFO - [2022-09-05 02:19:45,547] {dag.py:1818} INFO - Sync 1 DAGs
[2022-09-05 02:19:45,599] {logging_mixin.py:104} INFO - [2022-09-05 02:19:45,598] {dag.py:2273} INFO - Setting next_dagrun for example_branch_dop_operator_v3 to 2022-09-03 00:00:00+00:00
[2022-09-05 02:19:45,681] {scheduler_job.py:190} INFO - Processing /home/airflow/.local/lib/python3.6/site-packages/airflow/example_dags/example_branch_python_dop_operator_3.py took 0.196 seconds
[2022-09-05 02:20:15,802] {scheduler_job.py:182} INFO - Started process (PID=2608) to work on /home/airflow/.local/lib/python3.6/site-packages/airflow/example_dags/example_branch_python_dop_operator_3.py
[2022-09-05 02:20:15,804] {scheduler_job.py:629} INFO - Processing file /home/airflow/.local/lib/python3.6/site-packages/airflow/example_dags/example_branch_python_dop_operator_3.py for tasks to queue
[2022-09-05 02:20:15,806] {logging_mixin.py:104} INFO - [2022-09-05 02:20:15,805] {dagbag.py:448} INFO - Filling up the DagBag from /home/airflow/.local/lib/python3.6/site-packages/airflow/example_dags/example_branch_python_dop_operator_3.py
[2022-09-05 02:20:15,826] {scheduler_job.py:639} INFO - DAG(s) dict_keys(['example_branch_dop_operator_v3']) retrieved from /home/airflow/.local/lib/python3.6/site-packages/airflow/example_dags/example_branch_python_dop_operator_3.py
[2022-09-05 02:20:15,853] {logging_mixin.py:104} INFO - [2022-09-05 02:20:15,853] {dag.py:1818} INFO - Sync 1 DAGs
[2022-09-05 02:20:15,903] {logging_mixin.py:104} INFO - [2022-09-05 02:20:15,903] {dag.py:2273} INFO - Setting next_dagrun for example_branch_dop_operator_v3 to 2022-09-03 00:00:00+00:00
[2022-09-05 02:20:15,938] {scheduler_job.py:190} INFO - Processing /home/airflow/.local/lib/python3.6/site-packages/airflow/example_dags/example_branch_python_dop_operator_3.py took 0.140 seconds
[2022-09-05 02:20:46,539] {scheduler_job.py:182} INFO - Started process (PID=2743) to work on /home/airflow/.local/lib/python3.6/site-packages/airflow/example_dags/example_branch_python_dop_operator_3.py
[2022-09-05 02:20:46,541] {scheduler_job.py:629} INFO - Processing file /home/airflow/.local/lib/python3.6/site-packages/airflow/example_dags/example_branch_python_dop_operator_3.py for tasks to queue
[2022-09-05 02:20:46,542] {logging_mixin.py:104} INFO - [2022-09-05 02:20:46,542] {dagbag.py:448} INFO - Filling up the DagBag from /home/airflow/.local/lib/python3.6/site-packages/airflow/example_dags/example_branch_python_dop_operator_3.py
[2022-09-05 02:20:46,581] {scheduler_job.py:639} INFO - DAG(s) dict_keys(['example_branch_dop_operator_v3']) retrieved from /home/airflow/.local/lib/python3.6/site-packages/airflow/example_dags/example_branch_python_dop_operator_3.py
[2022-09-05 02:20:46,615] {logging_mixin.py:104} INFO - [2022-09-05 02:20:46,615] {dag.py:1818} INFO - Sync 1 DAGs
[2022-09-05 02:20:46,666] {logging_mixin.py:104} INFO - [2022-09-05 02:20:46,665] {dag.py:2273} INFO - Setting next_dagrun for example_branch_dop_operator_v3 to 2022-09-03 00:00:00+00:00
[2022-09-05 02:20:46,738] {scheduler_job.py:190} INFO - Processing /home/airflow/.local/lib/python3.6/site-packages/airflow/example_dags/example_branch_python_dop_operator_3.py took 0.203 seconds
[2022-09-05 02:21:16,945] {scheduler_job.py:182} INFO - Started process (PID=2878) to work on /home/airflow/.local/lib/python3.6/site-packages/airflow/example_dags/example_branch_python_dop_operator_3.py
[2022-09-05 02:21:16,947] {scheduler_job.py:629} INFO - Processing file /home/airflow/.local/lib/python3.6/site-packages/airflow/example_dags/example_branch_python_dop_operator_3.py for tasks to queue
[2022-09-05 02:21:16,948] {logging_mixin.py:104} INFO - [2022-09-05 02:21:16,948] {dagbag.py:448} INFO - Filling up the DagBag from /home/airflow/.local/lib/python3.6/site-packages/airflow/example_dags/example_branch_python_dop_operator_3.py
[2022-09-05 02:21:16,965] {scheduler_job.py:639} INFO - DAG(s) dict_keys(['example_branch_dop_operator_v3']) retrieved from /home/airflow/.local/lib/python3.6/site-packages/airflow/example_dags/example_branch_python_dop_operator_3.py
[2022-09-05 02:21:16,990] {logging_mixin.py:104} INFO - [2022-09-05 02:21:16,990] {dag.py:1818} INFO - Sync 1 DAGs
[2022-09-05 02:21:17,026] {logging_mixin.py:104} INFO - [2022-09-05 02:21:17,026] {dag.py:2273} INFO - Setting next_dagrun for example_branch_dop_operator_v3 to 2022-09-03 00:00:00+00:00
[2022-09-05 02:21:17,145] {scheduler_job.py:190} INFO - Processing /home/airflow/.local/lib/python3.6/site-packages/airflow/example_dags/example_branch_python_dop_operator_3.py took 0.205 seconds
[2022-09-05 02:21:47,623] {scheduler_job.py:182} INFO - Started process (PID=3008) to work on /home/airflow/.local/lib/python3.6/site-packages/airflow/example_dags/example_branch_python_dop_operator_3.py
[2022-09-05 02:21:47,625] {scheduler_job.py:629} INFO - Processing file /home/airflow/.local/lib/python3.6/site-packages/airflow/example_dags/example_branch_python_dop_operator_3.py for tasks to queue
[2022-09-05 02:21:47,626] {logging_mixin.py:104} INFO - [2022-09-05 02:21:47,626] {dagbag.py:448} INFO - Filling up the DagBag from /home/airflow/.local/lib/python3.6/site-packages/airflow/example_dags/example_branch_python_dop_operator_3.py
[2022-09-05 02:21:47,640] {scheduler_job.py:639} INFO - DAG(s) dict_keys(['example_branch_dop_operator_v3']) retrieved from /home/airflow/.local/lib/python3.6/site-packages/airflow/example_dags/example_branch_python_dop_operator_3.py
[2022-09-05 02:21:47,671] {logging_mixin.py:104} INFO - [2022-09-05 02:21:47,671] {dag.py:1818} INFO - Sync 1 DAGs
[2022-09-05 02:21:47,723] {logging_mixin.py:104} INFO - [2022-09-05 02:21:47,723] {dag.py:2273} INFO - Setting next_dagrun for example_branch_dop_operator_v3 to 2022-09-03 00:00:00+00:00
[2022-09-05 02:21:47,761] {scheduler_job.py:190} INFO - Processing /home/airflow/.local/lib/python3.6/site-packages/airflow/example_dags/example_branch_python_dop_operator_3.py took 0.141 seconds
[2022-09-05 02:21:54,579] {scheduler_job.py:182} INFO - Started process (PID=177) to work on /home/airflow/.local/lib/python3.6/site-packages/airflow/example_dags/example_branch_python_dop_operator_3.py
[2022-09-05 02:21:54,581] {scheduler_job.py:629} INFO - Processing file /home/airflow/.local/lib/python3.6/site-packages/airflow/example_dags/example_branch_python_dop_operator_3.py for tasks to queue
[2022-09-05 02:21:54,582] {logging_mixin.py:104} INFO - [2022-09-05 02:21:54,582] {dagbag.py:448} INFO - Filling up the DagBag from /home/airflow/.local/lib/python3.6/site-packages/airflow/example_dags/example_branch_python_dop_operator_3.py
[2022-09-05 02:21:54,607] {scheduler_job.py:639} INFO - DAG(s) dict_keys(['example_branch_dop_operator_v3']) retrieved from /home/airflow/.local/lib/python3.6/site-packages/airflow/example_dags/example_branch_python_dop_operator_3.py
[2022-09-05 02:21:54,642] {logging_mixin.py:104} INFO - [2022-09-05 02:21:54,642] {dag.py:1818} INFO - Sync 1 DAGs
[2022-09-05 02:21:54,684] {logging_mixin.py:104} INFO - [2022-09-05 02:21:54,684] {dag.py:2273} INFO - Setting next_dagrun for example_branch_dop_operator_v3 to 2022-09-03 00:00:00+00:00
[2022-09-05 02:21:54,738] {scheduler_job.py:190} INFO - Processing /home/airflow/.local/lib/python3.6/site-packages/airflow/example_dags/example_branch_python_dop_operator_3.py took 0.163 seconds
[2022-09-05 02:22:25,232] {scheduler_job.py:182} INFO - Started process (PID=312) to work on /home/airflow/.local/lib/python3.6/site-packages/airflow/example_dags/example_branch_python_dop_operator_3.py
[2022-09-05 02:22:25,234] {scheduler_job.py:629} INFO - Processing file /home/airflow/.local/lib/python3.6/site-packages/airflow/example_dags/example_branch_python_dop_operator_3.py for tasks to queue
[2022-09-05 02:22:25,235] {logging_mixin.py:104} INFO - [2022-09-05 02:22:25,235] {dagbag.py:448} INFO - Filling up the DagBag from /home/airflow/.local/lib/python3.6/site-packages/airflow/example_dags/example_branch_python_dop_operator_3.py
[2022-09-05 02:22:25,252] {scheduler_job.py:639} INFO - DAG(s) dict_keys(['example_branch_dop_operator_v3']) retrieved from /home/airflow/.local/lib/python3.6/site-packages/airflow/example_dags/example_branch_python_dop_operator_3.py
[2022-09-05 02:22:25,277] {logging_mixin.py:104} INFO - [2022-09-05 02:22:25,277] {dag.py:1818} INFO - Sync 1 DAGs
[2022-09-05 02:22:25,316] {logging_mixin.py:104} INFO - [2022-09-05 02:22:25,316] {dag.py:2273} INFO - Setting next_dagrun for example_branch_dop_operator_v3 to 2022-09-03 00:00:00+00:00
[2022-09-05 02:22:25,361] {scheduler_job.py:190} INFO - Processing /home/airflow/.local/lib/python3.6/site-packages/airflow/example_dags/example_branch_python_dop_operator_3.py took 0.135 seconds
[2022-09-05 02:22:55,517] {scheduler_job.py:182} INFO - Started process (PID=442) to work on /home/airflow/.local/lib/python3.6/site-packages/airflow/example_dags/example_branch_python_dop_operator_3.py
[2022-09-05 02:22:55,519] {scheduler_job.py:629} INFO - Processing file /home/airflow/.local/lib/python3.6/site-packages/airflow/example_dags/example_branch_python_dop_operator_3.py for tasks to queue
[2022-09-05 02:22:55,521] {logging_mixin.py:104} INFO - [2022-09-05 02:22:55,520] {dagbag.py:448} INFO - Filling up the DagBag from /home/airflow/.local/lib/python3.6/site-packages/airflow/example_dags/example_branch_python_dop_operator_3.py
[2022-09-05 02:22:55,545] {scheduler_job.py:639} INFO - DAG(s) dict_keys(['example_branch_dop_operator_v3']) retrieved from /home/airflow/.local/lib/python3.6/site-packages/airflow/example_dags/example_branch_python_dop_operator_3.py
[2022-09-05 02:22:55,586] {logging_mixin.py:104} INFO - [2022-09-05 02:22:55,585] {dag.py:1818} INFO - Sync 1 DAGs
[2022-09-05 02:22:55,733] {logging_mixin.py:104} INFO - [2022-09-05 02:22:55,732] {dag.py:2273} INFO - Setting next_dagrun for example_branch_dop_operator_v3 to 2022-09-03 00:00:00+00:00
[2022-09-05 02:22:55,776] {scheduler_job.py:190} INFO - Processing /home/airflow/.local/lib/python3.6/site-packages/airflow/example_dags/example_branch_python_dop_operator_3.py took 0.263 seconds
[2022-09-05 02:23:25,964] {scheduler_job.py:182} INFO - Started process (PID=574) to work on /home/airflow/.local/lib/python3.6/site-packages/airflow/example_dags/example_branch_python_dop_operator_3.py
[2022-09-05 02:23:25,967] {scheduler_job.py:629} INFO - Processing file /home/airflow/.local/lib/python3.6/site-packages/airflow/example_dags/example_branch_python_dop_operator_3.py for tasks to queue
[2022-09-05 02:23:25,969] {logging_mixin.py:104} INFO - [2022-09-05 02:23:25,969] {dagbag.py:448} INFO - Filling up the DagBag from /home/airflow/.local/lib/python3.6/site-packages/airflow/example_dags/example_branch_python_dop_operator_3.py
[2022-09-05 02:23:25,986] {scheduler_job.py:639} INFO - DAG(s) dict_keys(['example_branch_dop_operator_v3']) retrieved from /home/airflow/.local/lib/python3.6/site-packages/airflow/example_dags/example_branch_python_dop_operator_3.py
[2022-09-05 02:23:26,012] {logging_mixin.py:104} INFO - [2022-09-05 02:23:26,012] {dag.py:1818} INFO - Sync 1 DAGs
[2022-09-05 02:23:26,047] {logging_mixin.py:104} INFO - [2022-09-05 02:23:26,047] {dag.py:2273} INFO - Setting next_dagrun for example_branch_dop_operator_v3 to 2022-09-03 00:00:00+00:00
[2022-09-05 02:23:26,104] {scheduler_job.py:190} INFO - Processing /home/airflow/.local/lib/python3.6/site-packages/airflow/example_dags/example_branch_python_dop_operator_3.py took 0.145 seconds
[2022-09-05 02:23:56,351] {scheduler_job.py:182} INFO - Started process (PID=702) to work on /home/airflow/.local/lib/python3.6/site-packages/airflow/example_dags/example_branch_python_dop_operator_3.py
[2022-09-05 02:23:56,354] {scheduler_job.py:629} INFO - Processing file /home/airflow/.local/lib/python3.6/site-packages/airflow/example_dags/example_branch_python_dop_operator_3.py for tasks to queue
[2022-09-05 02:23:56,356] {logging_mixin.py:104} INFO - [2022-09-05 02:23:56,356] {dagbag.py:448} INFO - Filling up the DagBag from /home/airflow/.local/lib/python3.6/site-packages/airflow/example_dags/example_branch_python_dop_operator_3.py
[2022-09-05 02:23:56,383] {scheduler_job.py:639} INFO - DAG(s) dict_keys(['example_branch_dop_operator_v3']) retrieved from /home/airflow/.local/lib/python3.6/site-packages/airflow/example_dags/example_branch_python_dop_operator_3.py
[2022-09-05 02:23:56,424] {logging_mixin.py:104} INFO - [2022-09-05 02:23:56,423] {dag.py:1818} INFO - Sync 1 DAGs
[2022-09-05 02:23:56,485] {logging_mixin.py:104} INFO - [2022-09-05 02:23:56,485] {dag.py:2273} INFO - Setting next_dagrun for example_branch_dop_operator_v3 to 2022-09-03 00:00:00+00:00
[2022-09-05 02:23:56,520] {scheduler_job.py:190} INFO - Processing /home/airflow/.local/lib/python3.6/site-packages/airflow/example_dags/example_branch_python_dop_operator_3.py took 0.175 seconds
[2022-09-05 02:24:27,005] {scheduler_job.py:182} INFO - Started process (PID=829) to work on /home/airflow/.local/lib/python3.6/site-packages/airflow/example_dags/example_branch_python_dop_operator_3.py
[2022-09-05 02:24:27,007] {scheduler_job.py:629} INFO - Processing file /home/airflow/.local/lib/python3.6/site-packages/airflow/example_dags/example_branch_python_dop_operator_3.py for tasks to queue
[2022-09-05 02:24:27,008] {logging_mixin.py:104} INFO - [2022-09-05 02:24:27,008] {dagbag.py:448} INFO - Filling up the DagBag from /home/airflow/.local/lib/python3.6/site-packages/airflow/example_dags/example_branch_python_dop_operator_3.py
[2022-09-05 02:24:27,031] {scheduler_job.py:639} INFO - DAG(s) dict_keys(['example_branch_dop_operator_v3']) retrieved from /home/airflow/.local/lib/python3.6/site-packages/airflow/example_dags/example_branch_python_dop_operator_3.py
[2022-09-05 02:24:27,062] {logging_mixin.py:104} INFO - [2022-09-05 02:24:27,062] {dag.py:1818} INFO - Sync 1 DAGs
[2022-09-05 02:24:27,102] {logging_mixin.py:104} INFO - [2022-09-05 02:24:27,101] {dag.py:2273} INFO - Setting next_dagrun for example_branch_dop_operator_v3 to 2022-09-03 00:00:00+00:00
[2022-09-05 02:24:27,151] {scheduler_job.py:190} INFO - Processing /home/airflow/.local/lib/python3.6/site-packages/airflow/example_dags/example_branch_python_dop_operator_3.py took 0.150 seconds
[2022-09-05 02:24:53,221] {scheduler_job.py:182} INFO - Started process (PID=236) to work on /home/airflow/.local/lib/python3.6/site-packages/airflow/example_dags/example_branch_python_dop_operator_3.py
[2022-09-05 02:24:53,223] {scheduler_job.py:629} INFO - Processing file /home/airflow/.local/lib/python3.6/site-packages/airflow/example_dags/example_branch_python_dop_operator_3.py for tasks to queue
[2022-09-05 02:24:53,224] {logging_mixin.py:104} INFO - [2022-09-05 02:24:53,224] {dagbag.py:448} INFO - Filling up the DagBag from /home/airflow/.local/lib/python3.6/site-packages/airflow/example_dags/example_branch_python_dop_operator_3.py
[2022-09-05 02:24:53,250] {scheduler_job.py:639} INFO - DAG(s) dict_keys(['example_branch_dop_operator_v3']) retrieved from /home/airflow/.local/lib/python3.6/site-packages/airflow/example_dags/example_branch_python_dop_operator_3.py
[2022-09-05 02:24:53,280] {logging_mixin.py:104} INFO - [2022-09-05 02:24:53,280] {dag.py:1818} INFO - Sync 1 DAGs
[2022-09-05 02:24:53,327] {logging_mixin.py:104} INFO - [2022-09-05 02:24:53,327] {dag.py:2273} INFO - Setting next_dagrun for example_branch_dop_operator_v3 to 2022-09-03 00:00:00+00:00
[2022-09-05 02:24:53,361] {scheduler_job.py:190} INFO - Processing /home/airflow/.local/lib/python3.6/site-packages/airflow/example_dags/example_branch_python_dop_operator_3.py took 0.143 seconds
[2022-09-05 02:25:26,049] {scheduler_job.py:182} INFO - Started process (PID=361) to work on /home/airflow/.local/lib/python3.6/site-packages/airflow/example_dags/example_branch_python_dop_operator_3.py
[2022-09-05 02:25:26,061] {scheduler_job.py:629} INFO - Processing file /home/airflow/.local/lib/python3.6/site-packages/airflow/example_dags/example_branch_python_dop_operator_3.py for tasks to queue
[2022-09-05 02:25:26,063] {logging_mixin.py:104} INFO - [2022-09-05 02:25:26,063] {dagbag.py:448} INFO - Filling up the DagBag from /home/airflow/.local/lib/python3.6/site-packages/airflow/example_dags/example_branch_python_dop_operator_3.py
[2022-09-05 02:25:26,173] {scheduler_job.py:639} INFO - DAG(s) dict_keys(['example_branch_dop_operator_v3']) retrieved from /home/airflow/.local/lib/python3.6/site-packages/airflow/example_dags/example_branch_python_dop_operator_3.py
[2022-09-05 02:25:26,255] {logging_mixin.py:104} INFO - [2022-09-05 02:25:26,255] {dag.py:1818} INFO - Sync 1 DAGs
[2022-09-05 02:25:26,381] {logging_mixin.py:104} INFO - [2022-09-05 02:25:26,379] {dag.py:2273} INFO - Setting next_dagrun for example_branch_dop_operator_v3 to 2022-09-03 00:00:00+00:00
[2022-09-05 02:25:26,431] {scheduler_job.py:190} INFO - Processing /home/airflow/.local/lib/python3.6/site-packages/airflow/example_dags/example_branch_python_dop_operator_3.py took 0.388 seconds
[2022-09-05 02:26:02,347] {scheduler_job.py:182} INFO - Started process (PID=232) to work on /home/airflow/.local/lib/python3.6/site-packages/airflow/example_dags/example_branch_python_dop_operator_3.py
[2022-09-05 02:26:02,349] {scheduler_job.py:629} INFO - Processing file /home/airflow/.local/lib/python3.6/site-packages/airflow/example_dags/example_branch_python_dop_operator_3.py for tasks to queue
[2022-09-05 02:26:02,350] {logging_mixin.py:104} INFO - [2022-09-05 02:26:02,350] {dagbag.py:448} INFO - Filling up the DagBag from /home/airflow/.local/lib/python3.6/site-packages/airflow/example_dags/example_branch_python_dop_operator_3.py
[2022-09-05 02:26:02,373] {scheduler_job.py:639} INFO - DAG(s) dict_keys(['example_branch_dop_operator_v3']) retrieved from /home/airflow/.local/lib/python3.6/site-packages/airflow/example_dags/example_branch_python_dop_operator_3.py
[2022-09-05 02:26:02,406] {logging_mixin.py:104} INFO - [2022-09-05 02:26:02,406] {dag.py:1818} INFO - Sync 1 DAGs
[2022-09-05 02:26:02,454] {logging_mixin.py:104} INFO - [2022-09-05 02:26:02,454] {dag.py:2273} INFO - Setting next_dagrun for example_branch_dop_operator_v3 to 2022-09-03 00:00:00+00:00
[2022-09-05 02:26:02,485] {scheduler_job.py:190} INFO - Processing /home/airflow/.local/lib/python3.6/site-packages/airflow/example_dags/example_branch_python_dop_operator_3.py took 0.142 seconds
[2022-09-05 02:26:33,396] {scheduler_job.py:182} INFO - Started process (PID=357) to work on /home/airflow/.local/lib/python3.6/site-packages/airflow/example_dags/example_branch_python_dop_operator_3.py
[2022-09-05 02:26:33,397] {scheduler_job.py:629} INFO - Processing file /home/airflow/.local/lib/python3.6/site-packages/airflow/example_dags/example_branch_python_dop_operator_3.py for tasks to queue
[2022-09-05 02:26:33,398] {logging_mixin.py:104} INFO - [2022-09-05 02:26:33,398] {dagbag.py:448} INFO - Filling up the DagBag from /home/airflow/.local/lib/python3.6/site-packages/airflow/example_dags/example_branch_python_dop_operator_3.py
[2022-09-05 02:26:33,420] {scheduler_job.py:639} INFO - DAG(s) dict_keys(['example_branch_dop_operator_v3']) retrieved from /home/airflow/.local/lib/python3.6/site-packages/airflow/example_dags/example_branch_python_dop_operator_3.py
[2022-09-05 02:26:33,447] {logging_mixin.py:104} INFO - [2022-09-05 02:26:33,447] {dag.py:1818} INFO - Sync 1 DAGs
[2022-09-05 02:26:33,503] {logging_mixin.py:104} INFO - [2022-09-05 02:26:33,503] {dag.py:2273} INFO - Setting next_dagrun for example_branch_dop_operator_v3 to 2022-09-03 00:00:00+00:00
[2022-09-05 02:26:33,535] {scheduler_job.py:190} INFO - Processing /home/airflow/.local/lib/python3.6/site-packages/airflow/example_dags/example_branch_python_dop_operator_3.py took 0.143 seconds
[2022-09-05 02:27:03,687] {scheduler_job.py:182} INFO - Started process (PID=487) to work on /home/airflow/.local/lib/python3.6/site-packages/airflow/example_dags/example_branch_python_dop_operator_3.py
[2022-09-05 02:27:03,689] {scheduler_job.py:629} INFO - Processing file /home/airflow/.local/lib/python3.6/site-packages/airflow/example_dags/example_branch_python_dop_operator_3.py for tasks to queue
[2022-09-05 02:27:03,690] {logging_mixin.py:104} INFO - [2022-09-05 02:27:03,690] {dagbag.py:448} INFO - Filling up the DagBag from /home/airflow/.local/lib/python3.6/site-packages/airflow/example_dags/example_branch_python_dop_operator_3.py
[2022-09-05 02:27:03,715] {scheduler_job.py:639} INFO - DAG(s) dict_keys(['example_branch_dop_operator_v3']) retrieved from /home/airflow/.local/lib/python3.6/site-packages/airflow/example_dags/example_branch_python_dop_operator_3.py
[2022-09-05 02:27:03,747] {logging_mixin.py:104} INFO - [2022-09-05 02:27:03,747] {dag.py:1818} INFO - Sync 1 DAGs
[2022-09-05 02:27:03,789] {logging_mixin.py:104} INFO - [2022-09-05 02:27:03,789] {dag.py:2273} INFO - Setting next_dagrun for example_branch_dop_operator_v3 to 2022-09-03 00:00:00+00:00
[2022-09-05 02:27:03,833] {scheduler_job.py:190} INFO - Processing /home/airflow/.local/lib/python3.6/site-packages/airflow/example_dags/example_branch_python_dop_operator_3.py took 0.149 seconds
[2022-09-05 02:27:34,909] {scheduler_job.py:182} INFO - Started process (PID=617) to work on /home/airflow/.local/lib/python3.6/site-packages/airflow/example_dags/example_branch_python_dop_operator_3.py
[2022-09-05 02:27:34,912] {scheduler_job.py:629} INFO - Processing file /home/airflow/.local/lib/python3.6/site-packages/airflow/example_dags/example_branch_python_dop_operator_3.py for tasks to queue
[2022-09-05 02:27:34,914] {logging_mixin.py:104} INFO - [2022-09-05 02:27:34,914] {dagbag.py:448} INFO - Filling up the DagBag from /home/airflow/.local/lib/python3.6/site-packages/airflow/example_dags/example_branch_python_dop_operator_3.py
[2022-09-05 02:27:34,954] {scheduler_job.py:639} INFO - DAG(s) dict_keys(['example_branch_dop_operator_v3']) retrieved from /home/airflow/.local/lib/python3.6/site-packages/airflow/example_dags/example_branch_python_dop_operator_3.py
[2022-09-05 02:27:35,014] {logging_mixin.py:104} INFO - [2022-09-05 02:27:35,014] {dag.py:1818} INFO - Sync 1 DAGs
[2022-09-05 02:27:35,225] {logging_mixin.py:104} INFO - [2022-09-05 02:27:35,224] {dag.py:2273} INFO - Setting next_dagrun for example_branch_dop_operator_v3 to 2022-09-03 00:00:00+00:00
[2022-09-05 02:27:35,298] {scheduler_job.py:190} INFO - Processing /home/airflow/.local/lib/python3.6/site-packages/airflow/example_dags/example_branch_python_dop_operator_3.py took 0.399 seconds
[2022-09-05 02:28:05,384] {scheduler_job.py:182} INFO - Started process (PID=747) to work on /home/airflow/.local/lib/python3.6/site-packages/airflow/example_dags/example_branch_python_dop_operator_3.py
[2022-09-05 02:28:05,386] {scheduler_job.py:629} INFO - Processing file /home/airflow/.local/lib/python3.6/site-packages/airflow/example_dags/example_branch_python_dop_operator_3.py for tasks to queue
[2022-09-05 02:28:05,388] {logging_mixin.py:104} INFO - [2022-09-05 02:28:05,387] {dagbag.py:448} INFO - Filling up the DagBag from /home/airflow/.local/lib/python3.6/site-packages/airflow/example_dags/example_branch_python_dop_operator_3.py
[2022-09-05 02:28:05,407] {scheduler_job.py:639} INFO - DAG(s) dict_keys(['example_branch_dop_operator_v3']) retrieved from /home/airflow/.local/lib/python3.6/site-packages/airflow/example_dags/example_branch_python_dop_operator_3.py
[2022-09-05 02:28:05,439] {logging_mixin.py:104} INFO - [2022-09-05 02:28:05,439] {dag.py:1818} INFO - Sync 1 DAGs
[2022-09-05 02:28:05,480] {logging_mixin.py:104} INFO - [2022-09-05 02:28:05,479] {dag.py:2273} INFO - Setting next_dagrun for example_branch_dop_operator_v3 to 2022-09-03 00:00:00+00:00
[2022-09-05 02:28:05,599] {scheduler_job.py:190} INFO - Processing /home/airflow/.local/lib/python3.6/site-packages/airflow/example_dags/example_branch_python_dop_operator_3.py took 0.220 seconds
[2022-09-05 02:28:35,768] {scheduler_job.py:182} INFO - Started process (PID=867) to work on /home/airflow/.local/lib/python3.6/site-packages/airflow/example_dags/example_branch_python_dop_operator_3.py
[2022-09-05 02:28:35,769] {scheduler_job.py:629} INFO - Processing file /home/airflow/.local/lib/python3.6/site-packages/airflow/example_dags/example_branch_python_dop_operator_3.py for tasks to queue
[2022-09-05 02:28:35,770] {logging_mixin.py:104} INFO - [2022-09-05 02:28:35,770] {dagbag.py:448} INFO - Filling up the DagBag from /home/airflow/.local/lib/python3.6/site-packages/airflow/example_dags/example_branch_python_dop_operator_3.py
[2022-09-05 02:28:35,792] {scheduler_job.py:639} INFO - DAG(s) dict_keys(['example_branch_dop_operator_v3']) retrieved from /home/airflow/.local/lib/python3.6/site-packages/airflow/example_dags/example_branch_python_dop_operator_3.py
[2022-09-05 02:28:35,829] {logging_mixin.py:104} INFO - [2022-09-05 02:28:35,829] {dag.py:1818} INFO - Sync 1 DAGs
[2022-09-05 02:28:35,870] {logging_mixin.py:104} INFO - [2022-09-05 02:28:35,869] {dag.py:2273} INFO - Setting next_dagrun for example_branch_dop_operator_v3 to 2022-09-03 00:00:00+00:00
[2022-09-05 02:28:35,954] {scheduler_job.py:190} INFO - Processing /home/airflow/.local/lib/python3.6/site-packages/airflow/example_dags/example_branch_python_dop_operator_3.py took 0.190 seconds
[2022-09-05 02:29:06,467] {scheduler_job.py:182} INFO - Started process (PID=992) to work on /home/airflow/.local/lib/python3.6/site-packages/airflow/example_dags/example_branch_python_dop_operator_3.py
[2022-09-05 02:29:06,469] {scheduler_job.py:629} INFO - Processing file /home/airflow/.local/lib/python3.6/site-packages/airflow/example_dags/example_branch_python_dop_operator_3.py for tasks to queue
[2022-09-05 02:29:06,470] {logging_mixin.py:104} INFO - [2022-09-05 02:29:06,470] {dagbag.py:448} INFO - Filling up the DagBag from /home/airflow/.local/lib/python3.6/site-packages/airflow/example_dags/example_branch_python_dop_operator_3.py
[2022-09-05 02:29:06,501] {scheduler_job.py:639} INFO - DAG(s) dict_keys(['example_branch_dop_operator_v3']) retrieved from /home/airflow/.local/lib/python3.6/site-packages/airflow/example_dags/example_branch_python_dop_operator_3.py
[2022-09-05 02:29:06,546] {logging_mixin.py:104} INFO - [2022-09-05 02:29:06,546] {dag.py:1818} INFO - Sync 1 DAGs
[2022-09-05 02:29:06,647] {logging_mixin.py:104} INFO - [2022-09-05 02:29:06,646] {dag.py:2273} INFO - Setting next_dagrun for example_branch_dop_operator_v3 to 2022-09-03 00:00:00+00:00
[2022-09-05 02:29:06,760] {scheduler_job.py:190} INFO - Processing /home/airflow/.local/lib/python3.6/site-packages/airflow/example_dags/example_branch_python_dop_operator_3.py took 0.299 seconds
[2022-09-05 02:29:37,242] {scheduler_job.py:182} INFO - Started process (PID=1107) to work on /home/airflow/.local/lib/python3.6/site-packages/airflow/example_dags/example_branch_python_dop_operator_3.py
[2022-09-05 02:29:37,243] {scheduler_job.py:629} INFO - Processing file /home/airflow/.local/lib/python3.6/site-packages/airflow/example_dags/example_branch_python_dop_operator_3.py for tasks to queue
[2022-09-05 02:29:37,245] {logging_mixin.py:104} INFO - [2022-09-05 02:29:37,244] {dagbag.py:448} INFO - Filling up the DagBag from /home/airflow/.local/lib/python3.6/site-packages/airflow/example_dags/example_branch_python_dop_operator_3.py
[2022-09-05 02:29:37,270] {scheduler_job.py:639} INFO - DAG(s) dict_keys(['example_branch_dop_operator_v3']) retrieved from /home/airflow/.local/lib/python3.6/site-packages/airflow/example_dags/example_branch_python_dop_operator_3.py
[2022-09-05 02:29:37,317] {logging_mixin.py:104} INFO - [2022-09-05 02:29:37,316] {dag.py:1818} INFO - Sync 1 DAGs
[2022-09-05 02:29:37,387] {logging_mixin.py:104} INFO - [2022-09-05 02:29:37,387] {dag.py:2273} INFO - Setting next_dagrun for example_branch_dop_operator_v3 to 2022-09-03 00:00:00+00:00
[2022-09-05 02:29:37,420] {scheduler_job.py:190} INFO - Processing /home/airflow/.local/lib/python3.6/site-packages/airflow/example_dags/example_branch_python_dop_operator_3.py took 0.182 seconds
[2022-09-05 02:30:07,581] {scheduler_job.py:182} INFO - Started process (PID=1234) to work on /home/airflow/.local/lib/python3.6/site-packages/airflow/example_dags/example_branch_python_dop_operator_3.py
[2022-09-05 02:30:07,583] {scheduler_job.py:629} INFO - Processing file /home/airflow/.local/lib/python3.6/site-packages/airflow/example_dags/example_branch_python_dop_operator_3.py for tasks to queue
[2022-09-05 02:30:07,585] {logging_mixin.py:104} INFO - [2022-09-05 02:30:07,584] {dagbag.py:448} INFO - Filling up the DagBag from /home/airflow/.local/lib/python3.6/site-packages/airflow/example_dags/example_branch_python_dop_operator_3.py
[2022-09-05 02:30:07,609] {scheduler_job.py:639} INFO - DAG(s) dict_keys(['example_branch_dop_operator_v3']) retrieved from /home/airflow/.local/lib/python3.6/site-packages/airflow/example_dags/example_branch_python_dop_operator_3.py
[2022-09-05 02:30:07,646] {logging_mixin.py:104} INFO - [2022-09-05 02:30:07,645] {dag.py:1818} INFO - Sync 1 DAGs
[2022-09-05 02:30:07,700] {logging_mixin.py:104} INFO - [2022-09-05 02:30:07,700] {dag.py:2273} INFO - Setting next_dagrun for example_branch_dop_operator_v3 to 2022-09-03 00:00:00+00:00
[2022-09-05 02:30:07,765] {scheduler_job.py:190} INFO - Processing /home/airflow/.local/lib/python3.6/site-packages/airflow/example_dags/example_branch_python_dop_operator_3.py took 0.188 seconds
[2022-09-05 02:30:37,847] {scheduler_job.py:182} INFO - Started process (PID=1364) to work on /home/airflow/.local/lib/python3.6/site-packages/airflow/example_dags/example_branch_python_dop_operator_3.py
[2022-09-05 02:30:37,849] {scheduler_job.py:629} INFO - Processing file /home/airflow/.local/lib/python3.6/site-packages/airflow/example_dags/example_branch_python_dop_operator_3.py for tasks to queue
[2022-09-05 02:30:37,851] {logging_mixin.py:104} INFO - [2022-09-05 02:30:37,850] {dagbag.py:448} INFO - Filling up the DagBag from /home/airflow/.local/lib/python3.6/site-packages/airflow/example_dags/example_branch_python_dop_operator_3.py
[2022-09-05 02:30:37,875] {scheduler_job.py:639} INFO - DAG(s) dict_keys(['example_branch_dop_operator_v3']) retrieved from /home/airflow/.local/lib/python3.6/site-packages/airflow/example_dags/example_branch_python_dop_operator_3.py
[2022-09-05 02:30:37,906] {logging_mixin.py:104} INFO - [2022-09-05 02:30:37,906] {dag.py:1818} INFO - Sync 1 DAGs
[2022-09-05 02:30:37,953] {logging_mixin.py:104} INFO - [2022-09-05 02:30:37,953] {dag.py:2273} INFO - Setting next_dagrun for example_branch_dop_operator_v3 to 2022-09-03 00:00:00+00:00
[2022-09-05 02:30:38,054] {scheduler_job.py:190} INFO - Processing /home/airflow/.local/lib/python3.6/site-packages/airflow/example_dags/example_branch_python_dop_operator_3.py took 0.212 seconds
[2022-09-05 02:31:08,255] {scheduler_job.py:182} INFO - Started process (PID=1494) to work on /home/airflow/.local/lib/python3.6/site-packages/airflow/example_dags/example_branch_python_dop_operator_3.py
[2022-09-05 02:31:08,258] {scheduler_job.py:629} INFO - Processing file /home/airflow/.local/lib/python3.6/site-packages/airflow/example_dags/example_branch_python_dop_operator_3.py for tasks to queue
[2022-09-05 02:31:08,259] {logging_mixin.py:104} INFO - [2022-09-05 02:31:08,259] {dagbag.py:448} INFO - Filling up the DagBag from /home/airflow/.local/lib/python3.6/site-packages/airflow/example_dags/example_branch_python_dop_operator_3.py
[2022-09-05 02:31:08,285] {scheduler_job.py:639} INFO - DAG(s) dict_keys(['example_branch_dop_operator_v3']) retrieved from /home/airflow/.local/lib/python3.6/site-packages/airflow/example_dags/example_branch_python_dop_operator_3.py
[2022-09-05 02:31:08,317] {logging_mixin.py:104} INFO - [2022-09-05 02:31:08,317] {dag.py:1818} INFO - Sync 1 DAGs
[2022-09-05 02:31:08,414] {logging_mixin.py:104} INFO - [2022-09-05 02:31:08,413] {dag.py:2273} INFO - Setting next_dagrun for example_branch_dop_operator_v3 to 2022-09-03 00:00:00+00:00
[2022-09-05 02:31:08,486] {scheduler_job.py:190} INFO - Processing /home/airflow/.local/lib/python3.6/site-packages/airflow/example_dags/example_branch_python_dop_operator_3.py took 0.234 seconds
[2022-09-05 02:31:38,806] {scheduler_job.py:182} INFO - Started process (PID=1654) to work on /home/airflow/.local/lib/python3.6/site-packages/airflow/example_dags/example_branch_python_dop_operator_3.py
[2022-09-05 02:31:38,809] {scheduler_job.py:629} INFO - Processing file /home/airflow/.local/lib/python3.6/site-packages/airflow/example_dags/example_branch_python_dop_operator_3.py for tasks to queue
[2022-09-05 02:31:38,810] {logging_mixin.py:104} INFO - [2022-09-05 02:31:38,810] {dagbag.py:448} INFO - Filling up the DagBag from /home/airflow/.local/lib/python3.6/site-packages/airflow/example_dags/example_branch_python_dop_operator_3.py
[2022-09-05 02:31:38,835] {scheduler_job.py:639} INFO - DAG(s) dict_keys(['example_branch_dop_operator_v3']) retrieved from /home/airflow/.local/lib/python3.6/site-packages/airflow/example_dags/example_branch_python_dop_operator_3.py
[2022-09-05 02:31:38,865] {logging_mixin.py:104} INFO - [2022-09-05 02:31:38,865] {dag.py:1818} INFO - Sync 1 DAGs
[2022-09-05 02:31:38,911] {logging_mixin.py:104} INFO - [2022-09-05 02:31:38,911] {dag.py:2273} INFO - Setting next_dagrun for example_branch_dop_operator_v3 to 2022-09-03 00:00:00+00:00
[2022-09-05 02:31:38,950] {scheduler_job.py:190} INFO - Processing /home/airflow/.local/lib/python3.6/site-packages/airflow/example_dags/example_branch_python_dop_operator_3.py took 0.148 seconds
[2022-09-05 02:32:08,990] {scheduler_job.py:182} INFO - Started process (PID=1782) to work on /home/airflow/.local/lib/python3.6/site-packages/airflow/example_dags/example_branch_python_dop_operator_3.py
[2022-09-05 02:32:08,997] {scheduler_job.py:629} INFO - Processing file /home/airflow/.local/lib/python3.6/site-packages/airflow/example_dags/example_branch_python_dop_operator_3.py for tasks to queue
[2022-09-05 02:32:08,998] {logging_mixin.py:104} INFO - [2022-09-05 02:32:08,998] {dagbag.py:448} INFO - Filling up the DagBag from /home/airflow/.local/lib/python3.6/site-packages/airflow/example_dags/example_branch_python_dop_operator_3.py
[2022-09-05 02:32:09,023] {scheduler_job.py:639} INFO - DAG(s) dict_keys(['example_branch_dop_operator_v3']) retrieved from /home/airflow/.local/lib/python3.6/site-packages/airflow/example_dags/example_branch_python_dop_operator_3.py
[2022-09-05 02:32:09,056] {logging_mixin.py:104} INFO - [2022-09-05 02:32:09,056] {dag.py:1818} INFO - Sync 1 DAGs
[2022-09-05 02:32:09,102] {logging_mixin.py:104} INFO - [2022-09-05 02:32:09,102] {dag.py:2273} INFO - Setting next_dagrun for example_branch_dop_operator_v3 to 2022-09-03 00:00:00+00:00
[2022-09-05 02:32:09,152] {scheduler_job.py:190} INFO - Processing /home/airflow/.local/lib/python3.6/site-packages/airflow/example_dags/example_branch_python_dop_operator_3.py took 0.166 seconds
[2022-09-05 02:32:39,313] {scheduler_job.py:182} INFO - Started process (PID=1904) to work on /home/airflow/.local/lib/python3.6/site-packages/airflow/example_dags/example_branch_python_dop_operator_3.py
[2022-09-05 02:32:39,319] {scheduler_job.py:629} INFO - Processing file /home/airflow/.local/lib/python3.6/site-packages/airflow/example_dags/example_branch_python_dop_operator_3.py for tasks to queue
[2022-09-05 02:32:39,320] {logging_mixin.py:104} INFO - [2022-09-05 02:32:39,320] {dagbag.py:448} INFO - Filling up the DagBag from /home/airflow/.local/lib/python3.6/site-packages/airflow/example_dags/example_branch_python_dop_operator_3.py
[2022-09-05 02:32:39,367] {scheduler_job.py:639} INFO - DAG(s) dict_keys(['example_branch_dop_operator_v3']) retrieved from /home/airflow/.local/lib/python3.6/site-packages/airflow/example_dags/example_branch_python_dop_operator_3.py
[2022-09-05 02:32:39,405] {logging_mixin.py:104} INFO - [2022-09-05 02:32:39,405] {dag.py:1818} INFO - Sync 1 DAGs
[2022-09-05 02:32:39,492] {logging_mixin.py:104} INFO - [2022-09-05 02:32:39,492] {dag.py:2273} INFO - Setting next_dagrun for example_branch_dop_operator_v3 to 2022-09-03 00:00:00+00:00
[2022-09-05 02:32:39,552] {scheduler_job.py:190} INFO - Processing /home/airflow/.local/lib/python3.6/site-packages/airflow/example_dags/example_branch_python_dop_operator_3.py took 0.244 seconds
[2022-09-05 02:33:10,078] {scheduler_job.py:182} INFO - Started process (PID=2034) to work on /home/airflow/.local/lib/python3.6/site-packages/airflow/example_dags/example_branch_python_dop_operator_3.py
[2022-09-05 02:33:10,080] {scheduler_job.py:629} INFO - Processing file /home/airflow/.local/lib/python3.6/site-packages/airflow/example_dags/example_branch_python_dop_operator_3.py for tasks to queue
[2022-09-05 02:33:10,082] {logging_mixin.py:104} INFO - [2022-09-05 02:33:10,082] {dagbag.py:448} INFO - Filling up the DagBag from /home/airflow/.local/lib/python3.6/site-packages/airflow/example_dags/example_branch_python_dop_operator_3.py
[2022-09-05 02:33:10,103] {scheduler_job.py:639} INFO - DAG(s) dict_keys(['example_branch_dop_operator_v3']) retrieved from /home/airflow/.local/lib/python3.6/site-packages/airflow/example_dags/example_branch_python_dop_operator_3.py
[2022-09-05 02:33:10,132] {logging_mixin.py:104} INFO - [2022-09-05 02:33:10,132] {dag.py:1818} INFO - Sync 1 DAGs
[2022-09-05 02:33:10,171] {logging_mixin.py:104} INFO - [2022-09-05 02:33:10,171] {dag.py:2273} INFO - Setting next_dagrun for example_branch_dop_operator_v3 to 2022-09-03 00:00:00+00:00
[2022-09-05 02:33:10,231] {scheduler_job.py:190} INFO - Processing /home/airflow/.local/lib/python3.6/site-packages/airflow/example_dags/example_branch_python_dop_operator_3.py took 0.157 seconds
[2022-09-05 02:33:40,480] {scheduler_job.py:182} INFO - Started process (PID=2164) to work on /home/airflow/.local/lib/python3.6/site-packages/airflow/example_dags/example_branch_python_dop_operator_3.py
[2022-09-05 02:33:40,482] {scheduler_job.py:629} INFO - Processing file /home/airflow/.local/lib/python3.6/site-packages/airflow/example_dags/example_branch_python_dop_operator_3.py for tasks to queue
[2022-09-05 02:33:40,484] {logging_mixin.py:104} INFO - [2022-09-05 02:33:40,484] {dagbag.py:448} INFO - Filling up the DagBag from /home/airflow/.local/lib/python3.6/site-packages/airflow/example_dags/example_branch_python_dop_operator_3.py
[2022-09-05 02:33:40,503] {scheduler_job.py:639} INFO - DAG(s) dict_keys(['example_branch_dop_operator_v3']) retrieved from /home/airflow/.local/lib/python3.6/site-packages/airflow/example_dags/example_branch_python_dop_operator_3.py
[2022-09-05 02:33:40,536] {logging_mixin.py:104} INFO - [2022-09-05 02:33:40,536] {dag.py:1818} INFO - Sync 1 DAGs
[2022-09-05 02:33:40,588] {logging_mixin.py:104} INFO - [2022-09-05 02:33:40,587] {dag.py:2273} INFO - Setting next_dagrun for example_branch_dop_operator_v3 to 2022-09-03 00:00:00+00:00
[2022-09-05 02:33:40,628] {scheduler_job.py:190} INFO - Processing /home/airflow/.local/lib/python3.6/site-packages/airflow/example_dags/example_branch_python_dop_operator_3.py took 0.152 seconds
[2022-09-05 02:34:11,159] {scheduler_job.py:182} INFO - Started process (PID=2297) to work on /home/airflow/.local/lib/python3.6/site-packages/airflow/example_dags/example_branch_python_dop_operator_3.py
[2022-09-05 02:34:11,161] {scheduler_job.py:629} INFO - Processing file /home/airflow/.local/lib/python3.6/site-packages/airflow/example_dags/example_branch_python_dop_operator_3.py for tasks to queue
[2022-09-05 02:34:11,163] {logging_mixin.py:104} INFO - [2022-09-05 02:34:11,163] {dagbag.py:448} INFO - Filling up the DagBag from /home/airflow/.local/lib/python3.6/site-packages/airflow/example_dags/example_branch_python_dop_operator_3.py
[2022-09-05 02:34:11,185] {scheduler_job.py:639} INFO - DAG(s) dict_keys(['example_branch_dop_operator_v3']) retrieved from /home/airflow/.local/lib/python3.6/site-packages/airflow/example_dags/example_branch_python_dop_operator_3.py
[2022-09-05 02:34:11,214] {logging_mixin.py:104} INFO - [2022-09-05 02:34:11,213] {dag.py:1818} INFO - Sync 1 DAGs
[2022-09-05 02:34:11,270] {logging_mixin.py:104} INFO - [2022-09-05 02:34:11,270] {dag.py:2273} INFO - Setting next_dagrun for example_branch_dop_operator_v3 to 2022-09-03 00:00:00+00:00
[2022-09-05 02:34:11,316] {scheduler_job.py:190} INFO - Processing /home/airflow/.local/lib/python3.6/site-packages/airflow/example_dags/example_branch_python_dop_operator_3.py took 0.161 seconds
[2022-09-05 02:34:41,819] {scheduler_job.py:182} INFO - Started process (PID=2427) to work on /home/airflow/.local/lib/python3.6/site-packages/airflow/example_dags/example_branch_python_dop_operator_3.py
[2022-09-05 02:34:41,821] {scheduler_job.py:629} INFO - Processing file /home/airflow/.local/lib/python3.6/site-packages/airflow/example_dags/example_branch_python_dop_operator_3.py for tasks to queue
[2022-09-05 02:34:41,823] {logging_mixin.py:104} INFO - [2022-09-05 02:34:41,823] {dagbag.py:448} INFO - Filling up the DagBag from /home/airflow/.local/lib/python3.6/site-packages/airflow/example_dags/example_branch_python_dop_operator_3.py
[2022-09-05 02:34:41,846] {scheduler_job.py:639} INFO - DAG(s) dict_keys(['example_branch_dop_operator_v3']) retrieved from /home/airflow/.local/lib/python3.6/site-packages/airflow/example_dags/example_branch_python_dop_operator_3.py
[2022-09-05 02:34:41,878] {logging_mixin.py:104} INFO - [2022-09-05 02:34:41,878] {dag.py:1818} INFO - Sync 1 DAGs
[2022-09-05 02:34:41,927] {logging_mixin.py:104} INFO - [2022-09-05 02:34:41,927] {dag.py:2273} INFO - Setting next_dagrun for example_branch_dop_operator_v3 to 2022-09-03 00:00:00+00:00
[2022-09-05 02:34:41,994] {scheduler_job.py:190} INFO - Processing /home/airflow/.local/lib/python3.6/site-packages/airflow/example_dags/example_branch_python_dop_operator_3.py took 0.178 seconds
[2022-09-05 02:35:12,285] {scheduler_job.py:182} INFO - Started process (PID=2556) to work on /home/airflow/.local/lib/python3.6/site-packages/airflow/example_dags/example_branch_python_dop_operator_3.py
[2022-09-05 02:35:12,288] {scheduler_job.py:629} INFO - Processing file /home/airflow/.local/lib/python3.6/site-packages/airflow/example_dags/example_branch_python_dop_operator_3.py for tasks to queue
[2022-09-05 02:35:12,290] {logging_mixin.py:104} INFO - [2022-09-05 02:35:12,290] {dagbag.py:448} INFO - Filling up the DagBag from /home/airflow/.local/lib/python3.6/site-packages/airflow/example_dags/example_branch_python_dop_operator_3.py
[2022-09-05 02:35:12,308] {scheduler_job.py:639} INFO - DAG(s) dict_keys(['example_branch_dop_operator_v3']) retrieved from /home/airflow/.local/lib/python3.6/site-packages/airflow/example_dags/example_branch_python_dop_operator_3.py
[2022-09-05 02:35:12,340] {logging_mixin.py:104} INFO - [2022-09-05 02:35:12,339] {dag.py:1818} INFO - Sync 1 DAGs
[2022-09-05 02:35:12,394] {logging_mixin.py:104} INFO - [2022-09-05 02:35:12,394] {dag.py:2273} INFO - Setting next_dagrun for example_branch_dop_operator_v3 to 2022-09-03 00:00:00+00:00
[2022-09-05 02:35:12,450] {scheduler_job.py:190} INFO - Processing /home/airflow/.local/lib/python3.6/site-packages/airflow/example_dags/example_branch_python_dop_operator_3.py took 0.172 seconds
[2022-09-05 02:35:42,699] {scheduler_job.py:182} INFO - Started process (PID=2687) to work on /home/airflow/.local/lib/python3.6/site-packages/airflow/example_dags/example_branch_python_dop_operator_3.py
[2022-09-05 02:35:42,703] {scheduler_job.py:629} INFO - Processing file /home/airflow/.local/lib/python3.6/site-packages/airflow/example_dags/example_branch_python_dop_operator_3.py for tasks to queue
[2022-09-05 02:35:42,705] {logging_mixin.py:104} INFO - [2022-09-05 02:35:42,705] {dagbag.py:448} INFO - Filling up the DagBag from /home/airflow/.local/lib/python3.6/site-packages/airflow/example_dags/example_branch_python_dop_operator_3.py
[2022-09-05 02:35:42,746] {scheduler_job.py:639} INFO - DAG(s) dict_keys(['example_branch_dop_operator_v3']) retrieved from /home/airflow/.local/lib/python3.6/site-packages/airflow/example_dags/example_branch_python_dop_operator_3.py
[2022-09-05 02:35:42,789] {logging_mixin.py:104} INFO - [2022-09-05 02:35:42,789] {dag.py:1818} INFO - Sync 1 DAGs
[2022-09-05 02:35:42,847] {logging_mixin.py:104} INFO - [2022-09-05 02:35:42,846] {dag.py:2273} INFO - Setting next_dagrun for example_branch_dop_operator_v3 to 2022-09-03 00:00:00+00:00
[2022-09-05 02:35:42,887] {scheduler_job.py:190} INFO - Processing /home/airflow/.local/lib/python3.6/site-packages/airflow/example_dags/example_branch_python_dop_operator_3.py took 0.197 seconds
[2022-09-05 02:36:13,145] {scheduler_job.py:182} INFO - Started process (PID=2817) to work on /home/airflow/.local/lib/python3.6/site-packages/airflow/example_dags/example_branch_python_dop_operator_3.py
[2022-09-05 02:36:13,146] {scheduler_job.py:629} INFO - Processing file /home/airflow/.local/lib/python3.6/site-packages/airflow/example_dags/example_branch_python_dop_operator_3.py for tasks to queue
[2022-09-05 02:36:13,148] {logging_mixin.py:104} INFO - [2022-09-05 02:36:13,148] {dagbag.py:448} INFO - Filling up the DagBag from /home/airflow/.local/lib/python3.6/site-packages/airflow/example_dags/example_branch_python_dop_operator_3.py
[2022-09-05 02:36:13,173] {scheduler_job.py:639} INFO - DAG(s) dict_keys(['example_branch_dop_operator_v3']) retrieved from /home/airflow/.local/lib/python3.6/site-packages/airflow/example_dags/example_branch_python_dop_operator_3.py
[2022-09-05 02:36:13,203] {logging_mixin.py:104} INFO - [2022-09-05 02:36:13,203] {dag.py:1818} INFO - Sync 1 DAGs
[2022-09-05 02:36:13,274] {logging_mixin.py:104} INFO - [2022-09-05 02:36:13,273] {dag.py:2273} INFO - Setting next_dagrun for example_branch_dop_operator_v3 to 2022-09-03 00:00:00+00:00
[2022-09-05 02:36:13,318] {scheduler_job.py:190} INFO - Processing /home/airflow/.local/lib/python3.6/site-packages/airflow/example_dags/example_branch_python_dop_operator_3.py took 0.176 seconds
[2022-09-05 02:36:43,468] {scheduler_job.py:182} INFO - Started process (PID=2947) to work on /home/airflow/.local/lib/python3.6/site-packages/airflow/example_dags/example_branch_python_dop_operator_3.py
[2022-09-05 02:36:43,470] {scheduler_job.py:629} INFO - Processing file /home/airflow/.local/lib/python3.6/site-packages/airflow/example_dags/example_branch_python_dop_operator_3.py for tasks to queue
[2022-09-05 02:36:43,471] {logging_mixin.py:104} INFO - [2022-09-05 02:36:43,471] {dagbag.py:448} INFO - Filling up the DagBag from /home/airflow/.local/lib/python3.6/site-packages/airflow/example_dags/example_branch_python_dop_operator_3.py
[2022-09-05 02:36:43,495] {scheduler_job.py:639} INFO - DAG(s) dict_keys(['example_branch_dop_operator_v3']) retrieved from /home/airflow/.local/lib/python3.6/site-packages/airflow/example_dags/example_branch_python_dop_operator_3.py
[2022-09-05 02:36:43,522] {logging_mixin.py:104} INFO - [2022-09-05 02:36:43,522] {dag.py:1818} INFO - Sync 1 DAGs
[2022-09-05 02:36:43,562] {logging_mixin.py:104} INFO - [2022-09-05 02:36:43,562] {dag.py:2273} INFO - Setting next_dagrun for example_branch_dop_operator_v3 to 2022-09-03 00:00:00+00:00
[2022-09-05 02:36:43,660] {scheduler_job.py:190} INFO - Processing /home/airflow/.local/lib/python3.6/site-packages/airflow/example_dags/example_branch_python_dop_operator_3.py took 0.195 seconds
