[2022-09-05 02:11:03,613] {scheduler_job.py:182} INFO - Started process (PID=228) to work on /home/airflow/.local/lib/python3.6/site-packages/airflow/example_dags/example_kubernetes_executor_config.py
[2022-09-05 02:11:03,617] {scheduler_job.py:629} INFO - Processing file /home/airflow/.local/lib/python3.6/site-packages/airflow/example_dags/example_kubernetes_executor_config.py for tasks to queue
[2022-09-05 02:11:03,619] {logging_mixin.py:104} INFO - [2022-09-05 02:11:03,618] {dagbag.py:448} INFO - Filling up the DagBag from /home/airflow/.local/lib/python3.6/site-packages/airflow/example_dags/example_kubernetes_executor_config.py
[2022-09-05 02:11:03,683] {scheduler_job.py:639} INFO - DAG(s) dict_keys(['example_kubernetes_executor_config']) retrieved from /home/airflow/.local/lib/python3.6/site-packages/airflow/example_dags/example_kubernetes_executor_config.py
[2022-09-05 02:11:03,733] {logging_mixin.py:104} INFO - [2022-09-05 02:11:03,732] {dag.py:1818} INFO - Sync 1 DAGs
[2022-09-05 02:11:03,755] {logging_mixin.py:104} INFO - [2022-09-05 02:11:03,754] {dag.py:1837} INFO - Creating ORM DAG for example_kubernetes_executor_config
[2022-09-05 02:11:03,766] {logging_mixin.py:104} INFO - [2022-09-05 02:11:03,766] {dag.py:2273} INFO - Setting next_dagrun for example_kubernetes_executor_config to None
[2022-09-05 02:11:03,838] {scheduler_job.py:190} INFO - Processing /home/airflow/.local/lib/python3.6/site-packages/airflow/example_dags/example_kubernetes_executor_config.py took 0.229 seconds
[2022-09-05 02:11:34,382] {scheduler_job.py:182} INFO - Started process (PID=343) to work on /home/airflow/.local/lib/python3.6/site-packages/airflow/example_dags/example_kubernetes_executor_config.py
[2022-09-05 02:11:34,387] {scheduler_job.py:629} INFO - Processing file /home/airflow/.local/lib/python3.6/site-packages/airflow/example_dags/example_kubernetes_executor_config.py for tasks to queue
[2022-09-05 02:11:34,390] {logging_mixin.py:104} INFO - [2022-09-05 02:11:34,390] {dagbag.py:448} INFO - Filling up the DagBag from /home/airflow/.local/lib/python3.6/site-packages/airflow/example_dags/example_kubernetes_executor_config.py
[2022-09-05 02:11:34,420] {scheduler_job.py:639} INFO - DAG(s) dict_keys(['example_kubernetes_executor_config']) retrieved from /home/airflow/.local/lib/python3.6/site-packages/airflow/example_dags/example_kubernetes_executor_config.py
[2022-09-05 02:11:34,495] {logging_mixin.py:104} INFO - [2022-09-05 02:11:34,495] {dag.py:1818} INFO - Sync 1 DAGs
[2022-09-05 02:11:34,533] {logging_mixin.py:104} INFO - [2022-09-05 02:11:34,533] {dag.py:2273} INFO - Setting next_dagrun for example_kubernetes_executor_config to None
[2022-09-05 02:11:34,574] {scheduler_job.py:190} INFO - Processing /home/airflow/.local/lib/python3.6/site-packages/airflow/example_dags/example_kubernetes_executor_config.py took 0.196 seconds
[2022-09-05 02:12:05,189] {scheduler_job.py:182} INFO - Started process (PID=463) to work on /home/airflow/.local/lib/python3.6/site-packages/airflow/example_dags/example_kubernetes_executor_config.py
[2022-09-05 02:12:05,191] {scheduler_job.py:629} INFO - Processing file /home/airflow/.local/lib/python3.6/site-packages/airflow/example_dags/example_kubernetes_executor_config.py for tasks to queue
[2022-09-05 02:12:05,193] {logging_mixin.py:104} INFO - [2022-09-05 02:12:05,193] {dagbag.py:448} INFO - Filling up the DagBag from /home/airflow/.local/lib/python3.6/site-packages/airflow/example_dags/example_kubernetes_executor_config.py
[2022-09-05 02:12:05,214] {scheduler_job.py:639} INFO - DAG(s) dict_keys(['example_kubernetes_executor_config']) retrieved from /home/airflow/.local/lib/python3.6/site-packages/airflow/example_dags/example_kubernetes_executor_config.py
[2022-09-05 02:12:05,252] {logging_mixin.py:104} INFO - [2022-09-05 02:12:05,252] {dag.py:1818} INFO - Sync 1 DAGs
[2022-09-05 02:12:05,273] {logging_mixin.py:104} INFO - [2022-09-05 02:12:05,272] {dag.py:2273} INFO - Setting next_dagrun for example_kubernetes_executor_config to None
[2022-09-05 02:12:05,311] {scheduler_job.py:190} INFO - Processing /home/airflow/.local/lib/python3.6/site-packages/airflow/example_dags/example_kubernetes_executor_config.py took 0.125 seconds
[2022-09-05 02:12:36,197] {scheduler_job.py:182} INFO - Started process (PID=603) to work on /home/airflow/.local/lib/python3.6/site-packages/airflow/example_dags/example_kubernetes_executor_config.py
[2022-09-05 02:12:36,199] {scheduler_job.py:629} INFO - Processing file /home/airflow/.local/lib/python3.6/site-packages/airflow/example_dags/example_kubernetes_executor_config.py for tasks to queue
[2022-09-05 02:12:36,201] {logging_mixin.py:104} INFO - [2022-09-05 02:12:36,200] {dagbag.py:448} INFO - Filling up the DagBag from /home/airflow/.local/lib/python3.6/site-packages/airflow/example_dags/example_kubernetes_executor_config.py
[2022-09-05 02:12:36,222] {scheduler_job.py:639} INFO - DAG(s) dict_keys(['example_kubernetes_executor_config']) retrieved from /home/airflow/.local/lib/python3.6/site-packages/airflow/example_dags/example_kubernetes_executor_config.py
[2022-09-05 02:12:36,256] {logging_mixin.py:104} INFO - [2022-09-05 02:12:36,256] {dag.py:1818} INFO - Sync 1 DAGs
[2022-09-05 02:12:36,273] {logging_mixin.py:104} INFO - [2022-09-05 02:12:36,273] {dag.py:2273} INFO - Setting next_dagrun for example_kubernetes_executor_config to None
[2022-09-05 02:12:36,311] {scheduler_job.py:190} INFO - Processing /home/airflow/.local/lib/python3.6/site-packages/airflow/example_dags/example_kubernetes_executor_config.py took 0.118 seconds
[2022-09-05 02:13:06,436] {scheduler_job.py:182} INFO - Started process (PID=728) to work on /home/airflow/.local/lib/python3.6/site-packages/airflow/example_dags/example_kubernetes_executor_config.py
[2022-09-05 02:13:06,437] {scheduler_job.py:629} INFO - Processing file /home/airflow/.local/lib/python3.6/site-packages/airflow/example_dags/example_kubernetes_executor_config.py for tasks to queue
[2022-09-05 02:13:06,438] {logging_mixin.py:104} INFO - [2022-09-05 02:13:06,438] {dagbag.py:448} INFO - Filling up the DagBag from /home/airflow/.local/lib/python3.6/site-packages/airflow/example_dags/example_kubernetes_executor_config.py
[2022-09-05 02:13:06,457] {scheduler_job.py:639} INFO - DAG(s) dict_keys(['example_kubernetes_executor_config']) retrieved from /home/airflow/.local/lib/python3.6/site-packages/airflow/example_dags/example_kubernetes_executor_config.py
[2022-09-05 02:13:06,495] {logging_mixin.py:104} INFO - [2022-09-05 02:13:06,495] {dag.py:1818} INFO - Sync 1 DAGs
[2022-09-05 02:13:06,516] {logging_mixin.py:104} INFO - [2022-09-05 02:13:06,516] {dag.py:2273} INFO - Setting next_dagrun for example_kubernetes_executor_config to None
[2022-09-05 02:13:06,566] {scheduler_job.py:190} INFO - Processing /home/airflow/.local/lib/python3.6/site-packages/airflow/example_dags/example_kubernetes_executor_config.py took 0.133 seconds
[2022-09-05 02:13:36,679] {scheduler_job.py:182} INFO - Started process (PID=853) to work on /home/airflow/.local/lib/python3.6/site-packages/airflow/example_dags/example_kubernetes_executor_config.py
[2022-09-05 02:13:36,681] {scheduler_job.py:629} INFO - Processing file /home/airflow/.local/lib/python3.6/site-packages/airflow/example_dags/example_kubernetes_executor_config.py for tasks to queue
[2022-09-05 02:13:36,682] {logging_mixin.py:104} INFO - [2022-09-05 02:13:36,682] {dagbag.py:448} INFO - Filling up the DagBag from /home/airflow/.local/lib/python3.6/site-packages/airflow/example_dags/example_kubernetes_executor_config.py
[2022-09-05 02:13:36,709] {scheduler_job.py:639} INFO - DAG(s) dict_keys(['example_kubernetes_executor_config']) retrieved from /home/airflow/.local/lib/python3.6/site-packages/airflow/example_dags/example_kubernetes_executor_config.py
[2022-09-05 02:13:36,737] {logging_mixin.py:104} INFO - [2022-09-05 02:13:36,737] {dag.py:1818} INFO - Sync 1 DAGs
[2022-09-05 02:13:36,758] {logging_mixin.py:104} INFO - [2022-09-05 02:13:36,757] {dag.py:2273} INFO - Setting next_dagrun for example_kubernetes_executor_config to None
[2022-09-05 02:13:36,809] {scheduler_job.py:190} INFO - Processing /home/airflow/.local/lib/python3.6/site-packages/airflow/example_dags/example_kubernetes_executor_config.py took 0.133 seconds
[2022-09-05 02:14:07,294] {scheduler_job.py:182} INFO - Started process (PID=983) to work on /home/airflow/.local/lib/python3.6/site-packages/airflow/example_dags/example_kubernetes_executor_config.py
[2022-09-05 02:14:07,296] {scheduler_job.py:629} INFO - Processing file /home/airflow/.local/lib/python3.6/site-packages/airflow/example_dags/example_kubernetes_executor_config.py for tasks to queue
[2022-09-05 02:14:07,298] {logging_mixin.py:104} INFO - [2022-09-05 02:14:07,298] {dagbag.py:448} INFO - Filling up the DagBag from /home/airflow/.local/lib/python3.6/site-packages/airflow/example_dags/example_kubernetes_executor_config.py
[2022-09-05 02:14:07,319] {scheduler_job.py:639} INFO - DAG(s) dict_keys(['example_kubernetes_executor_config']) retrieved from /home/airflow/.local/lib/python3.6/site-packages/airflow/example_dags/example_kubernetes_executor_config.py
[2022-09-05 02:14:07,346] {logging_mixin.py:104} INFO - [2022-09-05 02:14:07,346] {dag.py:1818} INFO - Sync 1 DAGs
[2022-09-05 02:14:07,363] {logging_mixin.py:104} INFO - [2022-09-05 02:14:07,363] {dag.py:2273} INFO - Setting next_dagrun for example_kubernetes_executor_config to None
[2022-09-05 02:14:07,397] {scheduler_job.py:190} INFO - Processing /home/airflow/.local/lib/python3.6/site-packages/airflow/example_dags/example_kubernetes_executor_config.py took 0.106 seconds
[2022-09-05 02:14:39,102] {scheduler_job.py:182} INFO - Started process (PID=1148) to work on /home/airflow/.local/lib/python3.6/site-packages/airflow/example_dags/example_kubernetes_executor_config.py
[2022-09-05 02:14:39,104] {scheduler_job.py:629} INFO - Processing file /home/airflow/.local/lib/python3.6/site-packages/airflow/example_dags/example_kubernetes_executor_config.py for tasks to queue
[2022-09-05 02:14:39,105] {logging_mixin.py:104} INFO - [2022-09-05 02:14:39,105] {dagbag.py:448} INFO - Filling up the DagBag from /home/airflow/.local/lib/python3.6/site-packages/airflow/example_dags/example_kubernetes_executor_config.py
[2022-09-05 02:14:39,129] {scheduler_job.py:639} INFO - DAG(s) dict_keys(['example_kubernetes_executor_config']) retrieved from /home/airflow/.local/lib/python3.6/site-packages/airflow/example_dags/example_kubernetes_executor_config.py
[2022-09-05 02:14:39,161] {logging_mixin.py:104} INFO - [2022-09-05 02:14:39,161] {dag.py:1818} INFO - Sync 1 DAGs
[2022-09-05 02:14:39,184] {logging_mixin.py:104} INFO - [2022-09-05 02:14:39,183] {dag.py:2273} INFO - Setting next_dagrun for example_kubernetes_executor_config to None
[2022-09-05 02:14:39,227] {scheduler_job.py:190} INFO - Processing /home/airflow/.local/lib/python3.6/site-packages/airflow/example_dags/example_kubernetes_executor_config.py took 0.128 seconds
[2022-09-05 02:15:09,385] {scheduler_job.py:182} INFO - Started process (PID=1283) to work on /home/airflow/.local/lib/python3.6/site-packages/airflow/example_dags/example_kubernetes_executor_config.py
[2022-09-05 02:15:09,387] {scheduler_job.py:629} INFO - Processing file /home/airflow/.local/lib/python3.6/site-packages/airflow/example_dags/example_kubernetes_executor_config.py for tasks to queue
[2022-09-05 02:15:09,388] {logging_mixin.py:104} INFO - [2022-09-05 02:15:09,388] {dagbag.py:448} INFO - Filling up the DagBag from /home/airflow/.local/lib/python3.6/site-packages/airflow/example_dags/example_kubernetes_executor_config.py
[2022-09-05 02:15:09,410] {scheduler_job.py:639} INFO - DAG(s) dict_keys(['example_kubernetes_executor_config']) retrieved from /home/airflow/.local/lib/python3.6/site-packages/airflow/example_dags/example_kubernetes_executor_config.py
[2022-09-05 02:15:09,436] {logging_mixin.py:104} INFO - [2022-09-05 02:15:09,436] {dag.py:1818} INFO - Sync 1 DAGs
[2022-09-05 02:15:09,456] {logging_mixin.py:104} INFO - [2022-09-05 02:15:09,456] {dag.py:2273} INFO - Setting next_dagrun for example_kubernetes_executor_config to None
[2022-09-05 02:15:09,491] {scheduler_job.py:190} INFO - Processing /home/airflow/.local/lib/python3.6/site-packages/airflow/example_dags/example_kubernetes_executor_config.py took 0.109 seconds
[2022-09-05 02:15:39,652] {scheduler_job.py:182} INFO - Started process (PID=1413) to work on /home/airflow/.local/lib/python3.6/site-packages/airflow/example_dags/example_kubernetes_executor_config.py
[2022-09-05 02:15:39,654] {scheduler_job.py:629} INFO - Processing file /home/airflow/.local/lib/python3.6/site-packages/airflow/example_dags/example_kubernetes_executor_config.py for tasks to queue
[2022-09-05 02:15:39,656] {logging_mixin.py:104} INFO - [2022-09-05 02:15:39,655] {dagbag.py:448} INFO - Filling up the DagBag from /home/airflow/.local/lib/python3.6/site-packages/airflow/example_dags/example_kubernetes_executor_config.py
[2022-09-05 02:15:39,679] {scheduler_job.py:639} INFO - DAG(s) dict_keys(['example_kubernetes_executor_config']) retrieved from /home/airflow/.local/lib/python3.6/site-packages/airflow/example_dags/example_kubernetes_executor_config.py
[2022-09-05 02:15:39,710] {logging_mixin.py:104} INFO - [2022-09-05 02:15:39,710] {dag.py:1818} INFO - Sync 1 DAGs
[2022-09-05 02:15:39,728] {logging_mixin.py:104} INFO - [2022-09-05 02:15:39,728] {dag.py:2273} INFO - Setting next_dagrun for example_kubernetes_executor_config to None
[2022-09-05 02:15:39,759] {scheduler_job.py:190} INFO - Processing /home/airflow/.local/lib/python3.6/site-packages/airflow/example_dags/example_kubernetes_executor_config.py took 0.112 seconds
[2022-09-05 02:16:10,079] {scheduler_job.py:182} INFO - Started process (PID=1538) to work on /home/airflow/.local/lib/python3.6/site-packages/airflow/example_dags/example_kubernetes_executor_config.py
[2022-09-05 02:16:10,085] {scheduler_job.py:629} INFO - Processing file /home/airflow/.local/lib/python3.6/site-packages/airflow/example_dags/example_kubernetes_executor_config.py for tasks to queue
[2022-09-05 02:16:10,087] {logging_mixin.py:104} INFO - [2022-09-05 02:16:10,087] {dagbag.py:448} INFO - Filling up the DagBag from /home/airflow/.local/lib/python3.6/site-packages/airflow/example_dags/example_kubernetes_executor_config.py
[2022-09-05 02:16:10,103] {scheduler_job.py:639} INFO - DAG(s) dict_keys(['example_kubernetes_executor_config']) retrieved from /home/airflow/.local/lib/python3.6/site-packages/airflow/example_dags/example_kubernetes_executor_config.py
[2022-09-05 02:16:10,129] {logging_mixin.py:104} INFO - [2022-09-05 02:16:10,129] {dag.py:1818} INFO - Sync 1 DAGs
[2022-09-05 02:16:10,146] {logging_mixin.py:104} INFO - [2022-09-05 02:16:10,146] {dag.py:2273} INFO - Setting next_dagrun for example_kubernetes_executor_config to None
[2022-09-05 02:16:10,178] {scheduler_job.py:190} INFO - Processing /home/airflow/.local/lib/python3.6/site-packages/airflow/example_dags/example_kubernetes_executor_config.py took 0.103 seconds
[2022-09-05 02:16:41,802] {scheduler_job.py:182} INFO - Started process (PID=1688) to work on /home/airflow/.local/lib/python3.6/site-packages/airflow/example_dags/example_kubernetes_executor_config.py
[2022-09-05 02:16:41,806] {scheduler_job.py:629} INFO - Processing file /home/airflow/.local/lib/python3.6/site-packages/airflow/example_dags/example_kubernetes_executor_config.py for tasks to queue
[2022-09-05 02:16:41,808] {logging_mixin.py:104} INFO - [2022-09-05 02:16:41,808] {dagbag.py:448} INFO - Filling up the DagBag from /home/airflow/.local/lib/python3.6/site-packages/airflow/example_dags/example_kubernetes_executor_config.py
[2022-09-05 02:16:41,832] {scheduler_job.py:639} INFO - DAG(s) dict_keys(['example_kubernetes_executor_config']) retrieved from /home/airflow/.local/lib/python3.6/site-packages/airflow/example_dags/example_kubernetes_executor_config.py
[2022-09-05 02:16:41,876] {logging_mixin.py:104} INFO - [2022-09-05 02:16:41,875] {dag.py:1818} INFO - Sync 1 DAGs
[2022-09-05 02:16:41,912] {logging_mixin.py:104} INFO - [2022-09-05 02:16:41,912] {dag.py:2273} INFO - Setting next_dagrun for example_kubernetes_executor_config to None
[2022-09-05 02:16:41,956] {scheduler_job.py:190} INFO - Processing /home/airflow/.local/lib/python3.6/site-packages/airflow/example_dags/example_kubernetes_executor_config.py took 0.159 seconds
[2022-09-05 02:17:12,031] {scheduler_job.py:182} INFO - Started process (PID=1813) to work on /home/airflow/.local/lib/python3.6/site-packages/airflow/example_dags/example_kubernetes_executor_config.py
[2022-09-05 02:17:12,033] {scheduler_job.py:629} INFO - Processing file /home/airflow/.local/lib/python3.6/site-packages/airflow/example_dags/example_kubernetes_executor_config.py for tasks to queue
[2022-09-05 02:17:12,037] {logging_mixin.py:104} INFO - [2022-09-05 02:17:12,037] {dagbag.py:448} INFO - Filling up the DagBag from /home/airflow/.local/lib/python3.6/site-packages/airflow/example_dags/example_kubernetes_executor_config.py
[2022-09-05 02:17:12,061] {scheduler_job.py:639} INFO - DAG(s) dict_keys(['example_kubernetes_executor_config']) retrieved from /home/airflow/.local/lib/python3.6/site-packages/airflow/example_dags/example_kubernetes_executor_config.py
[2022-09-05 02:17:12,095] {logging_mixin.py:104} INFO - [2022-09-05 02:17:12,095] {dag.py:1818} INFO - Sync 1 DAGs
[2022-09-05 02:17:12,119] {logging_mixin.py:104} INFO - [2022-09-05 02:17:12,119] {dag.py:2273} INFO - Setting next_dagrun for example_kubernetes_executor_config to None
[2022-09-05 02:17:12,259] {scheduler_job.py:190} INFO - Processing /home/airflow/.local/lib/python3.6/site-packages/airflow/example_dags/example_kubernetes_executor_config.py took 0.232 seconds
[2022-09-05 02:17:43,535] {scheduler_job.py:182} INFO - Started process (PID=1948) to work on /home/airflow/.local/lib/python3.6/site-packages/airflow/example_dags/example_kubernetes_executor_config.py
[2022-09-05 02:17:43,537] {scheduler_job.py:629} INFO - Processing file /home/airflow/.local/lib/python3.6/site-packages/airflow/example_dags/example_kubernetes_executor_config.py for tasks to queue
[2022-09-05 02:17:43,539] {logging_mixin.py:104} INFO - [2022-09-05 02:17:43,538] {dagbag.py:448} INFO - Filling up the DagBag from /home/airflow/.local/lib/python3.6/site-packages/airflow/example_dags/example_kubernetes_executor_config.py
[2022-09-05 02:17:43,572] {scheduler_job.py:639} INFO - DAG(s) dict_keys(['example_kubernetes_executor_config']) retrieved from /home/airflow/.local/lib/python3.6/site-packages/airflow/example_dags/example_kubernetes_executor_config.py
[2022-09-05 02:17:43,620] {logging_mixin.py:104} INFO - [2022-09-05 02:17:43,619] {dag.py:1818} INFO - Sync 1 DAGs
[2022-09-05 02:17:43,648] {logging_mixin.py:104} INFO - [2022-09-05 02:17:43,648] {dag.py:2273} INFO - Setting next_dagrun for example_kubernetes_executor_config to None
[2022-09-05 02:17:43,696] {scheduler_job.py:190} INFO - Processing /home/airflow/.local/lib/python3.6/site-packages/airflow/example_dags/example_kubernetes_executor_config.py took 0.170 seconds
[2022-09-05 02:18:14,204] {scheduler_job.py:182} INFO - Started process (PID=2068) to work on /home/airflow/.local/lib/python3.6/site-packages/airflow/example_dags/example_kubernetes_executor_config.py
[2022-09-05 02:18:14,206] {scheduler_job.py:629} INFO - Processing file /home/airflow/.local/lib/python3.6/site-packages/airflow/example_dags/example_kubernetes_executor_config.py for tasks to queue
[2022-09-05 02:18:14,207] {logging_mixin.py:104} INFO - [2022-09-05 02:18:14,207] {dagbag.py:448} INFO - Filling up the DagBag from /home/airflow/.local/lib/python3.6/site-packages/airflow/example_dags/example_kubernetes_executor_config.py
[2022-09-05 02:18:14,231] {scheduler_job.py:639} INFO - DAG(s) dict_keys(['example_kubernetes_executor_config']) retrieved from /home/airflow/.local/lib/python3.6/site-packages/airflow/example_dags/example_kubernetes_executor_config.py
[2022-09-05 02:18:14,262] {logging_mixin.py:104} INFO - [2022-09-05 02:18:14,262] {dag.py:1818} INFO - Sync 1 DAGs
[2022-09-05 02:18:14,288] {logging_mixin.py:104} INFO - [2022-09-05 02:18:14,288] {dag.py:2273} INFO - Setting next_dagrun for example_kubernetes_executor_config to None
[2022-09-05 02:18:14,339] {scheduler_job.py:190} INFO - Processing /home/airflow/.local/lib/python3.6/site-packages/airflow/example_dags/example_kubernetes_executor_config.py took 0.139 seconds
[2022-09-05 02:18:44,393] {scheduler_job.py:182} INFO - Started process (PID=2190) to work on /home/airflow/.local/lib/python3.6/site-packages/airflow/example_dags/example_kubernetes_executor_config.py
[2022-09-05 02:18:44,395] {scheduler_job.py:629} INFO - Processing file /home/airflow/.local/lib/python3.6/site-packages/airflow/example_dags/example_kubernetes_executor_config.py for tasks to queue
[2022-09-05 02:18:44,396] {logging_mixin.py:104} INFO - [2022-09-05 02:18:44,396] {dagbag.py:448} INFO - Filling up the DagBag from /home/airflow/.local/lib/python3.6/site-packages/airflow/example_dags/example_kubernetes_executor_config.py
[2022-09-05 02:18:44,414] {scheduler_job.py:639} INFO - DAG(s) dict_keys(['example_kubernetes_executor_config']) retrieved from /home/airflow/.local/lib/python3.6/site-packages/airflow/example_dags/example_kubernetes_executor_config.py
[2022-09-05 02:18:44,450] {logging_mixin.py:104} INFO - [2022-09-05 02:18:44,450] {dag.py:1818} INFO - Sync 1 DAGs
[2022-09-05 02:18:44,471] {logging_mixin.py:104} INFO - [2022-09-05 02:18:44,471] {dag.py:2273} INFO - Setting next_dagrun for example_kubernetes_executor_config to None
[2022-09-05 02:18:44,522] {scheduler_job.py:190} INFO - Processing /home/airflow/.local/lib/python3.6/site-packages/airflow/example_dags/example_kubernetes_executor_config.py took 0.132 seconds
[2022-09-05 02:19:14,575] {scheduler_job.py:182} INFO - Started process (PID=2318) to work on /home/airflow/.local/lib/python3.6/site-packages/airflow/example_dags/example_kubernetes_executor_config.py
[2022-09-05 02:19:14,577] {scheduler_job.py:629} INFO - Processing file /home/airflow/.local/lib/python3.6/site-packages/airflow/example_dags/example_kubernetes_executor_config.py for tasks to queue
[2022-09-05 02:19:14,579] {logging_mixin.py:104} INFO - [2022-09-05 02:19:14,579] {dagbag.py:448} INFO - Filling up the DagBag from /home/airflow/.local/lib/python3.6/site-packages/airflow/example_dags/example_kubernetes_executor_config.py
[2022-09-05 02:19:14,597] {scheduler_job.py:639} INFO - DAG(s) dict_keys(['example_kubernetes_executor_config']) retrieved from /home/airflow/.local/lib/python3.6/site-packages/airflow/example_dags/example_kubernetes_executor_config.py
[2022-09-05 02:19:14,628] {logging_mixin.py:104} INFO - [2022-09-05 02:19:14,627] {dag.py:1818} INFO - Sync 1 DAGs
[2022-09-05 02:19:14,646] {logging_mixin.py:104} INFO - [2022-09-05 02:19:14,646] {dag.py:2273} INFO - Setting next_dagrun for example_kubernetes_executor_config to None
[2022-09-05 02:19:14,686] {scheduler_job.py:190} INFO - Processing /home/airflow/.local/lib/python3.6/site-packages/airflow/example_dags/example_kubernetes_executor_config.py took 0.116 seconds
[2022-09-05 02:19:45,295] {scheduler_job.py:182} INFO - Started process (PID=2458) to work on /home/airflow/.local/lib/python3.6/site-packages/airflow/example_dags/example_kubernetes_executor_config.py
[2022-09-05 02:19:45,297] {scheduler_job.py:629} INFO - Processing file /home/airflow/.local/lib/python3.6/site-packages/airflow/example_dags/example_kubernetes_executor_config.py for tasks to queue
[2022-09-05 02:19:45,298] {logging_mixin.py:104} INFO - [2022-09-05 02:19:45,298] {dagbag.py:448} INFO - Filling up the DagBag from /home/airflow/.local/lib/python3.6/site-packages/airflow/example_dags/example_kubernetes_executor_config.py
[2022-09-05 02:19:45,317] {scheduler_job.py:639} INFO - DAG(s) dict_keys(['example_kubernetes_executor_config']) retrieved from /home/airflow/.local/lib/python3.6/site-packages/airflow/example_dags/example_kubernetes_executor_config.py
[2022-09-05 02:19:45,352] {logging_mixin.py:104} INFO - [2022-09-05 02:19:45,352] {dag.py:1818} INFO - Sync 1 DAGs
[2022-09-05 02:19:45,373] {logging_mixin.py:104} INFO - [2022-09-05 02:19:45,373] {dag.py:2273} INFO - Setting next_dagrun for example_kubernetes_executor_config to None
[2022-09-05 02:19:45,423] {scheduler_job.py:190} INFO - Processing /home/airflow/.local/lib/python3.6/site-packages/airflow/example_dags/example_kubernetes_executor_config.py took 0.132 seconds
[2022-09-05 02:20:15,563] {scheduler_job.py:182} INFO - Started process (PID=2588) to work on /home/airflow/.local/lib/python3.6/site-packages/airflow/example_dags/example_kubernetes_executor_config.py
[2022-09-05 02:20:15,565] {scheduler_job.py:629} INFO - Processing file /home/airflow/.local/lib/python3.6/site-packages/airflow/example_dags/example_kubernetes_executor_config.py for tasks to queue
[2022-09-05 02:20:15,566] {logging_mixin.py:104} INFO - [2022-09-05 02:20:15,566] {dagbag.py:448} INFO - Filling up the DagBag from /home/airflow/.local/lib/python3.6/site-packages/airflow/example_dags/example_kubernetes_executor_config.py
[2022-09-05 02:20:15,584] {scheduler_job.py:639} INFO - DAG(s) dict_keys(['example_kubernetes_executor_config']) retrieved from /home/airflow/.local/lib/python3.6/site-packages/airflow/example_dags/example_kubernetes_executor_config.py
[2022-09-05 02:20:15,613] {logging_mixin.py:104} INFO - [2022-09-05 02:20:15,613] {dag.py:1818} INFO - Sync 1 DAGs
[2022-09-05 02:20:15,633] {logging_mixin.py:104} INFO - [2022-09-05 02:20:15,632] {dag.py:2273} INFO - Setting next_dagrun for example_kubernetes_executor_config to None
[2022-09-05 02:20:15,673] {scheduler_job.py:190} INFO - Processing /home/airflow/.local/lib/python3.6/site-packages/airflow/example_dags/example_kubernetes_executor_config.py took 0.114 seconds
[2022-09-05 02:20:46,186] {scheduler_job.py:182} INFO - Started process (PID=2718) to work on /home/airflow/.local/lib/python3.6/site-packages/airflow/example_dags/example_kubernetes_executor_config.py
[2022-09-05 02:20:46,188] {scheduler_job.py:629} INFO - Processing file /home/airflow/.local/lib/python3.6/site-packages/airflow/example_dags/example_kubernetes_executor_config.py for tasks to queue
[2022-09-05 02:20:46,189] {logging_mixin.py:104} INFO - [2022-09-05 02:20:46,189] {dagbag.py:448} INFO - Filling up the DagBag from /home/airflow/.local/lib/python3.6/site-packages/airflow/example_dags/example_kubernetes_executor_config.py
[2022-09-05 02:20:46,205] {scheduler_job.py:639} INFO - DAG(s) dict_keys(['example_kubernetes_executor_config']) retrieved from /home/airflow/.local/lib/python3.6/site-packages/airflow/example_dags/example_kubernetes_executor_config.py
[2022-09-05 02:20:46,254] {logging_mixin.py:104} INFO - [2022-09-05 02:20:46,254] {dag.py:1818} INFO - Sync 1 DAGs
[2022-09-05 02:20:46,274] {logging_mixin.py:104} INFO - [2022-09-05 02:20:46,273] {dag.py:2273} INFO - Setting next_dagrun for example_kubernetes_executor_config to None
[2022-09-05 02:20:46,302] {scheduler_job.py:190} INFO - Processing /home/airflow/.local/lib/python3.6/site-packages/airflow/example_dags/example_kubernetes_executor_config.py took 0.121 seconds
[2022-09-05 02:21:16,515] {scheduler_job.py:182} INFO - Started process (PID=2848) to work on /home/airflow/.local/lib/python3.6/site-packages/airflow/example_dags/example_kubernetes_executor_config.py
[2022-09-05 02:21:16,517] {scheduler_job.py:629} INFO - Processing file /home/airflow/.local/lib/python3.6/site-packages/airflow/example_dags/example_kubernetes_executor_config.py for tasks to queue
[2022-09-05 02:21:16,518] {logging_mixin.py:104} INFO - [2022-09-05 02:21:16,518] {dagbag.py:448} INFO - Filling up the DagBag from /home/airflow/.local/lib/python3.6/site-packages/airflow/example_dags/example_kubernetes_executor_config.py
[2022-09-05 02:21:16,543] {scheduler_job.py:639} INFO - DAG(s) dict_keys(['example_kubernetes_executor_config']) retrieved from /home/airflow/.local/lib/python3.6/site-packages/airflow/example_dags/example_kubernetes_executor_config.py
[2022-09-05 02:21:16,579] {logging_mixin.py:104} INFO - [2022-09-05 02:21:16,579] {dag.py:1818} INFO - Sync 1 DAGs
[2022-09-05 02:21:16,598] {logging_mixin.py:104} INFO - [2022-09-05 02:21:16,598] {dag.py:2273} INFO - Setting next_dagrun for example_kubernetes_executor_config to None
[2022-09-05 02:21:16,658] {scheduler_job.py:190} INFO - Processing /home/airflow/.local/lib/python3.6/site-packages/airflow/example_dags/example_kubernetes_executor_config.py took 0.148 seconds
[2022-09-05 02:21:47,182] {scheduler_job.py:182} INFO - Started process (PID=2978) to work on /home/airflow/.local/lib/python3.6/site-packages/airflow/example_dags/example_kubernetes_executor_config.py
[2022-09-05 02:21:47,183] {scheduler_job.py:629} INFO - Processing file /home/airflow/.local/lib/python3.6/site-packages/airflow/example_dags/example_kubernetes_executor_config.py for tasks to queue
[2022-09-05 02:21:47,185] {logging_mixin.py:104} INFO - [2022-09-05 02:21:47,184] {dagbag.py:448} INFO - Filling up the DagBag from /home/airflow/.local/lib/python3.6/site-packages/airflow/example_dags/example_kubernetes_executor_config.py
[2022-09-05 02:21:47,204] {scheduler_job.py:639} INFO - DAG(s) dict_keys(['example_kubernetes_executor_config']) retrieved from /home/airflow/.local/lib/python3.6/site-packages/airflow/example_dags/example_kubernetes_executor_config.py
[2022-09-05 02:21:47,232] {logging_mixin.py:104} INFO - [2022-09-05 02:21:47,232] {dag.py:1818} INFO - Sync 1 DAGs
[2022-09-05 02:21:47,252] {logging_mixin.py:104} INFO - [2022-09-05 02:21:47,252] {dag.py:2273} INFO - Setting next_dagrun for example_kubernetes_executor_config to None
[2022-09-05 02:21:47,287] {scheduler_job.py:190} INFO - Processing /home/airflow/.local/lib/python3.6/site-packages/airflow/example_dags/example_kubernetes_executor_config.py took 0.109 seconds
[2022-09-05 02:21:55,247] {scheduler_job.py:182} INFO - Started process (PID=207) to work on /home/airflow/.local/lib/python3.6/site-packages/airflow/example_dags/example_kubernetes_executor_config.py
[2022-09-05 02:21:55,252] {scheduler_job.py:629} INFO - Processing file /home/airflow/.local/lib/python3.6/site-packages/airflow/example_dags/example_kubernetes_executor_config.py for tasks to queue
[2022-09-05 02:21:55,254] {logging_mixin.py:104} INFO - [2022-09-05 02:21:55,254] {dagbag.py:448} INFO - Filling up the DagBag from /home/airflow/.local/lib/python3.6/site-packages/airflow/example_dags/example_kubernetes_executor_config.py
[2022-09-05 02:21:55,282] {scheduler_job.py:639} INFO - DAG(s) dict_keys(['example_kubernetes_executor_config']) retrieved from /home/airflow/.local/lib/python3.6/site-packages/airflow/example_dags/example_kubernetes_executor_config.py
[2022-09-05 02:21:55,326] {logging_mixin.py:104} INFO - [2022-09-05 02:21:55,325] {dag.py:1818} INFO - Sync 1 DAGs
[2022-09-05 02:21:55,349] {logging_mixin.py:104} INFO - [2022-09-05 02:21:55,349] {dag.py:2273} INFO - Setting next_dagrun for example_kubernetes_executor_config to None
[2022-09-05 02:21:55,435] {scheduler_job.py:190} INFO - Processing /home/airflow/.local/lib/python3.6/site-packages/airflow/example_dags/example_kubernetes_executor_config.py took 0.192 seconds
[2022-09-05 02:22:25,748] {scheduler_job.py:182} INFO - Started process (PID=342) to work on /home/airflow/.local/lib/python3.6/site-packages/airflow/example_dags/example_kubernetes_executor_config.py
[2022-09-05 02:22:25,750] {scheduler_job.py:629} INFO - Processing file /home/airflow/.local/lib/python3.6/site-packages/airflow/example_dags/example_kubernetes_executor_config.py for tasks to queue
[2022-09-05 02:22:25,751] {logging_mixin.py:104} INFO - [2022-09-05 02:22:25,751] {dagbag.py:448} INFO - Filling up the DagBag from /home/airflow/.local/lib/python3.6/site-packages/airflow/example_dags/example_kubernetes_executor_config.py
[2022-09-05 02:22:25,771] {scheduler_job.py:639} INFO - DAG(s) dict_keys(['example_kubernetes_executor_config']) retrieved from /home/airflow/.local/lib/python3.6/site-packages/airflow/example_dags/example_kubernetes_executor_config.py
[2022-09-05 02:22:25,808] {logging_mixin.py:104} INFO - [2022-09-05 02:22:25,807] {dag.py:1818} INFO - Sync 1 DAGs
[2022-09-05 02:22:25,834] {logging_mixin.py:104} INFO - [2022-09-05 02:22:25,834] {dag.py:2273} INFO - Setting next_dagrun for example_kubernetes_executor_config to None
[2022-09-05 02:22:25,875] {scheduler_job.py:190} INFO - Processing /home/airflow/.local/lib/python3.6/site-packages/airflow/example_dags/example_kubernetes_executor_config.py took 0.132 seconds
[2022-09-05 02:22:56,185] {scheduler_job.py:182} INFO - Started process (PID=467) to work on /home/airflow/.local/lib/python3.6/site-packages/airflow/example_dags/example_kubernetes_executor_config.py
[2022-09-05 02:22:56,186] {scheduler_job.py:629} INFO - Processing file /home/airflow/.local/lib/python3.6/site-packages/airflow/example_dags/example_kubernetes_executor_config.py for tasks to queue
[2022-09-05 02:22:56,188] {logging_mixin.py:104} INFO - [2022-09-05 02:22:56,188] {dagbag.py:448} INFO - Filling up the DagBag from /home/airflow/.local/lib/python3.6/site-packages/airflow/example_dags/example_kubernetes_executor_config.py
[2022-09-05 02:22:56,207] {scheduler_job.py:639} INFO - DAG(s) dict_keys(['example_kubernetes_executor_config']) retrieved from /home/airflow/.local/lib/python3.6/site-packages/airflow/example_dags/example_kubernetes_executor_config.py
[2022-09-05 02:22:56,255] {logging_mixin.py:104} INFO - [2022-09-05 02:22:56,255] {dag.py:1818} INFO - Sync 1 DAGs
[2022-09-05 02:22:56,278] {logging_mixin.py:104} INFO - [2022-09-05 02:22:56,278] {dag.py:2273} INFO - Setting next_dagrun for example_kubernetes_executor_config to None
[2022-09-05 02:22:56,402] {scheduler_job.py:190} INFO - Processing /home/airflow/.local/lib/python3.6/site-packages/airflow/example_dags/example_kubernetes_executor_config.py took 0.221 seconds
[2022-09-05 02:23:26,459] {scheduler_job.py:182} INFO - Started process (PID=597) to work on /home/airflow/.local/lib/python3.6/site-packages/airflow/example_dags/example_kubernetes_executor_config.py
[2022-09-05 02:23:26,462] {scheduler_job.py:629} INFO - Processing file /home/airflow/.local/lib/python3.6/site-packages/airflow/example_dags/example_kubernetes_executor_config.py for tasks to queue
[2022-09-05 02:23:26,463] {logging_mixin.py:104} INFO - [2022-09-05 02:23:26,463] {dagbag.py:448} INFO - Filling up the DagBag from /home/airflow/.local/lib/python3.6/site-packages/airflow/example_dags/example_kubernetes_executor_config.py
[2022-09-05 02:23:26,483] {scheduler_job.py:639} INFO - DAG(s) dict_keys(['example_kubernetes_executor_config']) retrieved from /home/airflow/.local/lib/python3.6/site-packages/airflow/example_dags/example_kubernetes_executor_config.py
[2022-09-05 02:23:26,515] {logging_mixin.py:104} INFO - [2022-09-05 02:23:26,514] {dag.py:1818} INFO - Sync 1 DAGs
[2022-09-05 02:23:26,540] {logging_mixin.py:104} INFO - [2022-09-05 02:23:26,540] {dag.py:2273} INFO - Setting next_dagrun for example_kubernetes_executor_config to None
[2022-09-05 02:23:26,572] {scheduler_job.py:190} INFO - Processing /home/airflow/.local/lib/python3.6/site-packages/airflow/example_dags/example_kubernetes_executor_config.py took 0.117 seconds
[2022-09-05 02:23:56,927] {scheduler_job.py:182} INFO - Started process (PID=732) to work on /home/airflow/.local/lib/python3.6/site-packages/airflow/example_dags/example_kubernetes_executor_config.py
[2022-09-05 02:23:56,930] {scheduler_job.py:629} INFO - Processing file /home/airflow/.local/lib/python3.6/site-packages/airflow/example_dags/example_kubernetes_executor_config.py for tasks to queue
[2022-09-05 02:23:56,932] {logging_mixin.py:104} INFO - [2022-09-05 02:23:56,932] {dagbag.py:448} INFO - Filling up the DagBag from /home/airflow/.local/lib/python3.6/site-packages/airflow/example_dags/example_kubernetes_executor_config.py
[2022-09-05 02:23:56,974] {scheduler_job.py:639} INFO - DAG(s) dict_keys(['example_kubernetes_executor_config']) retrieved from /home/airflow/.local/lib/python3.6/site-packages/airflow/example_dags/example_kubernetes_executor_config.py
[2022-09-05 02:23:57,024] {logging_mixin.py:104} INFO - [2022-09-05 02:23:57,023] {dag.py:1818} INFO - Sync 1 DAGs
[2022-09-05 02:23:57,054] {logging_mixin.py:104} INFO - [2022-09-05 02:23:57,053] {dag.py:2273} INFO - Setting next_dagrun for example_kubernetes_executor_config to None
[2022-09-05 02:23:57,100] {scheduler_job.py:190} INFO - Processing /home/airflow/.local/lib/python3.6/site-packages/airflow/example_dags/example_kubernetes_executor_config.py took 0.180 seconds
[2022-09-05 02:24:27,184] {scheduler_job.py:182} INFO - Started process (PID=844) to work on /home/airflow/.local/lib/python3.6/site-packages/airflow/example_dags/example_kubernetes_executor_config.py
[2022-09-05 02:24:27,186] {scheduler_job.py:629} INFO - Processing file /home/airflow/.local/lib/python3.6/site-packages/airflow/example_dags/example_kubernetes_executor_config.py for tasks to queue
[2022-09-05 02:24:27,187] {logging_mixin.py:104} INFO - [2022-09-05 02:24:27,187] {dagbag.py:448} INFO - Filling up the DagBag from /home/airflow/.local/lib/python3.6/site-packages/airflow/example_dags/example_kubernetes_executor_config.py
[2022-09-05 02:24:27,206] {scheduler_job.py:639} INFO - DAG(s) dict_keys(['example_kubernetes_executor_config']) retrieved from /home/airflow/.local/lib/python3.6/site-packages/airflow/example_dags/example_kubernetes_executor_config.py
[2022-09-05 02:24:27,239] {logging_mixin.py:104} INFO - [2022-09-05 02:24:27,239] {dag.py:1818} INFO - Sync 1 DAGs
[2022-09-05 02:24:27,260] {logging_mixin.py:104} INFO - [2022-09-05 02:24:27,260] {dag.py:2273} INFO - Setting next_dagrun for example_kubernetes_executor_config to None
[2022-09-05 02:24:27,300] {scheduler_job.py:190} INFO - Processing /home/airflow/.local/lib/python3.6/site-packages/airflow/example_dags/example_kubernetes_executor_config.py took 0.120 seconds
[2022-09-05 02:24:51,921] {scheduler_job.py:182} INFO - Started process (PID=161) to work on /home/airflow/.local/lib/python3.6/site-packages/airflow/example_dags/example_kubernetes_executor_config.py
[2022-09-05 02:24:51,924] {scheduler_job.py:629} INFO - Processing file /home/airflow/.local/lib/python3.6/site-packages/airflow/example_dags/example_kubernetes_executor_config.py for tasks to queue
[2022-09-05 02:24:51,926] {logging_mixin.py:104} INFO - [2022-09-05 02:24:51,925] {dagbag.py:448} INFO - Filling up the DagBag from /home/airflow/.local/lib/python3.6/site-packages/airflow/example_dags/example_kubernetes_executor_config.py
[2022-09-05 02:24:51,946] {scheduler_job.py:639} INFO - DAG(s) dict_keys(['example_kubernetes_executor_config']) retrieved from /home/airflow/.local/lib/python3.6/site-packages/airflow/example_dags/example_kubernetes_executor_config.py
[2022-09-05 02:24:51,980] {logging_mixin.py:104} INFO - [2022-09-05 02:24:51,980] {dag.py:1818} INFO - Sync 1 DAGs
[2022-09-05 02:24:52,007] {logging_mixin.py:104} INFO - [2022-09-05 02:24:52,007] {dag.py:2273} INFO - Setting next_dagrun for example_kubernetes_executor_config to None
[2022-09-05 02:24:52,052] {scheduler_job.py:190} INFO - Processing /home/airflow/.local/lib/python3.6/site-packages/airflow/example_dags/example_kubernetes_executor_config.py took 0.135 seconds
[2022-09-05 02:25:22,312] {scheduler_job.py:182} INFO - Started process (PID=291) to work on /home/airflow/.local/lib/python3.6/site-packages/airflow/example_dags/example_kubernetes_executor_config.py
[2022-09-05 02:25:22,315] {scheduler_job.py:629} INFO - Processing file /home/airflow/.local/lib/python3.6/site-packages/airflow/example_dags/example_kubernetes_executor_config.py for tasks to queue
[2022-09-05 02:25:22,317] {logging_mixin.py:104} INFO - [2022-09-05 02:25:22,316] {dagbag.py:448} INFO - Filling up the DagBag from /home/airflow/.local/lib/python3.6/site-packages/airflow/example_dags/example_kubernetes_executor_config.py
[2022-09-05 02:25:22,346] {scheduler_job.py:639} INFO - DAG(s) dict_keys(['example_kubernetes_executor_config']) retrieved from /home/airflow/.local/lib/python3.6/site-packages/airflow/example_dags/example_kubernetes_executor_config.py
[2022-09-05 02:25:22,401] {logging_mixin.py:104} INFO - [2022-09-05 02:25:22,400] {dag.py:1818} INFO - Sync 1 DAGs
[2022-09-05 02:25:22,437] {logging_mixin.py:104} INFO - [2022-09-05 02:25:22,436] {dag.py:2273} INFO - Setting next_dagrun for example_kubernetes_executor_config to None
[2022-09-05 02:25:22,492] {scheduler_job.py:190} INFO - Processing /home/airflow/.local/lib/python3.6/site-packages/airflow/example_dags/example_kubernetes_executor_config.py took 0.185 seconds
[2022-09-05 02:25:52,610] {scheduler_job.py:182} INFO - Started process (PID=418) to work on /home/airflow/.local/lib/python3.6/site-packages/airflow/example_dags/example_kubernetes_executor_config.py
[2022-09-05 02:25:52,612] {scheduler_job.py:629} INFO - Processing file /home/airflow/.local/lib/python3.6/site-packages/airflow/example_dags/example_kubernetes_executor_config.py for tasks to queue
[2022-09-05 02:25:52,613] {logging_mixin.py:104} INFO - [2022-09-05 02:25:52,613] {dagbag.py:448} INFO - Filling up the DagBag from /home/airflow/.local/lib/python3.6/site-packages/airflow/example_dags/example_kubernetes_executor_config.py
[2022-09-05 02:25:52,627] {scheduler_job.py:639} INFO - DAG(s) dict_keys(['example_kubernetes_executor_config']) retrieved from /home/airflow/.local/lib/python3.6/site-packages/airflow/example_dags/example_kubernetes_executor_config.py
[2022-09-05 02:25:52,655] {logging_mixin.py:104} INFO - [2022-09-05 02:25:52,655] {dag.py:1818} INFO - Sync 1 DAGs
[2022-09-05 02:25:52,672] {logging_mixin.py:104} INFO - [2022-09-05 02:25:52,672] {dag.py:2273} INFO - Setting next_dagrun for example_kubernetes_executor_config to None
[2022-09-05 02:25:52,835] {scheduler_job.py:190} INFO - Processing /home/airflow/.local/lib/python3.6/site-packages/airflow/example_dags/example_kubernetes_executor_config.py took 0.229 seconds
[2022-09-05 02:26:01,341] {scheduler_job.py:182} INFO - Started process (PID=158) to work on /home/airflow/.local/lib/python3.6/site-packages/airflow/example_dags/example_kubernetes_executor_config.py
[2022-09-05 02:26:01,343] {scheduler_job.py:629} INFO - Processing file /home/airflow/.local/lib/python3.6/site-packages/airflow/example_dags/example_kubernetes_executor_config.py for tasks to queue
[2022-09-05 02:26:01,345] {logging_mixin.py:104} INFO - [2022-09-05 02:26:01,345] {dagbag.py:448} INFO - Filling up the DagBag from /home/airflow/.local/lib/python3.6/site-packages/airflow/example_dags/example_kubernetes_executor_config.py
[2022-09-05 02:26:01,365] {scheduler_job.py:639} INFO - DAG(s) dict_keys(['example_kubernetes_executor_config']) retrieved from /home/airflow/.local/lib/python3.6/site-packages/airflow/example_dags/example_kubernetes_executor_config.py
[2022-09-05 02:26:01,394] {logging_mixin.py:104} INFO - [2022-09-05 02:26:01,394] {dag.py:1818} INFO - Sync 1 DAGs
[2022-09-05 02:26:01,413] {logging_mixin.py:104} INFO - [2022-09-05 02:26:01,413] {dag.py:2273} INFO - Setting next_dagrun for example_kubernetes_executor_config to None
[2022-09-05 02:26:01,464] {scheduler_job.py:190} INFO - Processing /home/airflow/.local/lib/python3.6/site-packages/airflow/example_dags/example_kubernetes_executor_config.py took 0.127 seconds
[2022-09-05 02:26:32,361] {scheduler_job.py:182} INFO - Started process (PID=292) to work on /home/airflow/.local/lib/python3.6/site-packages/airflow/example_dags/example_kubernetes_executor_config.py
[2022-09-05 02:26:32,363] {scheduler_job.py:629} INFO - Processing file /home/airflow/.local/lib/python3.6/site-packages/airflow/example_dags/example_kubernetes_executor_config.py for tasks to queue
[2022-09-05 02:26:32,364] {logging_mixin.py:104} INFO - [2022-09-05 02:26:32,364] {dagbag.py:448} INFO - Filling up the DagBag from /home/airflow/.local/lib/python3.6/site-packages/airflow/example_dags/example_kubernetes_executor_config.py
[2022-09-05 02:26:32,380] {scheduler_job.py:639} INFO - DAG(s) dict_keys(['example_kubernetes_executor_config']) retrieved from /home/airflow/.local/lib/python3.6/site-packages/airflow/example_dags/example_kubernetes_executor_config.py
[2022-09-05 02:26:32,413] {logging_mixin.py:104} INFO - [2022-09-05 02:26:32,413] {dag.py:1818} INFO - Sync 1 DAGs
[2022-09-05 02:26:32,432] {logging_mixin.py:104} INFO - [2022-09-05 02:26:32,431] {dag.py:2273} INFO - Setting next_dagrun for example_kubernetes_executor_config to None
[2022-09-05 02:26:32,485] {scheduler_job.py:190} INFO - Processing /home/airflow/.local/lib/python3.6/site-packages/airflow/example_dags/example_kubernetes_executor_config.py took 0.127 seconds
[2022-09-05 02:27:02,690] {scheduler_job.py:182} INFO - Started process (PID=422) to work on /home/airflow/.local/lib/python3.6/site-packages/airflow/example_dags/example_kubernetes_executor_config.py
[2022-09-05 02:27:02,692] {scheduler_job.py:629} INFO - Processing file /home/airflow/.local/lib/python3.6/site-packages/airflow/example_dags/example_kubernetes_executor_config.py for tasks to queue
[2022-09-05 02:27:02,693] {logging_mixin.py:104} INFO - [2022-09-05 02:27:02,693] {dagbag.py:448} INFO - Filling up the DagBag from /home/airflow/.local/lib/python3.6/site-packages/airflow/example_dags/example_kubernetes_executor_config.py
[2022-09-05 02:27:02,711] {scheduler_job.py:639} INFO - DAG(s) dict_keys(['example_kubernetes_executor_config']) retrieved from /home/airflow/.local/lib/python3.6/site-packages/airflow/example_dags/example_kubernetes_executor_config.py
[2022-09-05 02:27:02,746] {logging_mixin.py:104} INFO - [2022-09-05 02:27:02,746] {dag.py:1818} INFO - Sync 1 DAGs
[2022-09-05 02:27:02,767] {logging_mixin.py:104} INFO - [2022-09-05 02:27:02,767] {dag.py:2273} INFO - Setting next_dagrun for example_kubernetes_executor_config to None
[2022-09-05 02:27:02,838] {scheduler_job.py:190} INFO - Processing /home/airflow/.local/lib/python3.6/site-packages/airflow/example_dags/example_kubernetes_executor_config.py took 0.153 seconds
[2022-09-05 02:27:32,949] {scheduler_job.py:182} INFO - Started process (PID=551) to work on /home/airflow/.local/lib/python3.6/site-packages/airflow/example_dags/example_kubernetes_executor_config.py
[2022-09-05 02:27:32,952] {scheduler_job.py:629} INFO - Processing file /home/airflow/.local/lib/python3.6/site-packages/airflow/example_dags/example_kubernetes_executor_config.py for tasks to queue
[2022-09-05 02:27:32,954] {logging_mixin.py:104} INFO - [2022-09-05 02:27:32,953] {dagbag.py:448} INFO - Filling up the DagBag from /home/airflow/.local/lib/python3.6/site-packages/airflow/example_dags/example_kubernetes_executor_config.py
[2022-09-05 02:27:32,980] {scheduler_job.py:639} INFO - DAG(s) dict_keys(['example_kubernetes_executor_config']) retrieved from /home/airflow/.local/lib/python3.6/site-packages/airflow/example_dags/example_kubernetes_executor_config.py
[2022-09-05 02:27:33,024] {logging_mixin.py:104} INFO - [2022-09-05 02:27:33,024] {dag.py:1818} INFO - Sync 1 DAGs
[2022-09-05 02:27:33,049] {logging_mixin.py:104} INFO - [2022-09-05 02:27:33,048] {dag.py:2273} INFO - Setting next_dagrun for example_kubernetes_executor_config to None
[2022-09-05 02:27:33,103] {scheduler_job.py:190} INFO - Processing /home/airflow/.local/lib/python3.6/site-packages/airflow/example_dags/example_kubernetes_executor_config.py took 0.159 seconds
[2022-09-05 02:28:03,229] {scheduler_job.py:182} INFO - Started process (PID=682) to work on /home/airflow/.local/lib/python3.6/site-packages/airflow/example_dags/example_kubernetes_executor_config.py
[2022-09-05 02:28:03,231] {scheduler_job.py:629} INFO - Processing file /home/airflow/.local/lib/python3.6/site-packages/airflow/example_dags/example_kubernetes_executor_config.py for tasks to queue
[2022-09-05 02:28:03,232] {logging_mixin.py:104} INFO - [2022-09-05 02:28:03,232] {dagbag.py:448} INFO - Filling up the DagBag from /home/airflow/.local/lib/python3.6/site-packages/airflow/example_dags/example_kubernetes_executor_config.py
[2022-09-05 02:28:03,255] {scheduler_job.py:639} INFO - DAG(s) dict_keys(['example_kubernetes_executor_config']) retrieved from /home/airflow/.local/lib/python3.6/site-packages/airflow/example_dags/example_kubernetes_executor_config.py
[2022-09-05 02:28:03,295] {logging_mixin.py:104} INFO - [2022-09-05 02:28:03,295] {dag.py:1818} INFO - Sync 1 DAGs
[2022-09-05 02:28:03,316] {logging_mixin.py:104} INFO - [2022-09-05 02:28:03,316] {dag.py:2273} INFO - Setting next_dagrun for example_kubernetes_executor_config to None
[2022-09-05 02:28:03,376] {scheduler_job.py:190} INFO - Processing /home/airflow/.local/lib/python3.6/site-packages/airflow/example_dags/example_kubernetes_executor_config.py took 0.152 seconds
[2022-09-05 02:28:34,008] {scheduler_job.py:182} INFO - Started process (PID=817) to work on /home/airflow/.local/lib/python3.6/site-packages/airflow/example_dags/example_kubernetes_executor_config.py
[2022-09-05 02:28:34,011] {scheduler_job.py:629} INFO - Processing file /home/airflow/.local/lib/python3.6/site-packages/airflow/example_dags/example_kubernetes_executor_config.py for tasks to queue
[2022-09-05 02:28:34,012] {logging_mixin.py:104} INFO - [2022-09-05 02:28:34,012] {dagbag.py:448} INFO - Filling up the DagBag from /home/airflow/.local/lib/python3.6/site-packages/airflow/example_dags/example_kubernetes_executor_config.py
[2022-09-05 02:28:34,030] {scheduler_job.py:639} INFO - DAG(s) dict_keys(['example_kubernetes_executor_config']) retrieved from /home/airflow/.local/lib/python3.6/site-packages/airflow/example_dags/example_kubernetes_executor_config.py
[2022-09-05 02:28:34,063] {logging_mixin.py:104} INFO - [2022-09-05 02:28:34,062] {dag.py:1818} INFO - Sync 1 DAGs
[2022-09-05 02:28:34,090] {logging_mixin.py:104} INFO - [2022-09-05 02:28:34,089] {dag.py:2273} INFO - Setting next_dagrun for example_kubernetes_executor_config to None
[2022-09-05 02:28:34,132] {scheduler_job.py:190} INFO - Processing /home/airflow/.local/lib/python3.6/site-packages/airflow/example_dags/example_kubernetes_executor_config.py took 0.127 seconds
[2022-09-05 02:29:04,520] {scheduler_job.py:182} INFO - Started process (PID=947) to work on /home/airflow/.local/lib/python3.6/site-packages/airflow/example_dags/example_kubernetes_executor_config.py
[2022-09-05 02:29:04,522] {scheduler_job.py:629} INFO - Processing file /home/airflow/.local/lib/python3.6/site-packages/airflow/example_dags/example_kubernetes_executor_config.py for tasks to queue
[2022-09-05 02:29:04,523] {logging_mixin.py:104} INFO - [2022-09-05 02:29:04,523] {dagbag.py:448} INFO - Filling up the DagBag from /home/airflow/.local/lib/python3.6/site-packages/airflow/example_dags/example_kubernetes_executor_config.py
[2022-09-05 02:29:04,543] {scheduler_job.py:639} INFO - DAG(s) dict_keys(['example_kubernetes_executor_config']) retrieved from /home/airflow/.local/lib/python3.6/site-packages/airflow/example_dags/example_kubernetes_executor_config.py
[2022-09-05 02:29:04,569] {logging_mixin.py:104} INFO - [2022-09-05 02:29:04,568] {dag.py:1818} INFO - Sync 1 DAGs
[2022-09-05 02:29:04,586] {logging_mixin.py:104} INFO - [2022-09-05 02:29:04,586] {dag.py:2273} INFO - Setting next_dagrun for example_kubernetes_executor_config to None
[2022-09-05 02:29:04,616] {scheduler_job.py:190} INFO - Processing /home/airflow/.local/lib/python3.6/site-packages/airflow/example_dags/example_kubernetes_executor_config.py took 0.101 seconds
[2022-09-05 02:29:34,697] {scheduler_job.py:182} INFO - Started process (PID=1072) to work on /home/airflow/.local/lib/python3.6/site-packages/airflow/example_dags/example_kubernetes_executor_config.py
[2022-09-05 02:29:34,700] {scheduler_job.py:629} INFO - Processing file /home/airflow/.local/lib/python3.6/site-packages/airflow/example_dags/example_kubernetes_executor_config.py for tasks to queue
[2022-09-05 02:29:34,702] {logging_mixin.py:104} INFO - [2022-09-05 02:29:34,701] {dagbag.py:448} INFO - Filling up the DagBag from /home/airflow/.local/lib/python3.6/site-packages/airflow/example_dags/example_kubernetes_executor_config.py
[2022-09-05 02:29:34,725] {scheduler_job.py:639} INFO - DAG(s) dict_keys(['example_kubernetes_executor_config']) retrieved from /home/airflow/.local/lib/python3.6/site-packages/airflow/example_dags/example_kubernetes_executor_config.py
[2022-09-05 02:29:34,766] {logging_mixin.py:104} INFO - [2022-09-05 02:29:34,766] {dag.py:1818} INFO - Sync 1 DAGs
[2022-09-05 02:29:34,789] {logging_mixin.py:104} INFO - [2022-09-05 02:29:34,789] {dag.py:2273} INFO - Setting next_dagrun for example_kubernetes_executor_config to None
[2022-09-05 02:29:34,828] {scheduler_job.py:190} INFO - Processing /home/airflow/.local/lib/python3.6/site-packages/airflow/example_dags/example_kubernetes_executor_config.py took 0.135 seconds
[2022-09-05 02:30:05,131] {scheduler_job.py:182} INFO - Started process (PID=1207) to work on /home/airflow/.local/lib/python3.6/site-packages/airflow/example_dags/example_kubernetes_executor_config.py
[2022-09-05 02:30:05,132] {scheduler_job.py:629} INFO - Processing file /home/airflow/.local/lib/python3.6/site-packages/airflow/example_dags/example_kubernetes_executor_config.py for tasks to queue
[2022-09-05 02:30:05,134] {logging_mixin.py:104} INFO - [2022-09-05 02:30:05,133] {dagbag.py:448} INFO - Filling up the DagBag from /home/airflow/.local/lib/python3.6/site-packages/airflow/example_dags/example_kubernetes_executor_config.py
[2022-09-05 02:30:05,156] {scheduler_job.py:639} INFO - DAG(s) dict_keys(['example_kubernetes_executor_config']) retrieved from /home/airflow/.local/lib/python3.6/site-packages/airflow/example_dags/example_kubernetes_executor_config.py
[2022-09-05 02:30:05,182] {logging_mixin.py:104} INFO - [2022-09-05 02:30:05,182] {dag.py:1818} INFO - Sync 1 DAGs
[2022-09-05 02:30:05,204] {logging_mixin.py:104} INFO - [2022-09-05 02:30:05,203] {dag.py:2273} INFO - Setting next_dagrun for example_kubernetes_executor_config to None
[2022-09-05 02:30:05,239] {scheduler_job.py:190} INFO - Processing /home/airflow/.local/lib/python3.6/site-packages/airflow/example_dags/example_kubernetes_executor_config.py took 0.112 seconds
[2022-09-05 02:30:35,422] {scheduler_job.py:182} INFO - Started process (PID=1332) to work on /home/airflow/.local/lib/python3.6/site-packages/airflow/example_dags/example_kubernetes_executor_config.py
[2022-09-05 02:30:35,424] {scheduler_job.py:629} INFO - Processing file /home/airflow/.local/lib/python3.6/site-packages/airflow/example_dags/example_kubernetes_executor_config.py for tasks to queue
[2022-09-05 02:30:35,426] {logging_mixin.py:104} INFO - [2022-09-05 02:30:35,425] {dagbag.py:448} INFO - Filling up the DagBag from /home/airflow/.local/lib/python3.6/site-packages/airflow/example_dags/example_kubernetes_executor_config.py
[2022-09-05 02:30:35,448] {scheduler_job.py:639} INFO - DAG(s) dict_keys(['example_kubernetes_executor_config']) retrieved from /home/airflow/.local/lib/python3.6/site-packages/airflow/example_dags/example_kubernetes_executor_config.py
[2022-09-05 02:30:35,487] {logging_mixin.py:104} INFO - [2022-09-05 02:30:35,487] {dag.py:1818} INFO - Sync 1 DAGs
[2022-09-05 02:30:35,507] {logging_mixin.py:104} INFO - [2022-09-05 02:30:35,507] {dag.py:2273} INFO - Setting next_dagrun for example_kubernetes_executor_config to None
[2022-09-05 02:30:35,572] {scheduler_job.py:190} INFO - Processing /home/airflow/.local/lib/python3.6/site-packages/airflow/example_dags/example_kubernetes_executor_config.py took 0.160 seconds
[2022-09-05 02:31:05,681] {scheduler_job.py:182} INFO - Started process (PID=1462) to work on /home/airflow/.local/lib/python3.6/site-packages/airflow/example_dags/example_kubernetes_executor_config.py
[2022-09-05 02:31:05,684] {scheduler_job.py:629} INFO - Processing file /home/airflow/.local/lib/python3.6/site-packages/airflow/example_dags/example_kubernetes_executor_config.py for tasks to queue
[2022-09-05 02:31:05,686] {logging_mixin.py:104} INFO - [2022-09-05 02:31:05,685] {dagbag.py:448} INFO - Filling up the DagBag from /home/airflow/.local/lib/python3.6/site-packages/airflow/example_dags/example_kubernetes_executor_config.py
[2022-09-05 02:31:05,711] {scheduler_job.py:639} INFO - DAG(s) dict_keys(['example_kubernetes_executor_config']) retrieved from /home/airflow/.local/lib/python3.6/site-packages/airflow/example_dags/example_kubernetes_executor_config.py
[2022-09-05 02:31:05,757] {logging_mixin.py:104} INFO - [2022-09-05 02:31:05,757] {dag.py:1818} INFO - Sync 1 DAGs
[2022-09-05 02:31:05,781] {logging_mixin.py:104} INFO - [2022-09-05 02:31:05,780] {dag.py:2273} INFO - Setting next_dagrun for example_kubernetes_executor_config to None
[2022-09-05 02:31:05,818] {scheduler_job.py:190} INFO - Processing /home/airflow/.local/lib/python3.6/site-packages/airflow/example_dags/example_kubernetes_executor_config.py took 0.142 seconds
[2022-09-05 02:31:36,405] {scheduler_job.py:182} INFO - Started process (PID=1621) to work on /home/airflow/.local/lib/python3.6/site-packages/airflow/example_dags/example_kubernetes_executor_config.py
[2022-09-05 02:31:36,407] {scheduler_job.py:629} INFO - Processing file /home/airflow/.local/lib/python3.6/site-packages/airflow/example_dags/example_kubernetes_executor_config.py for tasks to queue
[2022-09-05 02:31:36,409] {logging_mixin.py:104} INFO - [2022-09-05 02:31:36,409] {dagbag.py:448} INFO - Filling up the DagBag from /home/airflow/.local/lib/python3.6/site-packages/airflow/example_dags/example_kubernetes_executor_config.py
[2022-09-05 02:31:36,432] {scheduler_job.py:639} INFO - DAG(s) dict_keys(['example_kubernetes_executor_config']) retrieved from /home/airflow/.local/lib/python3.6/site-packages/airflow/example_dags/example_kubernetes_executor_config.py
[2022-09-05 02:31:36,462] {logging_mixin.py:104} INFO - [2022-09-05 02:31:36,462] {dag.py:1818} INFO - Sync 1 DAGs
[2022-09-05 02:31:36,482] {logging_mixin.py:104} INFO - [2022-09-05 02:31:36,482] {dag.py:2273} INFO - Setting next_dagrun for example_kubernetes_executor_config to None
[2022-09-05 02:31:36,582] {scheduler_job.py:190} INFO - Processing /home/airflow/.local/lib/python3.6/site-packages/airflow/example_dags/example_kubernetes_executor_config.py took 0.181 seconds
[2022-09-05 02:32:07,510] {scheduler_job.py:182} INFO - Started process (PID=1757) to work on /home/airflow/.local/lib/python3.6/site-packages/airflow/example_dags/example_kubernetes_executor_config.py
[2022-09-05 02:32:07,516] {scheduler_job.py:629} INFO - Processing file /home/airflow/.local/lib/python3.6/site-packages/airflow/example_dags/example_kubernetes_executor_config.py for tasks to queue
[2022-09-05 02:32:07,517] {logging_mixin.py:104} INFO - [2022-09-05 02:32:07,517] {dagbag.py:448} INFO - Filling up the DagBag from /home/airflow/.local/lib/python3.6/site-packages/airflow/example_dags/example_kubernetes_executor_config.py
[2022-09-05 02:32:07,536] {scheduler_job.py:639} INFO - DAG(s) dict_keys(['example_kubernetes_executor_config']) retrieved from /home/airflow/.local/lib/python3.6/site-packages/airflow/example_dags/example_kubernetes_executor_config.py
[2022-09-05 02:32:07,563] {logging_mixin.py:104} INFO - [2022-09-05 02:32:07,562] {dag.py:1818} INFO - Sync 1 DAGs
[2022-09-05 02:32:07,581] {logging_mixin.py:104} INFO - [2022-09-05 02:32:07,581] {dag.py:2273} INFO - Setting next_dagrun for example_kubernetes_executor_config to None
[2022-09-05 02:32:07,666] {scheduler_job.py:190} INFO - Processing /home/airflow/.local/lib/python3.6/site-packages/airflow/example_dags/example_kubernetes_executor_config.py took 0.160 seconds
[2022-09-05 02:32:37,859] {scheduler_job.py:182} INFO - Started process (PID=1887) to work on /home/airflow/.local/lib/python3.6/site-packages/airflow/example_dags/example_kubernetes_executor_config.py
[2022-09-05 02:32:37,861] {scheduler_job.py:629} INFO - Processing file /home/airflow/.local/lib/python3.6/site-packages/airflow/example_dags/example_kubernetes_executor_config.py for tasks to queue
[2022-09-05 02:32:37,862] {logging_mixin.py:104} INFO - [2022-09-05 02:32:37,862] {dagbag.py:448} INFO - Filling up the DagBag from /home/airflow/.local/lib/python3.6/site-packages/airflow/example_dags/example_kubernetes_executor_config.py
[2022-09-05 02:32:37,885] {scheduler_job.py:639} INFO - DAG(s) dict_keys(['example_kubernetes_executor_config']) retrieved from /home/airflow/.local/lib/python3.6/site-packages/airflow/example_dags/example_kubernetes_executor_config.py
[2022-09-05 02:32:37,940] {logging_mixin.py:104} INFO - [2022-09-05 02:32:37,940] {dag.py:1818} INFO - Sync 1 DAGs
[2022-09-05 02:32:37,971] {logging_mixin.py:104} INFO - [2022-09-05 02:32:37,971] {dag.py:2273} INFO - Setting next_dagrun for example_kubernetes_executor_config to None
[2022-09-05 02:32:38,073] {scheduler_job.py:190} INFO - Processing /home/airflow/.local/lib/python3.6/site-packages/airflow/example_dags/example_kubernetes_executor_config.py took 0.222 seconds
[2022-09-05 02:33:08,688] {scheduler_job.py:182} INFO - Started process (PID=2016) to work on /home/airflow/.local/lib/python3.6/site-packages/airflow/example_dags/example_kubernetes_executor_config.py
[2022-09-05 02:33:08,691] {scheduler_job.py:629} INFO - Processing file /home/airflow/.local/lib/python3.6/site-packages/airflow/example_dags/example_kubernetes_executor_config.py for tasks to queue
[2022-09-05 02:33:08,692] {logging_mixin.py:104} INFO - [2022-09-05 02:33:08,692] {dagbag.py:448} INFO - Filling up the DagBag from /home/airflow/.local/lib/python3.6/site-packages/airflow/example_dags/example_kubernetes_executor_config.py
[2022-09-05 02:33:08,710] {scheduler_job.py:639} INFO - DAG(s) dict_keys(['example_kubernetes_executor_config']) retrieved from /home/airflow/.local/lib/python3.6/site-packages/airflow/example_dags/example_kubernetes_executor_config.py
[2022-09-05 02:33:08,742] {logging_mixin.py:104} INFO - [2022-09-05 02:33:08,742] {dag.py:1818} INFO - Sync 1 DAGs
[2022-09-05 02:33:08,768] {logging_mixin.py:104} INFO - [2022-09-05 02:33:08,767] {dag.py:2273} INFO - Setting next_dagrun for example_kubernetes_executor_config to None
[2022-09-05 02:33:08,849] {scheduler_job.py:190} INFO - Processing /home/airflow/.local/lib/python3.6/site-packages/airflow/example_dags/example_kubernetes_executor_config.py took 0.165 seconds
[2022-09-05 02:33:39,109] {scheduler_job.py:182} INFO - Started process (PID=2147) to work on /home/airflow/.local/lib/python3.6/site-packages/airflow/example_dags/example_kubernetes_executor_config.py
[2022-09-05 02:33:39,111] {scheduler_job.py:629} INFO - Processing file /home/airflow/.local/lib/python3.6/site-packages/airflow/example_dags/example_kubernetes_executor_config.py for tasks to queue
[2022-09-05 02:33:39,112] {logging_mixin.py:104} INFO - [2022-09-05 02:33:39,112] {dagbag.py:448} INFO - Filling up the DagBag from /home/airflow/.local/lib/python3.6/site-packages/airflow/example_dags/example_kubernetes_executor_config.py
[2022-09-05 02:33:39,137] {scheduler_job.py:639} INFO - DAG(s) dict_keys(['example_kubernetes_executor_config']) retrieved from /home/airflow/.local/lib/python3.6/site-packages/airflow/example_dags/example_kubernetes_executor_config.py
[2022-09-05 02:33:39,171] {logging_mixin.py:104} INFO - [2022-09-05 02:33:39,170] {dag.py:1818} INFO - Sync 1 DAGs
[2022-09-05 02:33:39,190] {logging_mixin.py:104} INFO - [2022-09-05 02:33:39,190] {dag.py:2273} INFO - Setting next_dagrun for example_kubernetes_executor_config to None
[2022-09-05 02:33:39,299] {scheduler_job.py:190} INFO - Processing /home/airflow/.local/lib/python3.6/site-packages/airflow/example_dags/example_kubernetes_executor_config.py took 0.196 seconds
[2022-09-05 02:34:09,782] {scheduler_job.py:182} INFO - Started process (PID=2277) to work on /home/airflow/.local/lib/python3.6/site-packages/airflow/example_dags/example_kubernetes_executor_config.py
[2022-09-05 02:34:09,783] {scheduler_job.py:629} INFO - Processing file /home/airflow/.local/lib/python3.6/site-packages/airflow/example_dags/example_kubernetes_executor_config.py for tasks to queue
[2022-09-05 02:34:09,785] {logging_mixin.py:104} INFO - [2022-09-05 02:34:09,784] {dagbag.py:448} INFO - Filling up the DagBag from /home/airflow/.local/lib/python3.6/site-packages/airflow/example_dags/example_kubernetes_executor_config.py
[2022-09-05 02:34:09,805] {scheduler_job.py:639} INFO - DAG(s) dict_keys(['example_kubernetes_executor_config']) retrieved from /home/airflow/.local/lib/python3.6/site-packages/airflow/example_dags/example_kubernetes_executor_config.py
[2022-09-05 02:34:09,843] {logging_mixin.py:104} INFO - [2022-09-05 02:34:09,843] {dag.py:1818} INFO - Sync 1 DAGs
[2022-09-05 02:34:09,881] {logging_mixin.py:104} INFO - [2022-09-05 02:34:09,881] {dag.py:2273} INFO - Setting next_dagrun for example_kubernetes_executor_config to None
[2022-09-05 02:34:09,932] {scheduler_job.py:190} INFO - Processing /home/airflow/.local/lib/python3.6/site-packages/airflow/example_dags/example_kubernetes_executor_config.py took 0.154 seconds
[2022-09-05 02:34:40,468] {scheduler_job.py:182} INFO - Started process (PID=2406) to work on /home/airflow/.local/lib/python3.6/site-packages/airflow/example_dags/example_kubernetes_executor_config.py
[2022-09-05 02:34:40,471] {scheduler_job.py:629} INFO - Processing file /home/airflow/.local/lib/python3.6/site-packages/airflow/example_dags/example_kubernetes_executor_config.py for tasks to queue
[2022-09-05 02:34:40,473] {logging_mixin.py:104} INFO - [2022-09-05 02:34:40,472] {dagbag.py:448} INFO - Filling up the DagBag from /home/airflow/.local/lib/python3.6/site-packages/airflow/example_dags/example_kubernetes_executor_config.py
[2022-09-05 02:34:40,493] {scheduler_job.py:639} INFO - DAG(s) dict_keys(['example_kubernetes_executor_config']) retrieved from /home/airflow/.local/lib/python3.6/site-packages/airflow/example_dags/example_kubernetes_executor_config.py
[2022-09-05 02:34:40,535] {logging_mixin.py:104} INFO - [2022-09-05 02:34:40,535] {dag.py:1818} INFO - Sync 1 DAGs
[2022-09-05 02:34:40,556] {logging_mixin.py:104} INFO - [2022-09-05 02:34:40,556] {dag.py:2273} INFO - Setting next_dagrun for example_kubernetes_executor_config to None
[2022-09-05 02:34:40,609] {scheduler_job.py:190} INFO - Processing /home/airflow/.local/lib/python3.6/site-packages/airflow/example_dags/example_kubernetes_executor_config.py took 0.145 seconds
[2022-09-05 02:35:10,922] {scheduler_job.py:182} INFO - Started process (PID=2537) to work on /home/airflow/.local/lib/python3.6/site-packages/airflow/example_dags/example_kubernetes_executor_config.py
[2022-09-05 02:35:10,925] {scheduler_job.py:629} INFO - Processing file /home/airflow/.local/lib/python3.6/site-packages/airflow/example_dags/example_kubernetes_executor_config.py for tasks to queue
[2022-09-05 02:35:10,927] {logging_mixin.py:104} INFO - [2022-09-05 02:35:10,927] {dagbag.py:448} INFO - Filling up the DagBag from /home/airflow/.local/lib/python3.6/site-packages/airflow/example_dags/example_kubernetes_executor_config.py
[2022-09-05 02:35:10,945] {scheduler_job.py:639} INFO - DAG(s) dict_keys(['example_kubernetes_executor_config']) retrieved from /home/airflow/.local/lib/python3.6/site-packages/airflow/example_dags/example_kubernetes_executor_config.py
[2022-09-05 02:35:10,977] {logging_mixin.py:104} INFO - [2022-09-05 02:35:10,977] {dag.py:1818} INFO - Sync 1 DAGs
[2022-09-05 02:35:10,999] {logging_mixin.py:104} INFO - [2022-09-05 02:35:10,999] {dag.py:2273} INFO - Setting next_dagrun for example_kubernetes_executor_config to None
[2022-09-05 02:35:11,078] {scheduler_job.py:190} INFO - Processing /home/airflow/.local/lib/python3.6/site-packages/airflow/example_dags/example_kubernetes_executor_config.py took 0.160 seconds
[2022-09-05 02:35:41,317] {scheduler_job.py:182} INFO - Started process (PID=2667) to work on /home/airflow/.local/lib/python3.6/site-packages/airflow/example_dags/example_kubernetes_executor_config.py
[2022-09-05 02:35:41,319] {scheduler_job.py:629} INFO - Processing file /home/airflow/.local/lib/python3.6/site-packages/airflow/example_dags/example_kubernetes_executor_config.py for tasks to queue
[2022-09-05 02:35:41,321] {logging_mixin.py:104} INFO - [2022-09-05 02:35:41,321] {dagbag.py:448} INFO - Filling up the DagBag from /home/airflow/.local/lib/python3.6/site-packages/airflow/example_dags/example_kubernetes_executor_config.py
[2022-09-05 02:35:41,347] {scheduler_job.py:639} INFO - DAG(s) dict_keys(['example_kubernetes_executor_config']) retrieved from /home/airflow/.local/lib/python3.6/site-packages/airflow/example_dags/example_kubernetes_executor_config.py
[2022-09-05 02:35:41,388] {logging_mixin.py:104} INFO - [2022-09-05 02:35:41,388] {dag.py:1818} INFO - Sync 1 DAGs
[2022-09-05 02:35:41,414] {logging_mixin.py:104} INFO - [2022-09-05 02:35:41,413] {dag.py:2273} INFO - Setting next_dagrun for example_kubernetes_executor_config to None
[2022-09-05 02:35:41,492] {scheduler_job.py:190} INFO - Processing /home/airflow/.local/lib/python3.6/site-packages/airflow/example_dags/example_kubernetes_executor_config.py took 0.178 seconds
[2022-09-05 02:36:11,803] {scheduler_job.py:182} INFO - Started process (PID=2796) to work on /home/airflow/.local/lib/python3.6/site-packages/airflow/example_dags/example_kubernetes_executor_config.py
[2022-09-05 02:36:11,805] {scheduler_job.py:629} INFO - Processing file /home/airflow/.local/lib/python3.6/site-packages/airflow/example_dags/example_kubernetes_executor_config.py for tasks to queue
[2022-09-05 02:36:11,807] {logging_mixin.py:104} INFO - [2022-09-05 02:36:11,807] {dagbag.py:448} INFO - Filling up the DagBag from /home/airflow/.local/lib/python3.6/site-packages/airflow/example_dags/example_kubernetes_executor_config.py
[2022-09-05 02:36:11,829] {scheduler_job.py:639} INFO - DAG(s) dict_keys(['example_kubernetes_executor_config']) retrieved from /home/airflow/.local/lib/python3.6/site-packages/airflow/example_dags/example_kubernetes_executor_config.py
[2022-09-05 02:36:11,865] {logging_mixin.py:104} INFO - [2022-09-05 02:36:11,865] {dag.py:1818} INFO - Sync 1 DAGs
[2022-09-05 02:36:11,889] {logging_mixin.py:104} INFO - [2022-09-05 02:36:11,889] {dag.py:2273} INFO - Setting next_dagrun for example_kubernetes_executor_config to None
[2022-09-05 02:36:11,947] {scheduler_job.py:190} INFO - Processing /home/airflow/.local/lib/python3.6/site-packages/airflow/example_dags/example_kubernetes_executor_config.py took 0.150 seconds
[2022-09-05 02:36:42,134] {scheduler_job.py:182} INFO - Started process (PID=2927) to work on /home/airflow/.local/lib/python3.6/site-packages/airflow/example_dags/example_kubernetes_executor_config.py
[2022-09-05 02:36:42,136] {scheduler_job.py:629} INFO - Processing file /home/airflow/.local/lib/python3.6/site-packages/airflow/example_dags/example_kubernetes_executor_config.py for tasks to queue
[2022-09-05 02:36:42,137] {logging_mixin.py:104} INFO - [2022-09-05 02:36:42,137] {dagbag.py:448} INFO - Filling up the DagBag from /home/airflow/.local/lib/python3.6/site-packages/airflow/example_dags/example_kubernetes_executor_config.py
[2022-09-05 02:36:42,152] {scheduler_job.py:639} INFO - DAG(s) dict_keys(['example_kubernetes_executor_config']) retrieved from /home/airflow/.local/lib/python3.6/site-packages/airflow/example_dags/example_kubernetes_executor_config.py
[2022-09-05 02:36:42,181] {logging_mixin.py:104} INFO - [2022-09-05 02:36:42,181] {dag.py:1818} INFO - Sync 1 DAGs
[2022-09-05 02:36:42,202] {logging_mixin.py:104} INFO - [2022-09-05 02:36:42,201] {dag.py:2273} INFO - Setting next_dagrun for example_kubernetes_executor_config to None
[2022-09-05 02:36:42,311] {scheduler_job.py:190} INFO - Processing /home/airflow/.local/lib/python3.6/site-packages/airflow/example_dags/example_kubernetes_executor_config.py took 0.181 seconds
