[2022-09-05 02:11:04,974] {scheduler_job.py:182} INFO - Started process (PID=273) to work on /home/airflow/.local/lib/python3.6/site-packages/airflow/example_dags/tutorial.py
[2022-09-05 02:11:04,976] {scheduler_job.py:629} INFO - Processing file /home/airflow/.local/lib/python3.6/site-packages/airflow/example_dags/tutorial.py for tasks to queue
[2022-09-05 02:11:04,978] {logging_mixin.py:104} INFO - [2022-09-05 02:11:04,977] {dagbag.py:448} INFO - Filling up the DagBag from /home/airflow/.local/lib/python3.6/site-packages/airflow/example_dags/tutorial.py
[2022-09-05 02:11:04,999] {scheduler_job.py:639} INFO - DAG(s) dict_keys(['tutorial']) retrieved from /home/airflow/.local/lib/python3.6/site-packages/airflow/example_dags/tutorial.py
[2022-09-05 02:11:05,067] {logging_mixin.py:104} INFO - [2022-09-05 02:11:05,067] {dag.py:1818} INFO - Sync 1 DAGs
[2022-09-05 02:11:05,090] {logging_mixin.py:104} INFO - [2022-09-05 02:11:05,090] {dag.py:1837} INFO - Creating ORM DAG for tutorial
[2022-09-05 02:11:05,111] {logging_mixin.py:104} INFO - [2022-09-05 02:11:05,111] {dag.py:2273} INFO - Setting next_dagrun for tutorial to 2022-09-03 00:00:00+00:00
[2022-09-05 02:11:05,174] {scheduler_job.py:190} INFO - Processing /home/airflow/.local/lib/python3.6/site-packages/airflow/example_dags/tutorial.py took 0.204 seconds
[2022-09-05 02:11:36,041] {scheduler_job.py:182} INFO - Started process (PID=403) to work on /home/airflow/.local/lib/python3.6/site-packages/airflow/example_dags/tutorial.py
[2022-09-05 02:11:36,044] {scheduler_job.py:629} INFO - Processing file /home/airflow/.local/lib/python3.6/site-packages/airflow/example_dags/tutorial.py for tasks to queue
[2022-09-05 02:11:36,048] {logging_mixin.py:104} INFO - [2022-09-05 02:11:36,047] {dagbag.py:448} INFO - Filling up the DagBag from /home/airflow/.local/lib/python3.6/site-packages/airflow/example_dags/tutorial.py
[2022-09-05 02:11:36,071] {scheduler_job.py:639} INFO - DAG(s) dict_keys(['tutorial']) retrieved from /home/airflow/.local/lib/python3.6/site-packages/airflow/example_dags/tutorial.py
[2022-09-05 02:11:36,108] {logging_mixin.py:104} INFO - [2022-09-05 02:11:36,108] {dag.py:1818} INFO - Sync 1 DAGs
[2022-09-05 02:11:36,136] {logging_mixin.py:104} INFO - [2022-09-05 02:11:36,136] {dag.py:2273} INFO - Setting next_dagrun for tutorial to 2022-09-03 00:00:00+00:00
[2022-09-05 02:11:36,210] {scheduler_job.py:190} INFO - Processing /home/airflow/.local/lib/python3.6/site-packages/airflow/example_dags/tutorial.py took 0.176 seconds
[2022-09-05 02:12:06,309] {scheduler_job.py:182} INFO - Started process (PID=533) to work on /home/airflow/.local/lib/python3.6/site-packages/airflow/example_dags/tutorial.py
[2022-09-05 02:12:06,311] {scheduler_job.py:629} INFO - Processing file /home/airflow/.local/lib/python3.6/site-packages/airflow/example_dags/tutorial.py for tasks to queue
[2022-09-05 02:12:06,312] {logging_mixin.py:104} INFO - [2022-09-05 02:12:06,312] {dagbag.py:448} INFO - Filling up the DagBag from /home/airflow/.local/lib/python3.6/site-packages/airflow/example_dags/tutorial.py
[2022-09-05 02:12:06,324] {scheduler_job.py:639} INFO - DAG(s) dict_keys(['tutorial']) retrieved from /home/airflow/.local/lib/python3.6/site-packages/airflow/example_dags/tutorial.py
[2022-09-05 02:12:06,353] {logging_mixin.py:104} INFO - [2022-09-05 02:12:06,353] {dag.py:1818} INFO - Sync 1 DAGs
[2022-09-05 02:12:06,372] {logging_mixin.py:104} INFO - [2022-09-05 02:12:06,372] {dag.py:2273} INFO - Setting next_dagrun for tutorial to 2022-09-03 00:00:00+00:00
[2022-09-05 02:12:06,407] {scheduler_job.py:190} INFO - Processing /home/airflow/.local/lib/python3.6/site-packages/airflow/example_dags/tutorial.py took 0.101 seconds
[2022-09-05 02:12:37,234] {scheduler_job.py:182} INFO - Started process (PID=658) to work on /home/airflow/.local/lib/python3.6/site-packages/airflow/example_dags/tutorial.py
[2022-09-05 02:12:37,236] {scheduler_job.py:629} INFO - Processing file /home/airflow/.local/lib/python3.6/site-packages/airflow/example_dags/tutorial.py for tasks to queue
[2022-09-05 02:12:37,237] {logging_mixin.py:104} INFO - [2022-09-05 02:12:37,237] {dagbag.py:448} INFO - Filling up the DagBag from /home/airflow/.local/lib/python3.6/site-packages/airflow/example_dags/tutorial.py
[2022-09-05 02:12:37,248] {scheduler_job.py:639} INFO - DAG(s) dict_keys(['tutorial']) retrieved from /home/airflow/.local/lib/python3.6/site-packages/airflow/example_dags/tutorial.py
[2022-09-05 02:12:37,275] {logging_mixin.py:104} INFO - [2022-09-05 02:12:37,275] {dag.py:1818} INFO - Sync 1 DAGs
[2022-09-05 02:12:37,298] {logging_mixin.py:104} INFO - [2022-09-05 02:12:37,298] {dag.py:2273} INFO - Setting next_dagrun for tutorial to 2022-09-03 00:00:00+00:00
[2022-09-05 02:12:37,331] {scheduler_job.py:190} INFO - Processing /home/airflow/.local/lib/python3.6/site-packages/airflow/example_dags/tutorial.py took 0.101 seconds
[2022-09-05 02:13:07,511] {scheduler_job.py:182} INFO - Started process (PID=788) to work on /home/airflow/.local/lib/python3.6/site-packages/airflow/example_dags/tutorial.py
[2022-09-05 02:13:07,513] {scheduler_job.py:629} INFO - Processing file /home/airflow/.local/lib/python3.6/site-packages/airflow/example_dags/tutorial.py for tasks to queue
[2022-09-05 02:13:07,514] {logging_mixin.py:104} INFO - [2022-09-05 02:13:07,513] {dagbag.py:448} INFO - Filling up the DagBag from /home/airflow/.local/lib/python3.6/site-packages/airflow/example_dags/tutorial.py
[2022-09-05 02:13:07,524] {scheduler_job.py:639} INFO - DAG(s) dict_keys(['tutorial']) retrieved from /home/airflow/.local/lib/python3.6/site-packages/airflow/example_dags/tutorial.py
[2022-09-05 02:13:07,565] {logging_mixin.py:104} INFO - [2022-09-05 02:13:07,565] {dag.py:1818} INFO - Sync 1 DAGs
[2022-09-05 02:13:07,587] {logging_mixin.py:104} INFO - [2022-09-05 02:13:07,587] {dag.py:2273} INFO - Setting next_dagrun for tutorial to 2022-09-03 00:00:00+00:00
[2022-09-05 02:13:07,624] {scheduler_job.py:190} INFO - Processing /home/airflow/.local/lib/python3.6/site-packages/airflow/example_dags/tutorial.py took 0.118 seconds
[2022-09-05 02:13:38,076] {scheduler_job.py:182} INFO - Started process (PID=918) to work on /home/airflow/.local/lib/python3.6/site-packages/airflow/example_dags/tutorial.py
[2022-09-05 02:13:38,078] {scheduler_job.py:629} INFO - Processing file /home/airflow/.local/lib/python3.6/site-packages/airflow/example_dags/tutorial.py for tasks to queue
[2022-09-05 02:13:38,079] {logging_mixin.py:104} INFO - [2022-09-05 02:13:38,079] {dagbag.py:448} INFO - Filling up the DagBag from /home/airflow/.local/lib/python3.6/site-packages/airflow/example_dags/tutorial.py
[2022-09-05 02:13:38,092] {scheduler_job.py:639} INFO - DAG(s) dict_keys(['tutorial']) retrieved from /home/airflow/.local/lib/python3.6/site-packages/airflow/example_dags/tutorial.py
[2022-09-05 02:13:38,129] {logging_mixin.py:104} INFO - [2022-09-05 02:13:38,129] {dag.py:1818} INFO - Sync 1 DAGs
[2022-09-05 02:13:38,153] {logging_mixin.py:104} INFO - [2022-09-05 02:13:38,153] {dag.py:2273} INFO - Setting next_dagrun for tutorial to 2022-09-03 00:00:00+00:00
[2022-09-05 02:13:38,187] {scheduler_job.py:190} INFO - Processing /home/airflow/.local/lib/python3.6/site-packages/airflow/example_dags/tutorial.py took 0.115 seconds
[2022-09-05 02:14:08,371] {scheduler_job.py:182} INFO - Started process (PID=1048) to work on /home/airflow/.local/lib/python3.6/site-packages/airflow/example_dags/tutorial.py
[2022-09-05 02:14:08,373] {scheduler_job.py:629} INFO - Processing file /home/airflow/.local/lib/python3.6/site-packages/airflow/example_dags/tutorial.py for tasks to queue
[2022-09-05 02:14:08,374] {logging_mixin.py:104} INFO - [2022-09-05 02:14:08,374] {dagbag.py:448} INFO - Filling up the DagBag from /home/airflow/.local/lib/python3.6/site-packages/airflow/example_dags/tutorial.py
[2022-09-05 02:14:08,384] {scheduler_job.py:639} INFO - DAG(s) dict_keys(['tutorial']) retrieved from /home/airflow/.local/lib/python3.6/site-packages/airflow/example_dags/tutorial.py
[2022-09-05 02:14:08,411] {logging_mixin.py:104} INFO - [2022-09-05 02:14:08,411] {dag.py:1818} INFO - Sync 1 DAGs
[2022-09-05 02:14:08,428] {logging_mixin.py:104} INFO - [2022-09-05 02:14:08,427] {dag.py:2273} INFO - Setting next_dagrun for tutorial to 2022-09-03 00:00:00+00:00
[2022-09-05 02:14:08,465] {scheduler_job.py:190} INFO - Processing /home/airflow/.local/lib/python3.6/site-packages/airflow/example_dags/tutorial.py took 0.097 seconds
[2022-09-05 02:14:39,592] {scheduler_job.py:182} INFO - Started process (PID=1183) to work on /home/airflow/.local/lib/python3.6/site-packages/airflow/example_dags/tutorial.py
[2022-09-05 02:14:39,593] {scheduler_job.py:629} INFO - Processing file /home/airflow/.local/lib/python3.6/site-packages/airflow/example_dags/tutorial.py for tasks to queue
[2022-09-05 02:14:39,595] {logging_mixin.py:104} INFO - [2022-09-05 02:14:39,595] {dagbag.py:448} INFO - Filling up the DagBag from /home/airflow/.local/lib/python3.6/site-packages/airflow/example_dags/tutorial.py
[2022-09-05 02:14:39,614] {scheduler_job.py:639} INFO - DAG(s) dict_keys(['tutorial']) retrieved from /home/airflow/.local/lib/python3.6/site-packages/airflow/example_dags/tutorial.py
[2022-09-05 02:14:39,640] {logging_mixin.py:104} INFO - [2022-09-05 02:14:39,640] {dag.py:1818} INFO - Sync 1 DAGs
[2022-09-05 02:14:39,665] {logging_mixin.py:104} INFO - [2022-09-05 02:14:39,665] {dag.py:2273} INFO - Setting next_dagrun for tutorial to 2022-09-03 00:00:00+00:00
[2022-09-05 02:14:39,712] {scheduler_job.py:190} INFO - Processing /home/airflow/.local/lib/python3.6/site-packages/airflow/example_dags/tutorial.py took 0.123 seconds
[2022-09-05 02:15:09,880] {scheduler_job.py:182} INFO - Started process (PID=1313) to work on /home/airflow/.local/lib/python3.6/site-packages/airflow/example_dags/tutorial.py
[2022-09-05 02:15:09,882] {scheduler_job.py:629} INFO - Processing file /home/airflow/.local/lib/python3.6/site-packages/airflow/example_dags/tutorial.py for tasks to queue
[2022-09-05 02:15:09,884] {logging_mixin.py:104} INFO - [2022-09-05 02:15:09,884] {dagbag.py:448} INFO - Filling up the DagBag from /home/airflow/.local/lib/python3.6/site-packages/airflow/example_dags/tutorial.py
[2022-09-05 02:15:09,901] {scheduler_job.py:639} INFO - DAG(s) dict_keys(['tutorial']) retrieved from /home/airflow/.local/lib/python3.6/site-packages/airflow/example_dags/tutorial.py
[2022-09-05 02:15:09,928] {logging_mixin.py:104} INFO - [2022-09-05 02:15:09,928] {dag.py:1818} INFO - Sync 1 DAGs
[2022-09-05 02:15:09,949] {logging_mixin.py:104} INFO - [2022-09-05 02:15:09,949] {dag.py:2273} INFO - Setting next_dagrun for tutorial to 2022-09-03 00:00:00+00:00
[2022-09-05 02:15:10,067] {scheduler_job.py:190} INFO - Processing /home/airflow/.local/lib/python3.6/site-packages/airflow/example_dags/tutorial.py took 0.191 seconds
[2022-09-05 02:15:40,205] {scheduler_job.py:182} INFO - Started process (PID=1445) to work on /home/airflow/.local/lib/python3.6/site-packages/airflow/example_dags/tutorial.py
[2022-09-05 02:15:40,207] {scheduler_job.py:629} INFO - Processing file /home/airflow/.local/lib/python3.6/site-packages/airflow/example_dags/tutorial.py for tasks to queue
[2022-09-05 02:15:40,209] {logging_mixin.py:104} INFO - [2022-09-05 02:15:40,209] {dagbag.py:448} INFO - Filling up the DagBag from /home/airflow/.local/lib/python3.6/site-packages/airflow/example_dags/tutorial.py
[2022-09-05 02:15:40,227] {scheduler_job.py:639} INFO - DAG(s) dict_keys(['tutorial']) retrieved from /home/airflow/.local/lib/python3.6/site-packages/airflow/example_dags/tutorial.py
[2022-09-05 02:15:40,259] {logging_mixin.py:104} INFO - [2022-09-05 02:15:40,259] {dag.py:1818} INFO - Sync 1 DAGs
[2022-09-05 02:15:40,281] {logging_mixin.py:104} INFO - [2022-09-05 02:15:40,280] {dag.py:2273} INFO - Setting next_dagrun for tutorial to 2022-09-03 00:00:00+00:00
[2022-09-05 02:15:40,323] {scheduler_job.py:190} INFO - Processing /home/airflow/.local/lib/python3.6/site-packages/airflow/example_dags/tutorial.py took 0.121 seconds
[2022-09-05 02:16:10,611] {scheduler_job.py:182} INFO - Started process (PID=1573) to work on /home/airflow/.local/lib/python3.6/site-packages/airflow/example_dags/tutorial.py
[2022-09-05 02:16:10,616] {scheduler_job.py:629} INFO - Processing file /home/airflow/.local/lib/python3.6/site-packages/airflow/example_dags/tutorial.py for tasks to queue
[2022-09-05 02:16:10,618] {logging_mixin.py:104} INFO - [2022-09-05 02:16:10,617] {dagbag.py:448} INFO - Filling up the DagBag from /home/airflow/.local/lib/python3.6/site-packages/airflow/example_dags/tutorial.py
[2022-09-05 02:16:10,630] {scheduler_job.py:639} INFO - DAG(s) dict_keys(['tutorial']) retrieved from /home/airflow/.local/lib/python3.6/site-packages/airflow/example_dags/tutorial.py
[2022-09-05 02:16:10,657] {logging_mixin.py:104} INFO - [2022-09-05 02:16:10,657] {dag.py:1818} INFO - Sync 1 DAGs
[2022-09-05 02:16:10,676] {logging_mixin.py:104} INFO - [2022-09-05 02:16:10,676] {dag.py:2273} INFO - Setting next_dagrun for tutorial to 2022-09-03 00:00:00+00:00
[2022-09-05 02:16:10,726] {scheduler_job.py:190} INFO - Processing /home/airflow/.local/lib/python3.6/site-packages/airflow/example_dags/tutorial.py took 0.118 seconds
[2022-09-05 02:16:42,016] {scheduler_job.py:182} INFO - Started process (PID=1703) to work on /home/airflow/.local/lib/python3.6/site-packages/airflow/example_dags/tutorial.py
[2022-09-05 02:16:42,018] {scheduler_job.py:629} INFO - Processing file /home/airflow/.local/lib/python3.6/site-packages/airflow/example_dags/tutorial.py for tasks to queue
[2022-09-05 02:16:42,019] {logging_mixin.py:104} INFO - [2022-09-05 02:16:42,019] {dagbag.py:448} INFO - Filling up the DagBag from /home/airflow/.local/lib/python3.6/site-packages/airflow/example_dags/tutorial.py
[2022-09-05 02:16:42,033] {scheduler_job.py:639} INFO - DAG(s) dict_keys(['tutorial']) retrieved from /home/airflow/.local/lib/python3.6/site-packages/airflow/example_dags/tutorial.py
[2022-09-05 02:16:42,069] {logging_mixin.py:104} INFO - [2022-09-05 02:16:42,069] {dag.py:1818} INFO - Sync 1 DAGs
[2022-09-05 02:16:42,091] {logging_mixin.py:104} INFO - [2022-09-05 02:16:42,090] {dag.py:2273} INFO - Setting next_dagrun for tutorial to 2022-09-03 00:00:00+00:00
[2022-09-05 02:16:42,130] {scheduler_job.py:190} INFO - Processing /home/airflow/.local/lib/python3.6/site-packages/airflow/example_dags/tutorial.py took 0.120 seconds
[2022-09-05 02:17:12,290] {scheduler_job.py:182} INFO - Started process (PID=1828) to work on /home/airflow/.local/lib/python3.6/site-packages/airflow/example_dags/tutorial.py
[2022-09-05 02:17:12,292] {scheduler_job.py:629} INFO - Processing file /home/airflow/.local/lib/python3.6/site-packages/airflow/example_dags/tutorial.py for tasks to queue
[2022-09-05 02:17:12,293] {logging_mixin.py:104} INFO - [2022-09-05 02:17:12,293] {dagbag.py:448} INFO - Filling up the DagBag from /home/airflow/.local/lib/python3.6/site-packages/airflow/example_dags/tutorial.py
[2022-09-05 02:17:12,311] {scheduler_job.py:639} INFO - DAG(s) dict_keys(['tutorial']) retrieved from /home/airflow/.local/lib/python3.6/site-packages/airflow/example_dags/tutorial.py
[2022-09-05 02:17:12,343] {logging_mixin.py:104} INFO - [2022-09-05 02:17:12,343] {dag.py:1818} INFO - Sync 1 DAGs
[2022-09-05 02:17:12,367] {logging_mixin.py:104} INFO - [2022-09-05 02:17:12,367] {dag.py:2273} INFO - Setting next_dagrun for tutorial to 2022-09-03 00:00:00+00:00
[2022-09-05 02:17:12,421] {scheduler_job.py:190} INFO - Processing /home/airflow/.local/lib/python3.6/site-packages/airflow/example_dags/tutorial.py took 0.135 seconds
[2022-09-05 02:17:43,610] {scheduler_job.py:182} INFO - Started process (PID=1953) to work on /home/airflow/.local/lib/python3.6/site-packages/airflow/example_dags/tutorial.py
[2022-09-05 02:17:43,611] {scheduler_job.py:629} INFO - Processing file /home/airflow/.local/lib/python3.6/site-packages/airflow/example_dags/tutorial.py for tasks to queue
[2022-09-05 02:17:43,612] {logging_mixin.py:104} INFO - [2022-09-05 02:17:43,612] {dagbag.py:448} INFO - Filling up the DagBag from /home/airflow/.local/lib/python3.6/site-packages/airflow/example_dags/tutorial.py
[2022-09-05 02:17:43,627] {scheduler_job.py:639} INFO - DAG(s) dict_keys(['tutorial']) retrieved from /home/airflow/.local/lib/python3.6/site-packages/airflow/example_dags/tutorial.py
[2022-09-05 02:17:43,659] {logging_mixin.py:104} INFO - [2022-09-05 02:17:43,659] {dag.py:1818} INFO - Sync 1 DAGs
[2022-09-05 02:17:43,677] {logging_mixin.py:104} INFO - [2022-09-05 02:17:43,677] {dag.py:2273} INFO - Setting next_dagrun for tutorial to 2022-09-03 00:00:00+00:00
[2022-09-05 02:17:43,720] {scheduler_job.py:190} INFO - Processing /home/airflow/.local/lib/python3.6/site-packages/airflow/example_dags/tutorial.py took 0.116 seconds
[2022-09-05 02:18:14,248] {scheduler_job.py:182} INFO - Started process (PID=2073) to work on /home/airflow/.local/lib/python3.6/site-packages/airflow/example_dags/tutorial.py
[2022-09-05 02:18:14,250] {scheduler_job.py:629} INFO - Processing file /home/airflow/.local/lib/python3.6/site-packages/airflow/example_dags/tutorial.py for tasks to queue
[2022-09-05 02:18:14,252] {logging_mixin.py:104} INFO - [2022-09-05 02:18:14,251] {dagbag.py:448} INFO - Filling up the DagBag from /home/airflow/.local/lib/python3.6/site-packages/airflow/example_dags/tutorial.py
[2022-09-05 02:18:14,263] {scheduler_job.py:639} INFO - DAG(s) dict_keys(['tutorial']) retrieved from /home/airflow/.local/lib/python3.6/site-packages/airflow/example_dags/tutorial.py
[2022-09-05 02:18:14,292] {logging_mixin.py:104} INFO - [2022-09-05 02:18:14,292] {dag.py:1818} INFO - Sync 1 DAGs
[2022-09-05 02:18:14,311] {logging_mixin.py:104} INFO - [2022-09-05 02:18:14,311] {dag.py:2273} INFO - Setting next_dagrun for tutorial to 2022-09-03 00:00:00+00:00
[2022-09-05 02:18:14,384] {scheduler_job.py:190} INFO - Processing /home/airflow/.local/lib/python3.6/site-packages/airflow/example_dags/tutorial.py took 0.141 seconds
[2022-09-05 02:18:44,556] {scheduler_job.py:182} INFO - Started process (PID=2203) to work on /home/airflow/.local/lib/python3.6/site-packages/airflow/example_dags/tutorial.py
[2022-09-05 02:18:44,558] {scheduler_job.py:629} INFO - Processing file /home/airflow/.local/lib/python3.6/site-packages/airflow/example_dags/tutorial.py for tasks to queue
[2022-09-05 02:18:44,559] {logging_mixin.py:104} INFO - [2022-09-05 02:18:44,559] {dagbag.py:448} INFO - Filling up the DagBag from /home/airflow/.local/lib/python3.6/site-packages/airflow/example_dags/tutorial.py
[2022-09-05 02:18:44,571] {scheduler_job.py:639} INFO - DAG(s) dict_keys(['tutorial']) retrieved from /home/airflow/.local/lib/python3.6/site-packages/airflow/example_dags/tutorial.py
[2022-09-05 02:18:44,601] {logging_mixin.py:104} INFO - [2022-09-05 02:18:44,600] {dag.py:1818} INFO - Sync 1 DAGs
[2022-09-05 02:18:44,627] {logging_mixin.py:104} INFO - [2022-09-05 02:18:44,627] {dag.py:2273} INFO - Setting next_dagrun for tutorial to 2022-09-03 00:00:00+00:00
[2022-09-05 02:18:44,665] {scheduler_job.py:190} INFO - Processing /home/airflow/.local/lib/python3.6/site-packages/airflow/example_dags/tutorial.py took 0.113 seconds
[2022-09-05 02:19:14,718] {scheduler_job.py:182} INFO - Started process (PID=2328) to work on /home/airflow/.local/lib/python3.6/site-packages/airflow/example_dags/tutorial.py
[2022-09-05 02:19:14,721] {scheduler_job.py:629} INFO - Processing file /home/airflow/.local/lib/python3.6/site-packages/airflow/example_dags/tutorial.py for tasks to queue
[2022-09-05 02:19:14,722] {logging_mixin.py:104} INFO - [2022-09-05 02:19:14,722] {dagbag.py:448} INFO - Filling up the DagBag from /home/airflow/.local/lib/python3.6/site-packages/airflow/example_dags/tutorial.py
[2022-09-05 02:19:14,736] {scheduler_job.py:639} INFO - DAG(s) dict_keys(['tutorial']) retrieved from /home/airflow/.local/lib/python3.6/site-packages/airflow/example_dags/tutorial.py
[2022-09-05 02:19:14,767] {logging_mixin.py:104} INFO - [2022-09-05 02:19:14,767] {dag.py:1818} INFO - Sync 1 DAGs
[2022-09-05 02:19:14,790] {logging_mixin.py:104} INFO - [2022-09-05 02:19:14,790] {dag.py:2273} INFO - Setting next_dagrun for tutorial to 2022-09-03 00:00:00+00:00
[2022-09-05 02:19:14,829] {scheduler_job.py:190} INFO - Processing /home/airflow/.local/lib/python3.6/site-packages/airflow/example_dags/tutorial.py took 0.115 seconds
[2022-09-05 02:19:45,355] {scheduler_job.py:182} INFO - Started process (PID=2463) to work on /home/airflow/.local/lib/python3.6/site-packages/airflow/example_dags/tutorial.py
[2022-09-05 02:19:45,357] {scheduler_job.py:629} INFO - Processing file /home/airflow/.local/lib/python3.6/site-packages/airflow/example_dags/tutorial.py for tasks to queue
[2022-09-05 02:19:45,358] {logging_mixin.py:104} INFO - [2022-09-05 02:19:45,358] {dagbag.py:448} INFO - Filling up the DagBag from /home/airflow/.local/lib/python3.6/site-packages/airflow/example_dags/tutorial.py
[2022-09-05 02:19:45,371] {scheduler_job.py:639} INFO - DAG(s) dict_keys(['tutorial']) retrieved from /home/airflow/.local/lib/python3.6/site-packages/airflow/example_dags/tutorial.py
[2022-09-05 02:19:45,396] {logging_mixin.py:104} INFO - [2022-09-05 02:19:45,396] {dag.py:1818} INFO - Sync 1 DAGs
[2022-09-05 02:19:45,416] {logging_mixin.py:104} INFO - [2022-09-05 02:19:45,416] {dag.py:2273} INFO - Setting next_dagrun for tutorial to 2022-09-03 00:00:00+00:00
[2022-09-05 02:19:45,452] {scheduler_job.py:190} INFO - Processing /home/airflow/.local/lib/python3.6/site-packages/airflow/example_dags/tutorial.py took 0.101 seconds
[2022-09-05 02:20:15,660] {scheduler_job.py:182} INFO - Started process (PID=2593) to work on /home/airflow/.local/lib/python3.6/site-packages/airflow/example_dags/tutorial.py
[2022-09-05 02:20:15,662] {scheduler_job.py:629} INFO - Processing file /home/airflow/.local/lib/python3.6/site-packages/airflow/example_dags/tutorial.py for tasks to queue
[2022-09-05 02:20:15,663] {logging_mixin.py:104} INFO - [2022-09-05 02:20:15,663] {dagbag.py:448} INFO - Filling up the DagBag from /home/airflow/.local/lib/python3.6/site-packages/airflow/example_dags/tutorial.py
[2022-09-05 02:20:15,675] {scheduler_job.py:639} INFO - DAG(s) dict_keys(['tutorial']) retrieved from /home/airflow/.local/lib/python3.6/site-packages/airflow/example_dags/tutorial.py
[2022-09-05 02:20:15,710] {logging_mixin.py:104} INFO - [2022-09-05 02:20:15,710] {dag.py:1818} INFO - Sync 1 DAGs
[2022-09-05 02:20:15,733] {logging_mixin.py:104} INFO - [2022-09-05 02:20:15,733] {dag.py:2273} INFO - Setting next_dagrun for tutorial to 2022-09-03 00:00:00+00:00
[2022-09-05 02:20:15,770] {scheduler_job.py:190} INFO - Processing /home/airflow/.local/lib/python3.6/site-packages/airflow/example_dags/tutorial.py took 0.114 seconds
[2022-09-05 02:20:46,260] {scheduler_job.py:182} INFO - Started process (PID=2723) to work on /home/airflow/.local/lib/python3.6/site-packages/airflow/example_dags/tutorial.py
[2022-09-05 02:20:46,261] {scheduler_job.py:629} INFO - Processing file /home/airflow/.local/lib/python3.6/site-packages/airflow/example_dags/tutorial.py for tasks to queue
[2022-09-05 02:20:46,262] {logging_mixin.py:104} INFO - [2022-09-05 02:20:46,262] {dagbag.py:448} INFO - Filling up the DagBag from /home/airflow/.local/lib/python3.6/site-packages/airflow/example_dags/tutorial.py
[2022-09-05 02:20:46,275] {scheduler_job.py:639} INFO - DAG(s) dict_keys(['tutorial']) retrieved from /home/airflow/.local/lib/python3.6/site-packages/airflow/example_dags/tutorial.py
[2022-09-05 02:20:46,302] {logging_mixin.py:104} INFO - [2022-09-05 02:20:46,301] {dag.py:1818} INFO - Sync 1 DAGs
[2022-09-05 02:20:46,327] {logging_mixin.py:104} INFO - [2022-09-05 02:20:46,327] {dag.py:2273} INFO - Setting next_dagrun for tutorial to 2022-09-03 00:00:00+00:00
[2022-09-05 02:20:46,367] {scheduler_job.py:190} INFO - Processing /home/airflow/.local/lib/python3.6/site-packages/airflow/example_dags/tutorial.py took 0.111 seconds
[2022-09-05 02:21:16,669] {scheduler_job.py:182} INFO - Started process (PID=2853) to work on /home/airflow/.local/lib/python3.6/site-packages/airflow/example_dags/tutorial.py
[2022-09-05 02:21:16,672] {scheduler_job.py:629} INFO - Processing file /home/airflow/.local/lib/python3.6/site-packages/airflow/example_dags/tutorial.py for tasks to queue
[2022-09-05 02:21:16,674] {logging_mixin.py:104} INFO - [2022-09-05 02:21:16,674] {dagbag.py:448} INFO - Filling up the DagBag from /home/airflow/.local/lib/python3.6/site-packages/airflow/example_dags/tutorial.py
[2022-09-05 02:21:16,689] {scheduler_job.py:639} INFO - DAG(s) dict_keys(['tutorial']) retrieved from /home/airflow/.local/lib/python3.6/site-packages/airflow/example_dags/tutorial.py
[2022-09-05 02:21:16,718] {logging_mixin.py:104} INFO - [2022-09-05 02:21:16,718] {dag.py:1818} INFO - Sync 1 DAGs
[2022-09-05 02:21:16,741] {logging_mixin.py:104} INFO - [2022-09-05 02:21:16,741] {dag.py:2273} INFO - Setting next_dagrun for tutorial to 2022-09-03 00:00:00+00:00
[2022-09-05 02:21:16,780] {scheduler_job.py:190} INFO - Processing /home/airflow/.local/lib/python3.6/site-packages/airflow/example_dags/tutorial.py took 0.115 seconds
[2022-09-05 02:21:47,318] {scheduler_job.py:182} INFO - Started process (PID=2983) to work on /home/airflow/.local/lib/python3.6/site-packages/airflow/example_dags/tutorial.py
[2022-09-05 02:21:47,320] {scheduler_job.py:629} INFO - Processing file /home/airflow/.local/lib/python3.6/site-packages/airflow/example_dags/tutorial.py for tasks to queue
[2022-09-05 02:21:47,321] {logging_mixin.py:104} INFO - [2022-09-05 02:21:47,321] {dagbag.py:448} INFO - Filling up the DagBag from /home/airflow/.local/lib/python3.6/site-packages/airflow/example_dags/tutorial.py
[2022-09-05 02:21:47,337] {scheduler_job.py:639} INFO - DAG(s) dict_keys(['tutorial']) retrieved from /home/airflow/.local/lib/python3.6/site-packages/airflow/example_dags/tutorial.py
[2022-09-05 02:21:47,373] {logging_mixin.py:104} INFO - [2022-09-05 02:21:47,373] {dag.py:1818} INFO - Sync 1 DAGs
[2022-09-05 02:21:47,398] {logging_mixin.py:104} INFO - [2022-09-05 02:21:47,398] {dag.py:2273} INFO - Setting next_dagrun for tutorial to 2022-09-03 00:00:00+00:00
[2022-09-05 02:21:47,455] {scheduler_job.py:190} INFO - Processing /home/airflow/.local/lib/python3.6/site-packages/airflow/example_dags/tutorial.py took 0.141 seconds
[2022-09-05 02:21:55,596] {scheduler_job.py:182} INFO - Started process (PID=222) to work on /home/airflow/.local/lib/python3.6/site-packages/airflow/example_dags/tutorial.py
[2022-09-05 02:21:55,606] {scheduler_job.py:629} INFO - Processing file /home/airflow/.local/lib/python3.6/site-packages/airflow/example_dags/tutorial.py for tasks to queue
[2022-09-05 02:21:55,612] {logging_mixin.py:104} INFO - [2022-09-05 02:21:55,612] {dagbag.py:448} INFO - Filling up the DagBag from /home/airflow/.local/lib/python3.6/site-packages/airflow/example_dags/tutorial.py
[2022-09-05 02:21:55,638] {scheduler_job.py:639} INFO - DAG(s) dict_keys(['tutorial']) retrieved from /home/airflow/.local/lib/python3.6/site-packages/airflow/example_dags/tutorial.py
[2022-09-05 02:21:55,667] {logging_mixin.py:104} INFO - [2022-09-05 02:21:55,667] {dag.py:1818} INFO - Sync 1 DAGs
[2022-09-05 02:21:55,692] {logging_mixin.py:104} INFO - [2022-09-05 02:21:55,692] {dag.py:2273} INFO - Setting next_dagrun for tutorial to 2022-09-03 00:00:00+00:00
[2022-09-05 02:21:55,727] {scheduler_job.py:190} INFO - Processing /home/airflow/.local/lib/python3.6/site-packages/airflow/example_dags/tutorial.py took 0.135 seconds
[2022-09-05 02:22:25,842] {scheduler_job.py:182} INFO - Started process (PID=352) to work on /home/airflow/.local/lib/python3.6/site-packages/airflow/example_dags/tutorial.py
[2022-09-05 02:22:25,844] {scheduler_job.py:629} INFO - Processing file /home/airflow/.local/lib/python3.6/site-packages/airflow/example_dags/tutorial.py for tasks to queue
[2022-09-05 02:22:25,845] {logging_mixin.py:104} INFO - [2022-09-05 02:22:25,845] {dagbag.py:448} INFO - Filling up the DagBag from /home/airflow/.local/lib/python3.6/site-packages/airflow/example_dags/tutorial.py
[2022-09-05 02:22:25,855] {scheduler_job.py:639} INFO - DAG(s) dict_keys(['tutorial']) retrieved from /home/airflow/.local/lib/python3.6/site-packages/airflow/example_dags/tutorial.py
[2022-09-05 02:22:25,882] {logging_mixin.py:104} INFO - [2022-09-05 02:22:25,882] {dag.py:1818} INFO - Sync 1 DAGs
[2022-09-05 02:22:25,907] {logging_mixin.py:104} INFO - [2022-09-05 02:22:25,907] {dag.py:2273} INFO - Setting next_dagrun for tutorial to 2022-09-03 00:00:00+00:00
[2022-09-05 02:22:25,936] {scheduler_job.py:190} INFO - Processing /home/airflow/.local/lib/python3.6/site-packages/airflow/example_dags/tutorial.py took 0.098 seconds
[2022-09-05 02:22:56,313] {scheduler_job.py:182} INFO - Started process (PID=477) to work on /home/airflow/.local/lib/python3.6/site-packages/airflow/example_dags/tutorial.py
[2022-09-05 02:22:56,314] {scheduler_job.py:629} INFO - Processing file /home/airflow/.local/lib/python3.6/site-packages/airflow/example_dags/tutorial.py for tasks to queue
[2022-09-05 02:22:56,315] {logging_mixin.py:104} INFO - [2022-09-05 02:22:56,315] {dagbag.py:448} INFO - Filling up the DagBag from /home/airflow/.local/lib/python3.6/site-packages/airflow/example_dags/tutorial.py
[2022-09-05 02:22:56,326] {scheduler_job.py:639} INFO - DAG(s) dict_keys(['tutorial']) retrieved from /home/airflow/.local/lib/python3.6/site-packages/airflow/example_dags/tutorial.py
[2022-09-05 02:22:56,380] {logging_mixin.py:104} INFO - [2022-09-05 02:22:56,380] {dag.py:1818} INFO - Sync 1 DAGs
[2022-09-05 02:22:56,445] {logging_mixin.py:104} INFO - [2022-09-05 02:22:56,445] {dag.py:2273} INFO - Setting next_dagrun for tutorial to 2022-09-03 00:00:00+00:00
[2022-09-05 02:22:56,493] {scheduler_job.py:190} INFO - Processing /home/airflow/.local/lib/python3.6/site-packages/airflow/example_dags/tutorial.py took 0.185 seconds
[2022-09-05 02:23:26,537] {scheduler_job.py:182} INFO - Started process (PID=607) to work on /home/airflow/.local/lib/python3.6/site-packages/airflow/example_dags/tutorial.py
[2022-09-05 02:23:26,540] {scheduler_job.py:629} INFO - Processing file /home/airflow/.local/lib/python3.6/site-packages/airflow/example_dags/tutorial.py for tasks to queue
[2022-09-05 02:23:26,541] {logging_mixin.py:104} INFO - [2022-09-05 02:23:26,541] {dagbag.py:448} INFO - Filling up the DagBag from /home/airflow/.local/lib/python3.6/site-packages/airflow/example_dags/tutorial.py
[2022-09-05 02:23:26,554] {scheduler_job.py:639} INFO - DAG(s) dict_keys(['tutorial']) retrieved from /home/airflow/.local/lib/python3.6/site-packages/airflow/example_dags/tutorial.py
[2022-09-05 02:23:26,580] {logging_mixin.py:104} INFO - [2022-09-05 02:23:26,580] {dag.py:1818} INFO - Sync 1 DAGs
[2022-09-05 02:23:26,601] {logging_mixin.py:104} INFO - [2022-09-05 02:23:26,601] {dag.py:2273} INFO - Setting next_dagrun for tutorial to 2022-09-03 00:00:00+00:00
[2022-09-05 02:23:26,651] {scheduler_job.py:190} INFO - Processing /home/airflow/.local/lib/python3.6/site-packages/airflow/example_dags/tutorial.py took 0.119 seconds
[2022-09-05 02:23:56,987] {scheduler_job.py:182} INFO - Started process (PID=737) to work on /home/airflow/.local/lib/python3.6/site-packages/airflow/example_dags/tutorial.py
[2022-09-05 02:23:56,989] {scheduler_job.py:629} INFO - Processing file /home/airflow/.local/lib/python3.6/site-packages/airflow/example_dags/tutorial.py for tasks to queue
[2022-09-05 02:23:56,991] {logging_mixin.py:104} INFO - [2022-09-05 02:23:56,991] {dagbag.py:448} INFO - Filling up the DagBag from /home/airflow/.local/lib/python3.6/site-packages/airflow/example_dags/tutorial.py
[2022-09-05 02:23:57,010] {scheduler_job.py:639} INFO - DAG(s) dict_keys(['tutorial']) retrieved from /home/airflow/.local/lib/python3.6/site-packages/airflow/example_dags/tutorial.py
[2022-09-05 02:23:57,052] {logging_mixin.py:104} INFO - [2022-09-05 02:23:57,051] {dag.py:1818} INFO - Sync 1 DAGs
[2022-09-05 02:23:57,076] {logging_mixin.py:104} INFO - [2022-09-05 02:23:57,075] {dag.py:2273} INFO - Setting next_dagrun for tutorial to 2022-09-03 00:00:00+00:00
[2022-09-05 02:23:57,119] {scheduler_job.py:190} INFO - Processing /home/airflow/.local/lib/python3.6/site-packages/airflow/example_dags/tutorial.py took 0.137 seconds
[2022-09-05 02:24:27,515] {scheduler_job.py:182} INFO - Started process (PID=869) to work on /home/airflow/.local/lib/python3.6/site-packages/airflow/example_dags/tutorial.py
[2022-09-05 02:24:27,517] {scheduler_job.py:629} INFO - Processing file /home/airflow/.local/lib/python3.6/site-packages/airflow/example_dags/tutorial.py for tasks to queue
[2022-09-05 02:24:27,518] {logging_mixin.py:104} INFO - [2022-09-05 02:24:27,518] {dagbag.py:448} INFO - Filling up the DagBag from /home/airflow/.local/lib/python3.6/site-packages/airflow/example_dags/tutorial.py
[2022-09-05 02:24:27,532] {scheduler_job.py:639} INFO - DAG(s) dict_keys(['tutorial']) retrieved from /home/airflow/.local/lib/python3.6/site-packages/airflow/example_dags/tutorial.py
[2022-09-05 02:24:27,562] {logging_mixin.py:104} INFO - [2022-09-05 02:24:27,562] {dag.py:1818} INFO - Sync 1 DAGs
[2022-09-05 02:24:27,579] {logging_mixin.py:104} INFO - [2022-09-05 02:24:27,579] {dag.py:2273} INFO - Setting next_dagrun for tutorial to 2022-09-03 00:00:00+00:00
[2022-09-05 02:24:27,639] {scheduler_job.py:190} INFO - Processing /home/airflow/.local/lib/python3.6/site-packages/airflow/example_dags/tutorial.py took 0.129 seconds
[2022-09-05 02:24:53,582] {scheduler_job.py:182} INFO - Started process (PID=251) to work on /home/airflow/.local/lib/python3.6/site-packages/airflow/example_dags/tutorial.py
[2022-09-05 02:24:53,584] {scheduler_job.py:629} INFO - Processing file /home/airflow/.local/lib/python3.6/site-packages/airflow/example_dags/tutorial.py for tasks to queue
[2022-09-05 02:24:53,585] {logging_mixin.py:104} INFO - [2022-09-05 02:24:53,585] {dagbag.py:448} INFO - Filling up the DagBag from /home/airflow/.local/lib/python3.6/site-packages/airflow/example_dags/tutorial.py
[2022-09-05 02:24:53,600] {scheduler_job.py:639} INFO - DAG(s) dict_keys(['tutorial']) retrieved from /home/airflow/.local/lib/python3.6/site-packages/airflow/example_dags/tutorial.py
[2022-09-05 02:24:53,632] {logging_mixin.py:104} INFO - [2022-09-05 02:24:53,632] {dag.py:1818} INFO - Sync 1 DAGs
[2022-09-05 02:24:53,655] {logging_mixin.py:104} INFO - [2022-09-05 02:24:53,655] {dag.py:2273} INFO - Setting next_dagrun for tutorial to 2022-09-03 00:00:00+00:00
[2022-09-05 02:24:53,707] {scheduler_job.py:190} INFO - Processing /home/airflow/.local/lib/python3.6/site-packages/airflow/example_dags/tutorial.py took 0.129 seconds
[2022-09-05 02:25:26,626] {scheduler_job.py:182} INFO - Started process (PID=376) to work on /home/airflow/.local/lib/python3.6/site-packages/airflow/example_dags/tutorial.py
[2022-09-05 02:25:26,640] {scheduler_job.py:629} INFO - Processing file /home/airflow/.local/lib/python3.6/site-packages/airflow/example_dags/tutorial.py for tasks to queue
[2022-09-05 02:25:26,643] {logging_mixin.py:104} INFO - [2022-09-05 02:25:26,643] {dagbag.py:448} INFO - Filling up the DagBag from /home/airflow/.local/lib/python3.6/site-packages/airflow/example_dags/tutorial.py
[2022-09-05 02:25:26,680] {scheduler_job.py:639} INFO - DAG(s) dict_keys(['tutorial']) retrieved from /home/airflow/.local/lib/python3.6/site-packages/airflow/example_dags/tutorial.py
[2022-09-05 02:25:26,732] {logging_mixin.py:104} INFO - [2022-09-05 02:25:26,732] {dag.py:1818} INFO - Sync 1 DAGs
[2022-09-05 02:25:26,759] {logging_mixin.py:104} INFO - [2022-09-05 02:25:26,759] {dag.py:2273} INFO - Setting next_dagrun for tutorial to 2022-09-03 00:00:00+00:00
[2022-09-05 02:25:26,819] {scheduler_job.py:190} INFO - Processing /home/airflow/.local/lib/python3.6/site-packages/airflow/example_dags/tutorial.py took 0.204 seconds
[2022-09-05 02:26:02,522] {scheduler_job.py:182} INFO - Started process (PID=242) to work on /home/airflow/.local/lib/python3.6/site-packages/airflow/example_dags/tutorial.py
[2022-09-05 02:26:02,523] {scheduler_job.py:629} INFO - Processing file /home/airflow/.local/lib/python3.6/site-packages/airflow/example_dags/tutorial.py for tasks to queue
[2022-09-05 02:26:02,525] {logging_mixin.py:104} INFO - [2022-09-05 02:26:02,525] {dagbag.py:448} INFO - Filling up the DagBag from /home/airflow/.local/lib/python3.6/site-packages/airflow/example_dags/tutorial.py
[2022-09-05 02:26:02,535] {scheduler_job.py:639} INFO - DAG(s) dict_keys(['tutorial']) retrieved from /home/airflow/.local/lib/python3.6/site-packages/airflow/example_dags/tutorial.py
[2022-09-05 02:26:02,569] {logging_mixin.py:104} INFO - [2022-09-05 02:26:02,569] {dag.py:1818} INFO - Sync 1 DAGs
[2022-09-05 02:26:02,602] {logging_mixin.py:104} INFO - [2022-09-05 02:26:02,602] {dag.py:2273} INFO - Setting next_dagrun for tutorial to 2022-09-03 00:00:00+00:00
[2022-09-05 02:26:02,657] {scheduler_job.py:190} INFO - Processing /home/airflow/.local/lib/python3.6/site-packages/airflow/example_dags/tutorial.py took 0.139 seconds
[2022-09-05 02:26:33,591] {scheduler_job.py:182} INFO - Started process (PID=372) to work on /home/airflow/.local/lib/python3.6/site-packages/airflow/example_dags/tutorial.py
[2022-09-05 02:26:33,593] {scheduler_job.py:629} INFO - Processing file /home/airflow/.local/lib/python3.6/site-packages/airflow/example_dags/tutorial.py for tasks to queue
[2022-09-05 02:26:33,594] {logging_mixin.py:104} INFO - [2022-09-05 02:26:33,594] {dagbag.py:448} INFO - Filling up the DagBag from /home/airflow/.local/lib/python3.6/site-packages/airflow/example_dags/tutorial.py
[2022-09-05 02:26:33,608] {scheduler_job.py:639} INFO - DAG(s) dict_keys(['tutorial']) retrieved from /home/airflow/.local/lib/python3.6/site-packages/airflow/example_dags/tutorial.py
[2022-09-05 02:26:33,636] {logging_mixin.py:104} INFO - [2022-09-05 02:26:33,636] {dag.py:1818} INFO - Sync 1 DAGs
[2022-09-05 02:26:33,656] {logging_mixin.py:104} INFO - [2022-09-05 02:26:33,655] {dag.py:2273} INFO - Setting next_dagrun for tutorial to 2022-09-03 00:00:00+00:00
[2022-09-05 02:26:33,698] {scheduler_job.py:190} INFO - Processing /home/airflow/.local/lib/python3.6/site-packages/airflow/example_dags/tutorial.py took 0.110 seconds
[2022-09-05 02:27:03,866] {scheduler_job.py:182} INFO - Started process (PID=497) to work on /home/airflow/.local/lib/python3.6/site-packages/airflow/example_dags/tutorial.py
[2022-09-05 02:27:03,868] {scheduler_job.py:629} INFO - Processing file /home/airflow/.local/lib/python3.6/site-packages/airflow/example_dags/tutorial.py for tasks to queue
[2022-09-05 02:27:03,870] {logging_mixin.py:104} INFO - [2022-09-05 02:27:03,870] {dagbag.py:448} INFO - Filling up the DagBag from /home/airflow/.local/lib/python3.6/site-packages/airflow/example_dags/tutorial.py
[2022-09-05 02:27:03,884] {scheduler_job.py:639} INFO - DAG(s) dict_keys(['tutorial']) retrieved from /home/airflow/.local/lib/python3.6/site-packages/airflow/example_dags/tutorial.py
[2022-09-05 02:27:03,912] {logging_mixin.py:104} INFO - [2022-09-05 02:27:03,912] {dag.py:1818} INFO - Sync 1 DAGs
[2022-09-05 02:27:03,939] {logging_mixin.py:104} INFO - [2022-09-05 02:27:03,939] {dag.py:2273} INFO - Setting next_dagrun for tutorial to 2022-09-03 00:00:00+00:00
[2022-09-05 02:27:03,978] {scheduler_job.py:190} INFO - Processing /home/airflow/.local/lib/python3.6/site-packages/airflow/example_dags/tutorial.py took 0.116 seconds
[2022-09-05 02:27:35,583] {scheduler_job.py:182} INFO - Started process (PID=632) to work on /home/airflow/.local/lib/python3.6/site-packages/airflow/example_dags/tutorial.py
[2022-09-05 02:27:35,586] {scheduler_job.py:629} INFO - Processing file /home/airflow/.local/lib/python3.6/site-packages/airflow/example_dags/tutorial.py for tasks to queue
[2022-09-05 02:27:35,588] {logging_mixin.py:104} INFO - [2022-09-05 02:27:35,588] {dagbag.py:448} INFO - Filling up the DagBag from /home/airflow/.local/lib/python3.6/site-packages/airflow/example_dags/tutorial.py
[2022-09-05 02:27:35,612] {scheduler_job.py:639} INFO - DAG(s) dict_keys(['tutorial']) retrieved from /home/airflow/.local/lib/python3.6/site-packages/airflow/example_dags/tutorial.py
[2022-09-05 02:27:35,661] {logging_mixin.py:104} INFO - [2022-09-05 02:27:35,661] {dag.py:1818} INFO - Sync 1 DAGs
[2022-09-05 02:27:35,696] {logging_mixin.py:104} INFO - [2022-09-05 02:27:35,696] {dag.py:2273} INFO - Setting next_dagrun for tutorial to 2022-09-03 00:00:00+00:00
[2022-09-05 02:27:35,748] {scheduler_job.py:190} INFO - Processing /home/airflow/.local/lib/python3.6/site-packages/airflow/example_dags/tutorial.py took 0.172 seconds
[2022-09-05 02:28:05,900] {scheduler_job.py:182} INFO - Started process (PID=764) to work on /home/airflow/.local/lib/python3.6/site-packages/airflow/example_dags/tutorial.py
[2022-09-05 02:28:05,901] {scheduler_job.py:629} INFO - Processing file /home/airflow/.local/lib/python3.6/site-packages/airflow/example_dags/tutorial.py for tasks to queue
[2022-09-05 02:28:05,903] {logging_mixin.py:104} INFO - [2022-09-05 02:28:05,902] {dagbag.py:448} INFO - Filling up the DagBag from /home/airflow/.local/lib/python3.6/site-packages/airflow/example_dags/tutorial.py
[2022-09-05 02:28:05,913] {scheduler_job.py:639} INFO - DAG(s) dict_keys(['tutorial']) retrieved from /home/airflow/.local/lib/python3.6/site-packages/airflow/example_dags/tutorial.py
[2022-09-05 02:28:05,944] {logging_mixin.py:104} INFO - [2022-09-05 02:28:05,943] {dag.py:1818} INFO - Sync 1 DAGs
[2022-09-05 02:28:05,963] {logging_mixin.py:104} INFO - [2022-09-05 02:28:05,963] {dag.py:2273} INFO - Setting next_dagrun for tutorial to 2022-09-03 00:00:00+00:00
[2022-09-05 02:28:05,996] {scheduler_job.py:190} INFO - Processing /home/airflow/.local/lib/python3.6/site-packages/airflow/example_dags/tutorial.py took 0.101 seconds
[2022-09-05 02:28:36,318] {scheduler_job.py:182} INFO - Started process (PID=889) to work on /home/airflow/.local/lib/python3.6/site-packages/airflow/example_dags/tutorial.py
[2022-09-05 02:28:36,320] {scheduler_job.py:629} INFO - Processing file /home/airflow/.local/lib/python3.6/site-packages/airflow/example_dags/tutorial.py for tasks to queue
[2022-09-05 02:28:36,322] {logging_mixin.py:104} INFO - [2022-09-05 02:28:36,321] {dagbag.py:448} INFO - Filling up the DagBag from /home/airflow/.local/lib/python3.6/site-packages/airflow/example_dags/tutorial.py
[2022-09-05 02:28:36,337] {scheduler_job.py:639} INFO - DAG(s) dict_keys(['tutorial']) retrieved from /home/airflow/.local/lib/python3.6/site-packages/airflow/example_dags/tutorial.py
[2022-09-05 02:28:36,373] {logging_mixin.py:104} INFO - [2022-09-05 02:28:36,372] {dag.py:1818} INFO - Sync 1 DAGs
[2022-09-05 02:28:36,400] {logging_mixin.py:104} INFO - [2022-09-05 02:28:36,400] {dag.py:2273} INFO - Setting next_dagrun for tutorial to 2022-09-03 00:00:00+00:00
[2022-09-05 02:28:36,473] {scheduler_job.py:190} INFO - Processing /home/airflow/.local/lib/python3.6/site-packages/airflow/example_dags/tutorial.py took 0.158 seconds
[2022-09-05 02:29:07,785] {scheduler_job.py:182} INFO - Started process (PID=1032) to work on /home/airflow/.local/lib/python3.6/site-packages/airflow/example_dags/tutorial.py
[2022-09-05 02:29:07,787] {scheduler_job.py:629} INFO - Processing file /home/airflow/.local/lib/python3.6/site-packages/airflow/example_dags/tutorial.py for tasks to queue
[2022-09-05 02:29:07,789] {logging_mixin.py:104} INFO - [2022-09-05 02:29:07,788] {dagbag.py:448} INFO - Filling up the DagBag from /home/airflow/.local/lib/python3.6/site-packages/airflow/example_dags/tutorial.py
[2022-09-05 02:29:07,802] {scheduler_job.py:639} INFO - DAG(s) dict_keys(['tutorial']) retrieved from /home/airflow/.local/lib/python3.6/site-packages/airflow/example_dags/tutorial.py
[2022-09-05 02:29:07,852] {logging_mixin.py:104} INFO - [2022-09-05 02:29:07,852] {dag.py:1818} INFO - Sync 1 DAGs
[2022-09-05 02:29:07,902] {logging_mixin.py:104} INFO - [2022-09-05 02:29:07,901] {dag.py:2273} INFO - Setting next_dagrun for tutorial to 2022-09-03 00:00:00+00:00
[2022-09-05 02:29:07,996] {scheduler_job.py:190} INFO - Processing /home/airflow/.local/lib/python3.6/site-packages/airflow/example_dags/tutorial.py took 0.216 seconds
[2022-09-05 02:29:38,349] {scheduler_job.py:182} INFO - Started process (PID=1162) to work on /home/airflow/.local/lib/python3.6/site-packages/airflow/example_dags/tutorial.py
[2022-09-05 02:29:38,351] {scheduler_job.py:629} INFO - Processing file /home/airflow/.local/lib/python3.6/site-packages/airflow/example_dags/tutorial.py for tasks to queue
[2022-09-05 02:29:38,353] {logging_mixin.py:104} INFO - [2022-09-05 02:29:38,352] {dagbag.py:448} INFO - Filling up the DagBag from /home/airflow/.local/lib/python3.6/site-packages/airflow/example_dags/tutorial.py
[2022-09-05 02:29:38,372] {scheduler_job.py:639} INFO - DAG(s) dict_keys(['tutorial']) retrieved from /home/airflow/.local/lib/python3.6/site-packages/airflow/example_dags/tutorial.py
[2022-09-05 02:29:38,405] {logging_mixin.py:104} INFO - [2022-09-05 02:29:38,405] {dag.py:1818} INFO - Sync 1 DAGs
[2022-09-05 02:29:38,426] {logging_mixin.py:104} INFO - [2022-09-05 02:29:38,426] {dag.py:2273} INFO - Setting next_dagrun for tutorial to 2022-09-03 00:00:00+00:00
[2022-09-05 02:29:38,527] {scheduler_job.py:190} INFO - Processing /home/airflow/.local/lib/python3.6/site-packages/airflow/example_dags/tutorial.py took 0.183 seconds
[2022-09-05 02:30:08,658] {scheduler_job.py:182} INFO - Started process (PID=1292) to work on /home/airflow/.local/lib/python3.6/site-packages/airflow/example_dags/tutorial.py
[2022-09-05 02:30:08,661] {scheduler_job.py:629} INFO - Processing file /home/airflow/.local/lib/python3.6/site-packages/airflow/example_dags/tutorial.py for tasks to queue
[2022-09-05 02:30:08,664] {logging_mixin.py:104} INFO - [2022-09-05 02:30:08,663] {dagbag.py:448} INFO - Filling up the DagBag from /home/airflow/.local/lib/python3.6/site-packages/airflow/example_dags/tutorial.py
[2022-09-05 02:30:08,681] {scheduler_job.py:639} INFO - DAG(s) dict_keys(['tutorial']) retrieved from /home/airflow/.local/lib/python3.6/site-packages/airflow/example_dags/tutorial.py
[2022-09-05 02:30:08,715] {logging_mixin.py:104} INFO - [2022-09-05 02:30:08,715] {dag.py:1818} INFO - Sync 1 DAGs
[2022-09-05 02:30:08,740] {logging_mixin.py:104} INFO - [2022-09-05 02:30:08,740] {dag.py:2273} INFO - Setting next_dagrun for tutorial to 2022-09-03 00:00:00+00:00
[2022-09-05 02:30:08,785] {scheduler_job.py:190} INFO - Processing /home/airflow/.local/lib/python3.6/site-packages/airflow/example_dags/tutorial.py took 0.132 seconds
[2022-09-05 02:30:38,955] {scheduler_job.py:182} INFO - Started process (PID=1422) to work on /home/airflow/.local/lib/python3.6/site-packages/airflow/example_dags/tutorial.py
[2022-09-05 02:30:38,957] {scheduler_job.py:629} INFO - Processing file /home/airflow/.local/lib/python3.6/site-packages/airflow/example_dags/tutorial.py for tasks to queue
[2022-09-05 02:30:38,958] {logging_mixin.py:104} INFO - [2022-09-05 02:30:38,958] {dagbag.py:448} INFO - Filling up the DagBag from /home/airflow/.local/lib/python3.6/site-packages/airflow/example_dags/tutorial.py
[2022-09-05 02:30:38,977] {scheduler_job.py:639} INFO - DAG(s) dict_keys(['tutorial']) retrieved from /home/airflow/.local/lib/python3.6/site-packages/airflow/example_dags/tutorial.py
[2022-09-05 02:30:39,007] {logging_mixin.py:104} INFO - [2022-09-05 02:30:39,007] {dag.py:1818} INFO - Sync 1 DAGs
[2022-09-05 02:30:39,031] {logging_mixin.py:104} INFO - [2022-09-05 02:30:39,031] {dag.py:2273} INFO - Setting next_dagrun for tutorial to 2022-09-03 00:00:00+00:00
[2022-09-05 02:30:39,075] {scheduler_job.py:190} INFO - Processing /home/airflow/.local/lib/python3.6/site-packages/airflow/example_dags/tutorial.py took 0.126 seconds
[2022-09-05 02:31:09,542] {scheduler_job.py:182} INFO - Started process (PID=1557) to work on /home/airflow/.local/lib/python3.6/site-packages/airflow/example_dags/tutorial.py
[2022-09-05 02:31:09,543] {scheduler_job.py:629} INFO - Processing file /home/airflow/.local/lib/python3.6/site-packages/airflow/example_dags/tutorial.py for tasks to queue
[2022-09-05 02:31:09,545] {logging_mixin.py:104} INFO - [2022-09-05 02:31:09,544] {dagbag.py:448} INFO - Filling up the DagBag from /home/airflow/.local/lib/python3.6/site-packages/airflow/example_dags/tutorial.py
[2022-09-05 02:31:09,560] {scheduler_job.py:639} INFO - DAG(s) dict_keys(['tutorial']) retrieved from /home/airflow/.local/lib/python3.6/site-packages/airflow/example_dags/tutorial.py
[2022-09-05 02:31:09,596] {logging_mixin.py:104} INFO - [2022-09-05 02:31:09,596] {dag.py:1818} INFO - Sync 1 DAGs
[2022-09-05 02:31:09,619] {logging_mixin.py:104} INFO - [2022-09-05 02:31:09,619] {dag.py:2273} INFO - Setting next_dagrun for tutorial to 2022-09-03 00:00:00+00:00
[2022-09-05 02:31:09,674] {scheduler_job.py:190} INFO - Processing /home/airflow/.local/lib/python3.6/site-packages/airflow/example_dags/tutorial.py took 0.136 seconds
[2022-09-05 02:31:39,821] {scheduler_job.py:182} INFO - Started process (PID=1712) to work on /home/airflow/.local/lib/python3.6/site-packages/airflow/example_dags/tutorial.py
[2022-09-05 02:31:39,823] {scheduler_job.py:629} INFO - Processing file /home/airflow/.local/lib/python3.6/site-packages/airflow/example_dags/tutorial.py for tasks to queue
[2022-09-05 02:31:39,826] {logging_mixin.py:104} INFO - [2022-09-05 02:31:39,826] {dagbag.py:448} INFO - Filling up the DagBag from /home/airflow/.local/lib/python3.6/site-packages/airflow/example_dags/tutorial.py
[2022-09-05 02:31:39,845] {scheduler_job.py:639} INFO - DAG(s) dict_keys(['tutorial']) retrieved from /home/airflow/.local/lib/python3.6/site-packages/airflow/example_dags/tutorial.py
[2022-09-05 02:31:39,873] {logging_mixin.py:104} INFO - [2022-09-05 02:31:39,873] {dag.py:1818} INFO - Sync 1 DAGs
[2022-09-05 02:31:39,898] {logging_mixin.py:104} INFO - [2022-09-05 02:31:39,898] {dag.py:2273} INFO - Setting next_dagrun for tutorial to 2022-09-03 00:00:00+00:00
[2022-09-05 02:31:39,944] {scheduler_job.py:190} INFO - Processing /home/airflow/.local/lib/python3.6/site-packages/airflow/example_dags/tutorial.py took 0.126 seconds
[2022-09-05 02:32:10,160] {scheduler_job.py:182} INFO - Started process (PID=1847) to work on /home/airflow/.local/lib/python3.6/site-packages/airflow/example_dags/tutorial.py
[2022-09-05 02:32:10,166] {scheduler_job.py:629} INFO - Processing file /home/airflow/.local/lib/python3.6/site-packages/airflow/example_dags/tutorial.py for tasks to queue
[2022-09-05 02:32:10,167] {logging_mixin.py:104} INFO - [2022-09-05 02:32:10,167] {dagbag.py:448} INFO - Filling up the DagBag from /home/airflow/.local/lib/python3.6/site-packages/airflow/example_dags/tutorial.py
[2022-09-05 02:32:10,179] {scheduler_job.py:639} INFO - DAG(s) dict_keys(['tutorial']) retrieved from /home/airflow/.local/lib/python3.6/site-packages/airflow/example_dags/tutorial.py
[2022-09-05 02:32:10,218] {logging_mixin.py:104} INFO - [2022-09-05 02:32:10,218] {dag.py:1818} INFO - Sync 1 DAGs
[2022-09-05 02:32:10,245] {logging_mixin.py:104} INFO - [2022-09-05 02:32:10,245] {dag.py:2273} INFO - Setting next_dagrun for tutorial to 2022-09-03 00:00:00+00:00
[2022-09-05 02:32:10,291] {scheduler_job.py:190} INFO - Processing /home/airflow/.local/lib/python3.6/site-packages/airflow/example_dags/tutorial.py took 0.135 seconds
[2022-09-05 02:32:40,630] {scheduler_job.py:182} INFO - Started process (PID=1957) to work on /home/airflow/.local/lib/python3.6/site-packages/airflow/example_dags/tutorial.py
[2022-09-05 02:32:40,633] {scheduler_job.py:629} INFO - Processing file /home/airflow/.local/lib/python3.6/site-packages/airflow/example_dags/tutorial.py for tasks to queue
[2022-09-05 02:32:40,635] {logging_mixin.py:104} INFO - [2022-09-05 02:32:40,634] {dagbag.py:448} INFO - Filling up the DagBag from /home/airflow/.local/lib/python3.6/site-packages/airflow/example_dags/tutorial.py
[2022-09-05 02:32:40,656] {scheduler_job.py:639} INFO - DAG(s) dict_keys(['tutorial']) retrieved from /home/airflow/.local/lib/python3.6/site-packages/airflow/example_dags/tutorial.py
[2022-09-05 02:32:40,691] {logging_mixin.py:104} INFO - [2022-09-05 02:32:40,691] {dag.py:1818} INFO - Sync 1 DAGs
[2022-09-05 02:32:40,712] {logging_mixin.py:104} INFO - [2022-09-05 02:32:40,712] {dag.py:2273} INFO - Setting next_dagrun for tutorial to 2022-09-03 00:00:00+00:00
[2022-09-05 02:32:40,789] {scheduler_job.py:190} INFO - Processing /home/airflow/.local/lib/python3.6/site-packages/airflow/example_dags/tutorial.py took 0.164 seconds
[2022-09-05 02:33:11,020] {scheduler_job.py:182} INFO - Started process (PID=2087) to work on /home/airflow/.local/lib/python3.6/site-packages/airflow/example_dags/tutorial.py
[2022-09-05 02:33:11,023] {scheduler_job.py:629} INFO - Processing file /home/airflow/.local/lib/python3.6/site-packages/airflow/example_dags/tutorial.py for tasks to queue
[2022-09-05 02:33:11,029] {logging_mixin.py:104} INFO - [2022-09-05 02:33:11,029] {dagbag.py:448} INFO - Filling up the DagBag from /home/airflow/.local/lib/python3.6/site-packages/airflow/example_dags/tutorial.py
[2022-09-05 02:33:11,049] {scheduler_job.py:639} INFO - DAG(s) dict_keys(['tutorial']) retrieved from /home/airflow/.local/lib/python3.6/site-packages/airflow/example_dags/tutorial.py
[2022-09-05 02:33:11,086] {logging_mixin.py:104} INFO - [2022-09-05 02:33:11,085] {dag.py:1818} INFO - Sync 1 DAGs
[2022-09-05 02:33:11,112] {logging_mixin.py:104} INFO - [2022-09-05 02:33:11,112] {dag.py:2273} INFO - Setting next_dagrun for tutorial to 2022-09-03 00:00:00+00:00
[2022-09-05 02:33:11,148] {scheduler_job.py:190} INFO - Processing /home/airflow/.local/lib/python3.6/site-packages/airflow/example_dags/tutorial.py took 0.133 seconds
[2022-09-05 02:33:41,226] {scheduler_job.py:182} INFO - Started process (PID=2202) to work on /home/airflow/.local/lib/python3.6/site-packages/airflow/example_dags/tutorial.py
[2022-09-05 02:33:41,228] {scheduler_job.py:629} INFO - Processing file /home/airflow/.local/lib/python3.6/site-packages/airflow/example_dags/tutorial.py for tasks to queue
[2022-09-05 02:33:41,229] {logging_mixin.py:104} INFO - [2022-09-05 02:33:41,229] {dagbag.py:448} INFO - Filling up the DagBag from /home/airflow/.local/lib/python3.6/site-packages/airflow/example_dags/tutorial.py
[2022-09-05 02:33:41,246] {scheduler_job.py:639} INFO - DAG(s) dict_keys(['tutorial']) retrieved from /home/airflow/.local/lib/python3.6/site-packages/airflow/example_dags/tutorial.py
[2022-09-05 02:33:41,278] {logging_mixin.py:104} INFO - [2022-09-05 02:33:41,277] {dag.py:1818} INFO - Sync 1 DAGs
[2022-09-05 02:33:41,301] {logging_mixin.py:104} INFO - [2022-09-05 02:33:41,301] {dag.py:2273} INFO - Setting next_dagrun for tutorial to 2022-09-03 00:00:00+00:00
[2022-09-05 02:33:41,351] {scheduler_job.py:190} INFO - Processing /home/airflow/.local/lib/python3.6/site-packages/airflow/example_dags/tutorial.py took 0.130 seconds
[2022-09-05 02:34:12,005] {scheduler_job.py:182} INFO - Started process (PID=2327) to work on /home/airflow/.local/lib/python3.6/site-packages/airflow/example_dags/tutorial.py
[2022-09-05 02:34:12,007] {scheduler_job.py:629} INFO - Processing file /home/airflow/.local/lib/python3.6/site-packages/airflow/example_dags/tutorial.py for tasks to queue
[2022-09-05 02:34:12,008] {logging_mixin.py:104} INFO - [2022-09-05 02:34:12,008] {dagbag.py:448} INFO - Filling up the DagBag from /home/airflow/.local/lib/python3.6/site-packages/airflow/example_dags/tutorial.py
[2022-09-05 02:34:12,023] {scheduler_job.py:639} INFO - DAG(s) dict_keys(['tutorial']) retrieved from /home/airflow/.local/lib/python3.6/site-packages/airflow/example_dags/tutorial.py
[2022-09-05 02:34:12,056] {logging_mixin.py:104} INFO - [2022-09-05 02:34:12,055] {dag.py:1818} INFO - Sync 1 DAGs
[2022-09-05 02:34:12,080] {logging_mixin.py:104} INFO - [2022-09-05 02:34:12,080] {dag.py:2273} INFO - Setting next_dagrun for tutorial to 2022-09-03 00:00:00+00:00
[2022-09-05 02:34:12,138] {scheduler_job.py:190} INFO - Processing /home/airflow/.local/lib/python3.6/site-packages/airflow/example_dags/tutorial.py took 0.136 seconds
[2022-09-05 02:34:42,392] {scheduler_job.py:182} INFO - Started process (PID=2452) to work on /home/airflow/.local/lib/python3.6/site-packages/airflow/example_dags/tutorial.py
[2022-09-05 02:34:42,394] {scheduler_job.py:629} INFO - Processing file /home/airflow/.local/lib/python3.6/site-packages/airflow/example_dags/tutorial.py for tasks to queue
[2022-09-05 02:34:42,395] {logging_mixin.py:104} INFO - [2022-09-05 02:34:42,395] {dagbag.py:448} INFO - Filling up the DagBag from /home/airflow/.local/lib/python3.6/site-packages/airflow/example_dags/tutorial.py
[2022-09-05 02:34:42,412] {scheduler_job.py:639} INFO - DAG(s) dict_keys(['tutorial']) retrieved from /home/airflow/.local/lib/python3.6/site-packages/airflow/example_dags/tutorial.py
[2022-09-05 02:34:42,445] {logging_mixin.py:104} INFO - [2022-09-05 02:34:42,445] {dag.py:1818} INFO - Sync 1 DAGs
[2022-09-05 02:34:42,470] {logging_mixin.py:104} INFO - [2022-09-05 02:34:42,470] {dag.py:2273} INFO - Setting next_dagrun for tutorial to 2022-09-03 00:00:00+00:00
[2022-09-05 02:34:42,509] {scheduler_job.py:190} INFO - Processing /home/airflow/.local/lib/python3.6/site-packages/airflow/example_dags/tutorial.py took 0.123 seconds
[2022-09-05 02:35:12,824] {scheduler_job.py:182} INFO - Started process (PID=2582) to work on /home/airflow/.local/lib/python3.6/site-packages/airflow/example_dags/tutorial.py
[2022-09-05 02:35:12,826] {scheduler_job.py:629} INFO - Processing file /home/airflow/.local/lib/python3.6/site-packages/airflow/example_dags/tutorial.py for tasks to queue
[2022-09-05 02:35:12,828] {logging_mixin.py:104} INFO - [2022-09-05 02:35:12,828] {dagbag.py:448} INFO - Filling up the DagBag from /home/airflow/.local/lib/python3.6/site-packages/airflow/example_dags/tutorial.py
[2022-09-05 02:35:12,843] {scheduler_job.py:639} INFO - DAG(s) dict_keys(['tutorial']) retrieved from /home/airflow/.local/lib/python3.6/site-packages/airflow/example_dags/tutorial.py
[2022-09-05 02:35:12,873] {logging_mixin.py:104} INFO - [2022-09-05 02:35:12,873] {dag.py:1818} INFO - Sync 1 DAGs
[2022-09-05 02:35:12,897] {logging_mixin.py:104} INFO - [2022-09-05 02:35:12,897] {dag.py:2273} INFO - Setting next_dagrun for tutorial to 2022-09-03 00:00:00+00:00
[2022-09-05 02:35:12,930] {scheduler_job.py:190} INFO - Processing /home/airflow/.local/lib/python3.6/site-packages/airflow/example_dags/tutorial.py took 0.110 seconds
[2022-09-05 02:35:43,277] {scheduler_job.py:182} INFO - Started process (PID=2712) to work on /home/airflow/.local/lib/python3.6/site-packages/airflow/example_dags/tutorial.py
[2022-09-05 02:35:43,279] {scheduler_job.py:629} INFO - Processing file /home/airflow/.local/lib/python3.6/site-packages/airflow/example_dags/tutorial.py for tasks to queue
[2022-09-05 02:35:43,280] {logging_mixin.py:104} INFO - [2022-09-05 02:35:43,280] {dagbag.py:448} INFO - Filling up the DagBag from /home/airflow/.local/lib/python3.6/site-packages/airflow/example_dags/tutorial.py
[2022-09-05 02:35:43,298] {scheduler_job.py:639} INFO - DAG(s) dict_keys(['tutorial']) retrieved from /home/airflow/.local/lib/python3.6/site-packages/airflow/example_dags/tutorial.py
[2022-09-05 02:35:43,329] {logging_mixin.py:104} INFO - [2022-09-05 02:35:43,328] {dag.py:1818} INFO - Sync 1 DAGs
[2022-09-05 02:35:43,351] {logging_mixin.py:104} INFO - [2022-09-05 02:35:43,351] {dag.py:2273} INFO - Setting next_dagrun for tutorial to 2022-09-03 00:00:00+00:00
[2022-09-05 02:35:43,394] {scheduler_job.py:190} INFO - Processing /home/airflow/.local/lib/python3.6/site-packages/airflow/example_dags/tutorial.py took 0.122 seconds
[2022-09-05 02:36:13,697] {scheduler_job.py:182} INFO - Started process (PID=2842) to work on /home/airflow/.local/lib/python3.6/site-packages/airflow/example_dags/tutorial.py
[2022-09-05 02:36:13,699] {scheduler_job.py:629} INFO - Processing file /home/airflow/.local/lib/python3.6/site-packages/airflow/example_dags/tutorial.py for tasks to queue
[2022-09-05 02:36:13,700] {logging_mixin.py:104} INFO - [2022-09-05 02:36:13,700] {dagbag.py:448} INFO - Filling up the DagBag from /home/airflow/.local/lib/python3.6/site-packages/airflow/example_dags/tutorial.py
[2022-09-05 02:36:13,714] {scheduler_job.py:639} INFO - DAG(s) dict_keys(['tutorial']) retrieved from /home/airflow/.local/lib/python3.6/site-packages/airflow/example_dags/tutorial.py
[2022-09-05 02:36:13,743] {logging_mixin.py:104} INFO - [2022-09-05 02:36:13,743] {dag.py:1818} INFO - Sync 1 DAGs
[2022-09-05 02:36:13,767] {logging_mixin.py:104} INFO - [2022-09-05 02:36:13,766] {dag.py:2273} INFO - Setting next_dagrun for tutorial to 2022-09-03 00:00:00+00:00
[2022-09-05 02:36:13,808] {scheduler_job.py:190} INFO - Processing /home/airflow/.local/lib/python3.6/site-packages/airflow/example_dags/tutorial.py took 0.115 seconds
[2022-09-05 02:36:44,677] {scheduler_job.py:182} INFO - Started process (PID=2992) to work on /home/airflow/.local/lib/python3.6/site-packages/airflow/example_dags/tutorial.py
[2022-09-05 02:36:44,679] {scheduler_job.py:629} INFO - Processing file /home/airflow/.local/lib/python3.6/site-packages/airflow/example_dags/tutorial.py for tasks to queue
[2022-09-05 02:36:44,680] {logging_mixin.py:104} INFO - [2022-09-05 02:36:44,680] {dagbag.py:448} INFO - Filling up the DagBag from /home/airflow/.local/lib/python3.6/site-packages/airflow/example_dags/tutorial.py
[2022-09-05 02:36:44,693] {scheduler_job.py:639} INFO - DAG(s) dict_keys(['tutorial']) retrieved from /home/airflow/.local/lib/python3.6/site-packages/airflow/example_dags/tutorial.py
[2022-09-05 02:36:44,728] {logging_mixin.py:104} INFO - [2022-09-05 02:36:44,728] {dag.py:1818} INFO - Sync 1 DAGs
[2022-09-05 02:36:44,750] {logging_mixin.py:104} INFO - [2022-09-05 02:36:44,750] {dag.py:2273} INFO - Setting next_dagrun for tutorial to 2022-09-03 00:00:00+00:00
[2022-09-05 02:36:44,795] {scheduler_job.py:190} INFO - Processing /home/airflow/.local/lib/python3.6/site-packages/airflow/example_dags/tutorial.py took 0.122 seconds
