[2022-09-05 02:11:02,676] {scheduler_job.py:182} INFO - Started process (PID=203) to work on /home/airflow/.local/lib/python3.6/site-packages/airflow/example_dags/tutorial_taskflow_api_etl.py
[2022-09-05 02:11:02,678] {scheduler_job.py:629} INFO - Processing file /home/airflow/.local/lib/python3.6/site-packages/airflow/example_dags/tutorial_taskflow_api_etl.py for tasks to queue
[2022-09-05 02:11:02,679] {logging_mixin.py:104} INFO - [2022-09-05 02:11:02,679] {dagbag.py:448} INFO - Filling up the DagBag from /home/airflow/.local/lib/python3.6/site-packages/airflow/example_dags/tutorial_taskflow_api_etl.py
[2022-09-05 02:11:02,719] {scheduler_job.py:639} INFO - DAG(s) dict_keys(['tutorial_taskflow_api_etl']) retrieved from /home/airflow/.local/lib/python3.6/site-packages/airflow/example_dags/tutorial_taskflow_api_etl.py
[2022-09-05 02:11:02,771] {logging_mixin.py:104} INFO - [2022-09-05 02:11:02,771] {dag.py:1818} INFO - Sync 1 DAGs
[2022-09-05 02:11:02,790] {logging_mixin.py:104} INFO - [2022-09-05 02:11:02,789] {dag.py:1837} INFO - Creating ORM DAG for tutorial_taskflow_api_etl
[2022-09-05 02:11:02,807] {logging_mixin.py:104} INFO - [2022-09-05 02:11:02,807] {dag.py:2273} INFO - Setting next_dagrun for tutorial_taskflow_api_etl to None
[2022-09-05 02:11:02,970] {scheduler_job.py:190} INFO - Processing /home/airflow/.local/lib/python3.6/site-packages/airflow/example_dags/tutorial_taskflow_api_etl.py took 0.299 seconds
[2022-09-05 02:11:33,439] {scheduler_job.py:182} INFO - Started process (PID=312) to work on /home/airflow/.local/lib/python3.6/site-packages/airflow/example_dags/tutorial_taskflow_api_etl.py
[2022-09-05 02:11:33,445] {scheduler_job.py:629} INFO - Processing file /home/airflow/.local/lib/python3.6/site-packages/airflow/example_dags/tutorial_taskflow_api_etl.py for tasks to queue
[2022-09-05 02:11:33,455] {logging_mixin.py:104} INFO - [2022-09-05 02:11:33,455] {dagbag.py:448} INFO - Filling up the DagBag from /home/airflow/.local/lib/python3.6/site-packages/airflow/example_dags/tutorial_taskflow_api_etl.py
[2022-09-05 02:11:33,504] {scheduler_job.py:639} INFO - DAG(s) dict_keys(['tutorial_taskflow_api_etl']) retrieved from /home/airflow/.local/lib/python3.6/site-packages/airflow/example_dags/tutorial_taskflow_api_etl.py
[2022-09-05 02:11:33,560] {logging_mixin.py:104} INFO - [2022-09-05 02:11:33,559] {dag.py:1818} INFO - Sync 1 DAGs
[2022-09-05 02:11:33,584] {logging_mixin.py:104} INFO - [2022-09-05 02:11:33,584] {dag.py:2273} INFO - Setting next_dagrun for tutorial_taskflow_api_etl to None
[2022-09-05 02:11:33,650] {scheduler_job.py:190} INFO - Processing /home/airflow/.local/lib/python3.6/site-packages/airflow/example_dags/tutorial_taskflow_api_etl.py took 0.216 seconds
[2022-09-05 02:12:03,704] {scheduler_job.py:182} INFO - Started process (PID=440) to work on /home/airflow/.local/lib/python3.6/site-packages/airflow/example_dags/tutorial_taskflow_api_etl.py
[2022-09-05 02:12:03,705] {scheduler_job.py:629} INFO - Processing file /home/airflow/.local/lib/python3.6/site-packages/airflow/example_dags/tutorial_taskflow_api_etl.py for tasks to queue
[2022-09-05 02:12:03,707] {logging_mixin.py:104} INFO - [2022-09-05 02:12:03,706] {dagbag.py:448} INFO - Filling up the DagBag from /home/airflow/.local/lib/python3.6/site-packages/airflow/example_dags/tutorial_taskflow_api_etl.py
[2022-09-05 02:12:03,721] {scheduler_job.py:639} INFO - DAG(s) dict_keys(['tutorial_taskflow_api_etl']) retrieved from /home/airflow/.local/lib/python3.6/site-packages/airflow/example_dags/tutorial_taskflow_api_etl.py
[2022-09-05 02:12:03,752] {logging_mixin.py:104} INFO - [2022-09-05 02:12:03,751] {dag.py:1818} INFO - Sync 1 DAGs
[2022-09-05 02:12:03,769] {logging_mixin.py:104} INFO - [2022-09-05 02:12:03,769] {dag.py:2273} INFO - Setting next_dagrun for tutorial_taskflow_api_etl to None
[2022-09-05 02:12:03,807] {scheduler_job.py:190} INFO - Processing /home/airflow/.local/lib/python3.6/site-packages/airflow/example_dags/tutorial_taskflow_api_etl.py took 0.106 seconds
[2022-09-05 02:12:34,552] {scheduler_job.py:182} INFO - Started process (PID=573) to work on /home/airflow/.local/lib/python3.6/site-packages/airflow/example_dags/tutorial_taskflow_api_etl.py
[2022-09-05 02:12:34,554] {scheduler_job.py:629} INFO - Processing file /home/airflow/.local/lib/python3.6/site-packages/airflow/example_dags/tutorial_taskflow_api_etl.py for tasks to queue
[2022-09-05 02:12:34,555] {logging_mixin.py:104} INFO - [2022-09-05 02:12:34,555] {dagbag.py:448} INFO - Filling up the DagBag from /home/airflow/.local/lib/python3.6/site-packages/airflow/example_dags/tutorial_taskflow_api_etl.py
[2022-09-05 02:12:34,575] {scheduler_job.py:639} INFO - DAG(s) dict_keys(['tutorial_taskflow_api_etl']) retrieved from /home/airflow/.local/lib/python3.6/site-packages/airflow/example_dags/tutorial_taskflow_api_etl.py
[2022-09-05 02:12:34,612] {logging_mixin.py:104} INFO - [2022-09-05 02:12:34,612] {dag.py:1818} INFO - Sync 1 DAGs
[2022-09-05 02:12:34,631] {logging_mixin.py:104} INFO - [2022-09-05 02:12:34,630] {dag.py:2273} INFO - Setting next_dagrun for tutorial_taskflow_api_etl to None
[2022-09-05 02:12:34,759] {scheduler_job.py:190} INFO - Processing /home/airflow/.local/lib/python3.6/site-packages/airflow/example_dags/tutorial_taskflow_api_etl.py took 0.211 seconds
[2022-09-05 02:13:04,992] {scheduler_job.py:182} INFO - Started process (PID=703) to work on /home/airflow/.local/lib/python3.6/site-packages/airflow/example_dags/tutorial_taskflow_api_etl.py
[2022-09-05 02:13:04,994] {scheduler_job.py:629} INFO - Processing file /home/airflow/.local/lib/python3.6/site-packages/airflow/example_dags/tutorial_taskflow_api_etl.py for tasks to queue
[2022-09-05 02:13:04,996] {logging_mixin.py:104} INFO - [2022-09-05 02:13:04,995] {dagbag.py:448} INFO - Filling up the DagBag from /home/airflow/.local/lib/python3.6/site-packages/airflow/example_dags/tutorial_taskflow_api_etl.py
[2022-09-05 02:13:05,018] {scheduler_job.py:639} INFO - DAG(s) dict_keys(['tutorial_taskflow_api_etl']) retrieved from /home/airflow/.local/lib/python3.6/site-packages/airflow/example_dags/tutorial_taskflow_api_etl.py
[2022-09-05 02:13:05,052] {logging_mixin.py:104} INFO - [2022-09-05 02:13:05,052] {dag.py:1818} INFO - Sync 1 DAGs
[2022-09-05 02:13:05,070] {logging_mixin.py:104} INFO - [2022-09-05 02:13:05,070] {dag.py:2273} INFO - Setting next_dagrun for tutorial_taskflow_api_etl to None
[2022-09-05 02:13:05,111] {scheduler_job.py:190} INFO - Processing /home/airflow/.local/lib/python3.6/site-packages/airflow/example_dags/tutorial_taskflow_api_etl.py took 0.122 seconds
[2022-09-05 02:13:35,296] {scheduler_job.py:182} INFO - Started process (PID=828) to work on /home/airflow/.local/lib/python3.6/site-packages/airflow/example_dags/tutorial_taskflow_api_etl.py
[2022-09-05 02:13:35,298] {scheduler_job.py:629} INFO - Processing file /home/airflow/.local/lib/python3.6/site-packages/airflow/example_dags/tutorial_taskflow_api_etl.py for tasks to queue
[2022-09-05 02:13:35,300] {logging_mixin.py:104} INFO - [2022-09-05 02:13:35,300] {dagbag.py:448} INFO - Filling up the DagBag from /home/airflow/.local/lib/python3.6/site-packages/airflow/example_dags/tutorial_taskflow_api_etl.py
[2022-09-05 02:13:35,321] {scheduler_job.py:639} INFO - DAG(s) dict_keys(['tutorial_taskflow_api_etl']) retrieved from /home/airflow/.local/lib/python3.6/site-packages/airflow/example_dags/tutorial_taskflow_api_etl.py
[2022-09-05 02:13:35,353] {logging_mixin.py:104} INFO - [2022-09-05 02:13:35,353] {dag.py:1818} INFO - Sync 1 DAGs
[2022-09-05 02:13:35,372] {logging_mixin.py:104} INFO - [2022-09-05 02:13:35,372] {dag.py:2273} INFO - Setting next_dagrun for tutorial_taskflow_api_etl to None
[2022-09-05 02:13:35,409] {scheduler_job.py:190} INFO - Processing /home/airflow/.local/lib/python3.6/site-packages/airflow/example_dags/tutorial_taskflow_api_etl.py took 0.117 seconds
[2022-09-05 02:14:05,719] {scheduler_job.py:182} INFO - Started process (PID=953) to work on /home/airflow/.local/lib/python3.6/site-packages/airflow/example_dags/tutorial_taskflow_api_etl.py
[2022-09-05 02:14:05,721] {scheduler_job.py:629} INFO - Processing file /home/airflow/.local/lib/python3.6/site-packages/airflow/example_dags/tutorial_taskflow_api_etl.py for tasks to queue
[2022-09-05 02:14:05,722] {logging_mixin.py:104} INFO - [2022-09-05 02:14:05,722] {dagbag.py:448} INFO - Filling up the DagBag from /home/airflow/.local/lib/python3.6/site-packages/airflow/example_dags/tutorial_taskflow_api_etl.py
[2022-09-05 02:14:05,742] {scheduler_job.py:639} INFO - DAG(s) dict_keys(['tutorial_taskflow_api_etl']) retrieved from /home/airflow/.local/lib/python3.6/site-packages/airflow/example_dags/tutorial_taskflow_api_etl.py
[2022-09-05 02:14:05,772] {logging_mixin.py:104} INFO - [2022-09-05 02:14:05,772] {dag.py:1818} INFO - Sync 1 DAGs
[2022-09-05 02:14:05,790] {logging_mixin.py:104} INFO - [2022-09-05 02:14:05,789] {dag.py:2273} INFO - Setting next_dagrun for tutorial_taskflow_api_etl to None
[2022-09-05 02:14:05,873] {scheduler_job.py:190} INFO - Processing /home/airflow/.local/lib/python3.6/site-packages/airflow/example_dags/tutorial_taskflow_api_etl.py took 0.158 seconds
[2022-09-05 02:14:35,908] {scheduler_job.py:182} INFO - Started process (PID=1078) to work on /home/airflow/.local/lib/python3.6/site-packages/airflow/example_dags/tutorial_taskflow_api_etl.py
[2022-09-05 02:14:35,910] {scheduler_job.py:629} INFO - Processing file /home/airflow/.local/lib/python3.6/site-packages/airflow/example_dags/tutorial_taskflow_api_etl.py for tasks to queue
[2022-09-05 02:14:35,911] {logging_mixin.py:104} INFO - [2022-09-05 02:14:35,911] {dagbag.py:448} INFO - Filling up the DagBag from /home/airflow/.local/lib/python3.6/site-packages/airflow/example_dags/tutorial_taskflow_api_etl.py
[2022-09-05 02:14:35,933] {scheduler_job.py:639} INFO - DAG(s) dict_keys(['tutorial_taskflow_api_etl']) retrieved from /home/airflow/.local/lib/python3.6/site-packages/airflow/example_dags/tutorial_taskflow_api_etl.py
[2022-09-05 02:14:35,962] {logging_mixin.py:104} INFO - [2022-09-05 02:14:35,962] {dag.py:1818} INFO - Sync 1 DAGs
[2022-09-05 02:14:35,985] {logging_mixin.py:104} INFO - [2022-09-05 02:14:35,984] {dag.py:2273} INFO - Setting next_dagrun for tutorial_taskflow_api_etl to None
[2022-09-05 02:14:36,023] {scheduler_job.py:190} INFO - Processing /home/airflow/.local/lib/python3.6/site-packages/airflow/example_dags/tutorial_taskflow_api_etl.py took 0.119 seconds
[2022-09-05 02:15:06,275] {scheduler_job.py:182} INFO - Started process (PID=1210) to work on /home/airflow/.local/lib/python3.6/site-packages/airflow/example_dags/tutorial_taskflow_api_etl.py
[2022-09-05 02:15:06,277] {scheduler_job.py:629} INFO - Processing file /home/airflow/.local/lib/python3.6/site-packages/airflow/example_dags/tutorial_taskflow_api_etl.py for tasks to queue
[2022-09-05 02:15:06,278] {logging_mixin.py:104} INFO - [2022-09-05 02:15:06,278] {dagbag.py:448} INFO - Filling up the DagBag from /home/airflow/.local/lib/python3.6/site-packages/airflow/example_dags/tutorial_taskflow_api_etl.py
[2022-09-05 02:15:06,295] {scheduler_job.py:639} INFO - DAG(s) dict_keys(['tutorial_taskflow_api_etl']) retrieved from /home/airflow/.local/lib/python3.6/site-packages/airflow/example_dags/tutorial_taskflow_api_etl.py
[2022-09-05 02:15:06,325] {logging_mixin.py:104} INFO - [2022-09-05 02:15:06,325] {dag.py:1818} INFO - Sync 1 DAGs
[2022-09-05 02:15:06,349] {logging_mixin.py:104} INFO - [2022-09-05 02:15:06,349] {dag.py:2273} INFO - Setting next_dagrun for tutorial_taskflow_api_etl to None
[2022-09-05 02:15:06,426] {scheduler_job.py:190} INFO - Processing /home/airflow/.local/lib/python3.6/site-packages/airflow/example_dags/tutorial_taskflow_api_etl.py took 0.156 seconds
[2022-09-05 02:15:36,463] {scheduler_job.py:182} INFO - Started process (PID=1338) to work on /home/airflow/.local/lib/python3.6/site-packages/airflow/example_dags/tutorial_taskflow_api_etl.py
[2022-09-05 02:15:36,465] {scheduler_job.py:629} INFO - Processing file /home/airflow/.local/lib/python3.6/site-packages/airflow/example_dags/tutorial_taskflow_api_etl.py for tasks to queue
[2022-09-05 02:15:36,466] {logging_mixin.py:104} INFO - [2022-09-05 02:15:36,466] {dagbag.py:448} INFO - Filling up the DagBag from /home/airflow/.local/lib/python3.6/site-packages/airflow/example_dags/tutorial_taskflow_api_etl.py
[2022-09-05 02:15:36,490] {scheduler_job.py:639} INFO - DAG(s) dict_keys(['tutorial_taskflow_api_etl']) retrieved from /home/airflow/.local/lib/python3.6/site-packages/airflow/example_dags/tutorial_taskflow_api_etl.py
[2022-09-05 02:15:36,523] {logging_mixin.py:104} INFO - [2022-09-05 02:15:36,523] {dag.py:1818} INFO - Sync 1 DAGs
[2022-09-05 02:15:36,543] {logging_mixin.py:104} INFO - [2022-09-05 02:15:36,543] {dag.py:2273} INFO - Setting next_dagrun for tutorial_taskflow_api_etl to None
[2022-09-05 02:15:36,584] {scheduler_job.py:190} INFO - Processing /home/airflow/.local/lib/python3.6/site-packages/airflow/example_dags/tutorial_taskflow_api_etl.py took 0.126 seconds
[2022-09-05 02:16:06,773] {scheduler_job.py:182} INFO - Started process (PID=1470) to work on /home/airflow/.local/lib/python3.6/site-packages/airflow/example_dags/tutorial_taskflow_api_etl.py
[2022-09-05 02:16:06,779] {scheduler_job.py:629} INFO - Processing file /home/airflow/.local/lib/python3.6/site-packages/airflow/example_dags/tutorial_taskflow_api_etl.py for tasks to queue
[2022-09-05 02:16:06,780] {logging_mixin.py:104} INFO - [2022-09-05 02:16:06,780] {dagbag.py:448} INFO - Filling up the DagBag from /home/airflow/.local/lib/python3.6/site-packages/airflow/example_dags/tutorial_taskflow_api_etl.py
[2022-09-05 02:16:06,794] {scheduler_job.py:639} INFO - DAG(s) dict_keys(['tutorial_taskflow_api_etl']) retrieved from /home/airflow/.local/lib/python3.6/site-packages/airflow/example_dags/tutorial_taskflow_api_etl.py
[2022-09-05 02:16:06,824] {logging_mixin.py:104} INFO - [2022-09-05 02:16:06,824] {dag.py:1818} INFO - Sync 1 DAGs
[2022-09-05 02:16:06,843] {logging_mixin.py:104} INFO - [2022-09-05 02:16:06,843] {dag.py:2273} INFO - Setting next_dagrun for tutorial_taskflow_api_etl to None
[2022-09-05 02:16:06,985] {scheduler_job.py:190} INFO - Processing /home/airflow/.local/lib/python3.6/site-packages/airflow/example_dags/tutorial_taskflow_api_etl.py took 0.216 seconds
[2022-09-05 02:16:37,823] {scheduler_job.py:182} INFO - Started process (PID=1603) to work on /home/airflow/.local/lib/python3.6/site-packages/airflow/example_dags/tutorial_taskflow_api_etl.py
[2022-09-05 02:16:37,837] {scheduler_job.py:629} INFO - Processing file /home/airflow/.local/lib/python3.6/site-packages/airflow/example_dags/tutorial_taskflow_api_etl.py for tasks to queue
[2022-09-05 02:16:37,839] {logging_mixin.py:104} INFO - [2022-09-05 02:16:37,839] {dagbag.py:448} INFO - Filling up the DagBag from /home/airflow/.local/lib/python3.6/site-packages/airflow/example_dags/tutorial_taskflow_api_etl.py
[2022-09-05 02:16:37,906] {scheduler_job.py:639} INFO - DAG(s) dict_keys(['tutorial_taskflow_api_etl']) retrieved from /home/airflow/.local/lib/python3.6/site-packages/airflow/example_dags/tutorial_taskflow_api_etl.py
[2022-09-05 02:16:37,999] {logging_mixin.py:104} INFO - [2022-09-05 02:16:37,999] {dag.py:1818} INFO - Sync 1 DAGs
[2022-09-05 02:16:38,057] {logging_mixin.py:104} INFO - [2022-09-05 02:16:38,057] {dag.py:2273} INFO - Setting next_dagrun for tutorial_taskflow_api_etl to None
[2022-09-05 02:16:38,141] {scheduler_job.py:190} INFO - Processing /home/airflow/.local/lib/python3.6/site-packages/airflow/example_dags/tutorial_taskflow_api_etl.py took 0.329 seconds
[2022-09-05 02:17:09,213] {scheduler_job.py:182} INFO - Started process (PID=1735) to work on /home/airflow/.local/lib/python3.6/site-packages/airflow/example_dags/tutorial_taskflow_api_etl.py
[2022-09-05 02:17:09,215] {scheduler_job.py:629} INFO - Processing file /home/airflow/.local/lib/python3.6/site-packages/airflow/example_dags/tutorial_taskflow_api_etl.py for tasks to queue
[2022-09-05 02:17:09,217] {logging_mixin.py:104} INFO - [2022-09-05 02:17:09,217] {dagbag.py:448} INFO - Filling up the DagBag from /home/airflow/.local/lib/python3.6/site-packages/airflow/example_dags/tutorial_taskflow_api_etl.py
[2022-09-05 02:17:09,242] {scheduler_job.py:639} INFO - DAG(s) dict_keys(['tutorial_taskflow_api_etl']) retrieved from /home/airflow/.local/lib/python3.6/site-packages/airflow/example_dags/tutorial_taskflow_api_etl.py
[2022-09-05 02:17:09,292] {logging_mixin.py:104} INFO - [2022-09-05 02:17:09,291] {dag.py:1818} INFO - Sync 1 DAGs
[2022-09-05 02:17:09,320] {logging_mixin.py:104} INFO - [2022-09-05 02:17:09,320] {dag.py:2273} INFO - Setting next_dagrun for tutorial_taskflow_api_etl to None
[2022-09-05 02:17:09,411] {scheduler_job.py:190} INFO - Processing /home/airflow/.local/lib/python3.6/site-packages/airflow/example_dags/tutorial_taskflow_api_etl.py took 0.204 seconds
[2022-09-05 02:17:40,089] {scheduler_job.py:182} INFO - Started process (PID=1868) to work on /home/airflow/.local/lib/python3.6/site-packages/airflow/example_dags/tutorial_taskflow_api_etl.py
[2022-09-05 02:17:40,091] {scheduler_job.py:629} INFO - Processing file /home/airflow/.local/lib/python3.6/site-packages/airflow/example_dags/tutorial_taskflow_api_etl.py for tasks to queue
[2022-09-05 02:17:40,093] {logging_mixin.py:104} INFO - [2022-09-05 02:17:40,092] {dagbag.py:448} INFO - Filling up the DagBag from /home/airflow/.local/lib/python3.6/site-packages/airflow/example_dags/tutorial_taskflow_api_etl.py
[2022-09-05 02:17:40,117] {scheduler_job.py:639} INFO - DAG(s) dict_keys(['tutorial_taskflow_api_etl']) retrieved from /home/airflow/.local/lib/python3.6/site-packages/airflow/example_dags/tutorial_taskflow_api_etl.py
[2022-09-05 02:17:40,167] {logging_mixin.py:104} INFO - [2022-09-05 02:17:40,167] {dag.py:1818} INFO - Sync 1 DAGs
[2022-09-05 02:17:40,211] {logging_mixin.py:104} INFO - [2022-09-05 02:17:40,210] {dag.py:2273} INFO - Setting next_dagrun for tutorial_taskflow_api_etl to None
[2022-09-05 02:17:40,263] {scheduler_job.py:190} INFO - Processing /home/airflow/.local/lib/python3.6/site-packages/airflow/example_dags/tutorial_taskflow_api_etl.py took 0.180 seconds
[2022-09-05 02:18:10,691] {scheduler_job.py:182} INFO - Started process (PID=2003) to work on /home/airflow/.local/lib/python3.6/site-packages/airflow/example_dags/tutorial_taskflow_api_etl.py
[2022-09-05 02:18:10,693] {scheduler_job.py:629} INFO - Processing file /home/airflow/.local/lib/python3.6/site-packages/airflow/example_dags/tutorial_taskflow_api_etl.py for tasks to queue
[2022-09-05 02:18:10,695] {logging_mixin.py:104} INFO - [2022-09-05 02:18:10,695] {dagbag.py:448} INFO - Filling up the DagBag from /home/airflow/.local/lib/python3.6/site-packages/airflow/example_dags/tutorial_taskflow_api_etl.py
[2022-09-05 02:18:10,719] {scheduler_job.py:639} INFO - DAG(s) dict_keys(['tutorial_taskflow_api_etl']) retrieved from /home/airflow/.local/lib/python3.6/site-packages/airflow/example_dags/tutorial_taskflow_api_etl.py
[2022-09-05 02:18:10,758] {logging_mixin.py:104} INFO - [2022-09-05 02:18:10,758] {dag.py:1818} INFO - Sync 1 DAGs
[2022-09-05 02:18:10,775] {logging_mixin.py:104} INFO - [2022-09-05 02:18:10,775] {dag.py:2273} INFO - Setting next_dagrun for tutorial_taskflow_api_etl to None
[2022-09-05 02:18:10,803] {scheduler_job.py:190} INFO - Processing /home/airflow/.local/lib/python3.6/site-packages/airflow/example_dags/tutorial_taskflow_api_etl.py took 0.116 seconds
[2022-09-05 02:18:41,273] {scheduler_job.py:182} INFO - Started process (PID=2128) to work on /home/airflow/.local/lib/python3.6/site-packages/airflow/example_dags/tutorial_taskflow_api_etl.py
[2022-09-05 02:18:41,275] {scheduler_job.py:629} INFO - Processing file /home/airflow/.local/lib/python3.6/site-packages/airflow/example_dags/tutorial_taskflow_api_etl.py for tasks to queue
[2022-09-05 02:18:41,276] {logging_mixin.py:104} INFO - [2022-09-05 02:18:41,276] {dagbag.py:448} INFO - Filling up the DagBag from /home/airflow/.local/lib/python3.6/site-packages/airflow/example_dags/tutorial_taskflow_api_etl.py
[2022-09-05 02:18:41,302] {scheduler_job.py:639} INFO - DAG(s) dict_keys(['tutorial_taskflow_api_etl']) retrieved from /home/airflow/.local/lib/python3.6/site-packages/airflow/example_dags/tutorial_taskflow_api_etl.py
[2022-09-05 02:18:41,372] {logging_mixin.py:104} INFO - [2022-09-05 02:18:41,371] {dag.py:1818} INFO - Sync 1 DAGs
[2022-09-05 02:18:41,449] {logging_mixin.py:104} INFO - [2022-09-05 02:18:41,448] {dag.py:2273} INFO - Setting next_dagrun for tutorial_taskflow_api_etl to None
[2022-09-05 02:18:41,510] {scheduler_job.py:190} INFO - Processing /home/airflow/.local/lib/python3.6/site-packages/airflow/example_dags/tutorial_taskflow_api_etl.py took 0.241 seconds
[2022-09-05 02:19:12,519] {scheduler_job.py:182} INFO - Started process (PID=2262) to work on /home/airflow/.local/lib/python3.6/site-packages/airflow/example_dags/tutorial_taskflow_api_etl.py
[2022-09-05 02:19:12,522] {scheduler_job.py:629} INFO - Processing file /home/airflow/.local/lib/python3.6/site-packages/airflow/example_dags/tutorial_taskflow_api_etl.py for tasks to queue
[2022-09-05 02:19:12,523] {logging_mixin.py:104} INFO - [2022-09-05 02:19:12,523] {dagbag.py:448} INFO - Filling up the DagBag from /home/airflow/.local/lib/python3.6/site-packages/airflow/example_dags/tutorial_taskflow_api_etl.py
[2022-09-05 02:19:12,539] {scheduler_job.py:639} INFO - DAG(s) dict_keys(['tutorial_taskflow_api_etl']) retrieved from /home/airflow/.local/lib/python3.6/site-packages/airflow/example_dags/tutorial_taskflow_api_etl.py
[2022-09-05 02:19:12,573] {logging_mixin.py:104} INFO - [2022-09-05 02:19:12,573] {dag.py:1818} INFO - Sync 1 DAGs
[2022-09-05 02:19:12,596] {logging_mixin.py:104} INFO - [2022-09-05 02:19:12,596] {dag.py:2273} INFO - Setting next_dagrun for tutorial_taskflow_api_etl to None
[2022-09-05 02:19:12,644] {scheduler_job.py:190} INFO - Processing /home/airflow/.local/lib/python3.6/site-packages/airflow/example_dags/tutorial_taskflow_api_etl.py took 0.128 seconds
[2022-09-05 02:19:43,102] {scheduler_job.py:182} INFO - Started process (PID=2393) to work on /home/airflow/.local/lib/python3.6/site-packages/airflow/example_dags/tutorial_taskflow_api_etl.py
[2022-09-05 02:19:43,105] {scheduler_job.py:629} INFO - Processing file /home/airflow/.local/lib/python3.6/site-packages/airflow/example_dags/tutorial_taskflow_api_etl.py for tasks to queue
[2022-09-05 02:19:43,107] {logging_mixin.py:104} INFO - [2022-09-05 02:19:43,106] {dagbag.py:448} INFO - Filling up the DagBag from /home/airflow/.local/lib/python3.6/site-packages/airflow/example_dags/tutorial_taskflow_api_etl.py
[2022-09-05 02:19:43,141] {scheduler_job.py:639} INFO - DAG(s) dict_keys(['tutorial_taskflow_api_etl']) retrieved from /home/airflow/.local/lib/python3.6/site-packages/airflow/example_dags/tutorial_taskflow_api_etl.py
[2022-09-05 02:19:43,200] {logging_mixin.py:104} INFO - [2022-09-05 02:19:43,200] {dag.py:1818} INFO - Sync 1 DAGs
[2022-09-05 02:19:43,242] {logging_mixin.py:104} INFO - [2022-09-05 02:19:43,242] {dag.py:2273} INFO - Setting next_dagrun for tutorial_taskflow_api_etl to None
[2022-09-05 02:19:43,308] {scheduler_job.py:190} INFO - Processing /home/airflow/.local/lib/python3.6/site-packages/airflow/example_dags/tutorial_taskflow_api_etl.py took 0.214 seconds
[2022-09-05 02:20:13,396] {scheduler_job.py:182} INFO - Started process (PID=2523) to work on /home/airflow/.local/lib/python3.6/site-packages/airflow/example_dags/tutorial_taskflow_api_etl.py
[2022-09-05 02:20:13,398] {scheduler_job.py:629} INFO - Processing file /home/airflow/.local/lib/python3.6/site-packages/airflow/example_dags/tutorial_taskflow_api_etl.py for tasks to queue
[2022-09-05 02:20:13,399] {logging_mixin.py:104} INFO - [2022-09-05 02:20:13,399] {dagbag.py:448} INFO - Filling up the DagBag from /home/airflow/.local/lib/python3.6/site-packages/airflow/example_dags/tutorial_taskflow_api_etl.py
[2022-09-05 02:20:13,413] {scheduler_job.py:639} INFO - DAG(s) dict_keys(['tutorial_taskflow_api_etl']) retrieved from /home/airflow/.local/lib/python3.6/site-packages/airflow/example_dags/tutorial_taskflow_api_etl.py
[2022-09-05 02:20:13,441] {logging_mixin.py:104} INFO - [2022-09-05 02:20:13,441] {dag.py:1818} INFO - Sync 1 DAGs
[2022-09-05 02:20:13,462] {logging_mixin.py:104} INFO - [2022-09-05 02:20:13,462] {dag.py:2273} INFO - Setting next_dagrun for tutorial_taskflow_api_etl to None
[2022-09-05 02:20:13,510] {scheduler_job.py:190} INFO - Processing /home/airflow/.local/lib/python3.6/site-packages/airflow/example_dags/tutorial_taskflow_api_etl.py took 0.118 seconds
[2022-09-05 02:20:43,712] {scheduler_job.py:182} INFO - Started process (PID=2653) to work on /home/airflow/.local/lib/python3.6/site-packages/airflow/example_dags/tutorial_taskflow_api_etl.py
[2022-09-05 02:20:43,714] {scheduler_job.py:629} INFO - Processing file /home/airflow/.local/lib/python3.6/site-packages/airflow/example_dags/tutorial_taskflow_api_etl.py for tasks to queue
[2022-09-05 02:20:43,715] {logging_mixin.py:104} INFO - [2022-09-05 02:20:43,715] {dagbag.py:448} INFO - Filling up the DagBag from /home/airflow/.local/lib/python3.6/site-packages/airflow/example_dags/tutorial_taskflow_api_etl.py
[2022-09-05 02:20:43,740] {scheduler_job.py:639} INFO - DAG(s) dict_keys(['tutorial_taskflow_api_etl']) retrieved from /home/airflow/.local/lib/python3.6/site-packages/airflow/example_dags/tutorial_taskflow_api_etl.py
[2022-09-05 02:20:43,787] {logging_mixin.py:104} INFO - [2022-09-05 02:20:43,786] {dag.py:1818} INFO - Sync 1 DAGs
[2022-09-05 02:20:43,812] {logging_mixin.py:104} INFO - [2022-09-05 02:20:43,811] {dag.py:2273} INFO - Setting next_dagrun for tutorial_taskflow_api_etl to None
[2022-09-05 02:20:43,949] {scheduler_job.py:190} INFO - Processing /home/airflow/.local/lib/python3.6/site-packages/airflow/example_dags/tutorial_taskflow_api_etl.py took 0.243 seconds
[2022-09-05 02:21:14,385] {scheduler_job.py:182} INFO - Started process (PID=2782) to work on /home/airflow/.local/lib/python3.6/site-packages/airflow/example_dags/tutorial_taskflow_api_etl.py
[2022-09-05 02:21:14,388] {scheduler_job.py:629} INFO - Processing file /home/airflow/.local/lib/python3.6/site-packages/airflow/example_dags/tutorial_taskflow_api_etl.py for tasks to queue
[2022-09-05 02:21:14,389] {logging_mixin.py:104} INFO - [2022-09-05 02:21:14,389] {dagbag.py:448} INFO - Filling up the DagBag from /home/airflow/.local/lib/python3.6/site-packages/airflow/example_dags/tutorial_taskflow_api_etl.py
[2022-09-05 02:21:14,407] {scheduler_job.py:639} INFO - DAG(s) dict_keys(['tutorial_taskflow_api_etl']) retrieved from /home/airflow/.local/lib/python3.6/site-packages/airflow/example_dags/tutorial_taskflow_api_etl.py
[2022-09-05 02:21:14,441] {logging_mixin.py:104} INFO - [2022-09-05 02:21:14,441] {dag.py:1818} INFO - Sync 1 DAGs
[2022-09-05 02:21:14,464] {logging_mixin.py:104} INFO - [2022-09-05 02:21:14,464] {dag.py:2273} INFO - Setting next_dagrun for tutorial_taskflow_api_etl to None
[2022-09-05 02:21:14,578] {scheduler_job.py:190} INFO - Processing /home/airflow/.local/lib/python3.6/site-packages/airflow/example_dags/tutorial_taskflow_api_etl.py took 0.198 seconds
[2022-09-05 02:21:44,705] {scheduler_job.py:182} INFO - Started process (PID=2912) to work on /home/airflow/.local/lib/python3.6/site-packages/airflow/example_dags/tutorial_taskflow_api_etl.py
[2022-09-05 02:21:44,707] {scheduler_job.py:629} INFO - Processing file /home/airflow/.local/lib/python3.6/site-packages/airflow/example_dags/tutorial_taskflow_api_etl.py for tasks to queue
[2022-09-05 02:21:44,708] {logging_mixin.py:104} INFO - [2022-09-05 02:21:44,708] {dagbag.py:448} INFO - Filling up the DagBag from /home/airflow/.local/lib/python3.6/site-packages/airflow/example_dags/tutorial_taskflow_api_etl.py
[2022-09-05 02:21:44,739] {scheduler_job.py:639} INFO - DAG(s) dict_keys(['tutorial_taskflow_api_etl']) retrieved from /home/airflow/.local/lib/python3.6/site-packages/airflow/example_dags/tutorial_taskflow_api_etl.py
[2022-09-05 02:21:44,786] {logging_mixin.py:104} INFO - [2022-09-05 02:21:44,785] {dag.py:1818} INFO - Sync 1 DAGs
[2022-09-05 02:21:44,816] {logging_mixin.py:104} INFO - [2022-09-05 02:21:44,816] {dag.py:2273} INFO - Setting next_dagrun for tutorial_taskflow_api_etl to None
[2022-09-05 02:21:44,878] {scheduler_job.py:190} INFO - Processing /home/airflow/.local/lib/python3.6/site-packages/airflow/example_dags/tutorial_taskflow_api_etl.py took 0.178 seconds
[2022-09-05 02:21:55,614] {scheduler_job.py:182} INFO - Started process (PID=227) to work on /home/airflow/.local/lib/python3.6/site-packages/airflow/example_dags/tutorial_taskflow_api_etl.py
[2022-09-05 02:21:55,622] {scheduler_job.py:629} INFO - Processing file /home/airflow/.local/lib/python3.6/site-packages/airflow/example_dags/tutorial_taskflow_api_etl.py for tasks to queue
[2022-09-05 02:21:55,624] {logging_mixin.py:104} INFO - [2022-09-05 02:21:55,623] {dagbag.py:448} INFO - Filling up the DagBag from /home/airflow/.local/lib/python3.6/site-packages/airflow/example_dags/tutorial_taskflow_api_etl.py
[2022-09-05 02:21:55,651] {scheduler_job.py:639} INFO - DAG(s) dict_keys(['tutorial_taskflow_api_etl']) retrieved from /home/airflow/.local/lib/python3.6/site-packages/airflow/example_dags/tutorial_taskflow_api_etl.py
[2022-09-05 02:21:55,670] {logging_mixin.py:104} INFO - [2022-09-05 02:21:55,670] {dag.py:1818} INFO - Sync 1 DAGs
[2022-09-05 02:21:55,693] {logging_mixin.py:104} INFO - [2022-09-05 02:21:55,693] {dag.py:2273} INFO - Setting next_dagrun for tutorial_taskflow_api_etl to None
[2022-09-05 02:21:55,751] {scheduler_job.py:190} INFO - Processing /home/airflow/.local/lib/python3.6/site-packages/airflow/example_dags/tutorial_taskflow_api_etl.py took 0.151 seconds
[2022-09-05 02:22:25,906] {scheduler_job.py:182} INFO - Started process (PID=357) to work on /home/airflow/.local/lib/python3.6/site-packages/airflow/example_dags/tutorial_taskflow_api_etl.py
[2022-09-05 02:22:25,908] {scheduler_job.py:629} INFO - Processing file /home/airflow/.local/lib/python3.6/site-packages/airflow/example_dags/tutorial_taskflow_api_etl.py for tasks to queue
[2022-09-05 02:22:25,909] {logging_mixin.py:104} INFO - [2022-09-05 02:22:25,909] {dagbag.py:448} INFO - Filling up the DagBag from /home/airflow/.local/lib/python3.6/site-packages/airflow/example_dags/tutorial_taskflow_api_etl.py
[2022-09-05 02:22:25,925] {scheduler_job.py:639} INFO - DAG(s) dict_keys(['tutorial_taskflow_api_etl']) retrieved from /home/airflow/.local/lib/python3.6/site-packages/airflow/example_dags/tutorial_taskflow_api_etl.py
[2022-09-05 02:22:25,961] {logging_mixin.py:104} INFO - [2022-09-05 02:22:25,961] {dag.py:1818} INFO - Sync 1 DAGs
[2022-09-05 02:22:25,990] {logging_mixin.py:104} INFO - [2022-09-05 02:22:25,990] {dag.py:2273} INFO - Setting next_dagrun for tutorial_taskflow_api_etl to None
[2022-09-05 02:22:26,044] {scheduler_job.py:190} INFO - Processing /home/airflow/.local/lib/python3.6/site-packages/airflow/example_dags/tutorial_taskflow_api_etl.py took 0.141 seconds
[2022-09-05 02:22:56,569] {scheduler_job.py:182} INFO - Started process (PID=487) to work on /home/airflow/.local/lib/python3.6/site-packages/airflow/example_dags/tutorial_taskflow_api_etl.py
[2022-09-05 02:22:56,572] {scheduler_job.py:629} INFO - Processing file /home/airflow/.local/lib/python3.6/site-packages/airflow/example_dags/tutorial_taskflow_api_etl.py for tasks to queue
[2022-09-05 02:22:56,574] {logging_mixin.py:104} INFO - [2022-09-05 02:22:56,574] {dagbag.py:448} INFO - Filling up the DagBag from /home/airflow/.local/lib/python3.6/site-packages/airflow/example_dags/tutorial_taskflow_api_etl.py
[2022-09-05 02:22:56,618] {scheduler_job.py:639} INFO - DAG(s) dict_keys(['tutorial_taskflow_api_etl']) retrieved from /home/airflow/.local/lib/python3.6/site-packages/airflow/example_dags/tutorial_taskflow_api_etl.py
[2022-09-05 02:22:56,669] {logging_mixin.py:104} INFO - [2022-09-05 02:22:56,669] {dag.py:1818} INFO - Sync 1 DAGs
[2022-09-05 02:22:56,699] {logging_mixin.py:104} INFO - [2022-09-05 02:22:56,699] {dag.py:2273} INFO - Setting next_dagrun for tutorial_taskflow_api_etl to None
[2022-09-05 02:22:56,747] {scheduler_job.py:190} INFO - Processing /home/airflow/.local/lib/python3.6/site-packages/airflow/example_dags/tutorial_taskflow_api_etl.py took 0.183 seconds
[2022-09-05 02:23:27,641] {scheduler_job.py:182} INFO - Started process (PID=614) to work on /home/airflow/.local/lib/python3.6/site-packages/airflow/example_dags/tutorial_taskflow_api_etl.py
[2022-09-05 02:23:27,645] {scheduler_job.py:629} INFO - Processing file /home/airflow/.local/lib/python3.6/site-packages/airflow/example_dags/tutorial_taskflow_api_etl.py for tasks to queue
[2022-09-05 02:23:27,646] {logging_mixin.py:104} INFO - [2022-09-05 02:23:27,646] {dagbag.py:448} INFO - Filling up the DagBag from /home/airflow/.local/lib/python3.6/site-packages/airflow/example_dags/tutorial_taskflow_api_etl.py
[2022-09-05 02:23:27,662] {scheduler_job.py:639} INFO - DAG(s) dict_keys(['tutorial_taskflow_api_etl']) retrieved from /home/airflow/.local/lib/python3.6/site-packages/airflow/example_dags/tutorial_taskflow_api_etl.py
[2022-09-05 02:23:27,696] {logging_mixin.py:104} INFO - [2022-09-05 02:23:27,696] {dag.py:1818} INFO - Sync 1 DAGs
[2022-09-05 02:23:27,716] {logging_mixin.py:104} INFO - [2022-09-05 02:23:27,716] {dag.py:2273} INFO - Setting next_dagrun for tutorial_taskflow_api_etl to None
[2022-09-05 02:23:27,793] {scheduler_job.py:190} INFO - Processing /home/airflow/.local/lib/python3.6/site-packages/airflow/example_dags/tutorial_taskflow_api_etl.py took 0.158 seconds
[2022-09-05 02:23:58,151] {scheduler_job.py:182} INFO - Started process (PID=744) to work on /home/airflow/.local/lib/python3.6/site-packages/airflow/example_dags/tutorial_taskflow_api_etl.py
[2022-09-05 02:23:58,154] {scheduler_job.py:629} INFO - Processing file /home/airflow/.local/lib/python3.6/site-packages/airflow/example_dags/tutorial_taskflow_api_etl.py for tasks to queue
[2022-09-05 02:23:58,156] {logging_mixin.py:104} INFO - [2022-09-05 02:23:58,155] {dagbag.py:448} INFO - Filling up the DagBag from /home/airflow/.local/lib/python3.6/site-packages/airflow/example_dags/tutorial_taskflow_api_etl.py
[2022-09-05 02:23:58,182] {scheduler_job.py:639} INFO - DAG(s) dict_keys(['tutorial_taskflow_api_etl']) retrieved from /home/airflow/.local/lib/python3.6/site-packages/airflow/example_dags/tutorial_taskflow_api_etl.py
[2022-09-05 02:23:58,231] {logging_mixin.py:104} INFO - [2022-09-05 02:23:58,231] {dag.py:1818} INFO - Sync 1 DAGs
[2022-09-05 02:23:58,257] {logging_mixin.py:104} INFO - [2022-09-05 02:23:58,257] {dag.py:2273} INFO - Setting next_dagrun for tutorial_taskflow_api_etl to None
[2022-09-05 02:23:58,325] {scheduler_job.py:190} INFO - Processing /home/airflow/.local/lib/python3.6/site-packages/airflow/example_dags/tutorial_taskflow_api_etl.py took 0.178 seconds
[2022-09-05 02:24:28,674] {scheduler_job.py:182} INFO - Started process (PID=876) to work on /home/airflow/.local/lib/python3.6/site-packages/airflow/example_dags/tutorial_taskflow_api_etl.py
[2022-09-05 02:24:28,677] {scheduler_job.py:629} INFO - Processing file /home/airflow/.local/lib/python3.6/site-packages/airflow/example_dags/tutorial_taskflow_api_etl.py for tasks to queue
[2022-09-05 02:24:28,678] {logging_mixin.py:104} INFO - [2022-09-05 02:24:28,678] {dagbag.py:448} INFO - Filling up the DagBag from /home/airflow/.local/lib/python3.6/site-packages/airflow/example_dags/tutorial_taskflow_api_etl.py
[2022-09-05 02:24:28,695] {scheduler_job.py:639} INFO - DAG(s) dict_keys(['tutorial_taskflow_api_etl']) retrieved from /home/airflow/.local/lib/python3.6/site-packages/airflow/example_dags/tutorial_taskflow_api_etl.py
[2022-09-05 02:24:28,725] {logging_mixin.py:104} INFO - [2022-09-05 02:24:28,725] {dag.py:1818} INFO - Sync 1 DAGs
[2022-09-05 02:24:28,743] {logging_mixin.py:104} INFO - [2022-09-05 02:24:28,743] {dag.py:2273} INFO - Setting next_dagrun for tutorial_taskflow_api_etl to None
[2022-09-05 02:24:28,808] {scheduler_job.py:190} INFO - Processing /home/airflow/.local/lib/python3.6/site-packages/airflow/example_dags/tutorial_taskflow_api_etl.py took 0.139 seconds
[2022-09-05 02:24:52,560] {scheduler_job.py:182} INFO - Started process (PID=191) to work on /home/airflow/.local/lib/python3.6/site-packages/airflow/example_dags/tutorial_taskflow_api_etl.py
[2022-09-05 02:24:52,563] {scheduler_job.py:629} INFO - Processing file /home/airflow/.local/lib/python3.6/site-packages/airflow/example_dags/tutorial_taskflow_api_etl.py for tasks to queue
[2022-09-05 02:24:52,565] {logging_mixin.py:104} INFO - [2022-09-05 02:24:52,564] {dagbag.py:448} INFO - Filling up the DagBag from /home/airflow/.local/lib/python3.6/site-packages/airflow/example_dags/tutorial_taskflow_api_etl.py
[2022-09-05 02:24:52,581] {scheduler_job.py:639} INFO - DAG(s) dict_keys(['tutorial_taskflow_api_etl']) retrieved from /home/airflow/.local/lib/python3.6/site-packages/airflow/example_dags/tutorial_taskflow_api_etl.py
[2022-09-05 02:24:52,597] {logging_mixin.py:104} INFO - [2022-09-05 02:24:52,597] {dag.py:1818} INFO - Sync 1 DAGs
[2022-09-05 02:24:52,621] {logging_mixin.py:104} INFO - [2022-09-05 02:24:52,621] {dag.py:2273} INFO - Setting next_dagrun for tutorial_taskflow_api_etl to None
[2022-09-05 02:24:52,658] {scheduler_job.py:190} INFO - Processing /home/airflow/.local/lib/python3.6/site-packages/airflow/example_dags/tutorial_taskflow_api_etl.py took 0.102 seconds
[2022-09-05 02:25:24,289] {scheduler_job.py:182} INFO - Started process (PID=326) to work on /home/airflow/.local/lib/python3.6/site-packages/airflow/example_dags/tutorial_taskflow_api_etl.py
[2022-09-05 02:25:24,298] {scheduler_job.py:629} INFO - Processing file /home/airflow/.local/lib/python3.6/site-packages/airflow/example_dags/tutorial_taskflow_api_etl.py for tasks to queue
[2022-09-05 02:25:24,313] {logging_mixin.py:104} INFO - [2022-09-05 02:25:24,313] {dagbag.py:448} INFO - Filling up the DagBag from /home/airflow/.local/lib/python3.6/site-packages/airflow/example_dags/tutorial_taskflow_api_etl.py
[2022-09-05 02:25:24,394] {scheduler_job.py:639} INFO - DAG(s) dict_keys(['tutorial_taskflow_api_etl']) retrieved from /home/airflow/.local/lib/python3.6/site-packages/airflow/example_dags/tutorial_taskflow_api_etl.py
[2022-09-05 02:25:24,574] {logging_mixin.py:104} INFO - [2022-09-05 02:25:24,574] {dag.py:1818} INFO - Sync 1 DAGs
[2022-09-05 02:25:24,642] {logging_mixin.py:104} INFO - [2022-09-05 02:25:24,642] {dag.py:2273} INFO - Setting next_dagrun for tutorial_taskflow_api_etl to None
[2022-09-05 02:25:24,755] {scheduler_job.py:190} INFO - Processing /home/airflow/.local/lib/python3.6/site-packages/airflow/example_dags/tutorial_taskflow_api_etl.py took 0.471 seconds
[2022-09-05 02:25:55,453] {scheduler_job.py:182} INFO - Started process (PID=461) to work on /home/airflow/.local/lib/python3.6/site-packages/airflow/example_dags/tutorial_taskflow_api_etl.py
[2022-09-05 02:25:55,455] {scheduler_job.py:629} INFO - Processing file /home/airflow/.local/lib/python3.6/site-packages/airflow/example_dags/tutorial_taskflow_api_etl.py for tasks to queue
[2022-09-05 02:25:55,456] {logging_mixin.py:104} INFO - [2022-09-05 02:25:55,456] {dagbag.py:448} INFO - Filling up the DagBag from /home/airflow/.local/lib/python3.6/site-packages/airflow/example_dags/tutorial_taskflow_api_etl.py
[2022-09-05 02:25:55,477] {scheduler_job.py:639} INFO - DAG(s) dict_keys(['tutorial_taskflow_api_etl']) retrieved from /home/airflow/.local/lib/python3.6/site-packages/airflow/example_dags/tutorial_taskflow_api_etl.py
[2022-09-05 02:25:55,514] {logging_mixin.py:104} INFO - [2022-09-05 02:25:55,513] {dag.py:1818} INFO - Sync 1 DAGs
[2022-09-05 02:25:55,534] {logging_mixin.py:104} INFO - [2022-09-05 02:25:55,534] {dag.py:2273} INFO - Setting next_dagrun for tutorial_taskflow_api_etl to None
[2022-09-05 02:25:55,570] {scheduler_job.py:190} INFO - Processing /home/airflow/.local/lib/python3.6/site-packages/airflow/example_dags/tutorial_taskflow_api_etl.py took 0.121 seconds
[2022-09-05 02:26:01,975] {scheduler_job.py:182} INFO - Started process (PID=207) to work on /home/airflow/.local/lib/python3.6/site-packages/airflow/example_dags/tutorial_taskflow_api_etl.py
[2022-09-05 02:26:01,977] {scheduler_job.py:629} INFO - Processing file /home/airflow/.local/lib/python3.6/site-packages/airflow/example_dags/tutorial_taskflow_api_etl.py for tasks to queue
[2022-09-05 02:26:01,978] {logging_mixin.py:104} INFO - [2022-09-05 02:26:01,978] {dagbag.py:448} INFO - Filling up the DagBag from /home/airflow/.local/lib/python3.6/site-packages/airflow/example_dags/tutorial_taskflow_api_etl.py
[2022-09-05 02:26:01,992] {scheduler_job.py:639} INFO - DAG(s) dict_keys(['tutorial_taskflow_api_etl']) retrieved from /home/airflow/.local/lib/python3.6/site-packages/airflow/example_dags/tutorial_taskflow_api_etl.py
[2022-09-05 02:26:02,011] {logging_mixin.py:104} INFO - [2022-09-05 02:26:02,010] {dag.py:1818} INFO - Sync 1 DAGs
[2022-09-05 02:26:02,036] {logging_mixin.py:104} INFO - [2022-09-05 02:26:02,036] {dag.py:2273} INFO - Setting next_dagrun for tutorial_taskflow_api_etl to None
[2022-09-05 02:26:02,075] {scheduler_job.py:190} INFO - Processing /home/airflow/.local/lib/python3.6/site-packages/airflow/example_dags/tutorial_taskflow_api_etl.py took 0.104 seconds
[2022-09-05 02:26:33,098] {scheduler_job.py:182} INFO - Started process (PID=342) to work on /home/airflow/.local/lib/python3.6/site-packages/airflow/example_dags/tutorial_taskflow_api_etl.py
[2022-09-05 02:26:33,101] {scheduler_job.py:629} INFO - Processing file /home/airflow/.local/lib/python3.6/site-packages/airflow/example_dags/tutorial_taskflow_api_etl.py for tasks to queue
[2022-09-05 02:26:33,102] {logging_mixin.py:104} INFO - [2022-09-05 02:26:33,102] {dagbag.py:448} INFO - Filling up the DagBag from /home/airflow/.local/lib/python3.6/site-packages/airflow/example_dags/tutorial_taskflow_api_etl.py
[2022-09-05 02:26:33,122] {scheduler_job.py:639} INFO - DAG(s) dict_keys(['tutorial_taskflow_api_etl']) retrieved from /home/airflow/.local/lib/python3.6/site-packages/airflow/example_dags/tutorial_taskflow_api_etl.py
[2022-09-05 02:26:33,158] {logging_mixin.py:104} INFO - [2022-09-05 02:26:33,158] {dag.py:1818} INFO - Sync 1 DAGs
[2022-09-05 02:26:33,178] {logging_mixin.py:104} INFO - [2022-09-05 02:26:33,178] {dag.py:2273} INFO - Setting next_dagrun for tutorial_taskflow_api_etl to None
[2022-09-05 02:26:33,228] {scheduler_job.py:190} INFO - Processing /home/airflow/.local/lib/python3.6/site-packages/airflow/example_dags/tutorial_taskflow_api_etl.py took 0.134 seconds
[2022-09-05 02:27:03,308] {scheduler_job.py:182} INFO - Started process (PID=462) to work on /home/airflow/.local/lib/python3.6/site-packages/airflow/example_dags/tutorial_taskflow_api_etl.py
[2022-09-05 02:27:03,310] {scheduler_job.py:629} INFO - Processing file /home/airflow/.local/lib/python3.6/site-packages/airflow/example_dags/tutorial_taskflow_api_etl.py for tasks to queue
[2022-09-05 02:27:03,311] {logging_mixin.py:104} INFO - [2022-09-05 02:27:03,311] {dagbag.py:448} INFO - Filling up the DagBag from /home/airflow/.local/lib/python3.6/site-packages/airflow/example_dags/tutorial_taskflow_api_etl.py
[2022-09-05 02:27:03,326] {scheduler_job.py:639} INFO - DAG(s) dict_keys(['tutorial_taskflow_api_etl']) retrieved from /home/airflow/.local/lib/python3.6/site-packages/airflow/example_dags/tutorial_taskflow_api_etl.py
[2022-09-05 02:27:03,361] {logging_mixin.py:104} INFO - [2022-09-05 02:27:03,361] {dag.py:1818} INFO - Sync 1 DAGs
[2022-09-05 02:27:03,383] {logging_mixin.py:104} INFO - [2022-09-05 02:27:03,383] {dag.py:2273} INFO - Setting next_dagrun for tutorial_taskflow_api_etl to None
[2022-09-05 02:27:03,425] {scheduler_job.py:190} INFO - Processing /home/airflow/.local/lib/python3.6/site-packages/airflow/example_dags/tutorial_taskflow_api_etl.py took 0.120 seconds
[2022-09-05 02:27:34,501] {scheduler_job.py:182} INFO - Started process (PID=602) to work on /home/airflow/.local/lib/python3.6/site-packages/airflow/example_dags/tutorial_taskflow_api_etl.py
[2022-09-05 02:27:34,504] {scheduler_job.py:629} INFO - Processing file /home/airflow/.local/lib/python3.6/site-packages/airflow/example_dags/tutorial_taskflow_api_etl.py for tasks to queue
[2022-09-05 02:27:34,508] {logging_mixin.py:104} INFO - [2022-09-05 02:27:34,507] {dagbag.py:448} INFO - Filling up the DagBag from /home/airflow/.local/lib/python3.6/site-packages/airflow/example_dags/tutorial_taskflow_api_etl.py
[2022-09-05 02:27:34,535] {scheduler_job.py:639} INFO - DAG(s) dict_keys(['tutorial_taskflow_api_etl']) retrieved from /home/airflow/.local/lib/python3.6/site-packages/airflow/example_dags/tutorial_taskflow_api_etl.py
[2022-09-05 02:27:34,614] {logging_mixin.py:104} INFO - [2022-09-05 02:27:34,614] {dag.py:1818} INFO - Sync 1 DAGs
[2022-09-05 02:27:34,670] {logging_mixin.py:104} INFO - [2022-09-05 02:27:34,670] {dag.py:2273} INFO - Setting next_dagrun for tutorial_taskflow_api_etl to None
[2022-09-05 02:27:34,735] {scheduler_job.py:190} INFO - Processing /home/airflow/.local/lib/python3.6/site-packages/airflow/example_dags/tutorial_taskflow_api_etl.py took 0.239 seconds
[2022-09-05 02:28:05,191] {scheduler_job.py:182} INFO - Started process (PID=732) to work on /home/airflow/.local/lib/python3.6/site-packages/airflow/example_dags/tutorial_taskflow_api_etl.py
[2022-09-05 02:28:05,193] {scheduler_job.py:629} INFO - Processing file /home/airflow/.local/lib/python3.6/site-packages/airflow/example_dags/tutorial_taskflow_api_etl.py for tasks to queue
[2022-09-05 02:28:05,195] {logging_mixin.py:104} INFO - [2022-09-05 02:28:05,194] {dagbag.py:448} INFO - Filling up the DagBag from /home/airflow/.local/lib/python3.6/site-packages/airflow/example_dags/tutorial_taskflow_api_etl.py
[2022-09-05 02:28:05,218] {scheduler_job.py:639} INFO - DAG(s) dict_keys(['tutorial_taskflow_api_etl']) retrieved from /home/airflow/.local/lib/python3.6/site-packages/airflow/example_dags/tutorial_taskflow_api_etl.py
[2022-09-05 02:28:05,256] {logging_mixin.py:104} INFO - [2022-09-05 02:28:05,256] {dag.py:1818} INFO - Sync 1 DAGs
[2022-09-05 02:28:05,279] {logging_mixin.py:104} INFO - [2022-09-05 02:28:05,279] {dag.py:2273} INFO - Setting next_dagrun for tutorial_taskflow_api_etl to None
[2022-09-05 02:28:05,323] {scheduler_job.py:190} INFO - Processing /home/airflow/.local/lib/python3.6/site-packages/airflow/example_dags/tutorial_taskflow_api_etl.py took 0.137 seconds
[2022-09-05 02:28:35,732] {scheduler_job.py:182} INFO - Started process (PID=862) to work on /home/airflow/.local/lib/python3.6/site-packages/airflow/example_dags/tutorial_taskflow_api_etl.py
[2022-09-05 02:28:35,735] {scheduler_job.py:629} INFO - Processing file /home/airflow/.local/lib/python3.6/site-packages/airflow/example_dags/tutorial_taskflow_api_etl.py for tasks to queue
[2022-09-05 02:28:35,736] {logging_mixin.py:104} INFO - [2022-09-05 02:28:35,736] {dagbag.py:448} INFO - Filling up the DagBag from /home/airflow/.local/lib/python3.6/site-packages/airflow/example_dags/tutorial_taskflow_api_etl.py
[2022-09-05 02:28:35,765] {scheduler_job.py:639} INFO - DAG(s) dict_keys(['tutorial_taskflow_api_etl']) retrieved from /home/airflow/.local/lib/python3.6/site-packages/airflow/example_dags/tutorial_taskflow_api_etl.py
[2022-09-05 02:28:35,801] {logging_mixin.py:104} INFO - [2022-09-05 02:28:35,801] {dag.py:1818} INFO - Sync 1 DAGs
[2022-09-05 02:28:35,824] {logging_mixin.py:104} INFO - [2022-09-05 02:28:35,824] {dag.py:2273} INFO - Setting next_dagrun for tutorial_taskflow_api_etl to None
[2022-09-05 02:28:35,933] {scheduler_job.py:190} INFO - Processing /home/airflow/.local/lib/python3.6/site-packages/airflow/example_dags/tutorial_taskflow_api_etl.py took 0.208 seconds
[2022-09-05 02:29:06,791] {scheduler_job.py:182} INFO - Started process (PID=1002) to work on /home/airflow/.local/lib/python3.6/site-packages/airflow/example_dags/tutorial_taskflow_api_etl.py
[2022-09-05 02:29:06,793] {scheduler_job.py:629} INFO - Processing file /home/airflow/.local/lib/python3.6/site-packages/airflow/example_dags/tutorial_taskflow_api_etl.py for tasks to queue
[2022-09-05 02:29:06,794] {logging_mixin.py:104} INFO - [2022-09-05 02:29:06,794] {dagbag.py:448} INFO - Filling up the DagBag from /home/airflow/.local/lib/python3.6/site-packages/airflow/example_dags/tutorial_taskflow_api_etl.py
[2022-09-05 02:29:06,812] {scheduler_job.py:639} INFO - DAG(s) dict_keys(['tutorial_taskflow_api_etl']) retrieved from /home/airflow/.local/lib/python3.6/site-packages/airflow/example_dags/tutorial_taskflow_api_etl.py
[2022-09-05 02:29:06,859] {logging_mixin.py:104} INFO - [2022-09-05 02:29:06,859] {dag.py:1818} INFO - Sync 1 DAGs
[2022-09-05 02:29:06,898] {logging_mixin.py:104} INFO - [2022-09-05 02:29:06,898] {dag.py:2273} INFO - Setting next_dagrun for tutorial_taskflow_api_etl to None
[2022-09-05 02:29:06,964] {scheduler_job.py:190} INFO - Processing /home/airflow/.local/lib/python3.6/site-packages/airflow/example_dags/tutorial_taskflow_api_etl.py took 0.176 seconds
[2022-09-05 02:29:37,745] {scheduler_job.py:182} INFO - Started process (PID=1132) to work on /home/airflow/.local/lib/python3.6/site-packages/airflow/example_dags/tutorial_taskflow_api_etl.py
[2022-09-05 02:29:37,747] {scheduler_job.py:629} INFO - Processing file /home/airflow/.local/lib/python3.6/site-packages/airflow/example_dags/tutorial_taskflow_api_etl.py for tasks to queue
[2022-09-05 02:29:37,748] {logging_mixin.py:104} INFO - [2022-09-05 02:29:37,748] {dagbag.py:448} INFO - Filling up the DagBag from /home/airflow/.local/lib/python3.6/site-packages/airflow/example_dags/tutorial_taskflow_api_etl.py
[2022-09-05 02:29:37,773] {scheduler_job.py:639} INFO - DAG(s) dict_keys(['tutorial_taskflow_api_etl']) retrieved from /home/airflow/.local/lib/python3.6/site-packages/airflow/example_dags/tutorial_taskflow_api_etl.py
[2022-09-05 02:29:37,806] {logging_mixin.py:104} INFO - [2022-09-05 02:29:37,805] {dag.py:1818} INFO - Sync 1 DAGs
[2022-09-05 02:29:37,828] {logging_mixin.py:104} INFO - [2022-09-05 02:29:37,828] {dag.py:2273} INFO - Setting next_dagrun for tutorial_taskflow_api_etl to None
[2022-09-05 02:29:37,893] {scheduler_job.py:190} INFO - Processing /home/airflow/.local/lib/python3.6/site-packages/airflow/example_dags/tutorial_taskflow_api_etl.py took 0.153 seconds
[2022-09-05 02:30:08,103] {scheduler_job.py:182} INFO - Started process (PID=1262) to work on /home/airflow/.local/lib/python3.6/site-packages/airflow/example_dags/tutorial_taskflow_api_etl.py
[2022-09-05 02:30:08,107] {scheduler_job.py:629} INFO - Processing file /home/airflow/.local/lib/python3.6/site-packages/airflow/example_dags/tutorial_taskflow_api_etl.py for tasks to queue
[2022-09-05 02:30:08,111] {logging_mixin.py:104} INFO - [2022-09-05 02:30:08,111] {dagbag.py:448} INFO - Filling up the DagBag from /home/airflow/.local/lib/python3.6/site-packages/airflow/example_dags/tutorial_taskflow_api_etl.py
[2022-09-05 02:30:08,138] {scheduler_job.py:639} INFO - DAG(s) dict_keys(['tutorial_taskflow_api_etl']) retrieved from /home/airflow/.local/lib/python3.6/site-packages/airflow/example_dags/tutorial_taskflow_api_etl.py
[2022-09-05 02:30:08,174] {logging_mixin.py:104} INFO - [2022-09-05 02:30:08,174] {dag.py:1818} INFO - Sync 1 DAGs
[2022-09-05 02:30:08,197] {logging_mixin.py:104} INFO - [2022-09-05 02:30:08,197] {dag.py:2273} INFO - Setting next_dagrun for tutorial_taskflow_api_etl to None
[2022-09-05 02:30:08,238] {scheduler_job.py:190} INFO - Processing /home/airflow/.local/lib/python3.6/site-packages/airflow/example_dags/tutorial_taskflow_api_etl.py took 0.139 seconds
[2022-09-05 02:30:38,422] {scheduler_job.py:182} INFO - Started process (PID=1392) to work on /home/airflow/.local/lib/python3.6/site-packages/airflow/example_dags/tutorial_taskflow_api_etl.py
[2022-09-05 02:30:38,424] {scheduler_job.py:629} INFO - Processing file /home/airflow/.local/lib/python3.6/site-packages/airflow/example_dags/tutorial_taskflow_api_etl.py for tasks to queue
[2022-09-05 02:30:38,426] {logging_mixin.py:104} INFO - [2022-09-05 02:30:38,426] {dagbag.py:448} INFO - Filling up the DagBag from /home/airflow/.local/lib/python3.6/site-packages/airflow/example_dags/tutorial_taskflow_api_etl.py
[2022-09-05 02:30:38,447] {scheduler_job.py:639} INFO - DAG(s) dict_keys(['tutorial_taskflow_api_etl']) retrieved from /home/airflow/.local/lib/python3.6/site-packages/airflow/example_dags/tutorial_taskflow_api_etl.py
[2022-09-05 02:30:38,479] {logging_mixin.py:104} INFO - [2022-09-05 02:30:38,479] {dag.py:1818} INFO - Sync 1 DAGs
[2022-09-05 02:30:38,502] {logging_mixin.py:104} INFO - [2022-09-05 02:30:38,502] {dag.py:2273} INFO - Setting next_dagrun for tutorial_taskflow_api_etl to None
[2022-09-05 02:30:38,543] {scheduler_job.py:190} INFO - Processing /home/airflow/.local/lib/python3.6/site-packages/airflow/example_dags/tutorial_taskflow_api_etl.py took 0.128 seconds
[2022-09-05 02:31:08,988] {scheduler_job.py:182} INFO - Started process (PID=1527) to work on /home/airflow/.local/lib/python3.6/site-packages/airflow/example_dags/tutorial_taskflow_api_etl.py
[2022-09-05 02:31:08,990] {scheduler_job.py:629} INFO - Processing file /home/airflow/.local/lib/python3.6/site-packages/airflow/example_dags/tutorial_taskflow_api_etl.py for tasks to queue
[2022-09-05 02:31:08,991] {logging_mixin.py:104} INFO - [2022-09-05 02:31:08,991] {dagbag.py:448} INFO - Filling up the DagBag from /home/airflow/.local/lib/python3.6/site-packages/airflow/example_dags/tutorial_taskflow_api_etl.py
[2022-09-05 02:31:09,017] {scheduler_job.py:639} INFO - DAG(s) dict_keys(['tutorial_taskflow_api_etl']) retrieved from /home/airflow/.local/lib/python3.6/site-packages/airflow/example_dags/tutorial_taskflow_api_etl.py
[2022-09-05 02:31:09,050] {logging_mixin.py:104} INFO - [2022-09-05 02:31:09,049] {dag.py:1818} INFO - Sync 1 DAGs
[2022-09-05 02:31:09,071] {logging_mixin.py:104} INFO - [2022-09-05 02:31:09,071] {dag.py:2273} INFO - Setting next_dagrun for tutorial_taskflow_api_etl to None
[2022-09-05 02:31:09,122] {scheduler_job.py:190} INFO - Processing /home/airflow/.local/lib/python3.6/site-packages/airflow/example_dags/tutorial_taskflow_api_etl.py took 0.140 seconds
[2022-09-05 02:31:39,318] {scheduler_job.py:182} INFO - Started process (PID=1687) to work on /home/airflow/.local/lib/python3.6/site-packages/airflow/example_dags/tutorial_taskflow_api_etl.py
[2022-09-05 02:31:39,321] {scheduler_job.py:629} INFO - Processing file /home/airflow/.local/lib/python3.6/site-packages/airflow/example_dags/tutorial_taskflow_api_etl.py for tasks to queue
[2022-09-05 02:31:39,322] {logging_mixin.py:104} INFO - [2022-09-05 02:31:39,322] {dagbag.py:448} INFO - Filling up the DagBag from /home/airflow/.local/lib/python3.6/site-packages/airflow/example_dags/tutorial_taskflow_api_etl.py
[2022-09-05 02:31:39,349] {scheduler_job.py:639} INFO - DAG(s) dict_keys(['tutorial_taskflow_api_etl']) retrieved from /home/airflow/.local/lib/python3.6/site-packages/airflow/example_dags/tutorial_taskflow_api_etl.py
[2022-09-05 02:31:39,379] {logging_mixin.py:104} INFO - [2022-09-05 02:31:39,379] {dag.py:1818} INFO - Sync 1 DAGs
[2022-09-05 02:31:39,399] {logging_mixin.py:104} INFO - [2022-09-05 02:31:39,399] {dag.py:2273} INFO - Setting next_dagrun for tutorial_taskflow_api_etl to None
[2022-09-05 02:31:39,453] {scheduler_job.py:190} INFO - Processing /home/airflow/.local/lib/python3.6/site-packages/airflow/example_dags/tutorial_taskflow_api_etl.py took 0.138 seconds
[2022-09-05 02:32:09,610] {scheduler_job.py:182} INFO - Started process (PID=1817) to work on /home/airflow/.local/lib/python3.6/site-packages/airflow/example_dags/tutorial_taskflow_api_etl.py
[2022-09-05 02:32:09,616] {scheduler_job.py:629} INFO - Processing file /home/airflow/.local/lib/python3.6/site-packages/airflow/example_dags/tutorial_taskflow_api_etl.py for tasks to queue
[2022-09-05 02:32:09,617] {logging_mixin.py:104} INFO - [2022-09-05 02:32:09,617] {dagbag.py:448} INFO - Filling up the DagBag from /home/airflow/.local/lib/python3.6/site-packages/airflow/example_dags/tutorial_taskflow_api_etl.py
[2022-09-05 02:32:09,635] {scheduler_job.py:639} INFO - DAG(s) dict_keys(['tutorial_taskflow_api_etl']) retrieved from /home/airflow/.local/lib/python3.6/site-packages/airflow/example_dags/tutorial_taskflow_api_etl.py
[2022-09-05 02:32:09,670] {logging_mixin.py:104} INFO - [2022-09-05 02:32:09,670] {dag.py:1818} INFO - Sync 1 DAGs
[2022-09-05 02:32:09,691] {logging_mixin.py:104} INFO - [2022-09-05 02:32:09,691] {dag.py:2273} INFO - Setting next_dagrun for tutorial_taskflow_api_etl to None
[2022-09-05 02:32:09,750] {scheduler_job.py:190} INFO - Processing /home/airflow/.local/lib/python3.6/site-packages/airflow/example_dags/tutorial_taskflow_api_etl.py took 0.144 seconds
[2022-09-05 02:32:40,421] {scheduler_job.py:182} INFO - Started process (PID=1942) to work on /home/airflow/.local/lib/python3.6/site-packages/airflow/example_dags/tutorial_taskflow_api_etl.py
[2022-09-05 02:32:40,422] {scheduler_job.py:629} INFO - Processing file /home/airflow/.local/lib/python3.6/site-packages/airflow/example_dags/tutorial_taskflow_api_etl.py for tasks to queue
[2022-09-05 02:32:40,423] {logging_mixin.py:104} INFO - [2022-09-05 02:32:40,423] {dagbag.py:448} INFO - Filling up the DagBag from /home/airflow/.local/lib/python3.6/site-packages/airflow/example_dags/tutorial_taskflow_api_etl.py
[2022-09-05 02:32:40,443] {scheduler_job.py:639} INFO - DAG(s) dict_keys(['tutorial_taskflow_api_etl']) retrieved from /home/airflow/.local/lib/python3.6/site-packages/airflow/example_dags/tutorial_taskflow_api_etl.py
[2022-09-05 02:32:40,481] {logging_mixin.py:104} INFO - [2022-09-05 02:32:40,481] {dag.py:1818} INFO - Sync 1 DAGs
[2022-09-05 02:32:40,506] {logging_mixin.py:104} INFO - [2022-09-05 02:32:40,506] {dag.py:2273} INFO - Setting next_dagrun for tutorial_taskflow_api_etl to None
[2022-09-05 02:32:40,557] {scheduler_job.py:190} INFO - Processing /home/airflow/.local/lib/python3.6/site-packages/airflow/example_dags/tutorial_taskflow_api_etl.py took 0.139 seconds
[2022-09-05 02:33:10,612] {scheduler_job.py:182} INFO - Started process (PID=2062) to work on /home/airflow/.local/lib/python3.6/site-packages/airflow/example_dags/tutorial_taskflow_api_etl.py
[2022-09-05 02:33:10,614] {scheduler_job.py:629} INFO - Processing file /home/airflow/.local/lib/python3.6/site-packages/airflow/example_dags/tutorial_taskflow_api_etl.py for tasks to queue
[2022-09-05 02:33:10,616] {logging_mixin.py:104} INFO - [2022-09-05 02:33:10,616] {dagbag.py:448} INFO - Filling up the DagBag from /home/airflow/.local/lib/python3.6/site-packages/airflow/example_dags/tutorial_taskflow_api_etl.py
[2022-09-05 02:33:10,636] {scheduler_job.py:639} INFO - DAG(s) dict_keys(['tutorial_taskflow_api_etl']) retrieved from /home/airflow/.local/lib/python3.6/site-packages/airflow/example_dags/tutorial_taskflow_api_etl.py
[2022-09-05 02:33:10,669] {logging_mixin.py:104} INFO - [2022-09-05 02:33:10,668] {dag.py:1818} INFO - Sync 1 DAGs
[2022-09-05 02:33:10,688] {logging_mixin.py:104} INFO - [2022-09-05 02:33:10,688] {dag.py:2273} INFO - Setting next_dagrun for tutorial_taskflow_api_etl to None
[2022-09-05 02:33:10,729] {scheduler_job.py:190} INFO - Processing /home/airflow/.local/lib/python3.6/site-packages/airflow/example_dags/tutorial_taskflow_api_etl.py took 0.122 seconds
[2022-09-05 02:33:40,860] {scheduler_job.py:182} INFO - Started process (PID=2187) to work on /home/airflow/.local/lib/python3.6/site-packages/airflow/example_dags/tutorial_taskflow_api_etl.py
[2022-09-05 02:33:40,864] {scheduler_job.py:629} INFO - Processing file /home/airflow/.local/lib/python3.6/site-packages/airflow/example_dags/tutorial_taskflow_api_etl.py for tasks to queue
[2022-09-05 02:33:40,865] {logging_mixin.py:104} INFO - [2022-09-05 02:33:40,865] {dagbag.py:448} INFO - Filling up the DagBag from /home/airflow/.local/lib/python3.6/site-packages/airflow/example_dags/tutorial_taskflow_api_etl.py
[2022-09-05 02:33:40,890] {scheduler_job.py:639} INFO - DAG(s) dict_keys(['tutorial_taskflow_api_etl']) retrieved from /home/airflow/.local/lib/python3.6/site-packages/airflow/example_dags/tutorial_taskflow_api_etl.py
[2022-09-05 02:33:40,928] {logging_mixin.py:104} INFO - [2022-09-05 02:33:40,928] {dag.py:1818} INFO - Sync 1 DAGs
[2022-09-05 02:33:40,957] {logging_mixin.py:104} INFO - [2022-09-05 02:33:40,957] {dag.py:2273} INFO - Setting next_dagrun for tutorial_taskflow_api_etl to None
[2022-09-05 02:33:41,009] {scheduler_job.py:190} INFO - Processing /home/airflow/.local/lib/python3.6/site-packages/airflow/example_dags/tutorial_taskflow_api_etl.py took 0.157 seconds
[2022-09-05 02:34:11,799] {scheduler_job.py:182} INFO - Started process (PID=2319) to work on /home/airflow/.local/lib/python3.6/site-packages/airflow/example_dags/tutorial_taskflow_api_etl.py
[2022-09-05 02:34:11,802] {scheduler_job.py:629} INFO - Processing file /home/airflow/.local/lib/python3.6/site-packages/airflow/example_dags/tutorial_taskflow_api_etl.py for tasks to queue
[2022-09-05 02:34:11,804] {logging_mixin.py:104} INFO - [2022-09-05 02:34:11,803] {dagbag.py:448} INFO - Filling up the DagBag from /home/airflow/.local/lib/python3.6/site-packages/airflow/example_dags/tutorial_taskflow_api_etl.py
[2022-09-05 02:34:11,841] {scheduler_job.py:639} INFO - DAG(s) dict_keys(['tutorial_taskflow_api_etl']) retrieved from /home/airflow/.local/lib/python3.6/site-packages/airflow/example_dags/tutorial_taskflow_api_etl.py
[2022-09-05 02:34:11,889] {logging_mixin.py:104} INFO - [2022-09-05 02:34:11,888] {dag.py:1818} INFO - Sync 1 DAGs
[2022-09-05 02:34:11,918] {logging_mixin.py:104} INFO - [2022-09-05 02:34:11,918] {dag.py:2273} INFO - Setting next_dagrun for tutorial_taskflow_api_etl to None
[2022-09-05 02:34:11,963] {scheduler_job.py:190} INFO - Processing /home/airflow/.local/lib/python3.6/site-packages/airflow/example_dags/tutorial_taskflow_api_etl.py took 0.172 seconds
[2022-09-05 02:34:42,261] {scheduler_job.py:182} INFO - Started process (PID=2447) to work on /home/airflow/.local/lib/python3.6/site-packages/airflow/example_dags/tutorial_taskflow_api_etl.py
[2022-09-05 02:34:42,263] {scheduler_job.py:629} INFO - Processing file /home/airflow/.local/lib/python3.6/site-packages/airflow/example_dags/tutorial_taskflow_api_etl.py for tasks to queue
[2022-09-05 02:34:42,264] {logging_mixin.py:104} INFO - [2022-09-05 02:34:42,264] {dagbag.py:448} INFO - Filling up the DagBag from /home/airflow/.local/lib/python3.6/site-packages/airflow/example_dags/tutorial_taskflow_api_etl.py
[2022-09-05 02:34:42,284] {scheduler_job.py:639} INFO - DAG(s) dict_keys(['tutorial_taskflow_api_etl']) retrieved from /home/airflow/.local/lib/python3.6/site-packages/airflow/example_dags/tutorial_taskflow_api_etl.py
[2022-09-05 02:34:42,321] {logging_mixin.py:104} INFO - [2022-09-05 02:34:42,320] {dag.py:1818} INFO - Sync 1 DAGs
[2022-09-05 02:34:42,342] {logging_mixin.py:104} INFO - [2022-09-05 02:34:42,342] {dag.py:2273} INFO - Setting next_dagrun for tutorial_taskflow_api_etl to None
[2022-09-05 02:34:42,384] {scheduler_job.py:190} INFO - Processing /home/airflow/.local/lib/python3.6/site-packages/airflow/example_dags/tutorial_taskflow_api_etl.py took 0.127 seconds
[2022-09-05 02:35:12,517] {scheduler_job.py:182} INFO - Started process (PID=2567) to work on /home/airflow/.local/lib/python3.6/site-packages/airflow/example_dags/tutorial_taskflow_api_etl.py
[2022-09-05 02:35:12,520] {scheduler_job.py:629} INFO - Processing file /home/airflow/.local/lib/python3.6/site-packages/airflow/example_dags/tutorial_taskflow_api_etl.py for tasks to queue
[2022-09-05 02:35:12,521] {logging_mixin.py:104} INFO - [2022-09-05 02:35:12,521] {dagbag.py:448} INFO - Filling up the DagBag from /home/airflow/.local/lib/python3.6/site-packages/airflow/example_dags/tutorial_taskflow_api_etl.py
[2022-09-05 02:35:12,540] {scheduler_job.py:639} INFO - DAG(s) dict_keys(['tutorial_taskflow_api_etl']) retrieved from /home/airflow/.local/lib/python3.6/site-packages/airflow/example_dags/tutorial_taskflow_api_etl.py
[2022-09-05 02:35:12,572] {logging_mixin.py:104} INFO - [2022-09-05 02:35:12,572] {dag.py:1818} INFO - Sync 1 DAGs
[2022-09-05 02:35:12,592] {logging_mixin.py:104} INFO - [2022-09-05 02:35:12,591] {dag.py:2273} INFO - Setting next_dagrun for tutorial_taskflow_api_etl to None
[2022-09-05 02:35:12,650] {scheduler_job.py:190} INFO - Processing /home/airflow/.local/lib/python3.6/site-packages/airflow/example_dags/tutorial_taskflow_api_etl.py took 0.137 seconds
[2022-09-05 02:35:42,955] {scheduler_job.py:182} INFO - Started process (PID=2697) to work on /home/airflow/.local/lib/python3.6/site-packages/airflow/example_dags/tutorial_taskflow_api_etl.py
[2022-09-05 02:35:42,957] {scheduler_job.py:629} INFO - Processing file /home/airflow/.local/lib/python3.6/site-packages/airflow/example_dags/tutorial_taskflow_api_etl.py for tasks to queue
[2022-09-05 02:35:42,958] {logging_mixin.py:104} INFO - [2022-09-05 02:35:42,958] {dagbag.py:448} INFO - Filling up the DagBag from /home/airflow/.local/lib/python3.6/site-packages/airflow/example_dags/tutorial_taskflow_api_etl.py
[2022-09-05 02:35:42,978] {scheduler_job.py:639} INFO - DAG(s) dict_keys(['tutorial_taskflow_api_etl']) retrieved from /home/airflow/.local/lib/python3.6/site-packages/airflow/example_dags/tutorial_taskflow_api_etl.py
[2022-09-05 02:35:43,017] {logging_mixin.py:104} INFO - [2022-09-05 02:35:43,017] {dag.py:1818} INFO - Sync 1 DAGs
[2022-09-05 02:35:43,042] {logging_mixin.py:104} INFO - [2022-09-05 02:35:43,041] {dag.py:2273} INFO - Setting next_dagrun for tutorial_taskflow_api_etl to None
[2022-09-05 02:35:43,105] {scheduler_job.py:190} INFO - Processing /home/airflow/.local/lib/python3.6/site-packages/airflow/example_dags/tutorial_taskflow_api_etl.py took 0.154 seconds
[2022-09-05 02:36:13,388] {scheduler_job.py:182} INFO - Started process (PID=2827) to work on /home/airflow/.local/lib/python3.6/site-packages/airflow/example_dags/tutorial_taskflow_api_etl.py
[2022-09-05 02:36:13,390] {scheduler_job.py:629} INFO - Processing file /home/airflow/.local/lib/python3.6/site-packages/airflow/example_dags/tutorial_taskflow_api_etl.py for tasks to queue
[2022-09-05 02:36:13,392] {logging_mixin.py:104} INFO - [2022-09-05 02:36:13,391] {dagbag.py:448} INFO - Filling up the DagBag from /home/airflow/.local/lib/python3.6/site-packages/airflow/example_dags/tutorial_taskflow_api_etl.py
[2022-09-05 02:36:13,407] {scheduler_job.py:639} INFO - DAG(s) dict_keys(['tutorial_taskflow_api_etl']) retrieved from /home/airflow/.local/lib/python3.6/site-packages/airflow/example_dags/tutorial_taskflow_api_etl.py
[2022-09-05 02:36:13,439] {logging_mixin.py:104} INFO - [2022-09-05 02:36:13,439] {dag.py:1818} INFO - Sync 1 DAGs
[2022-09-05 02:36:13,456] {logging_mixin.py:104} INFO - [2022-09-05 02:36:13,456] {dag.py:2273} INFO - Setting next_dagrun for tutorial_taskflow_api_etl to None
[2022-09-05 02:36:13,534] {scheduler_job.py:190} INFO - Processing /home/airflow/.local/lib/python3.6/site-packages/airflow/example_dags/tutorial_taskflow_api_etl.py took 0.149 seconds
[2022-09-05 02:36:43,771] {scheduler_job.py:182} INFO - Started process (PID=2952) to work on /home/airflow/.local/lib/python3.6/site-packages/airflow/example_dags/tutorial_taskflow_api_etl.py
[2022-09-05 02:36:43,774] {scheduler_job.py:629} INFO - Processing file /home/airflow/.local/lib/python3.6/site-packages/airflow/example_dags/tutorial_taskflow_api_etl.py for tasks to queue
[2022-09-05 02:36:43,776] {logging_mixin.py:104} INFO - [2022-09-05 02:36:43,775] {dagbag.py:448} INFO - Filling up the DagBag from /home/airflow/.local/lib/python3.6/site-packages/airflow/example_dags/tutorial_taskflow_api_etl.py
[2022-09-05 02:36:43,806] {scheduler_job.py:639} INFO - DAG(s) dict_keys(['tutorial_taskflow_api_etl']) retrieved from /home/airflow/.local/lib/python3.6/site-packages/airflow/example_dags/tutorial_taskflow_api_etl.py
[2022-09-05 02:36:43,850] {logging_mixin.py:104} INFO - [2022-09-05 02:36:43,850] {dag.py:1818} INFO - Sync 1 DAGs
[2022-09-05 02:36:43,887] {logging_mixin.py:104} INFO - [2022-09-05 02:36:43,887] {dag.py:2273} INFO - Setting next_dagrun for tutorial_taskflow_api_etl to None
[2022-09-05 02:36:44,083] {scheduler_job.py:190} INFO - Processing /home/airflow/.local/lib/python3.6/site-packages/airflow/example_dags/tutorial_taskflow_api_etl.py took 0.326 seconds
