[2022-09-05 03:07:36,844] {taskinstance.py:851} INFO - Dependencies all met for <TaskInstance: our_first_dag_v2.thrid_task 2022-08-10T00:00:00+00:00 [queued]>
[2022-09-05 03:07:37,012] {taskinstance.py:851} INFO - Dependencies all met for <TaskInstance: our_first_dag_v2.thrid_task 2022-08-10T00:00:00+00:00 [queued]>
[2022-09-05 03:07:37,014] {taskinstance.py:1042} INFO - 
--------------------------------------------------------------------------------
[2022-09-05 03:07:37,016] {taskinstance.py:1043} INFO - Starting attempt 1 of 6
[2022-09-05 03:07:37,036] {taskinstance.py:1044} INFO - 
--------------------------------------------------------------------------------
[2022-09-05 03:07:37,160] {taskinstance.py:1063} INFO - Executing <Task(BashOperator): thrid_task> on 2022-08-10T00:00:00+00:00
[2022-09-05 03:07:37,165] {standard_task_runner.py:52} INFO - Started process 291 to run task
[2022-09-05 03:07:37,202] {standard_task_runner.py:76} INFO - Running: ['airflow', 'tasks', 'run', 'our_first_dag_v2', 'thrid_task', '2022-08-10T00:00:00+00:00', '--job-id', '39', '--pool', 'default_pool', '--raw', '--subdir', 'DAGS_FOLDER/our_first_dag.py', '--cfg-path', '/tmp/tmpf0h3hvzr', '--error-file', '/tmp/tmplwa33992']
[2022-09-05 03:07:37,238] {standard_task_runner.py:77} INFO - Job 39: Subtask thrid_task
[2022-09-05 03:07:37,651] {logging_mixin.py:104} INFO - Running <TaskInstance: our_first_dag_v2.thrid_task 2022-08-10T00:00:00+00:00 [running]> on host 2b8e628fc16c
[2022-09-05 03:07:38,025] {taskinstance.py:1257} INFO - Exporting the following env vars:
AIRFLOW_CTX_DAG_OWNER=coder2j
AIRFLOW_CTX_DAG_ID=our_first_dag_v2
AIRFLOW_CTX_TASK_ID=thrid_task
AIRFLOW_CTX_EXECUTION_DATE=2022-08-10T00:00:00+00:00
AIRFLOW_CTX_DAG_RUN_ID=scheduled__2022-08-10T00:00:00+00:00
[2022-09-05 03:07:38,026] {bash.py:135} INFO - Tmp dir root location: 
 /tmp
[2022-09-05 03:07:38,035] {bash.py:158} INFO - Running command: echo hey, I am task3 and will be running after task1 at the same time as task2!
[2022-09-05 03:07:38,082] {bash.py:169} INFO - Output:
[2022-09-05 03:07:38,117] {bash.py:173} INFO - hey, I am task3 and will be running after task1 at the same time as task2!
[2022-09-05 03:07:38,118] {bash.py:177} INFO - Command exited with return code 0
[2022-09-05 03:07:38,472] {taskinstance.py:1166} INFO - Marking task as SUCCESS. dag_id=our_first_dag_v2, task_id=thrid_task, execution_date=20220810T000000, start_date=20220905T030736, end_date=20220905T030738
[2022-09-05 03:07:38,865] {taskinstance.py:1220} INFO - 0 downstream tasks scheduled from follow-on schedule check
[2022-09-05 03:07:38,917] {local_task_job.py:146} INFO - Task exited with return code 0
