[2022-09-05 02:52:05,108] {taskinstance.py:851} INFO - Dependencies all met for <TaskInstance: our_first_dag_v5.first_task 2021-09-14T00:00:00+00:00 [queued]>
[2022-09-05 02:52:05,184] {taskinstance.py:851} INFO - Dependencies all met for <TaskInstance: our_first_dag_v5.first_task 2021-09-14T00:00:00+00:00 [queued]>
[2022-09-05 02:52:05,186] {taskinstance.py:1042} INFO - 
--------------------------------------------------------------------------------
[2022-09-05 02:52:05,186] {taskinstance.py:1043} INFO - Starting attempt 1 of 6
[2022-09-05 02:52:05,187] {taskinstance.py:1044} INFO - 
--------------------------------------------------------------------------------
[2022-09-05 02:52:05,270] {taskinstance.py:1063} INFO - Executing <Task(BashOperator): first_task> on 2021-09-14T00:00:00+00:00
[2022-09-05 02:52:05,276] {standard_task_runner.py:52} INFO - Started process 355 to run task
[2022-09-05 02:52:05,296] {standard_task_runner.py:76} INFO - Running: ['airflow', 'tasks', 'run', 'our_first_dag_v5', 'first_task', '2021-09-14T00:00:00+00:00', '--job-id', '48', '--pool', 'default_pool', '--raw', '--subdir', 'DAGS_FOLDER/our_first_dag.py', '--cfg-path', '/tmp/tmp7na7fg_i', '--error-file', '/tmp/tmpsgjlpmz0']
[2022-09-05 02:52:05,300] {standard_task_runner.py:77} INFO - Job 48: Subtask first_task
[2022-09-05 02:52:05,533] {logging_mixin.py:104} INFO - Running <TaskInstance: our_first_dag_v5.first_task 2021-09-14T00:00:00+00:00 [running]> on host 673eedfc4953
[2022-09-05 02:52:05,730] {taskinstance.py:1257} INFO - Exporting the following env vars:
AIRFLOW_CTX_DAG_OWNER=coder2j
AIRFLOW_CTX_DAG_ID=our_first_dag_v5
AIRFLOW_CTX_TASK_ID=first_task
AIRFLOW_CTX_EXECUTION_DATE=2021-09-14T00:00:00+00:00
AIRFLOW_CTX_DAG_RUN_ID=scheduled__2021-09-14T00:00:00+00:00
[2022-09-05 02:52:05,733] {bash.py:135} INFO - Tmp dir root location: 
 /tmp
[2022-09-05 02:52:05,735] {bash.py:158} INFO - Running command: echo hello world, this is the first task!
[2022-09-05 02:52:05,746] {bash.py:169} INFO - Output:
[2022-09-05 02:52:05,749] {bash.py:173} INFO - hello world, this is the first task!
[2022-09-05 02:52:05,750] {bash.py:177} INFO - Command exited with return code 0
[2022-09-05 02:52:05,899] {taskinstance.py:1166} INFO - Marking task as SUCCESS. dag_id=our_first_dag_v5, task_id=first_task, execution_date=20210914T000000, start_date=20220905T025205, end_date=20220905T025205
[2022-09-05 02:52:06,164] {taskinstance.py:1220} INFO - 0 downstream tasks scheduled from follow-on schedule check
[2022-09-05 02:52:06,187] {local_task_job.py:146} INFO - Task exited with return code 0
