[2022-09-05 02:31:33,853] {taskinstance.py:851} INFO - Dependencies all met for <TaskInstance: example_bash_operator.runme_0 2022-09-04T00:00:00+00:00 [queued]>
[2022-09-05 02:31:34,026] {taskinstance.py:851} INFO - Dependencies all met for <TaskInstance: example_bash_operator.runme_0 2022-09-04T00:00:00+00:00 [queued]>
[2022-09-05 02:31:34,030] {taskinstance.py:1042} INFO - 
--------------------------------------------------------------------------------
[2022-09-05 02:31:34,031] {taskinstance.py:1043} INFO - Starting attempt 1 of 1
[2022-09-05 02:31:34,032] {taskinstance.py:1044} INFO - 
--------------------------------------------------------------------------------
[2022-09-05 02:31:34,137] {taskinstance.py:1063} INFO - Executing <Task(BashOperator): runme_0> on 2022-09-04T00:00:00+00:00
[2022-09-05 02:31:34,184] {standard_task_runner.py:52} INFO - Started process 1606 to run task
[2022-09-05 02:31:34,245] {standard_task_runner.py:76} INFO - Running: ['airflow', 'tasks', 'run', 'example_bash_operator', 'runme_0', '2022-09-04T00:00:00+00:00', '--job-id', '12', '--pool', 'default_pool', '--raw', '--subdir', '/home/airflow/.local/lib/python3.6/site-packages/airflow/example_dags/example_bash_operator.py', '--cfg-path', '/tmp/tmpkebluyi1', '--error-file', '/tmp/tmpw3vh5a77']
[2022-09-05 02:31:34,294] {standard_task_runner.py:77} INFO - Job 12: Subtask runme_0
[2022-09-05 02:31:34,529] {logging_mixin.py:104} INFO - Running <TaskInstance: example_bash_operator.runme_0 2022-09-04T00:00:00+00:00 [running]> on host 3472ead462fb
[2022-09-05 02:31:34,707] {taskinstance.py:1257} INFO - Exporting the following env vars:
AIRFLOW_CTX_DAG_OWNER=airflow
AIRFLOW_CTX_DAG_ID=example_bash_operator
AIRFLOW_CTX_TASK_ID=runme_0
AIRFLOW_CTX_EXECUTION_DATE=2022-09-04T00:00:00+00:00
AIRFLOW_CTX_DAG_RUN_ID=scheduled__2022-09-04T00:00:00+00:00
[2022-09-05 02:31:34,708] {bash.py:135} INFO - Tmp dir root location: 
 /tmp
[2022-09-05 02:31:34,709] {bash.py:158} INFO - Running command: echo "example_bash_operator__runme_0__20220904" && sleep 1
[2022-09-05 02:31:34,725] {bash.py:169} INFO - Output:
[2022-09-05 02:31:34,728] {bash.py:173} INFO - example_bash_operator__runme_0__20220904
[2022-09-05 02:31:35,730] {bash.py:177} INFO - Command exited with return code 0
[2022-09-05 02:31:35,931] {taskinstance.py:1166} INFO - Marking task as SUCCESS. dag_id=example_bash_operator, task_id=runme_0, execution_date=20220904T000000, start_date=20220905T023133, end_date=20220905T023135
[2022-09-05 02:31:36,036] {taskinstance.py:1220} INFO - 1 downstream tasks scheduled from follow-on schedule check
[2022-09-05 02:31:36,069] {local_task_job.py:146} INFO - Task exited with return code 0
