[2022-09-05 02:52:51,959] {taskinstance.py:851} INFO - Dependencies all met for <TaskInstance: our_first_dag_v5.first_task 2021-12-28T00:00:00+00:00 [queued]>
[2022-09-05 02:52:52,201] {taskinstance.py:851} INFO - Dependencies all met for <TaskInstance: our_first_dag_v5.first_task 2021-12-28T00:00:00+00:00 [queued]>
[2022-09-05 02:52:52,213] {taskinstance.py:1042} INFO - 
--------------------------------------------------------------------------------
[2022-09-05 02:52:52,226] {taskinstance.py:1043} INFO - Starting attempt 1 of 6
[2022-09-05 02:52:52,233] {taskinstance.py:1044} INFO - 
--------------------------------------------------------------------------------
[2022-09-05 02:52:52,354] {taskinstance.py:1063} INFO - Executing <Task(BashOperator): first_task> on 2021-12-28T00:00:00+00:00
[2022-09-05 02:52:52,365] {standard_task_runner.py:52} INFO - Started process 681 to run task
[2022-09-05 02:52:52,377] {standard_task_runner.py:76} INFO - Running: ['airflow', 'tasks', 'run', 'our_first_dag_v5', 'first_task', '2021-12-28T00:00:00+00:00', '--job-id', '153', '--pool', 'default_pool', '--raw', '--subdir', 'DAGS_FOLDER/our_first_dag.py', '--cfg-path', '/tmp/tmpjmqjbjg9', '--error-file', '/tmp/tmpuni0dz55']
[2022-09-05 02:52:52,383] {standard_task_runner.py:77} INFO - Job 153: Subtask first_task
[2022-09-05 02:52:52,651] {logging_mixin.py:104} INFO - Running <TaskInstance: our_first_dag_v5.first_task 2021-12-28T00:00:00+00:00 [running]> on host 673eedfc4953
[2022-09-05 02:52:52,845] {taskinstance.py:1257} INFO - Exporting the following env vars:
AIRFLOW_CTX_DAG_OWNER=coder2j
AIRFLOW_CTX_DAG_ID=our_first_dag_v5
AIRFLOW_CTX_TASK_ID=first_task
AIRFLOW_CTX_EXECUTION_DATE=2021-12-28T00:00:00+00:00
AIRFLOW_CTX_DAG_RUN_ID=scheduled__2021-12-28T00:00:00+00:00
[2022-09-05 02:52:52,846] {bash.py:135} INFO - Tmp dir root location: 
 /tmp
[2022-09-05 02:52:52,848] {bash.py:158} INFO - Running command: echo hello world, this is the first task!
[2022-09-05 02:52:52,871] {bash.py:169} INFO - Output:
[2022-09-05 02:52:52,883] {bash.py:173} INFO - hello world, this is the first task!
[2022-09-05 02:52:52,889] {bash.py:177} INFO - Command exited with return code 0
[2022-09-05 02:52:53,078] {taskinstance.py:1166} INFO - Marking task as SUCCESS. dag_id=our_first_dag_v5, task_id=first_task, execution_date=20211228T000000, start_date=20220905T025251, end_date=20220905T025253
[2022-09-05 02:52:53,425] {taskinstance.py:1220} INFO - 0 downstream tasks scheduled from follow-on schedule check
[2022-09-05 02:52:53,471] {local_task_job.py:146} INFO - Task exited with return code 0
