[2022-09-05 02:52:12,106] {taskinstance.py:851} INFO - Dependencies all met for <TaskInstance: our_first_dag_v5.first_task 2021-10-02T00:00:00+00:00 [queued]>
[2022-09-05 02:52:12,238] {taskinstance.py:851} INFO - Dependencies all met for <TaskInstance: our_first_dag_v5.first_task 2021-10-02T00:00:00+00:00 [queued]>
[2022-09-05 02:52:12,238] {taskinstance.py:1042} INFO - 
--------------------------------------------------------------------------------
[2022-09-05 02:52:12,239] {taskinstance.py:1043} INFO - Starting attempt 1 of 6
[2022-09-05 02:52:12,240] {taskinstance.py:1044} INFO - 
--------------------------------------------------------------------------------
[2022-09-05 02:52:12,295] {taskinstance.py:1063} INFO - Executing <Task(BashOperator): first_task> on 2021-10-02T00:00:00+00:00
[2022-09-05 02:52:12,302] {standard_task_runner.py:52} INFO - Started process 409 to run task
[2022-09-05 02:52:12,309] {standard_task_runner.py:76} INFO - Running: ['airflow', 'tasks', 'run', 'our_first_dag_v5', 'first_task', '2021-10-02T00:00:00+00:00', '--job-id', '66', '--pool', 'default_pool', '--raw', '--subdir', 'DAGS_FOLDER/our_first_dag.py', '--cfg-path', '/tmp/tmpvhi6b7rh', '--error-file', '/tmp/tmpo2l356cp']
[2022-09-05 02:52:12,314] {standard_task_runner.py:77} INFO - Job 66: Subtask first_task
[2022-09-05 02:52:12,484] {logging_mixin.py:104} INFO - Running <TaskInstance: our_first_dag_v5.first_task 2021-10-02T00:00:00+00:00 [running]> on host 673eedfc4953
[2022-09-05 02:52:12,672] {taskinstance.py:1257} INFO - Exporting the following env vars:
AIRFLOW_CTX_DAG_OWNER=coder2j
AIRFLOW_CTX_DAG_ID=our_first_dag_v5
AIRFLOW_CTX_TASK_ID=first_task
AIRFLOW_CTX_EXECUTION_DATE=2021-10-02T00:00:00+00:00
AIRFLOW_CTX_DAG_RUN_ID=scheduled__2021-10-02T00:00:00+00:00
[2022-09-05 02:52:12,674] {bash.py:135} INFO - Tmp dir root location: 
 /tmp
[2022-09-05 02:52:12,677] {bash.py:158} INFO - Running command: echo hello world, this is the first task!
[2022-09-05 02:52:12,696] {bash.py:169} INFO - Output:
[2022-09-05 02:52:12,699] {bash.py:173} INFO - hello world, this is the first task!
[2022-09-05 02:52:12,700] {bash.py:177} INFO - Command exited with return code 0
[2022-09-05 02:52:12,874] {taskinstance.py:1166} INFO - Marking task as SUCCESS. dag_id=our_first_dag_v5, task_id=first_task, execution_date=20211002T000000, start_date=20220905T025212, end_date=20220905T025212
[2022-09-05 02:52:13,025] {taskinstance.py:1220} INFO - 0 downstream tasks scheduled from follow-on schedule check
[2022-09-05 02:52:13,055] {local_task_job.py:146} INFO - Task exited with return code 0
