[2022-09-05 03:07:21,578] {taskinstance.py:851} INFO - Dependencies all met for <TaskInstance: our_first_dag_v2.first_task 2022-08-01T00:00:00+00:00 [queued]>
[2022-09-05 03:07:21,725] {taskinstance.py:851} INFO - Dependencies all met for <TaskInstance: our_first_dag_v2.first_task 2022-08-01T00:00:00+00:00 [queued]>
[2022-09-05 03:07:21,727] {taskinstance.py:1042} INFO - 
--------------------------------------------------------------------------------
[2022-09-05 03:07:21,728] {taskinstance.py:1043} INFO - Starting attempt 1 of 6
[2022-09-05 03:07:21,728] {taskinstance.py:1044} INFO - 
--------------------------------------------------------------------------------
[2022-09-05 03:07:21,848] {taskinstance.py:1063} INFO - Executing <Task(BashOperator): first_task> on 2022-08-01T00:00:00+00:00
[2022-09-05 03:07:21,884] {standard_task_runner.py:52} INFO - Started process 182 to run task
[2022-09-05 03:07:21,893] {standard_task_runner.py:76} INFO - Running: ['airflow', 'tasks', 'run', 'our_first_dag_v2', 'first_task', '2022-08-01T00:00:00+00:00', '--job-id', '4', '--pool', 'default_pool', '--raw', '--subdir', 'DAGS_FOLDER/our_first_dag.py', '--cfg-path', '/tmp/tmpxc49jine', '--error-file', '/tmp/tmprx7s_05x']
[2022-09-05 03:07:21,913] {standard_task_runner.py:77} INFO - Job 4: Subtask first_task
[2022-09-05 03:07:22,165] {logging_mixin.py:104} INFO - Running <TaskInstance: our_first_dag_v2.first_task 2022-08-01T00:00:00+00:00 [running]> on host 2b8e628fc16c
[2022-09-05 03:07:22,466] {taskinstance.py:1257} INFO - Exporting the following env vars:
AIRFLOW_CTX_DAG_OWNER=coder2j
AIRFLOW_CTX_DAG_ID=our_first_dag_v2
AIRFLOW_CTX_TASK_ID=first_task
AIRFLOW_CTX_EXECUTION_DATE=2022-08-01T00:00:00+00:00
AIRFLOW_CTX_DAG_RUN_ID=scheduled__2022-08-01T00:00:00+00:00
[2022-09-05 03:07:22,467] {bash.py:135} INFO - Tmp dir root location: 
 /tmp
[2022-09-05 03:07:22,470] {bash.py:158} INFO - Running command: echo hello world, this is the first task!
[2022-09-05 03:07:22,502] {bash.py:169} INFO - Output:
[2022-09-05 03:07:22,503] {bash.py:173} INFO - hello world, this is the first task!
[2022-09-05 03:07:22,503] {bash.py:177} INFO - Command exited with return code 0
[2022-09-05 03:07:22,640] {taskinstance.py:1166} INFO - Marking task as SUCCESS. dag_id=our_first_dag_v2, task_id=first_task, execution_date=20220801T000000, start_date=20220905T030721, end_date=20220905T030722
[2022-09-05 03:07:22,847] {taskinstance.py:1220} INFO - 2 downstream tasks scheduled from follow-on schedule check
[2022-09-05 03:07:22,860] {local_task_job.py:146} INFO - Task exited with return code 0
