[2022-09-05 02:52:39,084] {taskinstance.py:851} INFO - Dependencies all met for <TaskInstance: our_first_dag_v5.first_task 2021-12-01T00:00:00+00:00 [queued]>
[2022-09-05 02:52:39,155] {taskinstance.py:851} INFO - Dependencies all met for <TaskInstance: our_first_dag_v5.first_task 2021-12-01T00:00:00+00:00 [queued]>
[2022-09-05 02:52:39,156] {taskinstance.py:1042} INFO - 
--------------------------------------------------------------------------------
[2022-09-05 02:52:39,157] {taskinstance.py:1043} INFO - Starting attempt 1 of 6
[2022-09-05 02:52:39,157] {taskinstance.py:1044} INFO - 
--------------------------------------------------------------------------------
[2022-09-05 02:52:39,194] {taskinstance.py:1063} INFO - Executing <Task(BashOperator): first_task> on 2021-12-01T00:00:00+00:00
[2022-09-05 02:52:39,199] {standard_task_runner.py:52} INFO - Started process 593 to run task
[2022-09-05 02:52:39,206] {standard_task_runner.py:76} INFO - Running: ['airflow', 'tasks', 'run', 'our_first_dag_v5', 'first_task', '2021-12-01T00:00:00+00:00', '--job-id', '126', '--pool', 'default_pool', '--raw', '--subdir', 'DAGS_FOLDER/our_first_dag.py', '--cfg-path', '/tmp/tmpl1j3n83i', '--error-file', '/tmp/tmpx3qu8kbg']
[2022-09-05 02:52:39,209] {standard_task_runner.py:77} INFO - Job 126: Subtask first_task
[2022-09-05 02:52:39,349] {logging_mixin.py:104} INFO - Running <TaskInstance: our_first_dag_v5.first_task 2021-12-01T00:00:00+00:00 [running]> on host 673eedfc4953
[2022-09-05 02:52:39,541] {taskinstance.py:1257} INFO - Exporting the following env vars:
AIRFLOW_CTX_DAG_OWNER=coder2j
AIRFLOW_CTX_DAG_ID=our_first_dag_v5
AIRFLOW_CTX_TASK_ID=first_task
AIRFLOW_CTX_EXECUTION_DATE=2021-12-01T00:00:00+00:00
AIRFLOW_CTX_DAG_RUN_ID=scheduled__2021-12-01T00:00:00+00:00
[2022-09-05 02:52:39,544] {bash.py:135} INFO - Tmp dir root location: 
 /tmp
[2022-09-05 02:52:39,546] {bash.py:158} INFO - Running command: echo hello world, this is the first task!
[2022-09-05 02:52:39,556] {bash.py:169} INFO - Output:
[2022-09-05 02:52:39,559] {bash.py:173} INFO - hello world, this is the first task!
[2022-09-05 02:52:39,560] {bash.py:177} INFO - Command exited with return code 0
[2022-09-05 02:52:39,727] {taskinstance.py:1166} INFO - Marking task as SUCCESS. dag_id=our_first_dag_v5, task_id=first_task, execution_date=20211201T000000, start_date=20220905T025239, end_date=20220905T025239
[2022-09-05 02:52:40,015] {taskinstance.py:1220} INFO - 0 downstream tasks scheduled from follow-on schedule check
[2022-09-05 02:52:40,063] {local_task_job.py:146} INFO - Task exited with return code 0
