[2022-09-05 13:04:22,459] {taskinstance.py:851} INFO - Dependencies all met for <TaskInstance: efishiery_nomor_satu.insert_fact_order_accumulating 2022-09-03T07:00:00+00:00 [queued]>
[2022-09-05 13:04:22,507] {taskinstance.py:851} INFO - Dependencies all met for <TaskInstance: efishiery_nomor_satu.insert_fact_order_accumulating 2022-09-03T07:00:00+00:00 [queued]>
[2022-09-05 13:04:22,508] {taskinstance.py:1042} INFO - 
--------------------------------------------------------------------------------
[2022-09-05 13:04:22,509] {taskinstance.py:1043} INFO - Starting attempt 1 of 2
[2022-09-05 13:04:22,509] {taskinstance.py:1044} INFO - 
--------------------------------------------------------------------------------
[2022-09-05 13:04:22,557] {taskinstance.py:1063} INFO - Executing <Task(PythonOperator): insert_fact_order_accumulating> on 2022-09-03T07:00:00+00:00
[2022-09-05 13:04:22,565] {standard_task_runner.py:52} INFO - Started process 13378 to run task
[2022-09-05 13:04:22,570] {standard_task_runner.py:76} INFO - Running: ['airflow', 'tasks', 'run', 'efishiery_nomor_satu', 'insert_fact_order_accumulating', '2022-09-03T07:00:00+00:00', '--job-id', '197', '--pool', 'default_pool', '--raw', '--subdir', 'DAGS_FOLDER/soal_nomor_satu.py', '--cfg-path', '/tmp/tmpbuarb6jh', '--error-file', '/tmp/tmpim3le76p']
[2022-09-05 13:04:22,574] {standard_task_runner.py:77} INFO - Job 197: Subtask insert_fact_order_accumulating
[2022-09-05 13:04:22,728] {logging_mixin.py:104} INFO - Running <TaskInstance: efishiery_nomor_satu.insert_fact_order_accumulating 2022-09-03T07:00:00+00:00 [running]> on host 2b8e628fc16c
[2022-09-05 13:04:22,937] {taskinstance.py:1257} INFO - Exporting the following env vars:
AIRFLOW_CTX_DAG_OWNER=farah
AIRFLOW_CTX_DAG_ID=efishiery_nomor_satu
AIRFLOW_CTX_TASK_ID=insert_fact_order_accumulating
AIRFLOW_CTX_EXECUTION_DATE=2022-09-03T07:00:00+00:00
AIRFLOW_CTX_DAG_RUN_ID=scheduled__2022-09-03T07:00:00+00:00
[2022-09-05 13:04:22,952] {base.py:74} INFO - Using connection to: id: efishery. Host: 172.17.0.1, Port: 5432, Schema: efishery, Login: airflow, Password: XXXXXXXX, extra: None
[2022-09-05 13:04:22,992] {base.py:74} INFO - Using connection to: id: efishery_dwh. Host: 172.17.0.1, Port: 5432, Schema: efishery_dwh, Login: airflow, Password: XXXXXXXX, extra: None
[2022-09-05 13:04:23,046] {base.py:74} INFO - Using connection to: id: efishery_dwh. Host: 172.17.0.1, Port: 5432, Schema: efishery_dwh, Login: airflow, Password: XXXXXXXX, extra: None
[2022-09-05 13:04:23,056] {logging_mixin.py:104} INFO - sukses
[2022-09-05 13:04:23,057] {python.py:118} INFO - Done. Returned value was: None
[2022-09-05 13:04:23,141] {taskinstance.py:1166} INFO - Marking task as SUCCESS. dag_id=efishiery_nomor_satu, task_id=insert_fact_order_accumulating, execution_date=20220903T070000, start_date=20220905T130422, end_date=20220905T130423
[2022-09-05 13:04:23,380] {taskinstance.py:1220} INFO - 0 downstream tasks scheduled from follow-on schedule check
[2022-09-05 13:04:23,427] {local_task_job.py:146} INFO - Task exited with return code 0
