[2022-09-05 02:52:16,198] {taskinstance.py:851} INFO - Dependencies all met for <TaskInstance: our_first_dag_v5.first_task 2021-10-10T00:00:00+00:00 [queued]>
[2022-09-05 02:52:16,433] {taskinstance.py:851} INFO - Dependencies all met for <TaskInstance: our_first_dag_v5.first_task 2021-10-10T00:00:00+00:00 [queued]>
[2022-09-05 02:52:16,434] {taskinstance.py:1042} INFO - 
--------------------------------------------------------------------------------
[2022-09-05 02:52:16,435] {taskinstance.py:1043} INFO - Starting attempt 1 of 6
[2022-09-05 02:52:16,436] {taskinstance.py:1044} INFO - 
--------------------------------------------------------------------------------
[2022-09-05 02:52:16,552] {taskinstance.py:1063} INFO - Executing <Task(BashOperator): first_task> on 2021-10-10T00:00:00+00:00
[2022-09-05 02:52:16,561] {standard_task_runner.py:52} INFO - Started process 439 to run task
[2022-09-05 02:52:16,576] {standard_task_runner.py:76} INFO - Running: ['airflow', 'tasks', 'run', 'our_first_dag_v5', 'first_task', '2021-10-10T00:00:00+00:00', '--job-id', '74', '--pool', 'default_pool', '--raw', '--subdir', 'DAGS_FOLDER/our_first_dag.py', '--cfg-path', '/tmp/tmpmtjydm_b', '--error-file', '/tmp/tmpvaat2fwc']
[2022-09-05 02:52:16,580] {standard_task_runner.py:77} INFO - Job 74: Subtask first_task
[2022-09-05 02:52:16,790] {logging_mixin.py:104} INFO - Running <TaskInstance: our_first_dag_v5.first_task 2021-10-10T00:00:00+00:00 [running]> on host 673eedfc4953
[2022-09-05 02:52:17,046] {taskinstance.py:1257} INFO - Exporting the following env vars:
AIRFLOW_CTX_DAG_OWNER=coder2j
AIRFLOW_CTX_DAG_ID=our_first_dag_v5
AIRFLOW_CTX_TASK_ID=first_task
AIRFLOW_CTX_EXECUTION_DATE=2021-10-10T00:00:00+00:00
AIRFLOW_CTX_DAG_RUN_ID=scheduled__2021-10-10T00:00:00+00:00
[2022-09-05 02:52:17,047] {bash.py:135} INFO - Tmp dir root location: 
 /tmp
[2022-09-05 02:52:17,049] {bash.py:158} INFO - Running command: echo hello world, this is the first task!
[2022-09-05 02:52:17,069] {bash.py:169} INFO - Output:
[2022-09-05 02:52:17,072] {bash.py:173} INFO - hello world, this is the first task!
[2022-09-05 02:52:17,073] {bash.py:177} INFO - Command exited with return code 0
[2022-09-05 02:52:17,246] {taskinstance.py:1166} INFO - Marking task as SUCCESS. dag_id=our_first_dag_v5, task_id=first_task, execution_date=20211010T000000, start_date=20220905T025216, end_date=20220905T025217
[2022-09-05 02:52:17,489] {taskinstance.py:1220} INFO - 0 downstream tasks scheduled from follow-on schedule check
[2022-09-05 02:52:17,526] {local_task_job.py:146} INFO - Task exited with return code 0
