[2022-09-05 02:31:33,779] {taskinstance.py:851} INFO - Dependencies all met for <TaskInstance: example_bash_operator.runme_2 2022-09-03T00:00:00+00:00 [queued]>
[2022-09-05 02:31:33,963] {taskinstance.py:851} INFO - Dependencies all met for <TaskInstance: example_bash_operator.runme_2 2022-09-03T00:00:00+00:00 [queued]>
[2022-09-05 02:31:33,968] {taskinstance.py:1042} INFO - 
--------------------------------------------------------------------------------
[2022-09-05 02:31:33,970] {taskinstance.py:1043} INFO - Starting attempt 1 of 1
[2022-09-05 02:31:33,972] {taskinstance.py:1044} INFO - 
--------------------------------------------------------------------------------
[2022-09-05 02:31:34,074] {taskinstance.py:1063} INFO - Executing <Task(BashOperator): runme_2> on 2022-09-03T00:00:00+00:00
[2022-09-05 02:31:34,112] {standard_task_runner.py:52} INFO - Started process 1605 to run task
[2022-09-05 02:31:34,140] {standard_task_runner.py:76} INFO - Running: ['airflow', 'tasks', 'run', 'example_bash_operator', 'runme_2', '2022-09-03T00:00:00+00:00', '--job-id', '11', '--pool', 'default_pool', '--raw', '--subdir', '/home/airflow/.local/lib/python3.6/site-packages/airflow/example_dags/example_bash_operator.py', '--cfg-path', '/tmp/tmpvsr00p89', '--error-file', '/tmp/tmp92jyz864']
[2022-09-05 02:31:34,182] {standard_task_runner.py:77} INFO - Job 11: Subtask runme_2
[2022-09-05 02:31:34,531] {logging_mixin.py:104} INFO - Running <TaskInstance: example_bash_operator.runme_2 2022-09-03T00:00:00+00:00 [running]> on host 3472ead462fb
[2022-09-05 02:31:34,716] {taskinstance.py:1257} INFO - Exporting the following env vars:
AIRFLOW_CTX_DAG_OWNER=airflow
AIRFLOW_CTX_DAG_ID=example_bash_operator
AIRFLOW_CTX_TASK_ID=runme_2
AIRFLOW_CTX_EXECUTION_DATE=2022-09-03T00:00:00+00:00
AIRFLOW_CTX_DAG_RUN_ID=scheduled__2022-09-03T00:00:00+00:00
[2022-09-05 02:31:34,718] {bash.py:135} INFO - Tmp dir root location: 
 /tmp
[2022-09-05 02:31:34,721] {bash.py:158} INFO - Running command: echo "example_bash_operator__runme_2__20220903" && sleep 1
[2022-09-05 02:31:34,730] {bash.py:169} INFO - Output:
[2022-09-05 02:31:34,732] {bash.py:173} INFO - example_bash_operator__runme_2__20220903
[2022-09-05 02:31:35,733] {bash.py:177} INFO - Command exited with return code 0
[2022-09-05 02:31:35,931] {taskinstance.py:1166} INFO - Marking task as SUCCESS. dag_id=example_bash_operator, task_id=runme_2, execution_date=20220903T000000, start_date=20220905T023133, end_date=20220905T023135
[2022-09-05 02:31:36,111] {taskinstance.py:1220} INFO - 0 downstream tasks scheduled from follow-on schedule check
[2022-09-05 02:31:36,145] {local_task_job.py:146} INFO - Task exited with return code 0
