[2022-09-05 02:31:33,444] {taskinstance.py:851} INFO - Dependencies all met for <TaskInstance: example_bash_operator.runme_1 2022-09-03T00:00:00+00:00 [queued]>
[2022-09-05 02:31:33,585] {taskinstance.py:851} INFO - Dependencies all met for <TaskInstance: example_bash_operator.runme_1 2022-09-03T00:00:00+00:00 [queued]>
[2022-09-05 02:31:33,600] {taskinstance.py:1042} INFO - 
--------------------------------------------------------------------------------
[2022-09-05 02:31:33,620] {taskinstance.py:1043} INFO - Starting attempt 1 of 1
[2022-09-05 02:31:33,636] {taskinstance.py:1044} INFO - 
--------------------------------------------------------------------------------
[2022-09-05 02:31:33,727] {taskinstance.py:1063} INFO - Executing <Task(BashOperator): runme_1> on 2022-09-03T00:00:00+00:00
[2022-09-05 02:31:33,747] {standard_task_runner.py:52} INFO - Started process 1601 to run task
[2022-09-05 02:31:33,768] {standard_task_runner.py:76} INFO - Running: ['airflow', 'tasks', 'run', 'example_bash_operator', 'runme_1', '2022-09-03T00:00:00+00:00', '--job-id', '9', '--pool', 'default_pool', '--raw', '--subdir', '/home/airflow/.local/lib/python3.6/site-packages/airflow/example_dags/example_bash_operator.py', '--cfg-path', '/tmp/tmp1hju6bd9', '--error-file', '/tmp/tmp2kypsbwh']
[2022-09-05 02:31:33,820] {standard_task_runner.py:77} INFO - Job 9: Subtask runme_1
[2022-09-05 02:31:34,343] {logging_mixin.py:104} INFO - Running <TaskInstance: example_bash_operator.runme_1 2022-09-03T00:00:00+00:00 [running]> on host 3472ead462fb
[2022-09-05 02:31:34,546] {taskinstance.py:1257} INFO - Exporting the following env vars:
AIRFLOW_CTX_DAG_OWNER=airflow
AIRFLOW_CTX_DAG_ID=example_bash_operator
AIRFLOW_CTX_TASK_ID=runme_1
AIRFLOW_CTX_EXECUTION_DATE=2022-09-03T00:00:00+00:00
AIRFLOW_CTX_DAG_RUN_ID=scheduled__2022-09-03T00:00:00+00:00
[2022-09-05 02:31:34,548] {bash.py:135} INFO - Tmp dir root location: 
 /tmp
[2022-09-05 02:31:34,549] {bash.py:158} INFO - Running command: echo "example_bash_operator__runme_1__20220903" && sleep 1
[2022-09-05 02:31:34,567] {bash.py:169} INFO - Output:
[2022-09-05 02:31:34,570] {bash.py:173} INFO - example_bash_operator__runme_1__20220903
[2022-09-05 02:31:35,571] {bash.py:177} INFO - Command exited with return code 0
[2022-09-05 02:31:35,856] {taskinstance.py:1166} INFO - Marking task as SUCCESS. dag_id=example_bash_operator, task_id=runme_1, execution_date=20220903T000000, start_date=20220905T023133, end_date=20220905T023135
[2022-09-05 02:31:35,980] {taskinstance.py:1220} INFO - 0 downstream tasks scheduled from follow-on schedule check
[2022-09-05 02:31:36,027] {local_task_job.py:146} INFO - Task exited with return code 0
