[2022-09-05 02:52:51,068] {taskinstance.py:851} INFO - Dependencies all met for <TaskInstance: our_first_dag_v5.first_task 2021-12-27T00:00:00+00:00 [queued]>
[2022-09-05 02:52:51,221] {taskinstance.py:851} INFO - Dependencies all met for <TaskInstance: our_first_dag_v5.first_task 2021-12-27T00:00:00+00:00 [queued]>
[2022-09-05 02:52:51,234] {taskinstance.py:1042} INFO - 
--------------------------------------------------------------------------------
[2022-09-05 02:52:51,236] {taskinstance.py:1043} INFO - Starting attempt 1 of 6
[2022-09-05 02:52:51,251] {taskinstance.py:1044} INFO - 
--------------------------------------------------------------------------------
[2022-09-05 02:52:51,406] {taskinstance.py:1063} INFO - Executing <Task(BashOperator): first_task> on 2021-12-27T00:00:00+00:00
[2022-09-05 02:52:51,450] {standard_task_runner.py:52} INFO - Started process 678 to run task
[2022-09-05 02:52:51,479] {standard_task_runner.py:76} INFO - Running: ['airflow', 'tasks', 'run', 'our_first_dag_v5', 'first_task', '2021-12-27T00:00:00+00:00', '--job-id', '152', '--pool', 'default_pool', '--raw', '--subdir', 'DAGS_FOLDER/our_first_dag.py', '--cfg-path', '/tmp/tmp78e9zm9p', '--error-file', '/tmp/tmpy2bkip0d']
[2022-09-05 02:52:51,508] {standard_task_runner.py:77} INFO - Job 152: Subtask first_task
[2022-09-05 02:52:51,759] {logging_mixin.py:104} INFO - Running <TaskInstance: our_first_dag_v5.first_task 2021-12-27T00:00:00+00:00 [running]> on host 673eedfc4953
[2022-09-05 02:52:52,184] {taskinstance.py:1257} INFO - Exporting the following env vars:
AIRFLOW_CTX_DAG_OWNER=coder2j
AIRFLOW_CTX_DAG_ID=our_first_dag_v5
AIRFLOW_CTX_TASK_ID=first_task
AIRFLOW_CTX_EXECUTION_DATE=2021-12-27T00:00:00+00:00
AIRFLOW_CTX_DAG_RUN_ID=scheduled__2021-12-27T00:00:00+00:00
[2022-09-05 02:52:52,190] {bash.py:135} INFO - Tmp dir root location: 
 /tmp
[2022-09-05 02:52:52,194] {bash.py:158} INFO - Running command: echo hello world, this is the first task!
[2022-09-05 02:52:52,214] {bash.py:169} INFO - Output:
[2022-09-05 02:52:52,224] {bash.py:173} INFO - hello world, this is the first task!
[2022-09-05 02:52:52,227] {bash.py:177} INFO - Command exited with return code 0
[2022-09-05 02:52:52,429] {taskinstance.py:1166} INFO - Marking task as SUCCESS. dag_id=our_first_dag_v5, task_id=first_task, execution_date=20211227T000000, start_date=20220905T025251, end_date=20220905T025252
[2022-09-05 02:52:52,687] {taskinstance.py:1220} INFO - 0 downstream tasks scheduled from follow-on schedule check
[2022-09-05 02:52:52,744] {local_task_job.py:146} INFO - Task exited with return code 0
