[2022-09-05 03:07:50,657] {taskinstance.py:851} INFO - Dependencies all met for <TaskInstance: our_first_dag_v2.first_task 2022-08-29T00:00:00+00:00 [queued]>
[2022-09-05 03:07:50,795] {taskinstance.py:851} INFO - Dependencies all met for <TaskInstance: our_first_dag_v2.first_task 2022-08-29T00:00:00+00:00 [queued]>
[2022-09-05 03:07:50,796] {taskinstance.py:1042} INFO - 
--------------------------------------------------------------------------------
[2022-09-05 03:07:50,797] {taskinstance.py:1043} INFO - Starting attempt 1 of 6
[2022-09-05 03:07:50,797] {taskinstance.py:1044} INFO - 
--------------------------------------------------------------------------------
[2022-09-05 03:07:50,891] {taskinstance.py:1063} INFO - Executing <Task(BashOperator): first_task> on 2022-08-29T00:00:00+00:00
[2022-09-05 03:07:50,930] {standard_task_runner.py:52} INFO - Started process 428 to run task
[2022-09-05 03:07:50,965] {standard_task_runner.py:76} INFO - Running: ['airflow', 'tasks', 'run', 'our_first_dag_v2', 'first_task', '2022-08-29T00:00:00+00:00', '--job-id', '84', '--pool', 'default_pool', '--raw', '--subdir', 'DAGS_FOLDER/our_first_dag.py', '--cfg-path', '/tmp/tmp9y57sv_x', '--error-file', '/tmp/tmpbe1bnt4u']
[2022-09-05 03:07:50,983] {standard_task_runner.py:77} INFO - Job 84: Subtask first_task
[2022-09-05 03:07:51,313] {logging_mixin.py:104} INFO - Running <TaskInstance: our_first_dag_v2.first_task 2022-08-29T00:00:00+00:00 [running]> on host 2b8e628fc16c
[2022-09-05 03:07:51,728] {taskinstance.py:1257} INFO - Exporting the following env vars:
AIRFLOW_CTX_DAG_OWNER=coder2j
AIRFLOW_CTX_DAG_ID=our_first_dag_v2
AIRFLOW_CTX_TASK_ID=first_task
AIRFLOW_CTX_EXECUTION_DATE=2022-08-29T00:00:00+00:00
AIRFLOW_CTX_DAG_RUN_ID=scheduled__2022-08-29T00:00:00+00:00
[2022-09-05 03:07:51,732] {bash.py:135} INFO - Tmp dir root location: 
 /tmp
[2022-09-05 03:07:51,734] {bash.py:158} INFO - Running command: echo hello world, this is the first task!
[2022-09-05 03:07:51,813] {bash.py:169} INFO - Output:
[2022-09-05 03:07:51,816] {bash.py:173} INFO - hello world, this is the first task!
[2022-09-05 03:07:51,835] {bash.py:177} INFO - Command exited with return code 0
[2022-09-05 03:07:52,129] {taskinstance.py:1166} INFO - Marking task as SUCCESS. dag_id=our_first_dag_v2, task_id=first_task, execution_date=20220829T000000, start_date=20220905T030750, end_date=20220905T030752
[2022-09-05 03:07:52,777] {taskinstance.py:1220} INFO - 0 downstream tasks scheduled from follow-on schedule check
[2022-09-05 03:07:52,834] {local_task_job.py:146} INFO - Task exited with return code 0
