[2022-09-05 02:52:58,270] {taskinstance.py:851} INFO - Dependencies all met for <TaskInstance: our_first_dag_v5.first_task 2022-01-09T00:00:00+00:00 [queued]>
[2022-09-05 02:52:58,405] {taskinstance.py:851} INFO - Dependencies all met for <TaskInstance: our_first_dag_v5.first_task 2022-01-09T00:00:00+00:00 [queued]>
[2022-09-05 02:52:58,406] {taskinstance.py:1042} INFO - 
--------------------------------------------------------------------------------
[2022-09-05 02:52:58,406] {taskinstance.py:1043} INFO - Starting attempt 1 of 6
[2022-09-05 02:52:58,407] {taskinstance.py:1044} INFO - 
--------------------------------------------------------------------------------
[2022-09-05 02:52:58,485] {taskinstance.py:1063} INFO - Executing <Task(BashOperator): first_task> on 2022-01-09T00:00:00+00:00
[2022-09-05 02:52:58,490] {standard_task_runner.py:52} INFO - Started process 717 to run task
[2022-09-05 02:52:58,500] {standard_task_runner.py:76} INFO - Running: ['airflow', 'tasks', 'run', 'our_first_dag_v5', 'first_task', '2022-01-09T00:00:00+00:00', '--job-id', '165', '--pool', 'default_pool', '--raw', '--subdir', 'DAGS_FOLDER/our_first_dag.py', '--cfg-path', '/tmp/tmpckxdskp9', '--error-file', '/tmp/tmp8s8sx5vo']
[2022-09-05 02:52:58,504] {standard_task_runner.py:77} INFO - Job 165: Subtask first_task
[2022-09-05 02:52:58,718] {logging_mixin.py:104} INFO - Running <TaskInstance: our_first_dag_v5.first_task 2022-01-09T00:00:00+00:00 [running]> on host 673eedfc4953
[2022-09-05 02:52:58,907] {taskinstance.py:1257} INFO - Exporting the following env vars:
AIRFLOW_CTX_DAG_OWNER=coder2j
AIRFLOW_CTX_DAG_ID=our_first_dag_v5
AIRFLOW_CTX_TASK_ID=first_task
AIRFLOW_CTX_EXECUTION_DATE=2022-01-09T00:00:00+00:00
AIRFLOW_CTX_DAG_RUN_ID=scheduled__2022-01-09T00:00:00+00:00
[2022-09-05 02:52:58,908] {bash.py:135} INFO - Tmp dir root location: 
 /tmp
[2022-09-05 02:52:58,912] {bash.py:158} INFO - Running command: echo hello world, this is the first task!
[2022-09-05 02:52:58,929] {bash.py:169} INFO - Output:
[2022-09-05 02:52:58,931] {bash.py:173} INFO - hello world, this is the first task!
[2022-09-05 02:52:58,931] {bash.py:177} INFO - Command exited with return code 0
[2022-09-05 02:52:59,104] {taskinstance.py:1166} INFO - Marking task as SUCCESS. dag_id=our_first_dag_v5, task_id=first_task, execution_date=20220109T000000, start_date=20220905T025258, end_date=20220905T025259
[2022-09-05 02:52:59,257] {taskinstance.py:1220} INFO - 0 downstream tasks scheduled from follow-on schedule check
[2022-09-05 02:52:59,268] {local_task_job.py:146} INFO - Task exited with return code 0
