[2022-09-05 02:52:00,697] {taskinstance.py:851} INFO - Dependencies all met for <TaskInstance: our_first_dag_v5.first_task 2021-09-02T00:00:00+00:00 [queued]>
[2022-09-05 02:52:00,761] {taskinstance.py:851} INFO - Dependencies all met for <TaskInstance: our_first_dag_v5.first_task 2021-09-02T00:00:00+00:00 [queued]>
[2022-09-05 02:52:00,765] {taskinstance.py:1042} INFO - 
--------------------------------------------------------------------------------
[2022-09-05 02:52:00,766] {taskinstance.py:1043} INFO - Starting attempt 1 of 6
[2022-09-05 02:52:00,766] {taskinstance.py:1044} INFO - 
--------------------------------------------------------------------------------
[2022-09-05 02:52:00,818] {taskinstance.py:1063} INFO - Executing <Task(BashOperator): first_task> on 2021-09-02T00:00:00+00:00
[2022-09-05 02:52:00,824] {standard_task_runner.py:52} INFO - Started process 319 to run task
[2022-09-05 02:52:00,850] {standard_task_runner.py:76} INFO - Running: ['airflow', 'tasks', 'run', 'our_first_dag_v5', 'first_task', '2021-09-02T00:00:00+00:00', '--job-id', '36', '--pool', 'default_pool', '--raw', '--subdir', 'DAGS_FOLDER/our_first_dag.py', '--cfg-path', '/tmp/tmp0k5ai3wv', '--error-file', '/tmp/tmpzvuopq8x']
[2022-09-05 02:52:00,855] {standard_task_runner.py:77} INFO - Job 36: Subtask first_task
[2022-09-05 02:52:01,053] {logging_mixin.py:104} INFO - Running <TaskInstance: our_first_dag_v5.first_task 2021-09-02T00:00:00+00:00 [running]> on host 673eedfc4953
[2022-09-05 02:52:01,229] {taskinstance.py:1257} INFO - Exporting the following env vars:
AIRFLOW_CTX_DAG_OWNER=coder2j
AIRFLOW_CTX_DAG_ID=our_first_dag_v5
AIRFLOW_CTX_TASK_ID=first_task
AIRFLOW_CTX_EXECUTION_DATE=2021-09-02T00:00:00+00:00
AIRFLOW_CTX_DAG_RUN_ID=scheduled__2021-09-02T00:00:00+00:00
[2022-09-05 02:52:01,231] {bash.py:135} INFO - Tmp dir root location: 
 /tmp
[2022-09-05 02:52:01,236] {bash.py:158} INFO - Running command: echo hello world, this is the first task!
[2022-09-05 02:52:01,249] {bash.py:169} INFO - Output:
[2022-09-05 02:52:01,250] {bash.py:173} INFO - hello world, this is the first task!
[2022-09-05 02:52:01,251] {bash.py:177} INFO - Command exited with return code 0
[2022-09-05 02:52:01,390] {taskinstance.py:1166} INFO - Marking task as SUCCESS. dag_id=our_first_dag_v5, task_id=first_task, execution_date=20210902T000000, start_date=20220905T025200, end_date=20220905T025201
[2022-09-05 02:52:01,560] {taskinstance.py:1220} INFO - 0 downstream tasks scheduled from follow-on schedule check
[2022-09-05 02:52:01,614] {local_task_job.py:146} INFO - Task exited with return code 0
