[2022-09-05 11:36:29,646] {taskinstance.py:851} INFO - Dependencies all met for <TaskInstance: efishiery_nomor_satu.create_table 2022-09-04T00:00:00+00:00 [queued]>
[2022-09-05 11:36:29,687] {taskinstance.py:851} INFO - Dependencies all met for <TaskInstance: efishiery_nomor_satu.create_table 2022-09-04T00:00:00+00:00 [queued]>
[2022-09-05 11:36:29,688] {taskinstance.py:1042} INFO - 
--------------------------------------------------------------------------------
[2022-09-05 11:36:29,688] {taskinstance.py:1043} INFO - Starting attempt 8 of 9
[2022-09-05 11:36:29,688] {taskinstance.py:1044} INFO - 
--------------------------------------------------------------------------------
[2022-09-05 11:36:29,725] {taskinstance.py:1063} INFO - Executing <Task(PythonOperator): create_table> on 2022-09-04T00:00:00+00:00
[2022-09-05 11:36:29,731] {standard_task_runner.py:52} INFO - Started process 10764 to run task
[2022-09-05 11:36:29,738] {standard_task_runner.py:76} INFO - Running: ['airflow', 'tasks', 'run', 'efishiery_nomor_satu', 'create_table', '2022-09-04T00:00:00+00:00', '--job-id', '168', '--pool', 'default_pool', '--raw', '--subdir', 'DAGS_FOLDER/soal_nomor_satu.py', '--cfg-path', '/tmp/tmpdjvoafq7', '--error-file', '/tmp/tmpocwd_j7a']
[2022-09-05 11:36:29,744] {standard_task_runner.py:77} INFO - Job 168: Subtask create_table
[2022-09-05 11:36:29,930] {logging_mixin.py:104} INFO - Running <TaskInstance: efishiery_nomor_satu.create_table 2022-09-04T00:00:00+00:00 [running]> on host 2b8e628fc16c
[2022-09-05 11:36:29,997] {taskinstance.py:1257} INFO - Exporting the following env vars:
AIRFLOW_CTX_DAG_OWNER=farah
AIRFLOW_CTX_DAG_ID=efishiery_nomor_satu
AIRFLOW_CTX_TASK_ID=create_table
AIRFLOW_CTX_EXECUTION_DATE=2022-09-04T00:00:00+00:00
AIRFLOW_CTX_DAG_RUN_ID=scheduled__2022-09-04T00:00:00+00:00
[2022-09-05 11:36:30,037] {base.py:74} INFO - Using connection to: id: efishery. Host: 172.17.0.1, Port: 5432, Schema: efishery, Login: airflow, Password: XXXXXXXX, extra: None
[2022-09-05 11:36:30,077] {base.py:74} INFO - Using connection to: id: efishery_dwh. Host: 172.17.0.1, Port: 5432, Schema: efishery_dwh, Login: airflow, Password: XXXXXXXX, extra: None
[2022-09-05 11:36:30,103] {base.py:74} INFO - Using connection to: id: efishery_dwh. Host: 172.17.0.1, Port: 5432, Schema: efishery_dwh, Login: airflow, Password: XXXXXXXX, extra: None
[2022-09-05 11:36:30,111] {logging_mixin.py:104} INFO - sukses
[2022-09-05 11:36:30,112] {python.py:118} INFO - Done. Returned value was: None
[2022-09-05 11:36:30,160] {taskinstance.py:1166} INFO - Marking task as SUCCESS. dag_id=efishiery_nomor_satu, task_id=create_table, execution_date=20220904T000000, start_date=20220905T113629, end_date=20220905T113630
[2022-09-05 11:36:30,249] {taskinstance.py:1220} INFO - 0 downstream tasks scheduled from follow-on schedule check
[2022-09-05 11:36:30,271] {local_task_job.py:146} INFO - Task exited with return code 0
