[2022-09-05 03:07:48,123] {taskinstance.py:851} INFO - Dependencies all met for <TaskInstance: our_first_dag_v2.first_task 2022-08-26T00:00:00+00:00 [queued]>
[2022-09-05 03:07:48,242] {taskinstance.py:851} INFO - Dependencies all met for <TaskInstance: our_first_dag_v2.first_task 2022-08-26T00:00:00+00:00 [queued]>
[2022-09-05 03:07:48,243] {taskinstance.py:1042} INFO - 
--------------------------------------------------------------------------------
[2022-09-05 03:07:48,243] {taskinstance.py:1043} INFO - Starting attempt 1 of 6
[2022-09-05 03:07:48,244] {taskinstance.py:1044} INFO - 
--------------------------------------------------------------------------------
[2022-09-05 03:07:48,335] {taskinstance.py:1063} INFO - Executing <Task(BashOperator): first_task> on 2022-08-26T00:00:00+00:00
[2022-09-05 03:07:48,345] {standard_task_runner.py:52} INFO - Started process 402 to run task
[2022-09-05 03:07:48,368] {standard_task_runner.py:76} INFO - Running: ['airflow', 'tasks', 'run', 'our_first_dag_v2', 'first_task', '2022-08-26T00:00:00+00:00', '--job-id', '77', '--pool', 'default_pool', '--raw', '--subdir', 'DAGS_FOLDER/our_first_dag.py', '--cfg-path', '/tmp/tmplfcvz7b0', '--error-file', '/tmp/tmphlxhhbnf']
[2022-09-05 03:07:48,385] {standard_task_runner.py:77} INFO - Job 77: Subtask first_task
[2022-09-05 03:07:48,677] {logging_mixin.py:104} INFO - Running <TaskInstance: our_first_dag_v2.first_task 2022-08-26T00:00:00+00:00 [running]> on host 2b8e628fc16c
[2022-09-05 03:07:48,958] {taskinstance.py:1257} INFO - Exporting the following env vars:
AIRFLOW_CTX_DAG_OWNER=coder2j
AIRFLOW_CTX_DAG_ID=our_first_dag_v2
AIRFLOW_CTX_TASK_ID=first_task
AIRFLOW_CTX_EXECUTION_DATE=2022-08-26T00:00:00+00:00
AIRFLOW_CTX_DAG_RUN_ID=scheduled__2022-08-26T00:00:00+00:00
[2022-09-05 03:07:48,959] {bash.py:135} INFO - Tmp dir root location: 
 /tmp
[2022-09-05 03:07:48,961] {bash.py:158} INFO - Running command: echo hello world, this is the first task!
[2022-09-05 03:07:48,999] {bash.py:169} INFO - Output:
[2022-09-05 03:07:49,019] {bash.py:173} INFO - hello world, this is the first task!
[2022-09-05 03:07:49,025] {bash.py:177} INFO - Command exited with return code 0
[2022-09-05 03:07:49,250] {taskinstance.py:1166} INFO - Marking task as SUCCESS. dag_id=our_first_dag_v2, task_id=first_task, execution_date=20220826T000000, start_date=20220905T030748, end_date=20220905T030749
[2022-09-05 03:07:49,677] {taskinstance.py:1220} INFO - 2 downstream tasks scheduled from follow-on schedule check
[2022-09-05 03:07:49,718] {local_task_job.py:146} INFO - Task exited with return code 0
