[2022-09-05 02:53:17,803] {taskinstance.py:851} INFO - Dependencies all met for <TaskInstance: our_first_dag_v5.first_task 2022-02-19T00:00:00+00:00 [queued]>
[2022-09-05 02:53:18,005] {taskinstance.py:851} INFO - Dependencies all met for <TaskInstance: our_first_dag_v5.first_task 2022-02-19T00:00:00+00:00 [queued]>
[2022-09-05 02:53:18,006] {taskinstance.py:1042} INFO - 
--------------------------------------------------------------------------------
[2022-09-05 02:53:18,013] {taskinstance.py:1043} INFO - Starting attempt 1 of 6
[2022-09-05 02:53:18,014] {taskinstance.py:1044} INFO - 
--------------------------------------------------------------------------------
[2022-09-05 02:53:18,242] {taskinstance.py:1063} INFO - Executing <Task(BashOperator): first_task> on 2022-02-19T00:00:00+00:00
[2022-09-05 02:53:18,324] {standard_task_runner.py:52} INFO - Started process 845 to run task
[2022-09-05 02:53:18,337] {standard_task_runner.py:76} INFO - Running: ['airflow', 'tasks', 'run', 'our_first_dag_v5', 'first_task', '2022-02-19T00:00:00+00:00', '--job-id', '206', '--pool', 'default_pool', '--raw', '--subdir', 'DAGS_FOLDER/our_first_dag.py', '--cfg-path', '/tmp/tmpli6o9j6w', '--error-file', '/tmp/tmprz437xkz']
[2022-09-05 02:53:18,349] {standard_task_runner.py:77} INFO - Job 206: Subtask first_task
[2022-09-05 02:53:18,651] {logging_mixin.py:104} INFO - Running <TaskInstance: our_first_dag_v5.first_task 2022-02-19T00:00:00+00:00 [running]> on host 673eedfc4953
[2022-09-05 02:53:19,165] {taskinstance.py:1257} INFO - Exporting the following env vars:
AIRFLOW_CTX_DAG_OWNER=coder2j
AIRFLOW_CTX_DAG_ID=our_first_dag_v5
AIRFLOW_CTX_TASK_ID=first_task
AIRFLOW_CTX_EXECUTION_DATE=2022-02-19T00:00:00+00:00
AIRFLOW_CTX_DAG_RUN_ID=scheduled__2022-02-19T00:00:00+00:00
[2022-09-05 02:53:19,166] {bash.py:135} INFO - Tmp dir root location: 
 /tmp
[2022-09-05 02:53:19,168] {bash.py:158} INFO - Running command: echo hello world, this is the first task!
[2022-09-05 02:53:19,208] {bash.py:169} INFO - Output:
[2022-09-05 02:53:19,218] {bash.py:173} INFO - hello world, this is the first task!
[2022-09-05 02:53:19,221] {bash.py:177} INFO - Command exited with return code 0
[2022-09-05 02:53:19,581] {taskinstance.py:1166} INFO - Marking task as SUCCESS. dag_id=our_first_dag_v5, task_id=first_task, execution_date=20220219T000000, start_date=20220905T025317, end_date=20220905T025319
[2022-09-05 02:53:19,881] {taskinstance.py:1220} INFO - 0 downstream tasks scheduled from follow-on schedule check
[2022-09-05 02:53:19,934] {local_task_job.py:146} INFO - Task exited with return code 0
