[2022-09-05 02:51:58,997] {taskinstance.py:851} INFO - Dependencies all met for <TaskInstance: our_first_dag_v5.first_task 2021-08-30T00:00:00+00:00 [queued]>
[2022-09-05 02:51:59,135] {taskinstance.py:851} INFO - Dependencies all met for <TaskInstance: our_first_dag_v5.first_task 2021-08-30T00:00:00+00:00 [queued]>
[2022-09-05 02:51:59,140] {taskinstance.py:1042} INFO - 
--------------------------------------------------------------------------------
[2022-09-05 02:51:59,141] {taskinstance.py:1043} INFO - Starting attempt 1 of 6
[2022-09-05 02:51:59,153] {taskinstance.py:1044} INFO - 
--------------------------------------------------------------------------------
[2022-09-05 02:51:59,554] {taskinstance.py:1063} INFO - Executing <Task(BashOperator): first_task> on 2021-08-30T00:00:00+00:00
[2022-09-05 02:51:59,564] {standard_task_runner.py:52} INFO - Started process 310 to run task
[2022-09-05 02:51:59,585] {standard_task_runner.py:76} INFO - Running: ['airflow', 'tasks', 'run', 'our_first_dag_v5', 'first_task', '2021-08-30T00:00:00+00:00', '--job-id', '33', '--pool', 'default_pool', '--raw', '--subdir', 'DAGS_FOLDER/our_first_dag.py', '--cfg-path', '/tmp/tmpw8puj6fm', '--error-file', '/tmp/tmpe5hy1avc']
[2022-09-05 02:51:59,590] {standard_task_runner.py:77} INFO - Job 33: Subtask first_task
[2022-09-05 02:51:59,817] {logging_mixin.py:104} INFO - Running <TaskInstance: our_first_dag_v5.first_task 2021-08-30T00:00:00+00:00 [running]> on host 673eedfc4953
[2022-09-05 02:52:00,079] {taskinstance.py:1257} INFO - Exporting the following env vars:
AIRFLOW_CTX_DAG_OWNER=coder2j
AIRFLOW_CTX_DAG_ID=our_first_dag_v5
AIRFLOW_CTX_TASK_ID=first_task
AIRFLOW_CTX_EXECUTION_DATE=2021-08-30T00:00:00+00:00
AIRFLOW_CTX_DAG_RUN_ID=scheduled__2021-08-30T00:00:00+00:00
[2022-09-05 02:52:00,083] {bash.py:135} INFO - Tmp dir root location: 
 /tmp
[2022-09-05 02:52:00,085] {bash.py:158} INFO - Running command: echo hello world, this is the first task!
[2022-09-05 02:52:00,101] {bash.py:169} INFO - Output:
[2022-09-05 02:52:00,107] {bash.py:173} INFO - hello world, this is the first task!
[2022-09-05 02:52:00,111] {bash.py:177} INFO - Command exited with return code 0
[2022-09-05 02:52:00,266] {taskinstance.py:1166} INFO - Marking task as SUCCESS. dag_id=our_first_dag_v5, task_id=first_task, execution_date=20210830T000000, start_date=20220905T025159, end_date=20220905T025200
[2022-09-05 02:52:00,403] {taskinstance.py:1220} INFO - 0 downstream tasks scheduled from follow-on schedule check
[2022-09-05 02:52:00,441] {local_task_job.py:146} INFO - Task exited with return code 0
