[2022-09-05 03:07:21,977] {taskinstance.py:851} INFO - Dependencies all met for <TaskInstance: our_first_dag_v2.first_task 2022-08-02T00:00:00+00:00 [queued]>
[2022-09-05 03:07:22,059] {taskinstance.py:851} INFO - Dependencies all met for <TaskInstance: our_first_dag_v2.first_task 2022-08-02T00:00:00+00:00 [queued]>
[2022-09-05 03:07:22,060] {taskinstance.py:1042} INFO - 
--------------------------------------------------------------------------------
[2022-09-05 03:07:22,061] {taskinstance.py:1043} INFO - Starting attempt 1 of 6
[2022-09-05 03:07:22,062] {taskinstance.py:1044} INFO - 
--------------------------------------------------------------------------------
[2022-09-05 03:07:22,136] {taskinstance.py:1063} INFO - Executing <Task(BashOperator): first_task> on 2022-08-02T00:00:00+00:00
[2022-09-05 03:07:22,150] {standard_task_runner.py:52} INFO - Started process 185 to run task
[2022-09-05 03:07:22,164] {standard_task_runner.py:76} INFO - Running: ['airflow', 'tasks', 'run', 'our_first_dag_v2', 'first_task', '2022-08-02T00:00:00+00:00', '--job-id', '5', '--pool', 'default_pool', '--raw', '--subdir', 'DAGS_FOLDER/our_first_dag.py', '--cfg-path', '/tmp/tmpqkdtfvxl', '--error-file', '/tmp/tmpv31xnueg']
[2022-09-05 03:07:22,203] {standard_task_runner.py:77} INFO - Job 5: Subtask first_task
[2022-09-05 03:07:22,439] {logging_mixin.py:104} INFO - Running <TaskInstance: our_first_dag_v2.first_task 2022-08-02T00:00:00+00:00 [running]> on host 2b8e628fc16c
[2022-09-05 03:07:22,638] {taskinstance.py:1257} INFO - Exporting the following env vars:
AIRFLOW_CTX_DAG_OWNER=coder2j
AIRFLOW_CTX_DAG_ID=our_first_dag_v2
AIRFLOW_CTX_TASK_ID=first_task
AIRFLOW_CTX_EXECUTION_DATE=2022-08-02T00:00:00+00:00
AIRFLOW_CTX_DAG_RUN_ID=scheduled__2022-08-02T00:00:00+00:00
[2022-09-05 03:07:22,644] {bash.py:135} INFO - Tmp dir root location: 
 /tmp
[2022-09-05 03:07:22,646] {bash.py:158} INFO - Running command: echo hello world, this is the first task!
[2022-09-05 03:07:22,693] {bash.py:169} INFO - Output:
[2022-09-05 03:07:22,695] {bash.py:173} INFO - hello world, this is the first task!
[2022-09-05 03:07:22,696] {bash.py:177} INFO - Command exited with return code 0
[2022-09-05 03:07:22,885] {taskinstance.py:1166} INFO - Marking task as SUCCESS. dag_id=our_first_dag_v2, task_id=first_task, execution_date=20220802T000000, start_date=20220905T030721, end_date=20220905T030722
[2022-09-05 03:07:23,468] {taskinstance.py:1220} INFO - 0 downstream tasks scheduled from follow-on schedule check
[2022-09-05 03:07:23,488] {local_task_job.py:146} INFO - Task exited with return code 0
