[2022-09-06 13:05:02,498] {taskinstance.py:851} INFO - Dependencies all met for <TaskInstance: efishiery_nomor_satu.insert_dim_customer 2022-09-05T00:00:00+00:00 [queued]>
[2022-09-06 13:05:03,917] {taskinstance.py:851} INFO - Dependencies all met for <TaskInstance: efishiery_nomor_satu.insert_dim_customer 2022-09-05T00:00:00+00:00 [queued]>
[2022-09-06 13:05:03,918] {taskinstance.py:1042} INFO - 
--------------------------------------------------------------------------------
[2022-09-06 13:05:03,918] {taskinstance.py:1043} INFO - Starting attempt 1 of 2
[2022-09-06 13:05:03,919] {taskinstance.py:1044} INFO - 
--------------------------------------------------------------------------------
[2022-09-06 13:05:06,035] {taskinstance.py:1063} INFO - Executing <Task(PythonOperator): insert_dim_customer> on 2022-09-05T00:00:00+00:00
[2022-09-06 13:05:06,210] {standard_task_runner.py:52} INFO - Started process 20954 to run task
[2022-09-06 13:05:06,217] {standard_task_runner.py:76} INFO - Running: ['airflow', 'tasks', 'run', 'efishiery_nomor_satu', 'insert_dim_customer', '2022-09-05T00:00:00+00:00', '--job-id', '216', '--pool', 'default_pool', '--raw', '--subdir', 'DAGS_FOLDER/soal_nomor_satu.py', '--cfg-path', '/tmp/tmpkx96sd43', '--error-file', '/tmp/tmp1gxneq4v']
[2022-09-06 13:05:06,231] {standard_task_runner.py:77} INFO - Job 216: Subtask insert_dim_customer
[2022-09-06 13:05:09,116] {logging_mixin.py:104} INFO - Running <TaskInstance: efishiery_nomor_satu.insert_dim_customer 2022-09-05T00:00:00+00:00 [running]> on host 2b8e628fc16c
[2022-09-06 13:05:09,858] {taskinstance.py:1257} INFO - Exporting the following env vars:
AIRFLOW_CTX_DAG_OWNER=farah
AIRFLOW_CTX_DAG_ID=efishiery_nomor_satu
AIRFLOW_CTX_TASK_ID=insert_dim_customer
AIRFLOW_CTX_EXECUTION_DATE=2022-09-05T00:00:00+00:00
AIRFLOW_CTX_DAG_RUN_ID=scheduled__2022-09-05T00:00:00+00:00
[2022-09-06 13:05:09,918] {base.py:74} INFO - Using connection to: id: efishery. Host: 172.17.0.1, Port: 5432, Schema: efishery, Login: airflow, Password: XXXXXXXX, extra: None
[2022-09-06 13:05:09,959] {base.py:74} INFO - Using connection to: id: efishery_dwh. Host: 172.17.0.1, Port: 5432, Schema: efishery_dwh, Login: airflow, Password: XXXXXXXX, extra: None
[2022-09-06 13:05:10,009] {base.py:74} INFO - Using connection to: id: efishery_dwh. Host: 172.17.0.1, Port: 5432, Schema: efishery_dwh, Login: airflow, Password: XXXXXXXX, extra: None
[2022-09-06 13:05:10,017] {logging_mixin.py:104} INFO - sukses
[2022-09-06 13:05:10,018] {python.py:118} INFO - Done. Returned value was: None
[2022-09-06 13:05:13,279] {taskinstance.py:1166} INFO - Marking task as SUCCESS. dag_id=efishiery_nomor_satu, task_id=insert_dim_customer, execution_date=20220905T000000, start_date=20220906T130502, end_date=20220906T130513
[2022-09-06 13:05:16,500] {taskinstance.py:1220} INFO - 1 downstream tasks scheduled from follow-on schedule check
[2022-09-06 13:05:17,187] {local_task_job.py:146} INFO - Task exited with return code 0
