[2022-09-05 02:53:25,666] {taskinstance.py:851} INFO - Dependencies all met for <TaskInstance: our_first_dag_v5.first_task 2022-02-28T00:00:00+00:00 [queued]>
[2022-09-05 02:53:25,741] {taskinstance.py:851} INFO - Dependencies all met for <TaskInstance: our_first_dag_v5.first_task 2022-02-28T00:00:00+00:00 [queued]>
[2022-09-05 02:53:25,742] {taskinstance.py:1042} INFO - 
--------------------------------------------------------------------------------
[2022-09-05 02:53:25,743] {taskinstance.py:1043} INFO - Starting attempt 1 of 6
[2022-09-05 02:53:25,744] {taskinstance.py:1044} INFO - 
--------------------------------------------------------------------------------
[2022-09-05 02:53:25,840] {taskinstance.py:1063} INFO - Executing <Task(BashOperator): first_task> on 2022-02-28T00:00:00+00:00
[2022-09-05 02:53:25,845] {standard_task_runner.py:52} INFO - Started process 873 to run task
[2022-09-05 02:53:25,864] {standard_task_runner.py:76} INFO - Running: ['airflow', 'tasks', 'run', 'our_first_dag_v5', 'first_task', '2022-02-28T00:00:00+00:00', '--job-id', '215', '--pool', 'default_pool', '--raw', '--subdir', 'DAGS_FOLDER/our_first_dag.py', '--cfg-path', '/tmp/tmph0bo2e1o', '--error-file', '/tmp/tmp6iv63pjf']
[2022-09-05 02:53:25,895] {standard_task_runner.py:77} INFO - Job 215: Subtask first_task
[2022-09-05 02:53:26,145] {logging_mixin.py:104} INFO - Running <TaskInstance: our_first_dag_v5.first_task 2022-02-28T00:00:00+00:00 [running]> on host 673eedfc4953
[2022-09-05 02:53:26,414] {taskinstance.py:1257} INFO - Exporting the following env vars:
AIRFLOW_CTX_DAG_OWNER=coder2j
AIRFLOW_CTX_DAG_ID=our_first_dag_v5
AIRFLOW_CTX_TASK_ID=first_task
AIRFLOW_CTX_EXECUTION_DATE=2022-02-28T00:00:00+00:00
AIRFLOW_CTX_DAG_RUN_ID=scheduled__2022-02-28T00:00:00+00:00
[2022-09-05 02:53:26,417] {bash.py:135} INFO - Tmp dir root location: 
 /tmp
[2022-09-05 02:53:26,418] {bash.py:158} INFO - Running command: echo hello world, this is the first task!
[2022-09-05 02:53:26,442] {bash.py:169} INFO - Output:
[2022-09-05 02:53:26,443] {bash.py:173} INFO - hello world, this is the first task!
[2022-09-05 02:53:26,444] {bash.py:177} INFO - Command exited with return code 0
[2022-09-05 02:53:26,604] {taskinstance.py:1166} INFO - Marking task as SUCCESS. dag_id=our_first_dag_v5, task_id=first_task, execution_date=20220228T000000, start_date=20220905T025325, end_date=20220905T025326
[2022-09-05 02:53:26,797] {taskinstance.py:1220} INFO - 0 downstream tasks scheduled from follow-on schedule check
[2022-09-05 02:53:26,826] {local_task_job.py:146} INFO - Task exited with return code 0
