[2022-09-05 03:07:24,871] {taskinstance.py:851} INFO - Dependencies all met for <TaskInstance: our_first_dag_v2.second_task 2022-07-31T00:00:00+00:00 [queued]>
[2022-09-05 03:07:25,023] {taskinstance.py:851} INFO - Dependencies all met for <TaskInstance: our_first_dag_v2.second_task 2022-07-31T00:00:00+00:00 [queued]>
[2022-09-05 03:07:25,024] {taskinstance.py:1042} INFO - 
--------------------------------------------------------------------------------
[2022-09-05 03:07:25,025] {taskinstance.py:1043} INFO - Starting attempt 1 of 6
[2022-09-05 03:07:25,026] {taskinstance.py:1044} INFO - 
--------------------------------------------------------------------------------
[2022-09-05 03:07:25,149] {taskinstance.py:1063} INFO - Executing <Task(BashOperator): second_task> on 2022-07-31T00:00:00+00:00
[2022-09-05 03:07:25,198] {standard_task_runner.py:52} INFO - Started process 210 to run task
[2022-09-05 03:07:25,241] {standard_task_runner.py:76} INFO - Running: ['airflow', 'tasks', 'run', 'our_first_dag_v2', 'second_task', '2022-07-31T00:00:00+00:00', '--job-id', '12', '--pool', 'default_pool', '--raw', '--subdir', 'DAGS_FOLDER/our_first_dag.py', '--cfg-path', '/tmp/tmpugx59gsc', '--error-file', '/tmp/tmpe9ivjc60']
[2022-09-05 03:07:25,310] {standard_task_runner.py:77} INFO - Job 12: Subtask second_task
[2022-09-05 03:07:25,687] {logging_mixin.py:104} INFO - Running <TaskInstance: our_first_dag_v2.second_task 2022-07-31T00:00:00+00:00 [running]> on host 2b8e628fc16c
[2022-09-05 03:07:26,176] {taskinstance.py:1257} INFO - Exporting the following env vars:
AIRFLOW_CTX_DAG_OWNER=coder2j
AIRFLOW_CTX_DAG_ID=our_first_dag_v2
AIRFLOW_CTX_TASK_ID=second_task
AIRFLOW_CTX_EXECUTION_DATE=2022-07-31T00:00:00+00:00
AIRFLOW_CTX_DAG_RUN_ID=scheduled__2022-07-31T00:00:00+00:00
[2022-09-05 03:07:26,178] {bash.py:135} INFO - Tmp dir root location: 
 /tmp
[2022-09-05 03:07:26,179] {bash.py:158} INFO - Running command: echo hey, I am task2 and will be running after task1!
[2022-09-05 03:07:26,294] {bash.py:169} INFO - Output:
[2022-09-05 03:07:26,324] {bash.py:173} INFO - hey, I am task2 and will be running after task1!
[2022-09-05 03:07:26,325] {bash.py:177} INFO - Command exited with return code 0
[2022-09-05 03:07:26,633] {taskinstance.py:1166} INFO - Marking task as SUCCESS. dag_id=our_first_dag_v2, task_id=second_task, execution_date=20220731T000000, start_date=20220905T030724, end_date=20220905T030726
[2022-09-05 03:07:27,806] {taskinstance.py:1220} INFO - 0 downstream tasks scheduled from follow-on schedule check
[2022-09-05 03:07:27,857] {local_task_job.py:146} INFO - Task exited with return code 0
