[2022-09-05 02:52:31,521] {taskinstance.py:851} INFO - Dependencies all met for <TaskInstance: our_first_dag_v5.first_task 2021-11-11T00:00:00+00:00 [queued]>
[2022-09-05 02:52:31,601] {taskinstance.py:851} INFO - Dependencies all met for <TaskInstance: our_first_dag_v5.first_task 2021-11-11T00:00:00+00:00 [queued]>
[2022-09-05 02:52:31,602] {taskinstance.py:1042} INFO - 
--------------------------------------------------------------------------------
[2022-09-05 02:52:31,603] {taskinstance.py:1043} INFO - Starting attempt 1 of 6
[2022-09-05 02:52:31,608] {taskinstance.py:1044} INFO - 
--------------------------------------------------------------------------------
[2022-09-05 02:52:31,670] {taskinstance.py:1063} INFO - Executing <Task(BashOperator): first_task> on 2021-11-11T00:00:00+00:00
[2022-09-05 02:52:31,677] {standard_task_runner.py:52} INFO - Started process 535 to run task
[2022-09-05 02:52:31,687] {standard_task_runner.py:76} INFO - Running: ['airflow', 'tasks', 'run', 'our_first_dag_v5', 'first_task', '2021-11-11T00:00:00+00:00', '--job-id', '106', '--pool', 'default_pool', '--raw', '--subdir', 'DAGS_FOLDER/our_first_dag.py', '--cfg-path', '/tmp/tmpc0pkspte', '--error-file', '/tmp/tmpboj5nbg4']
[2022-09-05 02:52:31,691] {standard_task_runner.py:77} INFO - Job 106: Subtask first_task
[2022-09-05 02:52:31,812] {logging_mixin.py:104} INFO - Running <TaskInstance: our_first_dag_v5.first_task 2021-11-11T00:00:00+00:00 [running]> on host 673eedfc4953
[2022-09-05 02:52:32,101] {taskinstance.py:1257} INFO - Exporting the following env vars:
AIRFLOW_CTX_DAG_OWNER=coder2j
AIRFLOW_CTX_DAG_ID=our_first_dag_v5
AIRFLOW_CTX_TASK_ID=first_task
AIRFLOW_CTX_EXECUTION_DATE=2021-11-11T00:00:00+00:00
AIRFLOW_CTX_DAG_RUN_ID=scheduled__2021-11-11T00:00:00+00:00
[2022-09-05 02:52:32,102] {bash.py:135} INFO - Tmp dir root location: 
 /tmp
[2022-09-05 02:52:32,103] {bash.py:158} INFO - Running command: echo hello world, this is the first task!
[2022-09-05 02:52:32,114] {bash.py:169} INFO - Output:
[2022-09-05 02:52:32,118] {bash.py:173} INFO - hello world, this is the first task!
[2022-09-05 02:52:32,119] {bash.py:177} INFO - Command exited with return code 0
[2022-09-05 02:52:32,282] {taskinstance.py:1166} INFO - Marking task as SUCCESS. dag_id=our_first_dag_v5, task_id=first_task, execution_date=20211111T000000, start_date=20220905T025231, end_date=20220905T025232
[2022-09-05 02:52:32,445] {taskinstance.py:1220} INFO - 0 downstream tasks scheduled from follow-on schedule check
[2022-09-05 02:52:32,457] {local_task_job.py:146} INFO - Task exited with return code 0
