[2022-09-05 03:07:39,429] {taskinstance.py:851} INFO - Dependencies all met for <TaskInstance: our_first_dag_v2.first_task 2022-08-16T00:00:00+00:00 [queued]>
[2022-09-05 03:07:39,649] {taskinstance.py:851} INFO - Dependencies all met for <TaskInstance: our_first_dag_v2.first_task 2022-08-16T00:00:00+00:00 [queued]>
[2022-09-05 03:07:39,649] {taskinstance.py:1042} INFO - 
--------------------------------------------------------------------------------
[2022-09-05 03:07:39,650] {taskinstance.py:1043} INFO - Starting attempt 1 of 6
[2022-09-05 03:07:39,650] {taskinstance.py:1044} INFO - 
--------------------------------------------------------------------------------
[2022-09-05 03:07:39,727] {taskinstance.py:1063} INFO - Executing <Task(BashOperator): first_task> on 2022-08-16T00:00:00+00:00
[2022-09-05 03:07:39,734] {standard_task_runner.py:52} INFO - Started process 316 to run task
[2022-09-05 03:07:39,756] {standard_task_runner.py:76} INFO - Running: ['airflow', 'tasks', 'run', 'our_first_dag_v2', 'first_task', '2022-08-16T00:00:00+00:00', '--job-id', '47', '--pool', 'default_pool', '--raw', '--subdir', 'DAGS_FOLDER/our_first_dag.py', '--cfg-path', '/tmp/tmpq9fwjwk_', '--error-file', '/tmp/tmp06z6320d']
[2022-09-05 03:07:39,775] {standard_task_runner.py:77} INFO - Job 47: Subtask first_task
[2022-09-05 03:07:40,246] {logging_mixin.py:104} INFO - Running <TaskInstance: our_first_dag_v2.first_task 2022-08-16T00:00:00+00:00 [running]> on host 2b8e628fc16c
[2022-09-05 03:07:40,435] {taskinstance.py:1257} INFO - Exporting the following env vars:
AIRFLOW_CTX_DAG_OWNER=coder2j
AIRFLOW_CTX_DAG_ID=our_first_dag_v2
AIRFLOW_CTX_TASK_ID=first_task
AIRFLOW_CTX_EXECUTION_DATE=2022-08-16T00:00:00+00:00
AIRFLOW_CTX_DAG_RUN_ID=scheduled__2022-08-16T00:00:00+00:00
[2022-09-05 03:07:40,436] {bash.py:135} INFO - Tmp dir root location: 
 /tmp
[2022-09-05 03:07:40,438] {bash.py:158} INFO - Running command: echo hello world, this is the first task!
[2022-09-05 03:07:40,458] {bash.py:169} INFO - Output:
[2022-09-05 03:07:40,461] {bash.py:173} INFO - hello world, this is the first task!
[2022-09-05 03:07:40,462] {bash.py:177} INFO - Command exited with return code 0
[2022-09-05 03:07:40,701] {taskinstance.py:1166} INFO - Marking task as SUCCESS. dag_id=our_first_dag_v2, task_id=first_task, execution_date=20220816T000000, start_date=20220905T030739, end_date=20220905T030740
[2022-09-05 03:07:40,946] {taskinstance.py:1220} INFO - 2 downstream tasks scheduled from follow-on schedule check
[2022-09-05 03:07:40,982] {local_task_job.py:146} INFO - Task exited with return code 0
