[2022-09-05 13:08:31,206] {taskinstance.py:851} INFO - Dependencies all met for <TaskInstance: efishiery_nomor_satu.insert_dim_date 2022-09-01T00:00:00+00:00 [queued]>
[2022-09-05 13:08:31,314] {taskinstance.py:851} INFO - Dependencies all met for <TaskInstance: efishiery_nomor_satu.insert_dim_date 2022-09-01T00:00:00+00:00 [queued]>
[2022-09-05 13:08:31,315] {taskinstance.py:1042} INFO - 
--------------------------------------------------------------------------------
[2022-09-05 13:08:31,316] {taskinstance.py:1043} INFO - Starting attempt 1 of 2
[2022-09-05 13:08:31,316] {taskinstance.py:1044} INFO - 
--------------------------------------------------------------------------------
[2022-09-05 13:08:31,385] {taskinstance.py:1063} INFO - Executing <Task(PythonOperator): insert_dim_date> on 2022-09-01T00:00:00+00:00
[2022-09-05 13:08:31,393] {standard_task_runner.py:52} INFO - Started process 13523 to run task
[2022-09-05 13:08:31,412] {standard_task_runner.py:76} INFO - Running: ['airflow', 'tasks', 'run', 'efishiery_nomor_satu', 'insert_dim_date', '2022-09-01T00:00:00+00:00', '--job-id', '208', '--pool', 'default_pool', '--raw', '--subdir', 'DAGS_FOLDER/soal_nomor_satu.py', '--cfg-path', '/tmp/tmpxpzq62d_', '--error-file', '/tmp/tmp_kdlfeev']
[2022-09-05 13:08:31,429] {standard_task_runner.py:77} INFO - Job 208: Subtask insert_dim_date
[2022-09-05 13:08:31,719] {logging_mixin.py:104} INFO - Running <TaskInstance: efishiery_nomor_satu.insert_dim_date 2022-09-01T00:00:00+00:00 [running]> on host 2b8e628fc16c
[2022-09-05 13:08:31,856] {taskinstance.py:1257} INFO - Exporting the following env vars:
AIRFLOW_CTX_DAG_OWNER=farah
AIRFLOW_CTX_DAG_ID=efishiery_nomor_satu
AIRFLOW_CTX_TASK_ID=insert_dim_date
AIRFLOW_CTX_EXECUTION_DATE=2022-09-01T00:00:00+00:00
AIRFLOW_CTX_DAG_RUN_ID=scheduled__2022-09-01T00:00:00+00:00
[2022-09-05 13:08:31,895] {base.py:74} INFO - Using connection to: id: efishery. Host: 172.17.0.1, Port: 5432, Schema: efishery, Login: airflow, Password: XXXXXXXX, extra: None
[2022-09-05 13:08:31,973] {base.py:74} INFO - Using connection to: id: efishery_dwh. Host: 172.17.0.1, Port: 5432, Schema: efishery_dwh, Login: airflow, Password: XXXXXXXX, extra: None
[2022-09-05 13:08:32,088] {base.py:74} INFO - Using connection to: id: efishery_dwh. Host: 172.17.0.1, Port: 5432, Schema: efishery_dwh, Login: airflow, Password: XXXXXXXX, extra: None
[2022-09-05 13:08:32,109] {logging_mixin.py:104} INFO - sukses
[2022-09-05 13:08:32,111] {python.py:118} INFO - Done. Returned value was: None
[2022-09-05 13:08:32,174] {taskinstance.py:1166} INFO - Marking task as SUCCESS. dag_id=efishiery_nomor_satu, task_id=insert_dim_date, execution_date=20220901T000000, start_date=20220905T130831, end_date=20220905T130832
[2022-09-05 13:08:32,459] {taskinstance.py:1220} INFO - 1 downstream tasks scheduled from follow-on schedule check
[2022-09-05 13:08:32,494] {local_task_job.py:146} INFO - Task exited with return code 0
