[2022-09-05 03:07:20,990] {taskinstance.py:851} INFO - Dependencies all met for <TaskInstance: our_first_dag_v2.first_task 2022-07-30T00:00:00+00:00 [queued]>
[2022-09-05 03:07:21,090] {taskinstance.py:851} INFO - Dependencies all met for <TaskInstance: our_first_dag_v2.first_task 2022-07-30T00:00:00+00:00 [queued]>
[2022-09-05 03:07:21,091] {taskinstance.py:1042} INFO - 
--------------------------------------------------------------------------------
[2022-09-05 03:07:21,092] {taskinstance.py:1043} INFO - Starting attempt 1 of 6
[2022-09-05 03:07:21,092] {taskinstance.py:1044} INFO - 
--------------------------------------------------------------------------------
[2022-09-05 03:07:21,146] {taskinstance.py:1063} INFO - Executing <Task(BashOperator): first_task> on 2022-07-30T00:00:00+00:00
[2022-09-05 03:07:21,172] {standard_task_runner.py:52} INFO - Started process 178 to run task
[2022-09-05 03:07:21,181] {standard_task_runner.py:76} INFO - Running: ['airflow', 'tasks', 'run', 'our_first_dag_v2', 'first_task', '2022-07-30T00:00:00+00:00', '--job-id', '2', '--pool', 'default_pool', '--raw', '--subdir', 'DAGS_FOLDER/our_first_dag.py', '--cfg-path', '/tmp/tmp2lx_o8zx', '--error-file', '/tmp/tmpoj0m0c_9']
[2022-09-05 03:07:21,211] {standard_task_runner.py:77} INFO - Job 2: Subtask first_task
[2022-09-05 03:07:21,427] {logging_mixin.py:104} INFO - Running <TaskInstance: our_first_dag_v2.first_task 2022-07-30T00:00:00+00:00 [running]> on host 2b8e628fc16c
[2022-09-05 03:07:21,664] {taskinstance.py:1257} INFO - Exporting the following env vars:
AIRFLOW_CTX_DAG_OWNER=coder2j
AIRFLOW_CTX_DAG_ID=our_first_dag_v2
AIRFLOW_CTX_TASK_ID=first_task
AIRFLOW_CTX_EXECUTION_DATE=2022-07-30T00:00:00+00:00
AIRFLOW_CTX_DAG_RUN_ID=scheduled__2022-07-30T00:00:00+00:00
[2022-09-05 03:07:21,672] {bash.py:135} INFO - Tmp dir root location: 
 /tmp
[2022-09-05 03:07:21,674] {bash.py:158} INFO - Running command: echo hello world, this is the first task!
[2022-09-05 03:07:21,689] {bash.py:169} INFO - Output:
[2022-09-05 03:07:21,693] {bash.py:173} INFO - hello world, this is the first task!
[2022-09-05 03:07:21,694] {bash.py:177} INFO - Command exited with return code 0
[2022-09-05 03:07:21,965] {taskinstance.py:1166} INFO - Marking task as SUCCESS. dag_id=our_first_dag_v2, task_id=first_task, execution_date=20220730T000000, start_date=20220905T030721, end_date=20220905T030721
[2022-09-05 03:07:22,230] {taskinstance.py:1220} INFO - 2 downstream tasks scheduled from follow-on schedule check
[2022-09-05 03:07:22,253] {local_task_job.py:146} INFO - Task exited with return code 0
