[2022-09-05 02:52:11,578] {taskinstance.py:851} INFO - Dependencies all met for <TaskInstance: our_first_dag_v5.first_task 2021-09-30T00:00:00+00:00 [queued]>
[2022-09-05 02:52:11,675] {taskinstance.py:851} INFO - Dependencies all met for <TaskInstance: our_first_dag_v5.first_task 2021-09-30T00:00:00+00:00 [queued]>
[2022-09-05 02:52:11,677] {taskinstance.py:1042} INFO - 
--------------------------------------------------------------------------------
[2022-09-05 02:52:11,677] {taskinstance.py:1043} INFO - Starting attempt 1 of 6
[2022-09-05 02:52:11,678] {taskinstance.py:1044} INFO - 
--------------------------------------------------------------------------------
[2022-09-05 02:52:11,739] {taskinstance.py:1063} INFO - Executing <Task(BashOperator): first_task> on 2021-09-30T00:00:00+00:00
[2022-09-05 02:52:11,745] {standard_task_runner.py:52} INFO - Started process 404 to run task
[2022-09-05 02:52:11,757] {standard_task_runner.py:76} INFO - Running: ['airflow', 'tasks', 'run', 'our_first_dag_v5', 'first_task', '2021-09-30T00:00:00+00:00', '--job-id', '64', '--pool', 'default_pool', '--raw', '--subdir', 'DAGS_FOLDER/our_first_dag.py', '--cfg-path', '/tmp/tmpq7zrvyo_', '--error-file', '/tmp/tmpgl30w0mf']
[2022-09-05 02:52:11,763] {standard_task_runner.py:77} INFO - Job 64: Subtask first_task
[2022-09-05 02:52:11,885] {logging_mixin.py:104} INFO - Running <TaskInstance: our_first_dag_v5.first_task 2021-09-30T00:00:00+00:00 [running]> on host 673eedfc4953
[2022-09-05 02:52:12,054] {taskinstance.py:1257} INFO - Exporting the following env vars:
AIRFLOW_CTX_DAG_OWNER=coder2j
AIRFLOW_CTX_DAG_ID=our_first_dag_v5
AIRFLOW_CTX_TASK_ID=first_task
AIRFLOW_CTX_EXECUTION_DATE=2021-09-30T00:00:00+00:00
AIRFLOW_CTX_DAG_RUN_ID=scheduled__2021-09-30T00:00:00+00:00
[2022-09-05 02:52:12,055] {bash.py:135} INFO - Tmp dir root location: 
 /tmp
[2022-09-05 02:52:12,057] {bash.py:158} INFO - Running command: echo hello world, this is the first task!
[2022-09-05 02:52:12,071] {bash.py:169} INFO - Output:
[2022-09-05 02:52:12,072] {bash.py:173} INFO - hello world, this is the first task!
[2022-09-05 02:52:12,073] {bash.py:177} INFO - Command exited with return code 0
[2022-09-05 02:52:12,294] {taskinstance.py:1166} INFO - Marking task as SUCCESS. dag_id=our_first_dag_v5, task_id=first_task, execution_date=20210930T000000, start_date=20220905T025211, end_date=20220905T025212
[2022-09-05 02:52:12,586] {taskinstance.py:1220} INFO - 0 downstream tasks scheduled from follow-on schedule check
[2022-09-05 02:52:12,610] {local_task_job.py:146} INFO - Task exited with return code 0
