[2022-09-05 03:07:36,554] {taskinstance.py:851} INFO - Dependencies all met for <TaskInstance: our_first_dag_v2.thrid_task 2022-08-09T00:00:00+00:00 [queued]>
[2022-09-05 03:07:36,726] {taskinstance.py:851} INFO - Dependencies all met for <TaskInstance: our_first_dag_v2.thrid_task 2022-08-09T00:00:00+00:00 [queued]>
[2022-09-05 03:07:36,727] {taskinstance.py:1042} INFO - 
--------------------------------------------------------------------------------
[2022-09-05 03:07:36,730] {taskinstance.py:1043} INFO - Starting attempt 1 of 6
[2022-09-05 03:07:36,730] {taskinstance.py:1044} INFO - 
--------------------------------------------------------------------------------
[2022-09-05 03:07:36,901] {taskinstance.py:1063} INFO - Executing <Task(BashOperator): thrid_task> on 2022-08-09T00:00:00+00:00
[2022-09-05 03:07:36,918] {standard_task_runner.py:52} INFO - Started process 290 to run task
[2022-09-05 03:07:37,010] {standard_task_runner.py:76} INFO - Running: ['airflow', 'tasks', 'run', 'our_first_dag_v2', 'thrid_task', '2022-08-09T00:00:00+00:00', '--job-id', '37', '--pool', 'default_pool', '--raw', '--subdir', 'DAGS_FOLDER/our_first_dag.py', '--cfg-path', '/tmp/tmpaybsrzd1', '--error-file', '/tmp/tmpbs3_d3pi']
[2022-09-05 03:07:37,089] {standard_task_runner.py:77} INFO - Job 37: Subtask thrid_task
[2022-09-05 03:07:37,357] {logging_mixin.py:104} INFO - Running <TaskInstance: our_first_dag_v2.thrid_task 2022-08-09T00:00:00+00:00 [running]> on host 2b8e628fc16c
[2022-09-05 03:07:37,709] {taskinstance.py:1257} INFO - Exporting the following env vars:
AIRFLOW_CTX_DAG_OWNER=coder2j
AIRFLOW_CTX_DAG_ID=our_first_dag_v2
AIRFLOW_CTX_TASK_ID=thrid_task
AIRFLOW_CTX_EXECUTION_DATE=2022-08-09T00:00:00+00:00
AIRFLOW_CTX_DAG_RUN_ID=scheduled__2022-08-09T00:00:00+00:00
[2022-09-05 03:07:37,711] {bash.py:135} INFO - Tmp dir root location: 
 /tmp
[2022-09-05 03:07:37,713] {bash.py:158} INFO - Running command: echo hey, I am task3 and will be running after task1 at the same time as task2!
[2022-09-05 03:07:37,750] {bash.py:169} INFO - Output:
[2022-09-05 03:07:37,767] {bash.py:173} INFO - hey, I am task3 and will be running after task1 at the same time as task2!
[2022-09-05 03:07:37,770] {bash.py:177} INFO - Command exited with return code 0
[2022-09-05 03:07:37,965] {taskinstance.py:1166} INFO - Marking task as SUCCESS. dag_id=our_first_dag_v2, task_id=thrid_task, execution_date=20220809T000000, start_date=20220905T030736, end_date=20220905T030737
[2022-09-05 03:07:38,664] {taskinstance.py:1220} INFO - 0 downstream tasks scheduled from follow-on schedule check
[2022-09-05 03:07:38,715] {local_task_job.py:146} INFO - Task exited with return code 0
