[2022-09-05 02:52:59,562] {taskinstance.py:851} INFO - Dependencies all met for <TaskInstance: our_first_dag_v5.first_task 2022-01-12T00:00:00+00:00 [queued]>
[2022-09-05 02:52:59,651] {taskinstance.py:851} INFO - Dependencies all met for <TaskInstance: our_first_dag_v5.first_task 2022-01-12T00:00:00+00:00 [queued]>
[2022-09-05 02:52:59,652] {taskinstance.py:1042} INFO - 
--------------------------------------------------------------------------------
[2022-09-05 02:52:59,652] {taskinstance.py:1043} INFO - Starting attempt 1 of 6
[2022-09-05 02:52:59,654] {taskinstance.py:1044} INFO - 
--------------------------------------------------------------------------------
[2022-09-05 02:52:59,807] {taskinstance.py:1063} INFO - Executing <Task(BashOperator): first_task> on 2022-01-12T00:00:00+00:00
[2022-09-05 02:52:59,816] {standard_task_runner.py:52} INFO - Started process 725 to run task
[2022-09-05 02:52:59,821] {standard_task_runner.py:76} INFO - Running: ['airflow', 'tasks', 'run', 'our_first_dag_v5', 'first_task', '2022-01-12T00:00:00+00:00', '--job-id', '168', '--pool', 'default_pool', '--raw', '--subdir', 'DAGS_FOLDER/our_first_dag.py', '--cfg-path', '/tmp/tmpkfgsjvu3', '--error-file', '/tmp/tmp68x76poy']
[2022-09-05 02:52:59,826] {standard_task_runner.py:77} INFO - Job 168: Subtask first_task
[2022-09-05 02:53:00,133] {logging_mixin.py:104} INFO - Running <TaskInstance: our_first_dag_v5.first_task 2022-01-12T00:00:00+00:00 [running]> on host 673eedfc4953
[2022-09-05 02:53:00,406] {taskinstance.py:1257} INFO - Exporting the following env vars:
AIRFLOW_CTX_DAG_OWNER=coder2j
AIRFLOW_CTX_DAG_ID=our_first_dag_v5
AIRFLOW_CTX_TASK_ID=first_task
AIRFLOW_CTX_EXECUTION_DATE=2022-01-12T00:00:00+00:00
AIRFLOW_CTX_DAG_RUN_ID=scheduled__2022-01-12T00:00:00+00:00
[2022-09-05 02:53:00,412] {bash.py:135} INFO - Tmp dir root location: 
 /tmp
[2022-09-05 02:53:00,414] {bash.py:158} INFO - Running command: echo hello world, this is the first task!
[2022-09-05 02:53:00,429] {bash.py:169} INFO - Output:
[2022-09-05 02:53:00,430] {bash.py:173} INFO - hello world, this is the first task!
[2022-09-05 02:53:00,430] {bash.py:177} INFO - Command exited with return code 0
[2022-09-05 02:53:00,597] {taskinstance.py:1166} INFO - Marking task as SUCCESS. dag_id=our_first_dag_v5, task_id=first_task, execution_date=20220112T000000, start_date=20220905T025259, end_date=20220905T025300
[2022-09-05 02:53:00,789] {taskinstance.py:1220} INFO - 0 downstream tasks scheduled from follow-on schedule check
[2022-09-05 02:53:00,854] {local_task_job.py:146} INFO - Task exited with return code 0
