[2022-09-05 02:52:26,029] {taskinstance.py:851} INFO - Dependencies all met for <TaskInstance: our_first_dag_v5.first_task 2021-10-31T00:00:00+00:00 [queued]>
[2022-09-05 02:52:26,318] {taskinstance.py:851} INFO - Dependencies all met for <TaskInstance: our_first_dag_v5.first_task 2021-10-31T00:00:00+00:00 [queued]>
[2022-09-05 02:52:26,340] {taskinstance.py:1042} INFO - 
--------------------------------------------------------------------------------
[2022-09-05 02:52:26,390] {taskinstance.py:1043} INFO - Starting attempt 1 of 6
[2022-09-05 02:52:26,394] {taskinstance.py:1044} INFO - 
--------------------------------------------------------------------------------
[2022-09-05 02:52:26,567] {taskinstance.py:1063} INFO - Executing <Task(BashOperator): first_task> on 2021-10-31T00:00:00+00:00
[2022-09-05 02:52:26,586] {standard_task_runner.py:52} INFO - Started process 502 to run task
[2022-09-05 02:52:26,617] {standard_task_runner.py:76} INFO - Running: ['airflow', 'tasks', 'run', 'our_first_dag_v5', 'first_task', '2021-10-31T00:00:00+00:00', '--job-id', '95', '--pool', 'default_pool', '--raw', '--subdir', 'DAGS_FOLDER/our_first_dag.py', '--cfg-path', '/tmp/tmpfd8x2m5b', '--error-file', '/tmp/tmp0c3v3m5i']
[2022-09-05 02:52:26,717] {standard_task_runner.py:77} INFO - Job 95: Subtask first_task
[2022-09-05 02:52:27,271] {logging_mixin.py:104} INFO - Running <TaskInstance: our_first_dag_v5.first_task 2021-10-31T00:00:00+00:00 [running]> on host 673eedfc4953
[2022-09-05 02:52:27,665] {taskinstance.py:1257} INFO - Exporting the following env vars:
AIRFLOW_CTX_DAG_OWNER=coder2j
AIRFLOW_CTX_DAG_ID=our_first_dag_v5
AIRFLOW_CTX_TASK_ID=first_task
AIRFLOW_CTX_EXECUTION_DATE=2021-10-31T00:00:00+00:00
AIRFLOW_CTX_DAG_RUN_ID=scheduled__2021-10-31T00:00:00+00:00
[2022-09-05 02:52:27,668] {bash.py:135} INFO - Tmp dir root location: 
 /tmp
[2022-09-05 02:52:27,673] {bash.py:158} INFO - Running command: echo hello world, this is the first task!
[2022-09-05 02:52:27,685] {bash.py:169} INFO - Output:
[2022-09-05 02:52:27,687] {bash.py:173} INFO - hello world, this is the first task!
[2022-09-05 02:52:27,687] {bash.py:177} INFO - Command exited with return code 0
[2022-09-05 02:52:27,865] {taskinstance.py:1166} INFO - Marking task as SUCCESS. dag_id=our_first_dag_v5, task_id=first_task, execution_date=20211031T000000, start_date=20220905T025226, end_date=20220905T025227
[2022-09-05 02:52:28,196] {taskinstance.py:1220} INFO - 0 downstream tasks scheduled from follow-on schedule check
[2022-09-05 02:52:28,240] {local_task_job.py:146} INFO - Task exited with return code 0
