[2022-09-05 02:53:28,310] {taskinstance.py:851} INFO - Dependencies all met for <TaskInstance: our_first_dag_v5.first_task 2022-03-06T00:00:00+00:00 [queued]>
[2022-09-05 02:53:28,415] {taskinstance.py:851} INFO - Dependencies all met for <TaskInstance: our_first_dag_v5.first_task 2022-03-06T00:00:00+00:00 [queued]>
[2022-09-05 02:53:28,418] {taskinstance.py:1042} INFO - 
--------------------------------------------------------------------------------
[2022-09-05 02:53:28,421] {taskinstance.py:1043} INFO - Starting attempt 1 of 6
[2022-09-05 02:53:28,428] {taskinstance.py:1044} INFO - 
--------------------------------------------------------------------------------
[2022-09-05 02:53:28,532] {taskinstance.py:1063} INFO - Executing <Task(BashOperator): first_task> on 2022-03-06T00:00:00+00:00
[2022-09-05 02:53:28,539] {standard_task_runner.py:52} INFO - Started process 890 to run task
[2022-09-05 02:53:28,556] {standard_task_runner.py:76} INFO - Running: ['airflow', 'tasks', 'run', 'our_first_dag_v5', 'first_task', '2022-03-06T00:00:00+00:00', '--job-id', '221', '--pool', 'default_pool', '--raw', '--subdir', 'DAGS_FOLDER/our_first_dag.py', '--cfg-path', '/tmp/tmpcud6e3o9', '--error-file', '/tmp/tmptng_l3k0']
[2022-09-05 02:53:28,560] {standard_task_runner.py:77} INFO - Job 221: Subtask first_task
[2022-09-05 02:53:28,778] {logging_mixin.py:104} INFO - Running <TaskInstance: our_first_dag_v5.first_task 2022-03-06T00:00:00+00:00 [running]> on host 673eedfc4953
[2022-09-05 02:53:29,255] {taskinstance.py:1257} INFO - Exporting the following env vars:
AIRFLOW_CTX_DAG_OWNER=coder2j
AIRFLOW_CTX_DAG_ID=our_first_dag_v5
AIRFLOW_CTX_TASK_ID=first_task
AIRFLOW_CTX_EXECUTION_DATE=2022-03-06T00:00:00+00:00
AIRFLOW_CTX_DAG_RUN_ID=scheduled__2022-03-06T00:00:00+00:00
[2022-09-05 02:53:29,257] {bash.py:135} INFO - Tmp dir root location: 
 /tmp
[2022-09-05 02:53:29,266] {bash.py:158} INFO - Running command: echo hello world, this is the first task!
[2022-09-05 02:53:29,299] {bash.py:169} INFO - Output:
[2022-09-05 02:53:29,315] {bash.py:173} INFO - hello world, this is the first task!
[2022-09-05 02:53:29,316] {bash.py:177} INFO - Command exited with return code 0
[2022-09-05 02:53:29,632] {taskinstance.py:1166} INFO - Marking task as SUCCESS. dag_id=our_first_dag_v5, task_id=first_task, execution_date=20220306T000000, start_date=20220905T025328, end_date=20220905T025329
[2022-09-05 02:53:30,103] {taskinstance.py:1220} INFO - 0 downstream tasks scheduled from follow-on schedule check
[2022-09-05 02:53:30,136] {local_task_job.py:146} INFO - Task exited with return code 0
