[2022-09-05 03:19:30,740] {taskinstance.py:851} INFO - Dependencies all met for <TaskInstance: our_first_dag_v7.thrid_task 2022-09-04T00:00:00+00:00 [queued]>
[2022-09-05 03:19:30,830] {taskinstance.py:851} INFO - Dependencies all met for <TaskInstance: our_first_dag_v7.thrid_task 2022-09-04T00:00:00+00:00 [queued]>
[2022-09-05 03:19:30,830] {taskinstance.py:1042} INFO - 
--------------------------------------------------------------------------------
[2022-09-05 03:19:30,831] {taskinstance.py:1043} INFO - Starting attempt 1 of 3
[2022-09-05 03:19:30,832] {taskinstance.py:1044} INFO - 
--------------------------------------------------------------------------------
[2022-09-05 03:19:30,887] {taskinstance.py:1063} INFO - Executing <Task(BashOperator): thrid_task> on 2022-09-04T00:00:00+00:00
[2022-09-05 03:19:30,891] {standard_task_runner.py:52} INFO - Started process 650 to run task
[2022-09-05 03:19:30,897] {standard_task_runner.py:76} INFO - Running: ['airflow', 'tasks', 'run', 'our_first_dag_v7', 'thrid_task', '2022-09-04T00:00:00+00:00', '--job-id', '120', '--pool', 'default_pool', '--raw', '--subdir', 'DAGS_FOLDER/our_first_dag.py', '--cfg-path', '/tmp/tmp0wgh5klw', '--error-file', '/tmp/tmpgq8_31ap']
[2022-09-05 03:19:30,902] {standard_task_runner.py:77} INFO - Job 120: Subtask thrid_task
[2022-09-05 03:19:31,023] {logging_mixin.py:104} INFO - Running <TaskInstance: our_first_dag_v7.thrid_task 2022-09-04T00:00:00+00:00 [running]> on host 2b8e628fc16c
[2022-09-05 03:19:31,145] {taskinstance.py:1257} INFO - Exporting the following env vars:
AIRFLOW_CTX_DAG_OWNER=coder2j
AIRFLOW_CTX_DAG_ID=our_first_dag_v7
AIRFLOW_CTX_TASK_ID=thrid_task
AIRFLOW_CTX_EXECUTION_DATE=2022-09-04T00:00:00+00:00
AIRFLOW_CTX_DAG_RUN_ID=scheduled__2022-09-04T00:00:00+00:00
[2022-09-05 03:19:31,150] {bash.py:135} INFO - Tmp dir root location: 
 /tmp
[2022-09-05 03:19:31,152] {bash.py:158} INFO - Running command: echo hey, I am task3 and will be running after task1 at the same time as task2!
[2022-09-05 03:19:31,177] {bash.py:169} INFO - Output:
[2022-09-05 03:19:31,186] {bash.py:173} INFO - hey, I am task3 and will be running after task1 at the same time as task2!
[2022-09-05 03:19:31,188] {bash.py:177} INFO - Command exited with return code 0
[2022-09-05 03:19:31,322] {taskinstance.py:1166} INFO - Marking task as SUCCESS. dag_id=our_first_dag_v7, task_id=thrid_task, execution_date=20220904T000000, start_date=20220905T031930, end_date=20220905T031931
[2022-09-05 03:19:31,571] {taskinstance.py:1220} INFO - 0 downstream tasks scheduled from follow-on schedule check
[2022-09-05 03:19:31,592] {local_task_job.py:146} INFO - Task exited with return code 0
