[2022-09-05 02:53:03,207] {taskinstance.py:851} INFO - Dependencies all met for <TaskInstance: our_first_dag_v5.first_task 2022-01-20T00:00:00+00:00 [queued]>
[2022-09-05 02:53:03,271] {taskinstance.py:851} INFO - Dependencies all met for <TaskInstance: our_first_dag_v5.first_task 2022-01-20T00:00:00+00:00 [queued]>
[2022-09-05 02:53:03,272] {taskinstance.py:1042} INFO - 
--------------------------------------------------------------------------------
[2022-09-05 02:53:03,273] {taskinstance.py:1043} INFO - Starting attempt 1 of 6
[2022-09-05 02:53:03,273] {taskinstance.py:1044} INFO - 
--------------------------------------------------------------------------------
[2022-09-05 02:53:03,314] {taskinstance.py:1063} INFO - Executing <Task(BashOperator): first_task> on 2022-01-20T00:00:00+00:00
[2022-09-05 02:53:03,358] {standard_task_runner.py:52} INFO - Started process 749 to run task
[2022-09-05 02:53:03,374] {standard_task_runner.py:76} INFO - Running: ['airflow', 'tasks', 'run', 'our_first_dag_v5', 'first_task', '2022-01-20T00:00:00+00:00', '--job-id', '176', '--pool', 'default_pool', '--raw', '--subdir', 'DAGS_FOLDER/our_first_dag.py', '--cfg-path', '/tmp/tmp7nwfalqr', '--error-file', '/tmp/tmpu09bu3ic']
[2022-09-05 02:53:03,379] {standard_task_runner.py:77} INFO - Job 176: Subtask first_task
[2022-09-05 02:53:03,561] {logging_mixin.py:104} INFO - Running <TaskInstance: our_first_dag_v5.first_task 2022-01-20T00:00:00+00:00 [running]> on host 673eedfc4953
[2022-09-05 02:53:03,709] {taskinstance.py:1257} INFO - Exporting the following env vars:
AIRFLOW_CTX_DAG_OWNER=coder2j
AIRFLOW_CTX_DAG_ID=our_first_dag_v5
AIRFLOW_CTX_TASK_ID=first_task
AIRFLOW_CTX_EXECUTION_DATE=2022-01-20T00:00:00+00:00
AIRFLOW_CTX_DAG_RUN_ID=scheduled__2022-01-20T00:00:00+00:00
[2022-09-05 02:53:03,712] {bash.py:135} INFO - Tmp dir root location: 
 /tmp
[2022-09-05 02:53:03,714] {bash.py:158} INFO - Running command: echo hello world, this is the first task!
[2022-09-05 02:53:03,727] {bash.py:169} INFO - Output:
[2022-09-05 02:53:03,729] {bash.py:173} INFO - hello world, this is the first task!
[2022-09-05 02:53:03,730] {bash.py:177} INFO - Command exited with return code 0
[2022-09-05 02:53:03,887] {taskinstance.py:1166} INFO - Marking task as SUCCESS. dag_id=our_first_dag_v5, task_id=first_task, execution_date=20220120T000000, start_date=20220905T025303, end_date=20220905T025303
[2022-09-05 02:53:04,150] {taskinstance.py:1220} INFO - 0 downstream tasks scheduled from follow-on schedule check
[2022-09-05 02:53:04,189] {local_task_job.py:146} INFO - Task exited with return code 0
