[2022-09-05 02:53:05,201] {taskinstance.py:851} INFO - Dependencies all met for <TaskInstance: our_first_dag_v5.first_task 2022-01-25T00:00:00+00:00 [queued]>
[2022-09-05 02:53:05,282] {taskinstance.py:851} INFO - Dependencies all met for <TaskInstance: our_first_dag_v5.first_task 2022-01-25T00:00:00+00:00 [queued]>
[2022-09-05 02:53:05,283] {taskinstance.py:1042} INFO - 
--------------------------------------------------------------------------------
[2022-09-05 02:53:05,284] {taskinstance.py:1043} INFO - Starting attempt 1 of 6
[2022-09-05 02:53:05,284] {taskinstance.py:1044} INFO - 
--------------------------------------------------------------------------------
[2022-09-05 02:53:05,346] {taskinstance.py:1063} INFO - Executing <Task(BashOperator): first_task> on 2022-01-25T00:00:00+00:00
[2022-09-05 02:53:05,352] {standard_task_runner.py:52} INFO - Started process 765 to run task
[2022-09-05 02:53:05,363] {standard_task_runner.py:76} INFO - Running: ['airflow', 'tasks', 'run', 'our_first_dag_v5', 'first_task', '2022-01-25T00:00:00+00:00', '--job-id', '181', '--pool', 'default_pool', '--raw', '--subdir', 'DAGS_FOLDER/our_first_dag.py', '--cfg-path', '/tmp/tmp3sg1a502', '--error-file', '/tmp/tmpbyth2fdp']
[2022-09-05 02:53:05,367] {standard_task_runner.py:77} INFO - Job 181: Subtask first_task
[2022-09-05 02:53:05,521] {logging_mixin.py:104} INFO - Running <TaskInstance: our_first_dag_v5.first_task 2022-01-25T00:00:00+00:00 [running]> on host 673eedfc4953
[2022-09-05 02:53:05,712] {taskinstance.py:1257} INFO - Exporting the following env vars:
AIRFLOW_CTX_DAG_OWNER=coder2j
AIRFLOW_CTX_DAG_ID=our_first_dag_v5
AIRFLOW_CTX_TASK_ID=first_task
AIRFLOW_CTX_EXECUTION_DATE=2022-01-25T00:00:00+00:00
AIRFLOW_CTX_DAG_RUN_ID=scheduled__2022-01-25T00:00:00+00:00
[2022-09-05 02:53:05,717] {bash.py:135} INFO - Tmp dir root location: 
 /tmp
[2022-09-05 02:53:05,719] {bash.py:158} INFO - Running command: echo hello world, this is the first task!
[2022-09-05 02:53:05,742] {bash.py:169} INFO - Output:
[2022-09-05 02:53:05,748] {bash.py:173} INFO - hello world, this is the first task!
[2022-09-05 02:53:05,750] {bash.py:177} INFO - Command exited with return code 0
[2022-09-05 02:53:05,886] {taskinstance.py:1166} INFO - Marking task as SUCCESS. dag_id=our_first_dag_v5, task_id=first_task, execution_date=20220125T000000, start_date=20220905T025305, end_date=20220905T025305
[2022-09-05 02:53:06,044] {taskinstance.py:1220} INFO - 0 downstream tasks scheduled from follow-on schedule check
[2022-09-05 02:53:06,053] {local_task_job.py:146} INFO - Task exited with return code 0
