[2022-09-05 02:53:16,682] {taskinstance.py:851} INFO - Dependencies all met for <TaskInstance: our_first_dag_v5.first_task 2022-02-17T00:00:00+00:00 [queued]>
[2022-09-05 02:53:16,774] {taskinstance.py:851} INFO - Dependencies all met for <TaskInstance: our_first_dag_v5.first_task 2022-02-17T00:00:00+00:00 [queued]>
[2022-09-05 02:53:16,774] {taskinstance.py:1042} INFO - 
--------------------------------------------------------------------------------
[2022-09-05 02:53:16,778] {taskinstance.py:1043} INFO - Starting attempt 1 of 6
[2022-09-05 02:53:16,781] {taskinstance.py:1044} INFO - 
--------------------------------------------------------------------------------
[2022-09-05 02:53:16,849] {taskinstance.py:1063} INFO - Executing <Task(BashOperator): first_task> on 2022-02-17T00:00:00+00:00
[2022-09-05 02:53:16,857] {standard_task_runner.py:52} INFO - Started process 836 to run task
[2022-09-05 02:53:16,867] {standard_task_runner.py:76} INFO - Running: ['airflow', 'tasks', 'run', 'our_first_dag_v5', 'first_task', '2022-02-17T00:00:00+00:00', '--job-id', '204', '--pool', 'default_pool', '--raw', '--subdir', 'DAGS_FOLDER/our_first_dag.py', '--cfg-path', '/tmp/tmpwnqm8cg9', '--error-file', '/tmp/tmp_ep2w3oy']
[2022-09-05 02:53:16,872] {standard_task_runner.py:77} INFO - Job 204: Subtask first_task
[2022-09-05 02:53:17,089] {logging_mixin.py:104} INFO - Running <TaskInstance: our_first_dag_v5.first_task 2022-02-17T00:00:00+00:00 [running]> on host 673eedfc4953
[2022-09-05 02:53:17,335] {taskinstance.py:1257} INFO - Exporting the following env vars:
AIRFLOW_CTX_DAG_OWNER=coder2j
AIRFLOW_CTX_DAG_ID=our_first_dag_v5
AIRFLOW_CTX_TASK_ID=first_task
AIRFLOW_CTX_EXECUTION_DATE=2022-02-17T00:00:00+00:00
AIRFLOW_CTX_DAG_RUN_ID=scheduled__2022-02-17T00:00:00+00:00
[2022-09-05 02:53:17,340] {bash.py:135} INFO - Tmp dir root location: 
 /tmp
[2022-09-05 02:53:17,344] {bash.py:158} INFO - Running command: echo hello world, this is the first task!
[2022-09-05 02:53:17,366] {bash.py:169} INFO - Output:
[2022-09-05 02:53:17,369] {bash.py:173} INFO - hello world, this is the first task!
[2022-09-05 02:53:17,370] {bash.py:177} INFO - Command exited with return code 0
[2022-09-05 02:53:17,639] {taskinstance.py:1166} INFO - Marking task as SUCCESS. dag_id=our_first_dag_v5, task_id=first_task, execution_date=20220217T000000, start_date=20220905T025316, end_date=20220905T025317
[2022-09-05 02:53:18,105] {taskinstance.py:1220} INFO - 0 downstream tasks scheduled from follow-on schedule check
[2022-09-05 02:53:18,264] {local_task_job.py:146} INFO - Task exited with return code 0
